
Lmod is automatically replacing "craype-x86-rome" with "craype-x86-trento".

Lorenz96(k=100, F=8, dt=0.01, t_max=1)
 - warming up the simulation for 10
 - running ensemble of size 1 with initial perturbation N(0.0, 0.001)
 - compressing every 1-th model state online on the GPU with ZFP(fixed_rate=12)
 - saving config file to 'output/config_5030209.json'
 - saving performance file to 'performance/perf_5030209'

Initial state:
X at t=0:
[ 6.96875, 5.03125, 7.34375, -0.09375, -1.10938, 3.73438, 10.2031, -0.203125, 2.38281, 3.46094, -0.585938, 0.992188, 3.13281, 4.61719, 7.03906, 5.64844, -5.17188, 1.26562, 4.76562, 5.82812, -3.75781, 1.13281, -0.289062, -1.77344, 6.35156, 2.96094, -2.99219, 4.24219, 4.23438, 0.890625, 3.67188, 11.0781, -0.304688, -0.164062, 3.72656, 7.61719, ... ]

X at t=0.01:
[ 7.35156, 5.30469, 6.94531, -0.476562, -1.01562, 3.64062, 10.2344, -0.234375, 2.47656, 3.49219, -0.554688, 1.08594, 3.24219, 4.82031, 7.14844, 4.97656, -5.30469, 1.36719, 4.91406, 5.58594, -3.83594, 1.42969, -0.179688, -1.66406, 6.3125, 2.9375, -2.9375, 4.1875, 4.5, 0.9375, 3.75, 10.9375, -0.609375, -0.015625, 3.76562, 7.73438, ... ]
X at t=0.02:
[ 7.76562, 5.54688, 6.51562, -0.828125, -0.9375, 3.625, 10.1875, -0.25, 2.57031, 3.52344, -0.523438, 1.17969, 3.375, 5.0625, 7.1875, 4.25, -5.42969, 1.42969, 5.10156, 5.33594, -3.88281, 1.69531, -0.0390625, -1.58594, 6.27344, 2.91406, -2.88281, 4.13281, 4.76562, 0.984375, 3.82812, 10.7969, -0.914062, 0.132812, 3.80469, 7.85156, ... ]
X at t=0.03:
[ 8.09375, 5.78125, 6.03125, -1.15625, -0.859375, 3.60938, 10.1406, -0.265625, 2.66406, 3.55469, -0.492188, 1.27344, 3.49219, 5.28906, 7.21094, 3.50781, -5.53125, 1.40625, 5.28125, 5.09375, -3.92969, 1.96094, 0.101562, -1.50781, 6.23438, 2.89062, -2.82812, 4.07812, 5.03125, 1.03125, 3.90625, 10.6562, -1.25, 0.3125, 3.875, 7.9375, ... ]
X at t=0.04:
[ 8.36719, 5.97656, 5.46094, -1.42969, -0.78125, 3.59375, 10.0938, -0.28125, 2.75781, 3.58594, -0.460938, 1.36719, 3.58594, 5.53906, 7.17969, 2.75781, -5.58594, 1.39844, 5.44531, 4.80469, -3.94531, 2.19531, 0.210938, -1.39844, 6.19531, 2.86719, -2.77344, 4.02344, 5.21875, 1.09375, 4.03125, 10.5312, -1.54688, 0.421875, 3.95312, 8.04688, ... ]
X at t=0.05:
[ 8.64062, 6.17188, 4.89062, -1.70312, -0.703125, 3.57812, 10.0469, -0.296875, 2.85156, 3.61719, -0.429688, 1.46094, 3.75781, 5.77344, 7.10156, 1.99219, -5.61719, 1.30469, 5.60156, 4.52344, -3.95312, 2.39062, 0.359375, -1.29688, 6.15625, 2.84375, -2.71875, 3.96875, 5.40625, 1.15625, 4.15625, 10.4062, -1.82812, 0.578125, 4.04688, 8.07812, ... ]
X at t=0.06:
[ 8.89062, 6.35938, 4.26562, -1.89062, -0.625, 3.5625, 10, -0.3125, 2.92969, 3.63281, -0.414062, 1.53906, 3.90625, 6.03125, 6.96875, 1.21875, -5.5625, 1.15625, 5.75, 4.21875, -3.96094, 2.58594, 0.507812, -1.19531, 6.11719, 2.82031, -2.66406, 3.91406, 5.5625, 1.1875, 4.25, 10.25, -2.07812, 0.765625, 4.17188, 8.14062, ... ]
X at t=0.07:
[ 9.0625, 6.5, 3.625, -2.0625, -0.59375, 3.53125, 9.96875, -0.28125, 3.00781, 3.64844, -0.398438, 1.61719, 4.07812, 6.29688, 6.76562, 0.484375, -5.47656, 0.976562, 5.86719, 3.94531, -3.96875, 2.78125, 0.65625, -1.09375, 6.07812, 2.79688, -2.60938, 3.85938, 5.71875, 1.21875, 4.34375, 10.0938, -2.30469, 0.960938, 4.28906, 8.17969, ... ]
X at t=0.08:
[ 9.21094, 6.63281, 2.92969, -2.14844, -0.53125, 3.53125, 9.96875, -0.21875, 3.08594, 3.66406, -0.382812, 1.69531, 4.28125, 6.53125, 6.53125, -0.21875, -5.35938, 0.765625, 5.95312, 3.70312, -3.96875, 2.9375, 0.84375, -1, 6.07031, 2.74219, -2.58594, 3.83594, 5.82812, 1.35938, 4.39062, 9.92188, -2.53125, 1.15625, 4.40625, 8.21875, ... ]
X at t=0.09:
[ 9.32812, 6.73438, 2.20312, -2.26562, -0.5, 3.5, 9.9375, -0.1875, 3.16406, 3.67969, -0.367188, 1.77344, 4.44531, 6.77344, 6.22656, -0.945312, -5.20312, 0.484375, 6.04688, 3.48438, -3.9375, 3.0625, 1, -0.875, 6.0625, 2.6875, -2.5625, 3.8125, 6, 1.4375, 4.5, 9.6875, -2.74219, 1.36719, 4.60156, 8.21094, ... ]
X at t=0.1:
[ 9.44531, 6.80469, 1.47656, -2.28906, -0.46875, 3.46875, 9.90625, -0.15625, 3.24219, 3.69531, -0.351562, 1.85156, 4.61719, 6.97656, 5.83594, -1.55469, -4.96875, 0.1875, 6.09375, 3.25, -3.90625, 3.1875, 1.15625, -0.75, 6.05469, 2.63281, -2.53906, 3.78906, 6.15625, 1.59375, 4.53125, 9.46875, -2.95312, 1.57812, 4.79688, 8.20312, ... ]
X at t=0.11:
[ 9.53125, 6.8125, 0.71875, -2.25, -0.4375, 3.4375, 9.875, -0.125, 3.32031, 3.71094, -0.335938, 1.92969, 4.8125, 7.1875, 5.375, -2.125, -4.74219, -0.0703125, 6.10156, 3.02344, -3.875, 3.3125, 1.3125, -0.625, 6.09375, 2.59375, -2.53125, 3.71875, 6.3125, 1.75, 4.5625, 9.25, -3.09375, 1.78125, 5.03125, 8.15625, ... ]
X at t=0.12:
[ 9.57812, 6.76562, 0.015625, -2.17188, -0.453125, 3.39062, 9.85938, -0.046875, 3.39844, 3.72656, -0.320312, 2.00781, 4.99219, 7.35156, 4.89844, -2.61719, -4.48438, -0.359375, 6.07812, 2.82812, -3.83594, 3.39844, 1.50781, -0.507812, 6.13281, 2.55469, -2.52344, 3.64844, 6.46875, 1.90625, 4.59375, 9.03125, -3.23438, 1.98438, 5.26562, 8.10938, ... ]
X at t=0.13:
[ 9.60938, 6.67188, -0.703125, -2.01562, -0.46875, 3.34375, 9.84375, 0.03125, 3.44531, 3.77344, -0.273438, 2.05469, 5.20312, 7.48438, 4.39062, -3.07812, -4.21094, -0.632812, 6.07031, 2.64844, -3.79688, 3.48438, 1.70312, -0.390625, 6.17188, 2.51562, -2.51562, 3.57812, 6.625, 2.0625, 4.625, 8.8125, -3.375, 2.1875, 5.5, 8.0625, ... ]
X at t=0.14:
[ 9.57812, 6.54688, -1.42188, -1.82812, -0.484375, 3.29688, 9.82812, 0.109375, 3.49219, 3.82031, -0.226562, 2.10156, 5.39062, 7.60938, 3.82812, -3.45312, -3.90625, -0.9375, 6.03125, 2.5, -3.72656, 3.53906, 1.86719, -0.242188, 6.20312, 2.42188, -2.48438, 3.48438, 6.78125, 2.21875, 4.65625, 8.59375, -3.45312, 2.32812, 5.79688, 7.95312, ... ]
X at t=0.15:
[ 9.60938, 6.32812, -2.07812, -1.60938, -0.46875, 3.28125, 9.84375, 0.21875, 3.53906, 3.86719, -0.179688, 2.14844, 5.59375, 7.65625, 3.21875, -3.71875, -3.59375, -1.1875, 5.96875, 2.375, -3.65625, 3.59375, 2.03125, -0.09375, 6.23438, 2.32812, -2.45312, 3.39062, 6.9375, 2.375, 4.6875, 8.375, -3.48438, 2.48438, 6.07812, 7.79688, ... ]
X at t=0.16:
[ 9.59375, 6.09375, -2.71875, -1.34375, -0.453125, 3.26562, 9.85938, 0.328125, 3.57031, 3.89844, -0.148438, 2.17969, 5.85938, 7.64062, 2.54688, -3.92188, -3.32812, -1.45312, 5.92188, 2.29688, -3.57812, 3.60938, 2.23438, 0.046875, 6.26562, 2.23438, -2.42188, 3.29688, 7.14062, 2.54688, 4.70312, 8.10938, -3.54688, 2.67188, 6.39062, 7.60938, ... ]
X at t=0.17:
[ 9.59375, 5.78125, -3.28125, -1.09375, -0.4375, 3.25, 9.875, 0.4375, 3.57812, 3.92188, -0.109375, 2.23438, 6.07812, 7.60938, 1.89062, -4.07812, -3.05469, -1.66406, 5.85156, 2.24219, -3.5, 3.625, 2.4375, 0.1875, 6.29688, 2.14062, -2.39062, 3.20312, 7.3125, 2.75, 4.75, 7.8125, -3.625, 2.75, 6.75, 7.375, ... ]
X at t=0.18:
[ 9.57812, 5.48438, -3.79688, -0.765625, -0.421875, 3.23438, 9.89062, 0.546875, 3.58594, 3.94531, -0.0703125, 2.28906, 6.3125, 7.5, 1.1875, -4.125, -2.78906, -1.83594, 5.74219, 2.19531, -3.42188, 3.64062, 2.64062, 0.328125, 6.32812, 2.04688, -2.35938, 3.10938, 7.48438, 2.95312, 4.79688, 7.51562, -3.65625, 2.84375, 7.09375, 7.09375, ... ]
X at t=0.19:
[ 9.57812, 5.10938, -4.23438, -0.453125, -0.40625, 3.21875, 9.90625, 0.65625, 3.59375, 3.96875, -0.03125, 2.34375, 6.53125, 7.40625, 0.53125, -4.09375, -2.60156, -1.99219, 5.67969, 2.16406, -3.34375, 3.65625, 2.84375, 0.46875, 6.35938, 1.95312, -2.32812, 3.01562, 7.65625, 3.15625, 4.84375, 7.21875, -3.6875, 2.9375, 7.4375, 6.8125, ... ]
X at t=0.2:
[ 9.59375, 4.65625, -4.59375, -0.15625, -0.390625, 3.20312, 9.92188, 0.765625, 3.60156, 3.99219, 0.0078125, 2.39844, 6.73438, 7.26562, -0.140625, -3.98438, -2.42188, -2.10938, 5.57812, 2.14062, -3.26562, 3.67188, 3.04688, 0.609375, 6.375, 1.84375, -2.3125, 2.90625, 7.82812, 3.35938, 4.89062, 6.92188, -3.70312, 3.01562, 7.73438, 6.45312, ... ]
X at t=0.21:
[ 9.5625, 4.1875, -4.9375, 0.1875, -0.296875, 3.23438, 9.95312, 0.859375, 3.59375, 4, 0.03125, 2.4375, 6.92188, 7.07812, -0.828125, -3.79688, -2.24219, -2.22656, 5.47656, 2.11719, -3.1875, 3.6875, 3.25, 0.75, 6.39062, 1.73438, -2.29688, 2.79688, 8.01562, 3.54688, 4.89062, 6.54688, -3.75, 3.0625, 8, 6.0625, ... ]
X at t=0.22:
[ 9.51562, 3.67188, -5.17188, 0.484375, -0.171875, 3.23438, 9.95312, 0.984375, 3.5625, 4, 0.0625, 2.5, 7.11719, 6.85156, -1.47656, -3.61719, -2.125, -2.3125, 5.4375, 2.125, -3.10938, 3.70312, 3.45312, 0.890625, 6.40625, 1.625, -2.28125, 2.6875, 8.14062, 3.79688, 4.82812, 6.23438, -3.75, 3.125, 8.25, 5.625, ... ]
X at t=0.23:
[ 9.57812, 3.10938, -5.35938, 0.671875, -0.046875, 3.23438, 9.95312, 1.10938, 3.53125, 4, 0.09375, 2.5625, 7.30469, 6.53906, -2.10156, -3.36719, -2.01562, -2.35938, 5.35938, 2.14062, -3.02344, 3.67969, 3.63281, 1.08594, 6.42188, 1.51562, -2.26562, 2.57812, 8.26562, 4.04688, 4.76562, 5.92188, -3.76562, 3.07812, 8.54688, 5.14062, ... ]
X at t=0.24:
[ 9.64062, 2.54688, -5.54688, 0.859375, 0.078125, 3.23438, 9.95312, 1.23438, 3.5, 4, 0.125, 2.625, 7.48438, 6.20312, -2.64062, -3.04688, -1.90625, -2.40625, 5.28125, 2.15625, -2.96094, 3.64844, 3.82031, 1.30469, 6.42969, 1.35156, -2.22656, 2.44531, 8.40625, 4.28125, 4.65625, 5.53125, -3.78125, 3.03125, 8.84375, 4.65625, ... ]
X at t=0.25:
[ 9.65625, 1.96875, -5.59375, 0.96875, 0.25, 3.25, 9.9375, 1.3125, 3.47266, 3.98047, 0.175781, 2.68359, 7.67188, 5.82812, -3.14062, -2.73438, -1.79688, -2.45312, 5.20312, 2.17188, -2.88281, 3.66406, 4.02344, 1.44531, 6.4375, 1.1875, -2.1875, 2.3125, 8.57812, 4.48438, 4.51562, 5.17188, -3.82812, 2.95312, 9.10938, 4.14062, ... ]
X at t=0.26:
[ 9.65625, 1.28125, -5.59375, 1.03125, 0.421875, 3.32812, 9.98438, 1.39062, 3.42578, 3.99609, 0.222656, 2.73047, 7.82031, 5.39844, -3.58594, -2.38281, -1.6875, -2.5, 5.125, 2.1875, -2.80469, 3.67969, 4.22656, 1.58594, 6.39844, 1.00781, -2.13281, 2.22656, 8.70312, 4.67188, 4.39062, 4.85938, -3.71875, 2.84375, 9.28125, 3.59375, ... ]
X at t=0.27:
[ 9.65625, 0.59375, -5.59375, 1.09375, 0.59375, 3.40625, 10.0312, 1.46875, 3.37891, 4.01172, 0.269531, 2.77734, 7.97656, 4.92969, -3.99219, -2.03906, -1.61719, -2.47656, 5.03906, 2.17969, -2.72656, 3.69531, 4.42969, 1.72656, 6.35938, 0.828125, -2.07812, 2.14062, 8.82812, 4.85938, 4.26562, 4.54688, -3.65625, 2.71875, 9.46875, 3.09375, ... ]
X at t=0.28:
[ 9.60938, -0.109375, -5.45312, 1.07812, 0.75, 3.5625, 10, 1.5625, 3.32812, 3.98438, 0.328125, 2.85938, 8.09375, 4.40625, -4.34375, -1.65625, -1.57812, -2.45312, 4.98438, 2.23438, -2.64844, 3.71094, 4.63281, 1.86719, 6.28906, 0.679688, -1.99219, 2.02344, 8.98438, 5.14062, 4.04688, 4.20312, -3.625, 2.5625, 9.625, 2.5625, ... ]
X at t=0.29:
[ 9.5625, -0.8125, -5.3125, 1.0625, 0.875, 3.6875, 9.9375, 1.625, 3.28125, 4, 0.375, 2.90625, 8.21875, 3.84375, -4.65625, -1.28125, -1.53906, -2.42969, 4.92969, 2.28906, -2.57031, 3.72656, 4.83594, 2.00781, 6.21875, 0.53125, -1.90625, 1.90625, 9.10938, 5.39062, 3.79688, 3.82812, -3.5625, 2.375, 9.75, 2.0625, ... ]
X at t=0.3:
[ 9.42188, -1.48438, -5.14062, 0.953125, 1.04688, 3.82812, 9.85938, 1.64062, 3.21484, 3.98828, 0.449219, 2.97266, 8.32812, 3.23438, -4.85938, -0.953125, -1.5, -2.40625, 4.875, 2.34375, -2.49219, 3.74219, 5.03906, 2.14844, 6.14844, 0.382812, -1.82031, 1.78906, 9.23438, 5.64062, 3.54688, 3.45312, -3.5, 2.1875, 9.875, 1.5625, ... ]
X at t=0.31:
[ 9.29688, -2.23438, -4.89062, 0.828125, 1.1875, 4, 9.8125, 1.625, 3.16406, 4.00781, 0.507812, 3.03906, 8.40625, 2.65625, -5.03125, -0.65625, -1.41406, -2.36719, 4.80469, 2.35156, -2.41406, 3.75781, 5.24219, 2.28906, 6.07812, 0.234375, -1.73438, 1.67188, 9.42188, 5.82812, 3.23438, 3.14062, -3.42188, 2.04688, 9.89062, 1.10938, ... ]
X at t=0.32:
[ 9.10938, -2.92188, -4.57812, 0.640625, 1.32812, 4.17188, 9.76562, 1.60938, 3.11719, 4.00781, 0.585938, 3.10156, 8.48438, 2.07812, -5.07812, -0.484375, -1.3125, -2.3125, 4.75, 2.375, -2.33594, 3.77344, 5.44531, 2.42969, 5.99219, 0.0703125, -1.66406, 1.53906, 9.51562, 5.92188, 2.89062, 2.92188, -3.34375, 1.90625, 9.90625, 0.65625, ... ]
X at t=0.33:
[ 8.76562, -3.57812, -4.17188, 0.484375, 1.4375, 4.375, 9.75, 1.5625, 3.04688, 4.04688, 0.671875, 3.17188, 8.59375, 1.46875, -5.15625, -0.28125, -1.21094, -2.25781, 4.69531, 2.39844, -2.25781, 3.78906, 5.64844, 2.57031, 5.85938, -0.109375, -1.57812, 1.45312, 9.59375, 6.09375, 2.46875, 2.71875, -3.3125, 1.75, 9.9375, 0.25, ... ]
X at t=0.34:
[ 8.45312, -4.20312, -3.73438, 0.359375, 1.51562, 4.54688, 9.70312, 1.48438, 2.97656, 4.08594, 0.757812, 3.24219, 8.65625, 0.84375, -5.09375, -0.15625, -1.10938, -2.20312, 4.64062, 2.42188, -2.17969, 3.80469, 5.85156, 2.71094, 5.72656, -0.289062, -1.49219, 1.36719, 9.65625, 6.21875, 2.03125, 2.59375, -3.28125, 1.59375, 9.96875, -0.15625, ... ]
X at t=0.35:
[ 8.07812, -4.76562, -3.23438, 0.171875, 1.59375, 4.71875, 9.65625, 1.40625, 2.90625, 4.125, 0.84375, 3.3125, 8.71875, 0.21875, -5.03125, -0.03125, -1.00781, -2.14844, 4.58594, 2.44531, -2.10156, 3.82031, 6.05469, 2.85156, 5.5625, -0.4375, -1.375, 1.25, 9.73438, 6.26562, 1.67188, 2.45312, -3.21875, 1.46875, 10.0312, -0.53125, ... ]
X at t=0.36:
[ 7.66406, -5.28906, -2.74219, 0.0546875, 1.67188, 4.89062, 9.60938, 1.32812, 2.85156, 4.17969, 0.945312, 3.39844, 8.6875, -0.375, -4.9375, 0, -0.890625, -2.07812, 4.54688, 2.48438, -2.03125, 3.78125, 6.28125, 2.96875, 5.41406, -0.570312, -1.24219, 1.14844, 9.79688, 6.26562, 1.29688, 2.39062, -3.09375, 1.28125, 10.0312, -0.84375, ... ]
X at t=0.37:
[ 7.22656, -5.72656, -2.24219, -0.0703125, 1.6875, 5.0625, 9.5625, 1.1875, 2.79688, 4.23438, 1.04688, 3.48438, 8.65625, -0.96875, -4.84375, 0.03125, -0.773438, -2.00781, 4.50781, 2.52344, -1.96875, 3.78125, 6.46875, 3.09375, 5.21094, -0.679688, -1.13281, 1.10156, 9.85938, 6.26562, 0.921875, 2.32812, -2.96875, 1.09375, 10.0312, -1.15625, ... ]
X at t=0.38:
[ 6.75, -6.125, -1.75, -0.125, 1.70312, 5.23438, 9.51562, 1.04688, 2.76562, 4.29688, 1.14062, 3.54688, 8.57812, -1.57812, -4.60938, -0.015625, -0.65625, -1.9375, 4.46875, 2.5625, -1.89062, 3.70312, 6.73438, 3.20312, 5.00781, -0.789062, -1.02344, 1.05469, 9.90625, 6.21875, 0.53125, 2.34375, -2.90625, 0.96875, 9.96875, -1.40625, ... ]
X at t=0.39:
[ 6.25, -6.4375, -1.25, -0.1875, 1.76562, 5.42188, 9.45312, 0.859375, 2.75, 4.375, 1.25, 3.625, 8.53125, -2.15625, -4.34375, -0.03125, -0.539062, -1.86719, 4.42969, 2.60156, -1.82812, 3.70312, 6.92188, 3.32812, 4.80469, -0.898438, -0.914062, 1.00781, 9.95312, 6.17188, 0.140625, 2.35938, -2.8125, 0.875, 9.9375, -1.625, ... ]
X at t=0.4:
[ 5.71094, -6.71094, -0.757812, -0.179688, 1.82812, 5.60938, 9.39062, 0.671875, 2.73438, 4.45312, 1.35938, 3.70312, 8.42188, -2.67188, -4.01562, -0.109375, -0.421875, -1.79688, 4.39062, 2.64062, -1.75, 3.625, 7.1875, 3.4375, 4.60156, -1.00781, -0.804688, 0.960938, 9.98438, 6.07812, -0.265625, 2.45312, -2.71875, 0.78125, 9.90625, -1.84375, ... ]
X at t=0.41:
[ 5.17969, -6.92969, -0.289062, -0.148438, 1.89062, 5.79688, 9.32812, 0.484375, 2.71875, 4.53125, 1.46875, 3.78125, 8.3125, -3.1875, -3.6875, -0.1875, -0.359375, -1.70312, 4.39062, 2.67188, -1.6875, 3.625, 7.375, 3.5625, 4.32031, -1.10156, -0.648438, 0.929688, 10.0156, 5.98438, -0.671875, 2.54688, -2.64062, 0.703125, 9.92188, -1.98438, ... ]
X at t=0.42:
[ 4.64062, -7.10938, 0.140625, -0.109375, 1.92188, 5.95312, 9.23438, 0.265625, 2.71875, 4.625, 1.59375, 3.875, 8.04688, -3.67188, -3.26562, -0.234375, -0.296875, -1.60938, 4.39062, 2.70312, -1.5625, 3.5625, 7.625, 3.625, 4.03125, -1.15625, -0.53125, 0.90625, 10.0469, 5.76562, -1.01562, 2.70312, -2.5, 0.5625, 9.875, -2.0625, ... ]
X at t=0.43:
[ 4.05469, -7.21094, 0.523438, 0.0078125, 1.9375, 6.1875, 9.0625, 0.0625, 2.74219, 4.72656, 1.71094, 3.94531, 7.85156, -4.07031, -2.86719, -0.289062, -0.234375, -1.51562, 4.39062, 2.73438, -1.45312, 3.57812, 7.79688, 3.70312, 3.74219, -1.22656, -0.414062, 0.929688, 10.0781, 5.54688, -1.35938, 2.85938, -2.32812, 0.453125, 9.85938, -2.10938, ... ]
X at t=0.44:
[ 3.46094, -7.27344, 0.867188, 0.132812, 1.95312, 6.42188, 8.89062, -0.140625, 2.76562, 4.82812, 1.82812, 4.01562, 7.59375, -4.4375, -2.40625, -0.3125, -0.171875, -1.42188, 4.39062, 2.76562, -1.375, 3.5625, 7.9375, 3.75, 3.44922, -1.27734, -0.316406, 0.957031, 10.1094, 5.32812, -1.70312, 3.01562, -2.20312, 0.328125, 9.85938, -2.10938, ... ]
X at t=0.45:
[ 2.90625, -7.3125, 1.15625, 0.3125, 2.04688, 6.64062, 8.67188, -0.359375, 2.80469, 4.94531, 1.96094, 4.10156, 7.32812, -4.76562, -1.98438, -0.328125, -0.109375, -1.32812, 4.39062, 2.79688, -1.29688, 3.54688, 8.07812, 3.79688, 3.14844, -1.30469, -0.195312, 0.976562, 10.0938, 5.09375, -2.03125, 3.21875, -2.0625, 0.3125, 9.8125, -2.0625, ... ]
X at t=0.46:
[ 2.34375, -7.3125, 1.40625, 0.5, 2.14062, 6.85938, 8.45312, -0.578125, 2.84375, 5.0625, 2.09375, 4.1875, 7.04688, -5.04688, -1.51562, -0.359375, -0.046875, -1.23438, 4.39062, 2.82812, -1.25, 3.5625, 8.25, 3.8125, 2.82031, -1.32031, -0.0859375, 1.02344, 10.1406, 4.79688, -2.29688, 3.35938, -1.92188, 0.296875, 9.76562, -2.01562, ... ]
X at t=0.47:
[ 1.76562, -7.23438, 1.57812, 0.703125, 2.20312, 7.04688, 8.20312, -0.828125, 2.90625, 5.1875, 2.21875, 4.25, 6.77344, -5.27344, -1.07031, -0.367188, 0.015625, -1.14062, 4.39062, 2.85938, -1.23438, 3.54688, 8.39062, 3.79688, 2.49609, -1.30859, 0.0117188, 1.08203, 10.1406, 4.48438, -2.54688, 3.54688, -1.75, 0.3125, 9.75, -1.9375, ... ]
X at t=0.48:
[ 1.21094, -7.14844, 1.67969, 0.945312, 2.29688, 7.26562, 7.98438, -1.04688, 2.96875, 5.3125, 2.34375, 4.3125, 6.46094, -5.46094, -0.632812, -0.304688, 0.078125, -1.04688, 4.39062, 2.89062, -1.17188, 3.54688, 8.51562, 3.73438, 2.17969, -1.28906, 0.117188, 1.14844, 10.1562, 4.09375, -2.71875, 3.71875, -1.57812, 0.328125, 9.73438, -1.85938, ... ]
X at t=0.49:
[ 0.695312, -7.00781, 1.72656, 1.14844, 2.39062, 7.42188, 7.70312, -1.26562, 3.03125, 5.4375, 2.46875, 4.375, 6.11719, -5.61719, -0.164062, -0.273438, 0.140625, -0.953125, 4.39062, 2.92188, -1.10938, 3.54688, 8.64062, 3.67188, 1.87305, -1.26367, 0.208984, 1.22852, 10.2031, 3.73438, -2.85938, 3.92188, -1.40625, 0.34375, 9.71875, -1.78125, ... ]
X at t=0.5:
[ 0.203125, -6.85938, 1.70312, 1.39062, 2.48438, 7.57812, 7.42188, -1.48438, 3.11719, 5.57031, 2.58594, 4.41406, 5.78125, -5.71875, 0.28125, -0.21875, 0.21875, -0.84375, 4.40625, 2.96875, -1.04688, 3.54688, 8.76562, 3.60938, 1.57617, -1.23242, 0.287109, 1.32227, 10.2188, 3.34375, -3.03125, 4.09375, -1.20312, 0.390625, 9.73438, -1.67188, ... ]
X at t=0.51:
[ -0.242188, -6.69531, 1.66406, 1.58594, 2.57812, 7.73438, 7.14062, -1.70312, 3.17188, 5.73438, 2.73438, 4.42188, 5.4375, -5.78125, 0.6875, -0.15625, 0.296875, -0.734375, 4.42188, 3.01562, -1, 3.5625, 8.875, 3.4375, 1.28516, -1.18359, 0.363281, 1.42578, 10.2344, 2.95312, -3.20312, 4.26562, -1, 0.4375, 9.75, -1.5625, ... ]
X at t=0.52:
[ -0.710938, -6.50781, 1.57031, 1.77344, 2.73438, 7.82812, 6.79688, -1.85938, 3.21875, 5.9375, 2.84375, 4.4375, 5.05469, -5.80469, 1.08594, -0.0234375, 0.375, -0.625, 4.4375, 3.0625, -0.953125, 3.57812, 8.98438, 3.26562, 1.01953, -1.12109, 0.425781, 1.53516, 10.2031, 2.54688, -3.23438, 4.35938, -0.796875, 0.484375, 9.76562, -1.45312, ... ]
X at t=0.53:
[ -1.16406, -6.30469, 1.49219, 1.97656, 2.89062, 7.92188, 6.45312, -2.01562, 3.26562, 6.14062, 2.95312, 4.45312, 4.69531, -5.82031, 1.41406, 0.148438, 0.453125, -0.515625, 4.45312, 3.10938, -0.90625, 3.59375, 9.09375, 3.09375, 0.765625, -1.04688, 0.5, 1.65625, 10.1719, 2.14062, -3.26562, 4.45312, -0.59375, 0.53125, 9.78125, -1.34375, ... ]
X at t=0.54:
[ -1.59375, -6.0625, 1.34375, 2.125, 3.09375, 8.03125, 6.09375, -2.21875, 3.29688, 6.32812, 3.04688, 4.45312, 4.32812, -5.79688, 1.70312, 0.328125, 0.515625, -0.421875, 4.45312, 3.14062, -0.859375, 3.60938, 9.20312, 2.92188, 0.535156, -0.972656, 0.566406, 1.77734, 10.1406, 1.73438, -3.29688, 4.54688, -0.296875, 0.546875, 9.76562, -1.14062, ... ]
X at t=0.55:
[ -1.97656, -5.83594, 1.17969, 2.32031, 3.28125, 8.21875, 5.65625, -2.40625, 3.32031, 6.55469, 3.16406, 4.39844, 3.96094, -5.77344, 1.99219, 0.507812, 0.578125, -0.328125, 4.45312, 3.17188, -0.796875, 3.60938, 9.26562, 2.67188, 0.332031, -0.894531, 0.628906, 1.90234, 10.125, 1.25, -3.25, 4.625, -0.015625, 0.640625, 9.67188, -0.921875, ... ]
X at t=0.56:
[ -2.32031, -5.55469, 0.960938, 2.47656, 3.4375, 8.375, 5.1875, -2.625, 3.32812, 6.76562, 3.26562, 4.32812, 3.58594, -5.71094, 2.24219, 0.695312, 0.609375, -0.203125, 4.48438, 3.17188, -0.734375, 3.60938, 9.32812, 2.42188, 0.144531, -0.816406, 0.691406, 2.04297, 10.1094, 0.765625, -3.20312, 4.70312, 0.203125, 0.796875, 9.64062, -0.765625, ... ]
X at t=0.57:
[ -2.69531, -5.24219, 0.773438, 2.60156, 3.65625, 8.46875, 4.65625, -2.78125, 3.33594, 6.97656, 3.36719, 4.25781, 3.23438, -5.64062, 2.42188, 0.921875, 0.640625, -0.078125, 4.51562, 3.17188, -0.671875, 3.60938, 9.39062, 2.17188, -0.0234375, -0.726562, 0.757812, 2.17969, 10.0312, 0.34375, -3.09375, 4.71875, 0.421875, 0.953125, 9.60938, -0.609375, ... ]
X at t=0.58:
[ -3.02344, -4.91406, 0.570312, 2.67969, 3.875, 8.5625, 4.125, -2.9375, 3.29688, 7.20312, 3.48438, 4.14062, 2.88281, -5.57031, 2.60156, 1.14844, 0.671875, 0.046875, 4.54688, 3.17188, -0.609375, 3.60938, 9.45312, 1.92188, -0.15625, -0.640625, 0.8125, 2.32812, 9.95312, -0.078125, -2.98438, 4.73438, 0.640625, 1.10938, 9.57812, -0.453125, ... ]
X at t=0.59:
[ -3.3125, -4.5625, 0.375, 2.75, 4.15625, 8.59375, 3.53125, -3.03125, 3.24219, 7.41406, 3.58594, 4.00781, 2.57031, -5.44531, 2.72656, 1.33594, 0.703125, 0.171875, 4.57812, 3.17188, -0.578125, 3.57812, 9.48438, 1.64062, -0.269531, -0.542969, 0.871094, 2.47266, 9.875, -0.5, -2.875, 4.75, 0.859375, 1.26562, 9.54688, -0.296875, ... ]
X at t=0.6:
[ -3.58594, -4.19531, 0.195312, 2.83594, 4.39062, 8.60938, 2.95312, -3.07812, 3.14062, 7.64062, 3.70312, 3.82812, 2.28906, -5.35156, 2.82031, 1.55469, 0.753906, 0.261719, 4.61328, 3.18359, -0.546875, 3.54688, 9.51562, 1.35938, -0.335938, -0.445312, 0.914062, 2.61719, 9.79688, -0.921875, -2.76562, 4.76562, 1.07812, 1.42188, 9.51562, -0.140625, ... ]
X at t=0.61:
[ -3.79688, -3.79688, 0.015625, 2.89062, 4.625, 8.625, 2.375, -3.125, 3.02344, 7.85156, 3.80469, 3.63281, 2, -5.21875, 2.875, 1.78125, 0.78125, 0.34375, 4.65625, 3.21875, -0.515625, 3.51562, 9.54688, 1.07812, -0.378906, -0.355469, 0.980469, 2.75391, 9.65625, -1.28125, -2.59375, 4.71875, 1.29688, 1.57812, 9.48438, 0.015625, ... ]
X at t=0.62:
[ -3.97656, -3.38281, -0.164062, 2.92969, 4.92188, 8.57812, 1.73438, -3.10938, 2.89062, 8.04688, 3.89062, 3.42188, 1.71094, -5.08594, 2.92969, 2.00781, 0.792969, 0.441406, 4.71484, 3.23828, -0.484375, 3.48438, 9.57812, 0.796875, -0.386719, -0.269531, 1.03516, 2.90234, 9.51562, -1.64062, -2.42188, 4.67188, 1.51562, 1.73438, 9.45312, 0.171875, ... ]
X at t=0.63:
[ -4.14062, -2.95312, -0.328125, 2.98438, 5.21875, 8.53125, 1.09375, -3.09375, 2.73438, 8.26562, 3.92188, 3.20312, 1.5, -4.96875, 2.9375, 2.21875, 0.796875, 0.53125, 4.76562, 3.25, -0.453125, 3.45312, 9.60938, 0.515625, -0.375, -0.171875, 1.09375, 3.04688, 9.375, -2, -2.25, 4.625, 1.73438, 1.89062, 9.42188, 0.328125, ... ]
X at t=0.64:
[ -4.29688, -2.51562, -0.421875, 2.98438, 5.46875, 8.46875, 0.46875, -3.03125, 2.57812, 8.48438, 3.95312, 2.98438, 1.28906, -4.85156, 2.94531, 2.42969, 0.800781, 0.621094, 4.81641, 3.26172, -0.4375, 3.5, 9.5625, 0.25, -0.324219, -0.0976562, 1.16016, 3.19922, 9.23438, -2.35938, -2.07812, 4.57812, 2, 2.0625, 9.375, 0.4375, ... ]
X at t=0.65:
[ -4.39453, -2.08984, -0.503906, 2.98828, 5.78125, 8.34375, -0.21875, -2.90625, 2.34375, 8.65625, 3.96875, 2.78125, 1.07812, -4.73438, 2.95312, 2.64062, 0.804688, 0.710938, 4.86719, 3.27344, -0.421875, 3.54688, 9.51562, -0.015625, -0.253906, -0.0117188, 1.23047, 3.34766, 9.09375, -2.71875, -1.90625, 4.53125, 2.23438, 2.20312, 9.29688, 0.515625, ... ]
X at t=0.66:
[ -4.47266, -1.66797, -0.550781, 3.00391, 6.03125, 8.09375, -0.84375, -2.78125, 2.125, 8.75, 4.0625, 2.5625, 0.90625, -4.5625, 2.90625, 2.8125, 0.808594, 0.800781, 4.91797, 3.28516, -0.40625, 3.59375, 9.46875, -0.28125, -0.160156, 0.0664062, 1.29297, 3.51953, 8.95312, -3.07812, -1.73438, 4.48438, 2.46875, 2.34375, 9.21875, 0.59375, ... ]
X at t=0.67:
[ -4.52344, -1.22656, -0.554688, 2.99219, 6.3125, 7.875, -1.4375, -2.625, 1.95312, 8.85938, 4.14062, 2.29688, 0.765625, -4.42188, 2.82812, 3.01562, 0.835938, 0.898438, 4.96094, 3.27344, -0.390625, 3.64062, 9.42188, -0.546875, -0.046875, 0.15625, 1.35938, 3.6875, 8.75, -3.375, -1.5, 4.375, 2.70312, 2.48438, 9.14062, 0.671875, ... ]
X at t=0.68:
[ -4.55469, -0.789062, -0.523438, 2.99219, 6.58594, 7.57031, -2.00781, -2.39844, 1.75, 8.9375, 4.1875, 2, 0.625, -4.28125, 2.75, 3.21875, 0.859375, 0.96875, 5.01562, 3.25, -0.375, 3.6875, 9.375, -0.8125, 0.0898438, 0.238281, 1.44922, 3.84766, 8.54688, -3.67188, -1.26562, 4.26562, 2.875, 2.6875, 9.125, 0.6875, ... ]
X at t=0.69:
[ -4.54688, -0.328125, -0.484375, 2.98438, 6.85938, 7.26562, -2.57812, -2.17188, 1.54688, 9.01562, 4.23438, 1.70312, 0.546875, -4.10938, 2.67188, 3.39062, 0.882812, 1.03906, 5.07031, 3.22656, -0.328125, 3.70312, 9.29688, -1.04688, 0.261719, 0.316406, 1.52734, 4.01953, 8.34375, -3.96875, -1.03125, 4.15625, 3.07812, 2.85938, 9.07812, 0.734375, ... ]
X at t=0.7:
[ -4.51562, 0.109375, -0.390625, 2.98438, 7.09375, 6.90625, -3.09375, -1.90625, 1.34375, 9.09375, 4.28125, 1.40625, 0.488281, -3.97266, 2.59766, 3.57422, 0.90625, 1.10938, 5.125, 3.20312, -0.28125, 3.71875, 9.21875, -1.28125, 0.433594, 0.394531, 1.60547, 4.19141, 8.14062, -4.26562, -0.796875, 4.04688, 3.26562, 3.10938, 8.95312, 0.796875, ... ]
X at t=0.71:
[ -4.4375, 0.53125, -0.3125, 3.03125, 7.33594, 6.50781, -3.57031, -1.64844, 1.17188, 9.14062, 4.29688, 1.14062, 0.457031, -3.84766, 2.53516, 3.73047, 0.929688, 1.17969, 5.17969, 3.17969, -0.28125, 3.71875, 9.15625, -1.46875, 0.628906, 0.480469, 1.67578, 4.33984, 7.89844, -4.52344, -0.570312, 4.00781, 3.42188, 3.32812, 8.79688, 0.828125, ... ]
X at t=0.72:
[ -4.35156, 0.914062, -0.195312, 3.07031, 7.53906, 6.05469, -3.99219, -1.35156, 1.04688, 9.20312, 4.29688, 0.828125, 0.449219, -3.71484, 2.46484, 3.86328, 0.953125, 1.25, 5.23438, 3.15625, -0.28125, 3.71875, 9.09375, -1.65625, 0.839844, 0.582031, 1.76172, 4.50391, 7.625, -4.78125, -0.3125, 4.03125, 3.625, 3.5625, 8.625, 0.8125, ... ]
X at t=0.73:
[ -4.24219, 1.27344, -0.0234375, 3.11719, 7.75, 5.5625, -4.375, -1.0625, 0.953125, 9.23438, 4.26562, 0.546875, 0.460938, -3.55469, 2.36719, 3.97656, 0.96875, 1.3125, 5.28125, 3.125, -0.21875, 3.71875, 9.03125, -1.78125, 1.05078, 0.683594, 1.84766, 4.66797, 7.3125, -4.96875, -0.0625, 4.03125, 3.82812, 3.79688, 8.45312, 0.796875, ... ]
X at t=0.74:
[ -4.11719, 1.64844, 0.164062, 3.17969, 7.92188, 4.95312, -4.76562, -0.734375, 0.859375, 9.26562, 4.23438, 0.265625, 0.53125, -3.40625, 2.28125, 4.09375, 0.992188, 1.38281, 5.33594, 3.10156, -0.15625, 3.71875, 8.96875, -1.90625, 1.26172, 0.785156, 1.93359, 4.83203, 7, -5.15625, 0.1875, 4.03125, 4.03125, 4.03125, 8.28125, 0.78125, ... ]
X at t=0.75:
[ -3.94531, 1.97656, 0.367188, 3.22656, 8.07812, 4.29688, -5.04688, -0.453125, 0.84375, 9.28125, 4.15625, -0.03125, 0.601562, -3.25781, 2.19531, 4.21094, 1.03906, 1.46094, 5.38281, 3.05469, -0.15625, 3.78125, 8.84375, -1.96875, 1.47266, 0.886719, 2.01953, 4.99609, 6.63281, -5.32031, 0.414062, 4.08594, 4.20312, 4.23438, 8.07812, 0.734375, ... ]
X at t=0.76:
[ -3.75, 2.28125, 0.625, 3.28125, 8.20312, 3.67188, -5.29688, -0.203125, 0.859375, 9.32812, 4.10938, -0.296875, 0.671875, -3.10938, 2.10938, 4.32812, 1.08594, 1.53906, 5.42969, 3.00781, -0.15625, 3.84375, 8.71875, -2.03125, 1.69141, 1.01172, 2.11328, 5.12109, 6.25781, -5.44531, 0.601562, 4.14844, 4.42969, 4.47656, 7.96094, 0.632812, ... ]
X at t=0.77:
[ -3.5625, 2.5625, 0.875, 3.375, 8.3125, 3, -5.4375, 0, 0.90625, 9.34375, 4.03125, -0.53125, 0.78125, -2.96875, 2.09375, 4.46875, 1.13281, 1.61719, 5.47656, 2.96094, -0.15625, 3.90625, 8.59375, -2.09375, 1.91016, 1.13672, 2.20703, 5.24609, 5.88281, -5.57031, 0.789062, 4.21094, 4.64844, 4.69531, 7.74219, 0.539062, ... ]
X at t=0.78:
[ -3.35156, 2.78906, 1.14844, 3.47656, 8.35938, 2.32812, -5.57812, 0.140625, 0.984375, 9.32812, 3.92188, -0.734375, 0.9375, -2.8125, 2.0625, 4.5625, 1.17969, 1.69531, 5.52344, 2.91406, -0.15625, 3.96875, 8.46875, -2.15625, 2.10938, 1.29688, 2.29688, 5.35938, 5.45312, -5.67188, 0.953125, 4.32812, 4.86719, 4.91406, 7.52344, 0.445312, ... ]
X at t=0.79:
[ -3.14062, 3.01562, 1.42188, 3.57812, 8.35938, 1.64062, -5.57812, 0.203125, 1.0625, 9.3125, 3.8125, -0.9375, 1.09375, -2.65625, 2.03125, 4.65625, 1.22656, 1.77344, 5.57031, 2.86719, -0.125, 4, 8.3125, -2.1875, 2.28906, 1.49219, 2.38281, 5.46094, 5.04688, -5.76562, 1.04688, 4.48438, 5.08594, 5.13281, 7.30469, 0.351562, ... ]
X at t=0.8:
[ -2.89844, 3.24219, 1.69531, 3.71094, 8.35938, 0.953125, -5.57812, 0.265625, 1.125, 9.375, 3.625, -1.125, 1.25, -2.5, 2, 4.75, 1.27344, 1.85156, 5.61719, 2.82031, -0.09375, 4.03125, 8.15625, -2.21875, 2.46875, 1.6875, 2.46875, 5.5625, 4.63281, -5.82031, 1.10156, 4.64844, 5.27344, 5.32031, 7.05469, 0.226562, ... ]
X at t=0.81:
[ -2.61719, 3.39844, 1.97656, 3.86719, 8.29688, 0.328125, -5.51562, 0.265625, 1.21875, 9.40625, 3.40625, -1.28125, 1.40625, -2.34375, 1.96875, 4.84375, 1.32031, 1.92969, 5.66406, 2.77344, -0.03125, 4.09375, 8.03125, -2.21875, 2.64844, 1.88281, 2.55469, 5.66406, 4.20312, -5.89062, 1.14062, 4.79688, 5.49219, 5.47656, 6.77344, 0.132812, ... ]
X at t=0.82:
[ -2.38281, 3.57031, 2.27344, 3.97656, 8.25, -0.375, -5.375, 0.25, 1.3125, 9.4375, 3.1875, -1.4375, 1.5625, -2.1875, 1.9375, 4.9375, 1.36719, 2.00781, 5.71094, 2.72656, 0.03125, 4.15625, 7.90625, -2.21875, 2.79688, 2.10938, 2.67188, 5.73438, 3.76562, -5.92188, 1.14062, 4.95312, 5.71094, 5.63281, 6.49219, 0.0390625, ... ]
X at t=0.83:
[ -2.11719, 3.71094, 2.53906, 4.11719, 8.14062, -1.01562, -5.17188, 0.171875, 1.375, 9.5, 3, -1.625, 1.71875, -2.03125, 1.90625, 5.03125, 1.46094, 2.10156, 5.74219, 2.63281, 0.125, 4.1875, 7.75, -2.1875, 2.96875, 2.34375, 2.78125, 5.78125, 3.30469, -5.92969, 1.08594, 5.10156, 6.00781, 5.77344, 6.16406, -0.0703125, ... ]
X at t=0.84:
[ -1.85156, 3.85156, 2.80469, 4.25781, 7.95312, -1.64062, -4.92188, 0.109375, 1.45312, 9.48438, 2.76562, -1.70312, 1.84375, -1.84375, 1.90625, 5.09375, 1.55469, 2.19531, 5.77344, 2.53906, 0.21875, 4.21875, 7.59375, -2.15625, 3.125, 2.5625, 2.875, 5.8125, 2.84375, -5.9375, 1.03125, 5.25, 6.27344, 5.88281, 5.80469, -0.210938, ... ]
X at t=0.85:
[ -1.58594, 3.99219, 3.07031, 4.39844, 7.73438, -2.23438, -4.64062, 0.015625, 1.53125, 9.46875, 2.53125, -1.78125, 1.96875, -1.65625, 1.90625, 5.15625, 1.64844, 2.28906, 5.80469, 2.44531, 0.3125, 4.25, 7.4375, -2.125, 3.28125, 2.78125, 2.96875, 5.84375, 2.39062, -5.89062, 0.953125, 5.42188, 6.57031, 5.96094, 5.41406, -0.320312, ... ]
X at t=0.86:
[ -1.29688, 4.10938, 3.39062, 4.54688, 7.48438, -2.79688, -4.32812, -0.109375, 1.59375, 9.53125, 2.21875, -1.84375, 2.09375, -1.46875, 1.90625, 5.21875, 1.74219, 2.38281, 5.83594, 2.35156, 0.40625, 4.28125, 7.28125, -2.09375, 3.40625, 3.03125, 3.09375, 5.84375, 1.92188, -5.85938, 0.859375, 5.57812, 6.90625, 5.96875, 5.03125, -0.40625, ... ]
X at t=0.87:
[ -1.03125, 4.15625, 3.71875, 4.65625, 7.20312, -3.32812, -3.98438, -0.265625, 1.60938, 9.57812, 1.92188, -1.85938, 2.21875, -1.28125, 1.90625, 5.28125, 1.83594, 2.47656, 5.86719, 2.25781, 0.453125, 4.29688, 7.14062, -2.01562, 3.51562, 3.26562, 3.20312, 5.82812, 1.49219, -5.77344, 0.710938, 5.69531, 7.21094, 5.94531, 4.61719, -0.523438, ... ]
X at t=0.88:
[ -0.765625, 4.20312, 4.04688, 4.76562, 6.85156, -3.78906, -3.61719, -0.382812, 1.625, 9.625, 1.625, -1.875, 2.34375, -1.09375, 1.90625, 5.34375, 1.92969, 2.57031, 5.89844, 2.16406, 0.53125, 4.34375, 7.03125, -1.90625, 3.64844, 3.50781, 3.30469, 5.78906, 1.03125, -5.71875, 0.53125, 5.78125, 7.5, 5.875, 4.1875, -0.5625, ... ]
X at t=0.89:
[ -0.5, 4.25, 4.375, 4.875, 6.46875, -4.21875, -3.21875, -0.53125, 1.64062, 9.67188, 1.32812, -1.89062, 2.46875, -0.90625, 1.90625, 5.40625, 2.02344, 2.66406, 5.92969, 2.07031, 0.609375, 4.39062, 6.92188, -1.79688, 3.73438, 3.76562, 3.42188, 5.70312, 0.609375, -5.60938, 0.296875, 5.82812, 7.82031, 5.77344, 3.72656, -0.570312, ... ]
X at t=0.9:
[ -0.234375, 4.29688, 4.70312, 4.98438, 6.01562, -4.57812, -2.79688, -0.640625, 1.60938, 9.70312, 1.04688, -1.85938, 2.5625, -0.6875, 1.9375, 5.4375, 2.11719, 2.75781, 5.96094, 1.97656, 0.6875, 4.4375, 6.8125, -1.6875, 3.82031, 4.02344, 3.53906, 5.61719, 0.1875, -5.5, 0.0625, 5.875, 8.17969, 5.60156, 3.27344, -0.554688, ... ]
X at t=0.91:
[ 0, 4.3125, 5, 5.0625, 5.57031, -4.88281, -2.39844, -0.726562, 1.57812, 9.73438, 0.765625, -1.82812, 2.60938, -0.484375, 1.98438, 5.51562, 2.24219, 2.82031, 5.96094, 1.91406, 0.765625, 4.48438, 6.70312, -1.57812, 3.91406, 4.27344, 3.63281, 5.49219, -0.21875, -5.34375, -0.15625, 5.84375, 8.50781, 5.36719, 2.85156, -0.539062, ... ]
X at t=0.92:
[ 0.28125, 4.34375, 5.28125, 5.09375, 5.03906, -5.13281, -1.99219, -0.789062, 1.54688, 9.76562, 0.484375, -1.79688, 2.65625, -0.28125, 2.03125, 5.59375, 2.36719, 2.88281, 5.96094, 1.85156, 0.84375, 4.53125, 6.59375, -1.46875, 3.98047, 4.50391, 3.74609, 5.33203, -0.632812, -5.14844, -0.414062, 5.82031, 8.83594, 5.13281, 2.42969, -0.523438, ... ]
X at t=0.93:
[ 0.5625, 4.375, 5.5625, 5.125, 4.51562, -5.32812, -1.60938, -0.828125, 1.46875, 9.78125, 0.21875, -1.71875, 2.70312, -0.078125, 2.07812, 5.67188, 2.49219, 2.94531, 5.96094, 1.78906, 0.921875, 4.57812, 6.48438, -1.35938, 4.05859, 4.73828, 3.85547, 5.16016, -1, -4.9375, -0.6875, 5.75, 9.16406, 4.80469, 2.00781, -0.476562, ... ]
X at t=0.94:
[ 0.8125, 4.375, 5.8125, 5.125, 4, -5.46875, -1.25, -0.84375, 1.39062, 9.79688, -0.046875, -1.64062, 2.75, 0.125, 2.125, 5.75, 2.60156, 2.99219, 5.94531, 1.71094, 0.953125, 4.60938, 6.39062, -1.20312, 4.11719, 4.97656, 3.96094, 4.94531, -1.36719, -4.72656, -0.960938, 5.67969, 9.4375, 4.5, 1.5625, -0.375, ... ]
X at t=0.95:
[ 1.10938, 4.39062, 6.04688, 5.07812, 3.47656, -5.57031, -0.929688, -0.851562, 1.34375, 9.84375, -0.28125, -1.53125, 2.79688, 0.328125, 2.17188, 5.82812, 2.71094, 3.03906, 5.92969, 1.63281, 1.03125, 4.65625, 6.28125, -1.09375, 4.17578, 5.23047, 4.03516, 4.71484, -1.71094, -4.50781, -1.17969, 5.52344, 9.71875, 4.15625, 1.15625, -0.28125, ... ]
X at t=0.96:
[ 1.38281, 4.42969, 6.22656, 5.02344, 2.96094, -5.61719, -0.632812, -0.835938, 1.29688, 9.89062, -0.515625, -1.42188, 2.84375, 0.53125, 2.21875, 5.90625, 2.82031, 3.08594, 5.91406, 1.55469, 1.10938, 4.70312, 6.17188, -0.984375, 4.23047, 5.47266, 4.08984, 4.45703, -1.97656, -4.24219, -1.38281, 5.35156, 10.0156, 3.73438, 0.828125, -0.203125, ... ]
X at t=0.97:
[ 1.64062, 4.45312, 6.39062, 4.95312, 2.4375, -5.625, -0.375, -0.8125, 1.26562, 9.85938, -0.671875, -1.32812, 2.89062, 0.734375, 2.26562, 5.98438, 2.92969, 3.13281, 5.89844, 1.47656, 1.15625, 4.78125, 6.09375, -0.90625, 4.27734, 5.70703, 4.13672, 4.19141, -2.24219, -3.97656, -1.58594, 5.17969, 10.2344, 3.32812, 0.546875, -0.109375, ... ]
X at t=0.98:
[ 1.89844, 4.50781, 6.55469, 4.78906, 1.92188, -5.57812, -0.140625, -0.765625, 1.23438, 9.82812, -0.828125, -1.23438, 2.95312, 0.859375, 2.39062, 6.04688, 3.03906, 3.17969, 5.88281, 1.39844, 1.20312, 4.85938, 6.01562, -0.828125, 4.30859, 5.92578, 4.16797, 3.91016, -2.46094, -3.69531, -1.80469, 4.96094, 10.4531, 2.92188, 0.265625, -0.015625, ... ]

Final state:
X at t=0.99:
[ 2.14062, 4.54688, 6.70312, 4.60938, 1.39844, -5.49219, 0.0546875, -0.710938, 1.23438, 9.82812, -0.953125, -1.10938, 3.01562, 0.984375, 2.51562, 6.10938, 3.14844, 3.22656, 5.86719, 1.32031, 1.29688, 4.95312, 5.92188, -0.796875, 4.34375, 6.15625, 4.15625, 3.59375, -2.59375, -3.40625, -1.96875, 4.71875, 10.6719, 2.51562, -0.015625, 0.078125, ... ]
