
Lmod is automatically replacing "craype-x86-rome" with "craype-x86-trento".

Lorenz96(k=100, F=8, dt=0.01, t_max=1)
 - warming up the simulation for 10
 - running ensemble of size 1 with initial perturbation N(0.0, 0.001)
 - compressing every 1-th model state online on the GPU with ZFP(fixed_rate=24)
 - saving config file to 'output/config_5030211.json'
 - saving performance file to 'performance/perf_5030211'

Initial state:
X at t=0:
[ 6.97368, 5.05917, 7.35117, -0.100784, -1.12297, 3.73101, 10.2582, -0.203236, 2.35717, 3.45174, -0.586473, 0.987711, 3.12047, 4.6171, 7.05743, 5.67665, -5.19412, 1.26716, 4.785, 5.84074, -3.7711, 1.13112, -0.298449, -1.77111, 6.32255, 2.94268, -2.99086, 4.27347, 4.29249, 0.825172, 3.69935, 11.1333, -0.330418, -0.183544, 3.72996, 7.6153, ... ]

X at t=0.01:
[ 7.36348, 5.30437, 6.97304, -0.466202, -1.02244, 3.66084, 10.2668, -0.254612, 2.42888, 3.48898, -0.548319, 1.05918, 3.22298, 4.84301, 7.16852, 4.99057, -5.37071, 1.35839, 4.96128, 5.61332, -3.85878, 1.42624, -0.189251, -1.68613, 6.28464, 2.91543, -2.94073, 4.26737, 4.49151, 0.873787, 3.79876, 11.0516, -0.675318, -0.0653057, 3.76222, 7.73615, ... ]
X at t=0.02:
[ 7.7339, 5.54554, 6.54086, -0.812059, -0.912792, 3.59895, 10.2693, -0.29134, 2.50276, 3.5276, -0.511124, 1.12946, 3.33028, 5.07378, 7.24362, 4.27444, -5.50626, 1.40177, 5.14213, 5.37162, -3.93115, 1.70968, -0.0725155, -1.59593, 6.25217, 2.88657, -2.88978, 4.25552, 4.6882, 0.925827, 3.89795, 10.9544, -1.01, 0.0755539, 3.80474, 7.8448, ... ]
X at t=0.03:
[ 8.08167, 5.7782, 6.05459, -1.13306, -0.797729, 3.54707, 10.2663, -0.314255, 2.57778, 3.56732, -0.475004, 1.19861, 3.44261, 5.30842, 7.2778, 3.53464, -5.59966, 1.394, 5.32128, 5.11852, -3.98919, 1.97943, 0.0521584, -1.50094, 6.22514, 2.85582, -2.83831, 4.23823, 4.88248, 0.981976, 3.99675, 10.8415, -1.33168, 0.236797, 3.86049, 7.94041, ... ]
X at t=0.04:
[ 8.40383, 5.99735, 5.51557, -1.42396, -0.681458, 3.50647, 10.2584, -0.324478, 2.65301, 3.60786, -0.440027, 1.26668, 3.56014, 5.54572, 7.26625, 2.77868, -5.64989, 1.33364, 5.49247, 4.85765, -4.0337, 2.23378, 0.184992, -1.40161, 6.20348, 2.82287, -2.78659, 4.2158, 5.07437, 1.04283, 4.09497, 10.7126, -1.63789, 0.415794, 3.93237, 8.02218, ... ]
X at t=0.05:
[ 8.69794, 6.19752, 4.9267, -1.67968, -0.568371, 3.47784, 10.2464, -0.323322, 2.72763, 3.64894, -0.406239, 1.33371, 3.6831, 5.78413, 7.20434, 2.01508, -5.65611, 1.2212, 5.64983, 4.59327, -4.0653, 2.47131, 0.326034, -1.29836, 6.18708, 2.78745, -2.73488, 4.18852, 5.26389, 1.10905, 4.19237, 10.5677, -1.92658, 0.609514, 4.02301, 8.08923, ... ]
X at t=0.06:
[ 8.96216, 6.37296, 4.29253, -1.89554, -0.462837, 3.46124, 10.2308, -0.312233, 2.80091, 3.69028, -0.373625, 1.39974, 3.81166, 6.02181, 7.0879, 1.25328, -5.6178, 1.05925, 5.78824, 4.33003, -4.08457, 2.69102, 0.475164, -1.19154, 6.17576, 2.74928, -2.68338, 4.15665, 5.45113, 1.18125, 4.28866, 10.4067, -2.19614, 0.81461, 4.13469, 8.14055, ... ]
X at t=0.07:
[ 9.19538, 6.51792, 3.61929, -2.06735, -0.368839, 3.45604, 10.2124, -0.292675, 2.87228, 3.73161, -0.342163, 1.46482, 3.94596, 6.25655, 6.9134, 0.503504, -5.535, 0.852329, 5.90364, 4.0728, -4.09202, 2.89225, 0.632123, -1.08152, 6.16928, 2.70811, -2.63228, 4.12044, 5.63618, 1.26001, 4.38354, 10.2299, -2.44541, 1.02747, 4.26922, 8.175, ... ]
X at t=0.08:
[ 9.39738, 6.62677, 2.91481, -2.1917, -0.289658, 3.46101, 10.1921, -0.266068, 2.94127, 3.77272, -0.311794, 1.52899, 4.0861, 6.48579, 6.67814, -0.223564, -5.40859, 0.606813, 5.99324, 3.8263, -4.08822, 3.07473, 0.796516, -0.968575, 6.16736, 2.66369, -2.58175, 4.08014, 5.8192, 1.3459, 4.47661, 10.0374, -2.67371, 1.2443, 4.42785, 8.1912, ... ]
X at t=0.09:
[ 9.56884, 6.69431, 2.1883, -2.26606, -0.227543, 3.47441, 10.1705, -0.2337, 3.00752, 3.81339, -0.282455, 1.59229, 4.23212, 6.70661, 6.38046, -0.917055, -5.24055, 0.330561, 6.05562, 3.59484, -4.07382, 3.23856, 0.967856, -0.852954, 6.16964, 2.61578, -2.53188, 4.03596, 6.00035, 1.43942, 4.56737, 9.82938, -2.8808, 1.46124, 4.61113, 8.18758, ... ]
X at t=0.1:
[ 9.71142, 6.71593, 1.45009, -2.28905, -0.183491, 3.49419, 10.1485, -0.196697, 3.07077, 3.85346, -0.254053, 1.65479, 4.38401, 6.9158, 6.01995, -1.56631, -5.03415, 0.0325146, 6.09075, 3.38206, -4.04954, 3.38418, 1.14558, -0.734829, 6.17571, 2.56413, -2.48276, 3.98809, 6.1798, 1.54104, 4.65528, 9.60624, -3.06685, 1.67445, 4.81892, 8.16234, ... ]
X at t=0.11:
[ 9.82751, 6.6878, 0.711157, -2.26056, -0.15707, 3.51815, 10.1268, -0.155979, 3.13082, 3.89275, -0.226469, 1.71652, 4.54169, 7.10981, 5.59761, -2.16129, -4.79412, -0.277815, 6.09987, 3.1907, -4.01619, 3.51229, 1.32909, -0.614327, 6.18512, 2.50853, -2.43442, 3.93672, 6.35774, 1.6512, 4.73962, 9.36835, -3.2324, 1.88017, 5.05039, 8.11346, ... ]
X at t=0.12:
[ 9.92027, 6.60697, -0.0172424, -2.18186, -0.146412, 3.54427, 10.1062, -0.112225, 3.18757, 3.93114, -0.199593, 1.77753, 4.70497, 7.28485, 5.11595, -2.69296, -4.52657, -0.590919, 6.0853, 3.02259, -3.97464, 3.6238, 1.51776, -0.491503, 6.19734, 2.44874, -2.38687, 3.88199, 6.53436, 1.77023, 4.81961, 9.11609, -3.37831, 2.07486, 5.30391, 8.03882, ... ]
X at t=0.13:
[ 9.9933, 6.47142, -0.72407, -2.05576, -0.148304, 3.5708, 10.0873, -0.0659599, 3.24092, 3.96851, -0.173294, 1.8379, 4.87358, 7.43691, 4.57907, -3.15368, -4.23885, -0.897873, 6.05007, 2.87854, -3.9258, 3.7198, 1.71097, -0.366364, 6.21182, 2.38456, -2.34006, 3.82408, 6.70985, 1.89843, 4.89429, 8.84991, -3.50567, 2.25521, 5.57722, 7.93618, ... ]
X at t=0.14:
[ 10.0504, 6.28005, -1.39893, -1.88656, -0.158455, 3.59653, 10.0705, -0.0175552, 3.29082, 4.00477, -0.147436, 1.89767, 5.0471, 7.56192, 3.99255, -3.53749, -3.9392, -1.19084, 5.99769, 2.75847, -3.87057, 3.80147, 1.90815, -0.238876, 6.22795, 2.31578, -2.29391, 3.76312, 6.88437, 2.03595, 4.96259, 8.57028, -3.61575, 2.41827, 5.86739, 7.80336, ... ]
X at t=0.15:
[ 10.0953, 6.03263, -2.03246, -1.68005, -0.171867, 3.62087, 10.0561, 0.0327377, 3.33722, 4.03984, -0.121883, 1.9569, 5.22506, 7.65577, 3.36349, -3.84026, -3.63625, -1.46343, 5.9318, 2.66154, -3.80982, 3.87, 2.10875, -0.108953, 6.24508, 2.24221, -2.2483, 3.69926, 7.05807, 2.18288, 5.02324, 8.27774, -3.70993, 2.5615, 6.17095, 7.6383, ... ]
X at t=0.16:
[ 10.1314, 5.72966, -2.61656, -1.44333, -0.183197, 3.64389, 10.0442, 0.084671, 3.38013, 4.07364, -0.0964737, 2.01566, 5.4068, 7.71448, 2.70023, -4.05991, -3.3385, -1.71098, 5.85583, 2.58632, -3.74438, 3.92658, 2.31226, 0.0235062, 6.26251, 2.16367, -2.20306, 3.63264, 7.23109, 2.33915, 5.07487, 7.97291, -3.78956, 2.68272, 6.484, 7.43922, ... ]
X at t=0.17:
[ 10.1616, 5.37234, -3.14456, -1.18467, -0.187252, 3.66623, 10.0346, 0.137966, 3.41951, 4.10611, -0.071064, 2.07404, 5.59155, 7.7343, 2.01215, -4.19624, -3.05373, -1.9306, 5.77288, 2.53102, -3.67495, 3.97236, 2.51825, 0.158642, 6.2795, 2.08002, -2.15798, 3.56338, 7.40348, 2.50457, 5.11592, 7.65648, -3.85601, 2.78019, 6.80231, 7.20475, ... ]
X at t=0.18:
[ 10.1877, 4.96248, -3.61131, -0.913116, -0.179405, 3.68902, 10.0272, 0.192268, 3.45539, 4.13721, -0.0454998, 2.1321, 5.77843, 7.71181, 1.30943, -4.251, -2.78847, -2.12107, 5.6855, 2.4936, -3.60222, 4.00842, 2.72634, 0.296583, 6.29526, 1.9911, -2.11281, 3.49166, 7.57533, 2.67878, 5.14465, 7.32927, -3.9105, 2.85263, 7.1215, 6.93407, ... ]
X at t=0.19:
[ 10.2106, 4.50236, -4.01306, -0.638233, -0.155937, 3.71374, 10.0213, 0.247093, 3.48777, 4.16693, -0.0196075, 2.18993, 5.96642, 7.64412, 0.602619, -4.22765, -2.54762, -2.28261, 5.59566, 2.47203, -3.52673, 4.03575, 2.93618, 0.437449, 6.30895, 1.89681, -2.06726, 3.41763, 7.74659, 2.86121, 5.15921, 6.99227, -3.95411, 2.89917, 7.43713, 6.62705, ... ]
X at t=0.2:
[ 10.2304, 3.99478, -4.34732, -0.369629, -0.114307, 3.74207, 10.0165, 0.301807, 3.51672, 4.19527, 0.00678253, 2.24763, 6.15438, 7.52886, -0.0975876, -4.13122, -2.33423, -2.41654, 5.50481, 2.46428, -3.44896, 4.05525, 3.14749, 0.58136, 6.31968, 1.79711, -2.02104, 3.34152, 7.91725, 3.05109, 5.15762, 6.64663, -3.98773, 2.91939, 7.74489, 6.2843, ... ]
X at t=0.21:
[ 10.2458, 3.44306, -4.61268, -0.116539, -0.0532875, 3.7757, 10.0119, 0.355625, 3.54233, 4.22229, 0.0338278, 2.30528, 6.34105, 7.36445, -0.780804, -3.96813, -2.14938, -2.52491, 5.41389, 2.46848, -3.36932, 4.06777, 3.36003, 0.728395, 6.32653, 1.69195, -1.97377, 3.26351, 8.08717, 3.24738, 5.13782, 6.29378, -4.01208, 2.91326, 8.04069, 5.90731, ... ]
X at t=0.22:
[ 10.2544, 2.85106, -4.80854, 0.112614, 0.0269241, 3.81626, 10.0068, 0.407631, 3.56474, 4.24806, 0.0616961, 2.36299, 6.52509, 7.15005, -1.43726, -3.746, -1.9923, -2.61018, 5.32348, 2.48293, -3.28813, 4.07405, 3.5736, 0.878595, 6.32851, 1.5814, -1.92509, 3.18388, 8.25622, 3.44883, 5.09767, 5.93541, -4.02764, 2.88114, 8.32086, 5.49843, ... ]
X at t=0.23:
[ 10.253, 2.22328, -4.93489, 0.310635, 0.124901, 3.86514, 10.0005, 0.456779, 3.58415, 4.27271, 0.0905428, 2.42087, 6.70507, 6.88567, -2.05805, -3.47342, -1.86065, -2.6749, 5.23386, 2.50616, -3.20568, 4.07478, 3.78802, 1.03194, 6.32459, 1.46552, -1.8746, 3.10294, 8.42416, 3.65386, 5.03508, 5.57355, -4.03473, 2.8238, 8.5822, 5.06091, ... ]
X at t=0.24:
[ 10.2377, 1.56493, -4.99212, 0.471928, 0.238083, 3.92349, 9.99223, 0.501923, 3.60082, 4.29641, 0.120526, 2.47902, 6.87949, 6.57216, -2.63544, -3.15975, -1.75089, -2.72145, 5.14521, 2.53683, -3.12219, 4.07057, 4.00315, 1.18837, 6.31372, 1.34452, -1.82189, 3.02105, 8.59071, 3.86061, 4.948, 5.21054, -4.03346, 2.74234, 8.82212, 4.59883, ... ]
X at t=0.25:
[ 10.2037, 0.882061, -4.98097, 0.59277, 0.363033, 3.99224, 9.98117, 0.541859, 3.61508, 4.31939, 0.151785, 2.53755, 7.04684, 6.21126, -3.16302, -2.8149, -1.65867, -2.75192, 5.0576, 2.57381, -3.03782, 4.06198, 4.21885, 1.3477, 6.29476, 1.21863, -1.76656, 2.93862, 8.75556, 4.06695, 4.83454, 4.84911, -4.02388, 2.63817, 9.03865, 4.11702, ... ]
X at t=0.26:
[ 10.1462, 0.181549, -4.90244, 0.6716, 0.495808, 4.07197, 9.96666, 0.57539, 3.6273, 4.34193, 0.184448, 2.59658, 7.20557, 5.80551, -3.63583, -2.44901, -1.57928, -2.76808, 4.97114, 2.61611, -2.95273, 4.04955, 4.43501, 1.5097, 6.26657, 1.08821, -1.70823, 2.85615, 8.91831, 4.27041, 4.69307, 4.49232, -4.00597, 2.51306, 9.23058, 3.62094, ... ]
X at t=0.27:
[ 10.0602, -0.528923, -4.75785, 0.709114, 0.632259, 4.16304, 9.9481, 0.601322, 3.63797, 4.36432, 0.218624, 2.65622, 7.35414, 5.35822, -4.05036, -2.07228, -1.50808, -2.77134, 4.88597, 2.66285, -2.86703, 4.03374, 4.65152, 1.67402, 6.22798, 0.953728, -1.64651, 2.77418, 9.07855, 4.46823, 4.52231, 4.14362, -3.97961, 2.36901, 9.39731, 3.11651, ... ]
X at t=0.28:
[ 9.94096, -1.2409, -4.5491, 0.70826, 0.768402, 4.26553, 9.92493, 0.61853, 3.64758, 4.38692, 0.254402, 2.71656, 7.49103, 4.87335, -4.40451, -1.69456, -1.44081, -2.76286, 4.80233, 2.71325, -2.7808, 4.01499, 4.86828, 1.84017, 6.17781, 0.815744, -1.58108, 2.69333, 9.23584, 4.65741, 4.32143, 3.80665, -3.94482, 2.20832, 9.53899, 2.60995, ... ]
X at t=0.29:
[ 9.78429, -1.94539, -4.27877, 0.67416, 0.900684, 4.37928, 9.89664, 0.625973, 3.6567, 4.41016, 0.291862, 2.77771, 7.6148, 4.35545, -4.69749, -1.32513, -1.37383, -2.74358, 4.7205, 2.76663, -2.69416, 3.99372, 5.08518, 2.00756, 6.11489, 0.674955, -1.51166, 2.61429, 9.38972, 4.83472, 4.09018, 3.48531, -3.90163, 2.03344, 9.65638, 2.10759, ... ]
X at t=0.3:
[ 9.58679, -2.63313, -3.95049, 0.613834, 1.02634, 4.50391, 9.86278, 0.622726, 3.66596, 4.43444, 0.331049, 2.83974, 7.72405, 3.8095, -4.92957, -0.97242, -1.30432, -2.71436, 4.64084, 2.82239, -2.60717, 3.97032, 5.30208, 2.17547, 6.03805, 0.532154, -1.43805, 2.53783, 9.53973, 4.99673, 3.82895, 3.18359, -3.85023, 1.847, 9.75077, 1.61572, ... ]
X at t=0.31:
[ 9.34613, -3.29491, -3.56909, 0.535782, 1.14349, 4.63881, 9.82287, 0.608021, 3.67599, 4.46024, 0.371971, 2.90271, 7.81748, 3.24085, -5.10201, -0.64373, -1.23032, -2.67598, 4.56378, 2.87996, -2.5199, 3.94515, 5.51885, 2.343, 5.94623, 0.388269, -1.36013, 2.46475, 9.6854, 5.13995, 3.5389, 2.90544, -3.79095, 1.65171, 9.8239, 1.14041, ... ]
X at t=0.32:
[ 9.06115, -3.92201, -3.14089, 0.449558, 1.2513, 4.78323, 9.77648, 0.581264, 3.68744, 4.48805, 0.414621, 2.96667, 7.89389, 2.65503, -5.21669, -0.345074, -1.15071, -2.62923, 4.48972, 2.93888, -2.43244, 3.91854, 5.73534, 2.50911, 5.83839, 0.244364, -1.2779, 2.39592, 9.8263, 5.26083, 3.22198, 2.65458, -3.72425, 1.45034, 9.87791, 0.687355, ... ]
X at t=0.33:
[ 8.73196, -4.50661, -2.67365, 0.365128, 1.34991, 4.93624, 9.72306, 0.542057, 3.70097, 4.51837, 0.458965, 3.03161, 7.95221, 2.05768, -5.27603, -0.0810242, -1.06516, -2.57493, 4.41906, 2.99871, -2.34486, 3.89084, 5.95135, 2.67261, 5.71364, 0.101591, -1.19146, 2.33224, 9.96206, 5.35593, 2.88093, 2.43441, -3.65075, 1.24558, 9.91511, 0.261757, ... ]
X at t=0.34:
[ 8.36003, -5.04216, -2.17661, 0.29224, 1.44033, 5.09679, 9.66204, 0.490196, 3.71719, 4.55171, 0.504929, 3.09753, 7.9915, 1.45448, -5.2827, 0.145309, -0.973982, -2.51386, 4.35217, 3.05911, -2.25725, 3.86236, 6.16667, 2.83214, 5.57122, -0.0387917, -1.10104, 2.27461, 10.0924, 5.42197, 2.51931, 2.24779, -3.57112, 1.0401, 9.9379, -0.131733, ... ]
X at t=0.35:
[ 7.948, -5.52369, -1.6602, 0.239876, 1.52427, 5.26384, 9.59272, 0.425701, 3.7367, 4.58861, 0.552418, 3.16437, 8.01096, 0.851036, -5.23959, 0.332359, -0.877975, -2.44685, 4.28934, 3.11976, -2.16971, 3.8334, 6.38106, 2.98619, 5.41057, -0.175425, -1.00702, 2.22394, 10.2169, 5.45594, 2.14141, 2.09693, -3.48608, 0.836346, 9.94869, -0.48914, ... ]
X at t=0.36:
[ 7.49958, -5.94801, -1.13573, 0.215714, 1.60383, 5.43627, 9.51423, 0.348808, 3.76, 4.6296, 0.601311, 3.23202, 8.01, 0.252773, -5.14959, 0.480022, -0.778275, -2.37464, 4.2308, 3.1804, -2.08233, 3.80427, 6.59423, 3.13311, 5.23136, -0.30691, -0.90991, 2.18109, 10.3354, 5.45518, 1.75217, 1.9832, -3.39637, 0.636669, 9.9498, -0.807194, ... ]
X at t=0.37:
[ 7.01936, -6.31373, -0.614923, 0.225695, 1.68132, 5.61302, 9.4256, 0.259945, 3.78755, 4.6752, 0.651445, 3.30033, 7.98812, -0.335047, -5.01565, 0.589567, -0.676216, -2.29795, 4.17675, 3.24081, -1.99521, 3.77524, 6.80587, 3.27112, 5.03353, -0.431799, -0.810335, 2.14688, 10.4478, 5.41753, 1.35697, 1.90708, -3.3026, 0.443123, 9.94334, -1.08334, ... ]
X at t=0.38:
[ 6.51252, -6.62117, -0.109379, 0.273861, 1.75904, 5.79303, 9.32573, 0.159733, 3.81965, 4.72594, 0.70265, 3.3691, 7.94506, -0.907488, -4.84069, 0.663458, -0.573153, -2.21738, 4.12726, 3.30081, -1.90847, 3.7466, 7.01562, 3.39832, 4.81732, -0.548664, -0.709049, 2.12205, 10.5538, 5.34132, 0.961578, 1.86807, -3.20533, 0.257576, 9.93118, -1.31576, ... ]
X at t=0.39:
[ 5.98459, -6.8722, 0.369877, 0.362202, 1.83912, 5.97528, 9.21333, 0.0489845, 3.8565, 4.78234, 0.754726, 3.4381, 7.88072, -1.45996, -4.62768, 0.705256, -0.470345, -2.13346, 4.08241, 3.36024, -1.8222, 3.71861, 7.22307, 3.51272, 4.58331, -0.65609, -0.606873, 2.10719, 10.6534, 5.22551, 0.571819, 1.8647, -3.10491, 0.0815773, 9.91491, -1.50334, ... ]
X at t=0.4:
[ 5.44122, -7.06987, 0.812868, 0.490744, 1.92344, 6.15877, 9.08703, -0.0713158, 3.89816, 4.8449, 0.807455, 3.50701, 7.79522, -1.98824, -4.37966, 0.719353, -0.368895, -2.0466, 4.04217, 3.41897, -1.7365, 3.69153, 7.42779, 3.61229, 4.33248, -0.752739, -0.504723, 2.10278, 10.7465, 5.06964, 0.193508, 1.89457, -3.00156, -0.0835686, 9.89585, -1.64569, ... ]
X at t=0.41:
[ 4.8879, -7.21808, 1.211, 0.657724, 2.01362, 6.34247, 8.94537, -0.200024, 3.94451, 4.91413, 0.860594, 3.57548, 7.68887, -2.48859, -4.09982, 0.710793, -0.269646, -1.95714, 4.00651, 3.47688, -1.65147, 3.66563, 7.62927, 3.69501, 4.06617, -0.837378, -0.403521, 2.10913, 10.8329, 4.87394, -0.167793, 1.95437, -2.89537, -0.236786, 9.87502, -1.74307, ... ]
X at t=0.42:
[ 4.32987, -7.32121, 1.55729, 0.859854, 2.11112, 6.52535, 8.7868, -0.335869, 3.99526, 4.99045, 0.913883, 3.64312, 7.56215, -2.95776, -3.79152, 0.685057, -0.173189, -1.8653, 3.97537, 3.53388, -1.5672, 3.64116, 7.82699, 3.75884, 3.78612, -0.908957, -0.304177, 2.12643, 10.9124, 4.63924, -0.506977, 2.04012, -2.78633, -0.377277, 9.85309, -1.79639, ... ]
X at t=0.43:
[ 3.77192, -7.3838, 1.8465, 1.09263, 2.21727, 6.7063, 8.60974, -0.477432, 4.04991, 5.07431, 0.967077, 3.70947, 7.41579, -3.39307, -3.45843, 0.647835, -0.079855, -1.77128, 3.94869, 3.58987, -1.48378, 3.61833, 8.0204, 3.8019, 3.49448, -0.966602, -0.207542, 2.15466, 10.9847, 4.36702, -0.819454, 2.14726, -2.67433, -0.504475, 9.8306, -1.80716, ... ]
X at t=0.44:
[ 3.21837, -7.41016, 2.07516, 1.35065, 2.33342, 6.88417, 8.41263, -0.623199, 4.10775, 5.16609, 1.0199, 3.77404, 7.25069, -3.79241, -3.10443, 0.604794, 0.010273, -1.67519, 3.92638, 3.64476, -1.40127, 3.59739, 8.20889, 3.82238, 3.19378, -1.00967, -0.11436, 2.19365, 11.0497, 4.05928, -1.10127, 2.27089, -2.5593, -0.618053, 9.80778, -1.7774, ... ]
X at t=0.45:
[ 2.67298, -7.40425, 2.24148, 1.62794, 2.46099, 7.05776, 8.19387, -0.771553, 4.16787, 5.26608, 1.07211, 3.83633, 7.06793, -4.1543, -2.7337, 0.561401, 0.0972862, -1.57713, 3.90837, 3.69845, -1.31976, 3.57855, 8.39183, 3.81871, 2.88688, -1.03779, -0.0252361, 2.24307, 11.1067, 3.71861, -1.34918, 2.40591, -2.44122, -0.717888, 9.78477, -1.70962, ... ]
X at t=0.46:
[ 2.13902, -7.36945, 2.34526, 1.91822, 2.60156, 7.22574, 7.95193, -0.920776, 4.22915, 5.37452, 1.12346, 3.89577, 6.86877, -4.47787, -2.35066, 0.522728, 0.181402, -1.47716, 3.89461, 3.75087, -1.2393, 3.56199, 8.56859, 3.78953, 2.57697, -1.05087, 0.0593948, 2.30248, 11.1553, 3.34803, -1.56064, 2.54732, -2.32017, -0.804008, 9.76156, -1.60674, ... ]
X at t=0.47:
[ 1.61926, -7.30844, 2.38775, 2.21515, 2.7568, 7.38668, 7.68531, -1.06909, 4.29027, 5.49153, 1.17373, 3.9518, 6.65462, -4.76286, -1.95991, 0.493301, 0.262882, -1.37538, 3.88501, 3.80193, -1.15995, 3.54795, 8.73849, 3.73383, 2.26745, -1.04914, 0.139298, 2.37132, 11.1948, 2.95097, -1.73386, 2.69035, -2.1964, -0.876648, 9.73802, -1.47202, ... ]
X at t=0.48:
[ 1.11604, -7.22325, 2.37144, 2.51253, 2.92852, 7.53904, 7.39255, -1.21469, 4.34972, 5.61712, 1.22275, 4.00385, 6.427, -5.00961, -1.56612, 0.477026, 0.341988, -1.27186, 3.87954, 3.85154, -1.08175, 3.53656, 8.90085, 3.65091, 1.96193, -1.03312, 0.214452, 2.44894, 11.2245, 2.53119, -1.86762, 2.83065, -2.0703, -0.936188, 9.71404, -1.30896, ... ]
X at t=0.49:
[ 0.631361, -7.11519, 2.29995, 2.80446, 3.1185, 7.6811, 7.07232, -1.35569, 4.40583, 5.75115, 1.27038, 4.05135, 6.18757, -5.21901, -1.17399, 0.477051, 0.418898, -1.16671, 3.87813, 3.89961, -1.00475, 3.52802, 9.05497, 3.54047, 1.66409, -1.00364, 0.285037, 2.53468, 11.2435, 2.09273, -1.96134, 2.96445, -1.94249, -0.983112, 9.68943, -1.12128, ... ]
X at t=0.5:
[ 0.166916, -6.98499, 2.17787, 3.08542, 3.3285, 7.81091, 6.7234, -1.49018, 4.45681, 5.89337, 1.31656, 4.09373, 5.93802, -5.3924, -0.788071, 0.495766, 0.493685, -1.06008, 3.88074, 3.94607, -0.928978, 3.52245, 9.20022, 3.40266, 1.37763, -0.961804, 0.351426, 2.62784, 11.2509, 1.6398, -2.01498, 3.08873, -1.81374, -1.018, 9.66406, -0.912823, ... ]
X at t=0.51:
[ -0.275812, -6.83284, 2.0106, 3.3504, 3.55996, 7.92627, 6.34479, -1.61623, 4.50079, 6.0433, 1.36127, 4.13047, 5.6801, -5.53158, -0.412683, 0.534761, 0.566284, -0.952148, 3.88731, 3.99084, -0.854454, 3.52, 9.3359, 3.23803, 1.10617, -0.908957, 0.41416, 2.72774, 11.2459, 1.1767, -2.02894, 3.20121, -1.68496, -1.04149, 9.63778, -0.687443, ... ]
X at t=0.52:
[ -0.695501, -6.65856, 1.80425, 3.59495, 3.81395, 8.02468, 5.93576, -1.73186, 4.53591, 6.20029, 1.40461, 4.16107, 5.41559, -5.63863, -0.0518494, 0.594887, 0.636496, -0.843138, 3.89776, 4.03382, -0.781208, 3.52076, 9.46138, 3.04761, 0.853163, -0.846632, 0.473906, 2.83376, 11.2273, 0.707878, -2.00407, 3.30047, -1.55719, -1.05431, 9.6105, -0.44899, ... ]
X at t=0.53:
[ -1.09093, -6.46173, 1.56546, 3.81523, 4.09096, 8.10333, 5.49598, -1.8351, 4.56032, 6.36352, 1.44677, 4.18506, 5.14622, -5.71593, 0.290874, 0.676281, 0.704008, -0.73332, 3.91204, 4.07496, -0.709255, 3.52482, 9.57605, 2.83287, 0.621833, -0.776507, 0.531405, 2.94532, 11.1943, 0.237698, -1.94156, 3.38591, -1.43151, -1.05717, 9.58219, -0.20118, ... ]
X at t=0.54:
[ -1.46094, -6.24183, 1.30131, 4.00809, 4.39079, 8.15902, 5.02558, -1.92396, 4.57232, 6.53198, 1.48803, 4.20201, 4.87369, -5.76598, 0.612385, 0.778439, 0.768414, -0.623013, 3.93005, 4.11419, -0.638592, 3.53225, 9.67936, 2.59568, 0.415091, -0.7003, 0.587454, 3.06192, 11.1458, -0.229553, -1.84294, 3.45776, -1.30906, -1.0508, 9.55286, 0.0523338, ... ]
X at t=0.55:
[ -1.80444, -5.99841, 1.01917, 4.17109, 4.71238, 8.18829, 4.5254, -1.9965, 4.57047, 6.70447, 1.52878, 4.21155, 4.59964, -5.79137, 0.910126, 0.900307, 0.829251, -0.512544, 3.95171, 4.15144, -0.569225, 3.54312, 9.77077, 2.33834, 0.235472, -0.619726, 0.642836, 3.18313, 11.081, -0.689747, -1.71008, 3.51699, -1.19092, -1.03596, 9.52256, 0.30814, ... ]
X at t=0.56:
[ -2.12034, -5.73119, 0.726551, 4.30256, 5.0538, 8.18736, 3.99707, -2.05089, 4.55359, 6.87966, 1.5695, 4.21332, 4.32561, -5.79471, 1.18209, 1.04038, 0.886065, -0.402274, 3.97693, 4.18667, -0.501148, 3.55744, 9.84982, 2.0635, 0.0850906, -0.5364, 0.698296, 3.30859, 10.9991, -1.13894, -1.54517, 3.5652, -1.07817, -1.01336, 9.49139, 0.563038, ... ]
X at t=0.57:
[ -2.40758, -5.44024, 0.430889, 4.40162, 5.41222, 8.15234, 3.44311, -2.08546, 4.521, 7.05609, 1.61077, 4.20701, 4.05303, -5.77854, 1.42683, 1.19677, 0.938438, -0.29258, 4.00558, 4.21983, -0.434334, 3.5752, 9.91611, 1.77407, -0.0343895, -0.451763, 0.754498, 3.43797, 10.8992, -1.57355, -1.35072, 3.60458, -0.971775, -0.9837, 9.45951, 0.814045, ... ]
X at t=0.58:
[ -2.66512, -5.12607, 0.139418, 4.46818, 5.78393, 8.07926, 2.86712, -2.09884, 4.47251, 7.23224, 1.65319, 4.19234, 3.78322, -5.74528, 1.64343, 1.36737, 0.98605, -0.183826, 4.03758, 4.25091, -0.368782, 3.59643, 9.96931, 1.47324, -0.121774, -0.367015, 0.812007, 3.57102, 10.7808, -1.99029, -1.12958, 3.63774, -0.872578, -0.947689, 9.42712, 1.05849, ... ]
X at t=0.59:
[ -2.892, -4.78966, -0.14102, 4.50307, 6.16448, 7.96432, 2.2738, -2.09007, 4.40857, 7.40656, 1.69738, 4.16904, 3.5174, -5.69722, 1.8315, 1.54989, 1.02871, -0.0763588, 4.0728, 4.27988, -0.304462, 3.62108, 10.0091, 1.16439, -0.176357, -0.283054, 0.871288, 3.70751, 10.6433, -2.38638, -0.884903, 3.66754, -0.78133, -0.906002, 9.39444, 1.29393, ... ]
X at t=0.6:
[ -3.0873, -4.4326, -0.404188, 4.50789, 6.54889, 7.80404, 1.66893, -2.05871, 4.33026, 7.57757, 1.74394, 4.13685, 3.25665, -5.63643, 1.99107, 1.74194, 1.06635, 0.0295086, 4.11112, 4.30674, -0.241348, 3.64909, 10.0354, 0.850937, -0.197932, -0.20044, 0.932694, 3.84719, 10.4863, -2.75943, -0.620159, 3.69697, -0.698692, -0.859291, 9.3617, 1.51824, ... ]
X at t=0.61:
[ -3.25022, -4.05705, -0.644579, 4.48506, 6.93175, 7.59552, 1.05937, -2.00507, 4.23937, 7.74391, 1.79333, 4.0955, 3.00195, -5.56483, 2.12263, 1.94117, 1.0991, 0.133496, 4.15245, 4.33148, -0.179417, 3.68041, 10.0481, 0.536396, -0.186768, -0.119362, 0.99649, 3.98983, 10.3094, -3.10757, -0.3391, 3.72899, -0.62521, -0.808201, 9.32918, 1.72956, ... ]
X at t=0.62:
[ -3.38013, -3.6657, -0.857565, 4.43767, 7.3076, 7.33664, 0.452835, -1.93024, 4.13831, 7.9044, 1.84586, 4.04478, 2.75418, -5.48411, 2.227, 2.14526, 1.12727, 0.235379, 4.19667, 4.35413, -0.118641, 3.71492, 10.0472, 0.224186, -0.143595, -0.0396404, 1.06283, 4.13514, 10.1126, -3.42948, -0.0457535, 3.76644, -0.561333, -0.753365, 9.29713, 1.92632, ... ]
X at t=0.63:
[ -3.47653, -3.26177, -1.03954, 4.36941, 7.67115, 7.02618, -0.142311, -1.83627, 4.02998, 8.05809, 1.9016, 3.9844, 2.51416, -5.39574, 2.3053, 2.35203, 1.15129, 0.334987, 4.24367, 4.37469, -0.0589905, 3.75255, 10.0327, -0.0823517, -0.0695934, 0.0392742, 1.13186, 4.28281, 9.89567, -3.72437, 0.255653, 3.81182, -0.507423, -0.695427, 9.26583, 2.10719, ... ]
X at t=0.64:
[ -3.53918, -2.84886, -1.18793, 4.2844, 8.01748, 6.66409, -0.717415, -1.72614, 3.91767, 8.20434, 1.96035, 3.91417, 2.28263, -5.30103, 2.35888, 2.55943, 1.17179, 0.432206, 4.29336, 4.39321, -0.000434875, 3.79316, 10.0048, -0.380074, 0.0336552, 0.118238, 1.20363, 4.43247, 9.65875, -3.992, 0.560822, 3.86728, -0.463795, -0.635006, 9.23553, 2.27111, ... ]
X at t=0.65:
[ -3.56803, -2.43094, -1.30122, 4.18704, 8.3423, 6.25144, -1.26375, -1.60379, 3.80474, 8.34278, 2.02159, 3.83389, 2.06029, -5.20107, 2.38933, 2.76563, 1.1895, 0.526969, 4.34562, 4.40969, 0.0570641, 3.8366, 9.96388, -0.666073, 0.164169, 0.198402, 1.2782, 4.58367, 9.402, -4.23259, 0.86536, 3.93451, -0.430729, -0.572704, 9.20646, 2.41727, ... ]
X at t=0.66:
[ -3.56332, -2.0121, -1.37895, 4.08178, 8.64204, 5.79059, -1.773, -1.4739, 3.69446, 8.47337, 2.08445, 3.74346, 1.84783, -5.09682, 2.39832, 2.96899, 1.20528, 0.61926, 4.40035, 4.42419, 0.113537, 3.88272, 9.91018, -0.937756, 0.319635, 0.281141, 1.35562, 4.73589, 9.12564, -4.44683, 1.1649, 4.01467, -0.408413, -0.509144, 9.17885, 2.5451, ... ]
X at t=0.67:
[ -3.52556, -1.59654, -1.42161, 3.973, 8.91396, 5.28505, -2.23742, -1.3418, 3.58966, 8.59634, 2.14777, 3.64282, 1.6459, -4.98908, 2.38768, 3.1681, 1.22008, 0.709101, 4.45744, 4.43672, 0.169003, 3.93135, 9.84419, -1.19284, 0.49745, 0.367968, 1.43595, 4.88853, 8.83002, -4.63582, 1.45522, 4.10839, -0.397018, -0.444885, 9.15288, 2.65421, ... ]
X at t=0.68:
[ -3.45554, -1.18839, -1.43053, 3.8648, 9.15615, 4.7394, -2.6502, -1.21307, 3.49253, 8.71215, 2.21012, 3.5321, 1.45515, -4.87855, 2.3593, 3.36178, 1.23486, 0.796562, 4.51678, 4.44732, 0.223476, 3.98232, 9.7664, -1.42941, 0.694765, 0.460478, 1.51925, 5.04088, 8.51555, -4.80096, 1.73225, 4.21579, -0.396622, -0.380463, 9.12871, 2.74442, ... ]
X at t=0.69:
[ -3.35433, -0.791585, -1.40777, 3.7609, 9.36748, 4.15919, -3.00557, -1.09325, 3.40443, 8.82144, 2.2699, 3.41152, 1.27624, -4.76582, 2.31511, 3.54905, 1.25064, 0.881729, 4.57824, 4.45602, 0.276997, 4.03543, 9.6774, -1.64595, 0.908552, 0.560259, 1.60563, 5.19218, 8.18268, -4.94388, 1.99222, 4.33643, -0.407215, -0.316387, 9.10644, 2.81574, ... ]
X at t=0.7:
[ -3.22328, -0.409784, -1.35597, 3.66453, 9.54747, 3.55073, -3.29892, -0.987431, 3.32582, 8.92497, 2.3254, 3.28151, 1.10978, -4.65138, 2.257, 3.72915, 1.26843, 0.964708, 4.64169, 4.46283, 0.329563, 4.09048, 9.57785, -1.84137, 1.13566, 0.668856, 1.69517, 5.3415, 7.83194, -5.06637, 2.23162, 4.46944, -0.428646, -0.253101, 9.0862, 2.86831, ... ]
X at t=0.71:
[ -3.06395, -0.0462685, -1.27818, 3.57837, 9.69624, 2.92089, -3.52677, -0.899925, 3.25619, 9.02355, 2.37493, 3.14266, 0.956341, -4.53566, 2.18692, 3.90152, 1.28921, 1.04563, 4.70698, 4.4678, 0.381199, 4.14727, 9.46846, -2.01497, 1.37286, 0.787655, 1.78802, 5.48785, 7.4639, -5.17029, 2.44732, 4.61354, -0.46064, -0.191002, 9.06805, 2.90244, ... ]
X at t=0.72:
[ -2.87816, 0.296112, -1.17769, 3.50452, 9.81428, 2.27692, -3.68679, -0.83392, 3.19424, 9.11803, 2.4169, 2.99577, 0.816465, -4.41904, 2.10671, 4.06578, 1.31389, 1.12461, 4.77396, 4.47093, 0.431919, 4.20559, 9.34998, -2.16642, 1.61697, 0.917893, 1.88428, 5.6301, 7.07915, -5.25743, 2.63655, 4.7671, -0.502697, -0.130405, 9.05201, 2.91856, ... ]
X at t=0.73:
[ -2.66792, 0.614975, -1.05798, 3.44451, 9.90238, 1.6263, -3.77767, -0.791237, 3.13801, 9.20911, 2.44998, 2.84182, 0.690575, -4.30187, 2.0182, 4.2217, 1.34334, 1.20178, 4.84245, 4.47225, 0.481735, 4.26523, 9.22318, -2.29579, 1.86484, 1.06059, 1.98404, 5.76701, 6.67837, -5.3295, 2.79696, 4.92825, -0.554127, -0.0715446, 9.03808, 2.91721, ... ]
X at t=0.74:
[ -2.4354, 0.908424, -0.922493, 3.39936, 9.96149, 0.976559, -3.79911, -0.772144, 3.08517, 9.29746, 2.47303, 2.68194, 0.579002, -4.18446, 1.9231, 4.36921, 1.37833, 1.27729, 4.91225, 4.47176, 0.530651, 4.32599, 9.08883, -2.40348, 2.11349, 1.21653, 2.08738, 5.89721, 6.2623, -5.388, 2.92656, 5.09495, -0.614002, -0.0145531, 9.02627, 2.89898, ... ]
X at t=0.75:
[ -2.18289, 1.17505, -0.774616, 3.36959, 9.99262, 0.335064, -3.75169, -0.775333, 3.03328, 9.38355, 2.48532, 2.51741, 0.481939, -4.06705, 1.82307, 4.50831, 1.41954, 1.35125, 4.98316, 4.46947, 0.578674, 4.38765, 8.94778, -2.49019, 2.36009, 1.38623, 2.19435, 6.0192, 5.83175, -5.43416, 3.02375, 5.26505, -0.681118, 0.0404778, 9.01653, 2.86459, ... ]
X at t=0.76:
[ -1.91277, 1.41392, -0.617537, 3.35534, 9.99676, -0.291008, -3.63688, -0.797935, 2.98014, 9.46767, 2.48642, 2.34961, 0.399452, -3.94987, 1.71963, 4.63914, 1.46757, 1.42379, 5.05493, 4.46538, 0.625835, 4.45, 8.80084, -2.55688, 2.60207, 1.56998, 2.30493, 6.13136, 5.38765, -5.46894, 3.08732, 5.43636, -0.754009, 0.0935631, 9.00879, 2.8148, ... ]
X at t=0.77:
[ -1.62749, 1.62454, -0.454229, 3.35635, 9.9749, -0.894901, -3.45706, -0.835712, 2.92406, 9.54995, 2.4762, 2.17997, 0.331436, -3.83313, 1.6142, 4.76192, 1.52288, 1.49502, 5.12733, 4.45949, 0.672131, 4.51285, 8.64875, -2.60473, 2.8371, 1.76783, 2.41902, 6.23196, 4.9311, -5.49292, 3.11645, 5.60674, -0.830936, 0.144779, 9.003, 2.75045, ... ]
X at t=0.78:
[ -1.32952, 1.8068, -0.287359, 3.37214, 9.92797, -1.47036, -3.21549, -0.883354, 2.86405, 9.63029, 2.45485, 2.00998, 0.277636, -3.71699, 1.5081, 4.87691, 1.58587, 1.56505, 5.20009, 4.4518, 0.717587, 4.57601, 8.49234, -2.63511, 3.06316, 1.9796, 2.5365, 6.31912, 4.46335, -5.50635, 3.11067, 5.77412, -0.909924, 0.194286, 8.99906, 2.67236, ... ]
X at t=0.79:
[ -1.02131, 1.96096, -0.119312, 3.40196, 9.85685, -2.01174, -2.91637, -0.934685, 2.79993, 9.70843, 2.42275, 1.84108, 0.237617, -3.6016, 1.4025, 4.98443, 1.65679, 1.634, 5.27294, 4.44231, 0.762218, 4.63926, 8.3323, -2.64949, 3.27855, 2.20491, 2.6571, 6.3909, 3.98589, -5.50909, 3.06991, 5.93659, -0.98877, 0.242294, 8.99689, 2.58141, ... ]
X at t=0.8:
[ -0.705301, 2.08758, 0.0478802, 3.44494, 9.76237, -2.51418, -2.56484, -0.983116, 2.73243, 9.78395, 2.3804, 1.67472, 0.210844, -3.48707, 1.29847, 5.08484, 1.73585, 1.70197, 5.34556, 4.43102, 0.806046, 4.70244, 8.16936, -2.6494, 3.48186, 2.44325, 2.78046, 6.44526, 3.50047, -5.50069, 2.99451, 6.09238, -1.06506, 0.289024, 8.99638, 2.47851, ... ]
X at t=0.81:
[ -0.383851, 2.18748, 0.212497, 3.50006, 9.64537, -2.97365, -2.16693, -1.02198, 2.66312, 9.85637, 2.32834, 1.51228, 0.196625, -3.37346, 1.19691, 5.1785, 1.82312, 1.76905, 5.41765, 4.41791, 0.849113, 4.7654, 8.00414, -2.63645, 3.672, 2.69393, 2.9061, 6.48009, 3.00914, -5.48035, 2.88519, 6.23991, -1.13626, 0.334759, 8.99739, 2.36459, ... ]
X at t=0.82:
[ -0.0592594, 2.26167, 0.373137, 3.56626, 9.50674, -3.38705, -1.72951, -1.04493, 2.59426, 9.92509, 2.26711, 1.35508, 0.194185, -3.26084, 1.09866, 5.26579, 1.91862, 1.83534, 5.4889, 4.40299, 0.891449, 4.82797, 7.83725, -2.61221, 3.84819, 2.95614, 3.0334, 6.49328, 2.51425, -5.44704, 2.74315, 6.37784, -1.19975, 0.379768, 8.99981, 2.24058, ... ]
X at t=0.83:
[ 0.266275, 2.31135, 0.528711, 3.64243, 9.34738, -3.75229, -1.26019, -1.0462, 2.52865, 9.98954, 2.19712, 1.20437, 0.202625, -3.14923, 1.0044, 5.34712, 2.02229, 1.90093, 5.55895, 4.38624, 0.933105, 4.89, 7.66925, -2.57826, 4.00992, 3.22901, 3.16152, 6.48273, 2.0185, -5.39954, 2.57006, 6.50505, -1.25285, 0.424347, 9.00346, 2.10742, ... ]
X at t=0.84:
[ 0.590652, 2.33781, 0.678401, 3.72744, 9.16829, -4.06834, -0.767094, -1.02087, 2.46933, 10.0492, 2.11864, 1.06132, 0.221031, -3.03866, 0.914726, 5.42286, 2.134, 1.96592, 5.62746, 4.36766, 0.974129, 4.95138, 7.50062, -2.53611, 4.15691, 3.51157, 3.28949, 6.44643, 1.52496, -5.33655, 2.36805, 6.62064, -1.293, 0.468784, 9.00819, 1.96608, ... ]
X at t=0.85:
[ 0.911892, 2.34248, 0.821659, 3.82019, 8.97053, -4.33521, -0.258629, -0.965004, 2.41943, 10.1035, 2.03174, 0.927063, 0.248407, -2.92909, 0.830126, 5.49341, 2.25355, 2.03037, 5.6941, 4.34726, 1.01458, 5.01197, 7.33178, -2.48717, 4.28913, 3.80276, 3.41608, 6.38251, 1.03705, -5.25677, 2.1398, 6.72397, -1.31769, 0.51334, 9.01377, 1.81752, ... ]
X at t=0.86:
[ 1.22815, 2.3268, 0.958147, 3.91961, 8.75527, -4.55388, 0.256718, -0.875797, 2.38189, 10.152, 1.93636, 0.80267, 0.283747, -2.82054, 0.750978, 5.55916, 2.38071, 2.09438, 5.75848, 4.32504, 1.05455, 5.07167, 7.16309, -2.43277, 4.40674, 4.10154, 3.53985, 6.28931, 0.558424, -5.15905, 1.88849, 6.81464, -1.32467, 0.558277, 9.02002, 1.66272, ... ]
X at t=0.87:
[ 1.5377, 2.29229, 1.08773, 4.02465, 8.52375, -4.72628, 0.77071, -0.75153, 2.35926, 10.1942, 1.83226, 0.689182, 0.326029, -2.71297, 0.677599, 5.62047, 2.5152, 2.158, 5.82024, 4.30101, 1.09412, 5.13037, 6.99487, -2.37415, 4.51008, 4.40676, 3.6591, 6.16549, 0.0930214, -5.04248, 1.6178, 6.89248, -1.31189, 0.603836, 9.02664, 1.50267, ... ]
X at t=0.88:
[ 1.83894, 2.24045, 1.21044, 4.13436, 8.27724, -4.85508, 1.27555, -0.591511, 2.35368, 10.2298, 1.71907, 0.587601, 0.374241, -2.60634, 0.610218, 5.67773, 2.6567, 2.22128, 5.87902, 4.27519, 1.13336, 5.18797, 6.82739, -2.31239, 4.5996, 4.71722, 3.77187, 6.01006, -0.355045, -4.90655, 1.33184, 6.95755, -1.27771, 0.65028, 9.03337, 1.33838, ... ]
X at t=0.89:
[ 2.13045, 2.1728, 1.32645, 4.24782, 8.01711, -4.94363, 1.76411, -0.396027, 2.36669, 10.2582, 1.5964, 0.498909, 0.427385, -2.50065, 0.54899, 5.73128, 2.80488, 2.28428, 5.93443, 4.2476, 1.17241, 5.2444, 6.66085, -2.24853, 4.67588, 5.0317, 3.87595, 5.82257, -0.781645, -4.7512, 1.03512, 7.01011, -1.22082, 0.697868, 9.03989, 1.17086, ... ]
X at t=0.9:
[ 2.4109, 2.09084, 1.43603, 4.36418, 7.74467, -4.99578, 2.23014, -0.166136, 2.39931, 10.2787, 1.46381, 0.424065, 0.484493, -2.39589, 0.493999, 5.78147, 2.95938, 2.34699, 5.98611, 4.21829, 1.21135, 5.29961, 6.49541, -2.18343, 4.73958, 5.34889, 3.96889, 5.6031, -1.18271, -4.57695, 0.732357, 7.05062, -1.14037, 0.746857, 9.04585, 1.00113, ... ]
X at t=0.91:
[ 2.67913, 1.99604, 1.53954, 4.48266, 7.46126, -5.01568, 2.66831, 0.0964851, 2.45204, 10.2905, 1.32095, 0.363998, 0.544668, -2.29205, 0.445295, 5.82867, 3.11982, 2.40944, 6.03368, 4.18729, 1.2503, 5.35354, 6.33117, -2.11784, 4.7914, 5.66744, 4.04803, 5.35242, -1.55442, -4.38492, 0.428434, 7.07966, -1.03592, 0.797531, 9.05084, 0.830215, ... ]
X at t=0.92:
[ 2.93412, 1.88982, 1.63738, 4.60257, 7.16817, -5.00766, 3.07429, 0.389669, 2.52492, 10.2926, 1.16759, 0.319592, 0.607037, -2.18916, 0.402859, 5.8732, 3.28582, 2.47157, 6.07675, 4.15469, 1.28942, 5.40612, 6.16819, -2.05245, 4.83211, 5.98592, 4.11056, 5.07199, -1.89328, -4.17685, 0.128185, 7.09798, -0.907478, 0.850182, 9.05444, 0.659142, ... ]
X at t=0.93:
[ 3.17499, 1.77356, 1.73, 4.72326, 6.86661, -4.97605, 3.44476, 0.71096, 2.61763, 10.2835, 1.00363, 0.291687, 0.670832, -2.08727, 0.36664, 5.91543, 3.45697, 2.53335, 6.11496, 4.12056, 1.32884, 5.45732, 6.00648, -1.98778, 4.86249, 6.30283, 4.15356, 4.7641, -2.19634, -3.95502, -0.163734, 7.10636, -0.755493, 0.905121, 9.05621, 0.488922, ... ]
X at t=0.94:
[ 3.40099, 1.6486, 1.81784, 4.84414, 6.55771, -4.92508, 3.77737, 1.0577, 2.72955, 10.2616, 0.829224, 0.281021, 0.735386, -1.98642, 0.336552, 5.95565, 3.63288, 2.59467, 6.14795, 4.08501, 1.36871, 5.50707, 5.84605, -1.92428, 4.88333, 6.61659, 4.17412, 4.43182, -2.46131, -3.72227, -0.443031, 7.10564, -0.580811, 0.962738, 9.05566, 0.320526, ... ]
X at t=0.95:
[ 3.61153, 1.5162, 1.90136, 4.96469, 6.2425, -4.85874, 4.07061, 1.42717, 2.8599, 10.2251, 0.644703, 0.28825, 0.80014, -1.88675, 0.312469, 5.99423, 3.81315, 2.65538, 6.17535, 4.04817, 1.40916, 5.55535, 5.68687, -1.86231, 4.89542, 6.92556, 4.16941, 4.07904, -2.68665, -3.48169, -0.705915, 7.09667, -0.384571, 1.02337, 9.05227, 0.154911, ... ]
X at t=0.96:
[ 3.80614, 1.3776, 1.98098, 5.08442, 5.92191, -4.7807, 4.32376, 1.81664, 3.00767, 10.1716, 0.45068, 0.313862, 0.864679, -1.78835, 0.294252, 6.03148, 3.99736, 2.7153, 6.19681, 4.01019, 1.45037, 5.60213, 5.52882, -1.80215, 4.89953, 7.22807, 4.13682, 3.71036, -2.87168, -3.23664, -0.949217, 7.08024, -0.168221, 1.08738, 9.04546, -0.0069809, ... ]
X at t=0.97:
[ 3.98447, 1.23391, 2.05709, 5.20289, 5.59673, -4.69424, 4.53672, 2.22346, 3.17182, 10.0986, 0.248024, 0.358147, 0.928734, -1.69137, 0.281731, 6.06776, 4.18512, 2.7742, 6.212, 3.97126, 1.4925, 5.64734, 5.37185, -1.744, 4.89642, 7.5224, 4.07407, 3.33109, -3.0166, -2.99044, -1.17044, 7.05705, 0.0665855, 1.15516, 9.03465, -0.164318, ... ]
X at t=0.98:
[ 4.1463, 1.08623, 2.13004, 5.31972, 5.26765, -4.60226, 4.70995, 2.64506, 3.35114, 10.0033, 0.0378609, 0.421185, 0.992214, -1.59599, 0.274715, 6.10335, 4.376, 2.83178, 6.2206, 3.93161, 1.53571, 5.69096, 5.21581, -1.68796, 4.88683, 7.80682, 3.97931, 2.94703, -3.12251, -2.74626, -1.36783, 7.02773, 0.318058, 1.22703, 9.01921, -0.316257, ... ]

Final state:
X at t=0.99:
[ 4.29151, 0.935555, 2.2001, 5.4345, 4.93527, -4.50716, 4.84426, 3.07895, 3.54435, 9.88276, -0.178417, 0.502773, 1.05519, -1.50241, 0.273012, 6.1386, 4.56959, 2.8877, 6.22233, 3.89148, 1.58018, 5.73294, 5.06059, -1.63412, 4.87145, 8.0796, 3.85129, 2.56444, -3.19135, -2.50693, -1.54034, 6.99283, 0.584297, 1.30338, 8.99848, -0.46212, ... ]
