
Lmod is automatically replacing "craype-x86-rome" with "craype-x86-trento".

Lorenz96(k=100, F=8, dt=0.01, t_max=1)
 - warming up the simulation for 10
 - running ensemble of size 1 with initial perturbation N(0.0, 0.001)
 - compressing every 1-th model state online on the GPU with ZFP(fixed_rate=8)
 - saving config file to 'output/config_5030208.json'
 - saving performance file to 'performance/perf_5030208'

Initial state:
X at t=0:
[ 6.875, 5.625, 7.375, 0.125, -1.5, 3.5, 9.5, 0.5, 2.25, 3.75, -0.75, 0.75, 2.625, 4.875, 7.125, 5.375, -5, 1.5, 5, 5.5, -3.625, 0.625, -0.125, -1.875, 6, 3, -3, 4, 5, 1, 3, 11, 0.375, 0.125, 3.875, 7.625, ... ]

X at t=0.01:
[ 7.625, 5.875, 7.125, -0.625, -1.5, 3.5, 9.5, 0.5, 2.25, 3.75, -0.75, 0.75, 2.875, 5.625, 7.375, 4.125, -5, 1.5, 5, 5.5, -3.375, 0.875, 0.125, -1.625, 6, 3, -3, 4, 5, 1, 3, 11, 0.375, 0.125, 3.875, 7.625, ... ]
X at t=0.02:
[ 7, 7, 7, -1, -1.5, 3.5, 9.5, 0.5, 2.25, 3.75, -0.75, 0.75, 2.875, 6.125, 7.375, 2.625, -5, 1.5, 5, 5.5, -3.125, 1.125, 0.375, -1.375, 6, 3, -3, 4, 5, 1, 3, 11, 0.375, 0.125, 3.875, 7.625, ... ]
X at t=0.03:
[ 7.75, 7.25, 6.75, -1.75, -1.5, 3.5, 9.5, 0.5, 2.25, 3.75, -0.75, 0.75, 2.875, 6.625, 7.375, 1.125, -5, 1.5, 5, 5.5, -2.875, 1.375, 0.625, -1.125, 6, 3, -3, 4, 5, 1, 3, 11, 0.375, 0.125, 3.875, 7.625, ... ]
X at t=0.04:
[ 7.75, 7.25, 6.75, -1.75, -1.5, 3.5, 9.5, 0.5, 2.25, 3.75, -0.75, 0.75, 3.25, 6.75, 8.25, -0.25, -5, 1.5, 5, 5.5, -2.625, 1.625, 0.875, -0.875, 6, 3, -3, 4, 5, 1, 3, 11, 0.375, 0.125, 3.875, 7.625, ... ]
X at t=0.05:
[ 7.75, 7.25, 6.75, -1.75, -1.5, 3.5, 9.5, 0.5, 2.25, 3.75, -0.75, 0.75, 3.25, 6.75, 8.25, -0.25, -5, 1.5, 5, 5.5, -2.375, 1.875, 1.125, -0.625, 6, 3, -3, 4, 5, 1, 3, 11, 0.375, 0.125, 3.875, 7.625, ... ]
X at t=0.06:
[ 7.75, 7.25, 6.75, -1.75, -1.5, 3.5, 9.5, 0.5, 2.25, 3.75, -0.75, 0.75, 3.25, 6.75, 8.25, -0.25, -5, 1.5, 5, 5.5, -2.125, 2.125, 1.375, -0.375, 6, 3, -3, 4, 5, 1, 3, 11, 0.375, 0.125, 3.875, 7.625, ... ]
X at t=0.07:
[ 7.75, 7.25, 6.75, -1.75, -1.5, 3.5, 9.5, 0.5, 2.25, 3.75, -0.75, 0.75, 3.25, 6.75, 8.25, -0.25, -5, 1.5, 5, 5.5, -2.125, 2.125, 1.375, -0.375, 6, 3, -3, 4, 5, 1, 3, 11, 0.375, 0.125, 3.875, 7.625, ... ]
X at t=0.08:
[ 8.5, 7.5, 6.5, -2.5, -1.5, 3.5, 9.5, 0.5, 2.25, 3.75, -0.75, 0.75, 3.25, 6.75, 8.25, -0.25, -5, 1.5, 5, 5.5, -2.125, 2.125, 1.375, -0.375, 6, 3, -3, 4, 5, 1, 3, 11, 0.375, 0.125, 3.875, 7.625, ... ]
X at t=0.09:
[ 7.75, 8.25, 4.75, -2.75, -1.5, 3.5, 9.5, 0.5, 2.25, 3.75, -0.75, 0.75, 3.25, 6.75, 8.25, -0.25, -5, 1.5, 5, 5.5, -2.125, 2.125, 1.375, -0.375, 6, 3, -3, 4, 5, 1, 3, 11, 0.375, 0.125, 3.875, 7.625, ... ]
X at t=0.1:
[ 7, 9, 3, -3, -1.5, 3.5, 9.5, 0.5, 2.25, 3.75, -0.75, 0.75, 3.25, 6.75, 8.25, -0.25, -5, 1.5, 5, 5.5, -2.125, 2.125, 1.375, -0.375, 6, 3, -3, 4, 5, 1, 3, 11, 0.375, 0.125, 3.875, 7.625, ... ]
X at t=0.11:
[ 6.25, 9.75, 1.25, -3.25, -1.5, 3.5, 9.5, 0.5, 2.25, 3.75, -0.75, 0.75, 3.25, 6.75, 8.25, -0.25, -5, 1.5, 5, 5.5, -2.125, 2.125, 1.375, -0.375, 6, 3, -3, 4, 5, 1, 3, 11, 0.375, 0.125, 3.875, 7.625, ... ]
X at t=0.12:
[ 5.75, 9.25, 0.75, -3.75, -1.5, 3.5, 9.5, 0.5, 2.25, 3.75, -0.75, 0.75, 3.25, 6.75, 8.25, -0.25, -5, 1.5, 5, 5.5, -2.125, 2.125, 1.375, -0.375, 6, 3, -3, 4, 5, 1, 3, 11, 0.375, 0.125, 3.875, 7.625, ... ]
X at t=0.13:
[ 5.75, 9.25, 0.75, -3.75, -1.5, 3.5, 9.5, 0.5, 2.25, 3.75, -0.75, 0.75, 3.25, 6.75, 8.25, -0.25, -5, 1.5, 5, 5.5, -2.125, 2.125, 1.375, -0.375, 6, 3, -3, 4, 5, 1, 3, 11, 0.375, 0.125, 3.875, 7.625, ... ]
X at t=0.14:
[ 5.25, 8.75, 0.25, -4.25, -1.5, 3.5, 9.5, 0.5, 2.25, 3.75, -0.75, 0.75, 3.25, 6.75, 8.25, -0.25, -5, 1.5, 5, 5.5, -2.125, 2.125, 1.375, -0.375, 6, 3, -3, 4, 5, 1, 3, 11, 0.375, 0.125, 3.875, 7.625, ... ]
X at t=0.15:
[ 4.75, 8.25, -0.25, -4.75, -1.5, 3.5, 9.5, 0.5, 2.25, 3.75, -0.75, 0.75, 3.25, 6.75, 8.25, -0.25, -5, 1.5, 5, 5.5, -2.125, 2.125, 1.375, -0.375, 6, 3, -3, 4, 5, 1, 3, 11, 0.375, 0.125, 3.875, 7.625, ... ]
X at t=0.16:
[ 4.25, 7.75, -0.75, -5.25, -1.5, 3.5, 9.5, 0.5, 2.25, 3.75, -0.75, 0.75, 3.25, 6.75, 8.25, -0.25, -5, 1.5, 5, 5.5, -2.125, 2.125, 1.375, -0.375, 6, 3, -3, 4, 5, 1, 3, 11, 0.375, 0.125, 3.875, 7.625, ... ]
X at t=0.17:
[ 4.25, 7.75, -0.75, -5.25, -1.5, 3.5, 9.5, 0.5, 2.25, 3.75, -0.75, 0.75, 3.25, 6.75, 8.25, -0.25, -5, 1.5, 5, 5.5, -2.125, 2.125, 1.375, -0.375, 6, 3, -3, 4, 5, 1, 3, 11, 0.375, 0.125, 3.875, 7.625, ... ]
X at t=0.18:
[ 4.25, 7.75, -0.75, -5.25, -1.5, 3.5, 9.5, 0.5, 2.25, 3.75, -0.75, 0.75, 3.25, 6.75, 8.25, -0.25, -5, 1.5, 5, 5.5, -2.125, 2.125, 1.375, -0.375, 6, 3, -3, 4, 5, 1, 3, 11, 0.375, 0.125, 3.875, 7.625, ... ]
X at t=0.19:
[ 4.25, 7.75, -0.75, -5.25, -1.5, 3.5, 9.5, 0.5, 2.25, 3.75, -0.75, 0.75, 3.25, 6.75, 8.25, -0.25, -5, 1.5, 5, 5.5, -2.125, 2.125, 1.375, -0.375, 6, 3, -3, 4, 5, 1, 3, 11, 0.375, 0.125, 3.875, 7.625, ... ]
X at t=0.2:
[ 4.25, 7.75, -0.75, -5.25, -1.5, 3.5, 9.5, 0.5, 2.25, 3.75, -0.75, 0.75, 3.25, 6.75, 8.25, -0.25, -5, 1.5, 5, 5.5, -2.125, 2.125, 1.375, -0.375, 6, 3, -3, 4, 5, 1, 3, 11, 0.375, 0.125, 3.875, 7.625, ... ]
X at t=0.21:
[ 4.25, 7.75, -0.75, -5.25, -1.5, 3.5, 9.5, 0.5, 2.25, 3.75, -0.75, 0.75, 3.25, 6.75, 8.25, -0.25, -5, 1.5, 5, 5.5, -2.125, 2.125, 1.375, -0.375, 6, 3, -3, 4, 5, 1, 3, 11, 0.375, 0.125, 3.875, 7.625, ... ]
X at t=0.22:
[ 4.25, 7.75, -0.75, -5.25, -1.5, 3.5, 9.5, 0.5, 2.25, 3.75, -0.75, 0.75, 3.25, 6.75, 8.25, -0.25, -5, 1.5, 5, 5.5, -2.125, 2.125, 1.375, -0.375, 6, 3, -3, 4, 5, 1, 3, 11, 0.375, 0.125, 3.875, 7.625, ... ]
X at t=0.23:
[ 4.25, 7.75, -0.75, -5.25, -1.5, 3.5, 9.5, 0.5, 2.25, 3.75, -0.75, 0.75, 3.25, 6.75, 8.25, -0.25, -5, 1.5, 5, 5.5, -2.125, 2.125, 1.375, -0.375, 6, 3, -3, 4, 5, 1, 3, 11, 0.375, 0.125, 3.875, 7.625, ... ]
X at t=0.24:
[ 4.25, 7.75, -0.75, -5.25, -1.5, 3.5, 9.5, 0.5, 2.25, 3.75, -0.75, 0.75, 3.25, 6.75, 8.25, -0.25, -5, 1.5, 5, 5.5, -2.125, 2.125, 1.375, -0.375, 6, 3, -3, 4, 5, 1, 3, 11, 0.375, 0.125, 3.875, 7.625, ... ]
X at t=0.25:
[ 4.25, 7.75, -0.75, -5.25, -1.5, 3.5, 9.5, 0.5, 2.25, 3.75, -0.75, 0.75, 3.25, 6.75, 8.25, -0.25, -5, 1.5, 5, 5.5, -2.125, 2.125, 1.375, -0.375, 6, 3, -3, 4, 5, 1, 3, 11, 0.375, 0.125, 3.875, 7.625, ... ]
X at t=0.26:
[ 4.25, 7.75, -0.75, -5.25, -1.5, 3.5, 9.5, 0.5, 2.25, 3.75, -0.75, 0.75, 3.25, 6.75, 8.25, -0.25, -5, 1.5, 5, 5.5, -2.125, 2.125, 1.375, -0.375, 6, 3, -3, 4, 5, 1, 3, 11, 0.375, 0.125, 3.875, 7.625, ... ]
X at t=0.27:
[ 4.25, 7.75, -0.75, -5.25, -1.5, 3.5, 9.5, 0.5, 2.25, 3.75, -0.75, 0.75, 3.25, 6.75, 8.25, -0.25, -5, 1.5, 5, 5.5, -2.125, 2.125, 1.375, -0.375, 6, 3, -3, 4, 5, 1, 3, 11, 0.375, 0.125, 3.875, 7.625, ... ]
X at t=0.28:
[ 4.25, 7.75, -0.75, -5.25, -1.5, 3.5, 9.5, 0.5, 2.25, 3.75, -0.75, 0.75, 3.25, 6.75, 8.25, -0.25, -5, 1.5, 5, 5.5, -2.125, 2.125, 1.375, -0.375, 6, 3, -3, 4, 5, 1, 3, 11, 0.375, 0.125, 3.875, 7.625, ... ]
X at t=0.29:
[ 4.25, 7.75, -0.75, -5.25, -1.5, 3.5, 9.5, 0.5, 2.25, 3.75, -0.75, 0.75, 3.25, 6.75, 8.25, -0.25, -5, 1.5, 5, 5.5, -2.125, 2.125, 1.375, -0.375, 6, 3, -3, 4, 5, 1, 3, 11, 0.375, 0.125, 3.875, 7.625, ... ]
X at t=0.3:
[ 4.25, 7.75, -0.75, -5.25, -1.5, 3.5, 9.5, 0.5, 2.25, 3.75, -0.75, 0.75, 3.25, 6.75, 8.25, -0.25, -5, 1.5, 5, 5.5, -2.125, 2.125, 1.375, -0.375, 6, 3, -3, 4, 5, 1, 3, 11, 0.375, 0.125, 3.875, 7.625, ... ]
X at t=0.31:
[ 4.25, 7.75, -0.75, -5.25, -1.5, 3.5, 9.5, 0.5, 2.25, 3.75, -0.75, 0.75, 3.25, 6.75, 8.25, -0.25, -5, 1.5, 5, 5.5, -2.125, 2.125, 1.375, -0.375, 6, 3, -3, 4, 5, 1, 3, 11, 0.375, 0.125, 3.875, 7.625, ... ]
X at t=0.32:
[ 4.25, 7.75, -0.75, -5.25, -1.5, 3.5, 9.5, 0.5, 2.25, 3.75, -0.75, 0.75, 3.25, 6.75, 8.25, -0.25, -5, 1.5, 5, 5.5, -2.125, 2.125, 1.375, -0.375, 6, 3, -3, 4, 5, 1, 3, 11, 0.375, 0.125, 3.875, 7.625, ... ]
X at t=0.33:
[ 4.25, 7.75, -0.75, -5.25, -1.5, 3.5, 9.5, 0.5, 2.25, 3.75, -0.75, 0.75, 3.25, 6.75, 8.25, -0.25, -5, 1.5, 5, 5.5, -2.125, 2.125, 1.375, -0.375, 6, 3, -3, 4, 5, 1, 3, 11, 0.375, 0.125, 3.875, 7.625, ... ]
X at t=0.34:
[ 4.25, 7.75, -0.75, -5.25, -1.5, 3.5, 9.5, 0.5, 2.25, 3.75, -0.75, 0.75, 3.25, 6.75, 8.25, -0.25, -5, 1.5, 5, 5.5, -2.125, 2.125, 1.375, -0.375, 6, 3, -3, 4, 5, 1, 3, 11, 0.375, 0.125, 3.875, 7.625, ... ]
X at t=0.35:
[ 4.25, 7.75, -0.75, -5.25, -1.5, 3.5, 9.5, 0.5, 2.25, 3.75, -0.75, 0.75, 3.25, 6.75, 8.25, -0.25, -5, 1.5, 5, 5.5, -2.125, 2.125, 1.375, -0.375, 6, 3, -3, 4, 5, 1, 3, 11, 0.375, 0.125, 3.875, 7.625, ... ]
X at t=0.36:
[ 4.25, 7.75, -0.75, -5.25, -1.5, 3.5, 9.5, 0.5, 2.25, 3.75, -0.75, 0.75, 3.25, 6.75, 8.25, -0.25, -5, 1.5, 5, 5.5, -2.125, 2.125, 1.375, -0.375, 6, 3, -3, 4, 5, 1, 3, 11, 0.375, 0.125, 3.875, 7.625, ... ]
X at t=0.37:
[ 4.25, 7.75, -0.75, -5.25, -1.5, 3.5, 9.5, 0.5, 2.25, 3.75, -0.75, 0.75, 3.25, 6.75, 8.25, -0.25, -5, 1.5, 5, 5.5, -2.125, 2.125, 1.375, -0.375, 6, 3, -3, 4, 5, 1, 3, 11, 0.375, 0.125, 3.875, 7.625, ... ]
X at t=0.38:
[ 4.25, 7.75, -0.75, -5.25, -1.5, 3.5, 9.5, 0.5, 2.25, 3.75, -0.75, 0.75, 3.25, 6.75, 8.25, -0.25, -5, 1.5, 5, 5.5, -2.125, 2.125, 1.375, -0.375, 6, 3, -3, 4, 5, 1, 3, 11, 0.375, 0.125, 3.875, 7.625, ... ]
X at t=0.39:
[ 4.25, 7.75, -0.75, -5.25, -1.5, 3.5, 9.5, 0.5, 2.25, 3.75, -0.75, 0.75, 3.25, 6.75, 8.25, -0.25, -5, 1.5, 5, 5.5, -2.125, 2.125, 1.375, -0.375, 6, 3, -3, 4, 5, 1, 3, 11, 0.375, 0.125, 3.875, 7.625, ... ]
X at t=0.4:
[ 4.25, 7.75, -0.75, -5.25, -1.5, 3.5, 9.5, 0.5, 2.25, 3.75, -0.75, 0.75, 3.25, 6.75, 8.25, -0.25, -5, 1.5, 5, 5.5, -2.125, 2.125, 1.375, -0.375, 6, 3, -3, 4, 5, 1, 3, 11, 0.375, 0.125, 3.875, 7.625, ... ]
X at t=0.41:
[ 4.25, 7.75, -0.75, -5.25, -1.5, 3.5, 9.5, 0.5, 2.25, 3.75, -0.75, 0.75, 3.25, 6.75, 8.25, -0.25, -5, 1.5, 5, 5.5, -2.125, 2.125, 1.375, -0.375, 6, 3, -3, 4, 5, 1, 3, 11, 0.375, 0.125, 3.875, 7.625, ... ]
X at t=0.42:
[ 4.25, 7.75, -0.75, -5.25, -1.5, 3.5, 9.5, 0.5, 2.25, 3.75, -0.75, 0.75, 3.25, 6.75, 8.25, -0.25, -5, 1.5, 5, 5.5, -2.125, 2.125, 1.375, -0.375, 6, 3, -3, 4, 5, 1, 3, 11, 0.375, 0.125, 3.875, 7.625, ... ]
X at t=0.43:
[ 4.25, 7.75, -0.75, -5.25, -1.5, 3.5, 9.5, 0.5, 2.25, 3.75, -0.75, 0.75, 3.25, 6.75, 8.25, -0.25, -5, 1.5, 5, 5.5, -2.125, 2.125, 1.375, -0.375, 6, 3, -3, 4, 5, 1, 3, 11, 0.375, 0.125, 3.875, 7.625, ... ]
X at t=0.44:
[ 4.25, 7.75, -0.75, -5.25, -1.5, 3.5, 9.5, 0.5, 2.25, 3.75, -0.75, 0.75, 3.25, 6.75, 8.25, -0.25, -5, 1.5, 5, 5.5, -2.125, 2.125, 1.375, -0.375, 6, 3, -3, 4, 5, 1, 3, 11, 0.375, 0.125, 3.875, 7.625, ... ]
X at t=0.45:
[ 4.25, 7.75, -0.75, -5.25, -1.5, 3.5, 9.5, 0.5, 2.25, 3.75, -0.75, 0.75, 3.25, 6.75, 8.25, -0.25, -5, 1.5, 5, 5.5, -2.125, 2.125, 1.375, -0.375, 6, 3, -3, 4, 5, 1, 3, 11, 0.375, 0.125, 3.875, 7.625, ... ]
X at t=0.46:
[ 4.25, 7.75, -0.75, -5.25, -1.5, 3.5, 9.5, 0.5, 2.25, 3.75, -0.75, 0.75, 3.25, 6.75, 8.25, -0.25, -5, 1.5, 5, 5.5, -2.125, 2.125, 1.375, -0.375, 6, 3, -3, 4, 5, 1, 3, 11, 0.375, 0.125, 3.875, 7.625, ... ]
X at t=0.47:
[ 4.25, 7.75, -0.75, -5.25, -1.5, 3.5, 9.5, 0.5, 2.25, 3.75, -0.75, 0.75, 3.25, 6.75, 8.25, -0.25, -5, 1.5, 5, 5.5, -2.125, 2.125, 1.375, -0.375, 6, 3, -3, 4, 5, 1, 3, 11, 0.375, 0.125, 3.875, 7.625, ... ]
X at t=0.48:
[ 4.25, 7.75, -0.75, -5.25, -1.5, 3.5, 9.5, 0.5, 2.25, 3.75, -0.75, 0.75, 3.25, 6.75, 8.25, -0.25, -5, 1.5, 5, 5.5, -2.125, 2.125, 1.375, -0.375, 6, 3, -3, 4, 5, 1, 3, 11, 0.375, 0.125, 3.875, 7.625, ... ]
X at t=0.49:
[ 4.25, 7.75, -0.75, -5.25, -1.5, 3.5, 9.5, 0.5, 2.25, 3.75, -0.75, 0.75, 3.25, 6.75, 8.25, -0.25, -5, 1.5, 5, 5.5, -2.125, 2.125, 1.375, -0.375, 6, 3, -3, 4, 5, 1, 3, 11, 0.375, 0.125, 3.875, 7.625, ... ]
X at t=0.5:
[ 4.25, 7.75, -0.75, -5.25, -1.5, 3.5, 9.5, 0.5, 2.25, 3.75, -0.75, 0.75, 3.25, 6.75, 8.25, -0.25, -5, 1.5, 5, 5.5, -2.125, 2.125, 1.375, -0.375, 6, 3, -3, 4, 5, 1, 3, 11, 0.375, 0.125, 3.875, 7.625, ... ]
X at t=0.51:
[ 4.25, 7.75, -0.75, -5.25, -1.5, 3.5, 9.5, 0.5, 2.25, 3.75, -0.75, 0.75, 3.25, 6.75, 8.25, -0.25, -5, 1.5, 5, 5.5, -2.125, 2.125, 1.375, -0.375, 6, 3, -3, 4, 5, 1, 3, 11, 0.375, 0.125, 3.875, 7.625, ... ]
X at t=0.52:
[ 4.25, 7.75, -0.75, -5.25, -1.5, 3.5, 9.5, 0.5, 2.25, 3.75, -0.75, 0.75, 3.25, 6.75, 8.25, -0.25, -5, 1.5, 5, 5.5, -2.125, 2.125, 1.375, -0.375, 6, 3, -3, 4, 5, 1, 3, 11, 0.375, 0.125, 3.875, 7.625, ... ]
X at t=0.53:
[ 4.25, 7.75, -0.75, -5.25, -1.5, 3.5, 9.5, 0.5, 2.25, 3.75, -0.75, 0.75, 3.25, 6.75, 8.25, -0.25, -5, 1.5, 5, 5.5, -2.125, 2.125, 1.375, -0.375, 6, 3, -3, 4, 5, 1, 3, 11, 0.375, 0.125, 3.875, 7.625, ... ]
X at t=0.54:
[ 4.25, 7.75, -0.75, -5.25, -1.5, 3.5, 9.5, 0.5, 2.25, 3.75, -0.75, 0.75, 3.25, 6.75, 8.25, -0.25, -5, 1.5, 5, 5.5, -2.125, 2.125, 1.375, -0.375, 6, 3, -3, 4, 5, 1, 3, 11, 0.375, 0.125, 3.875, 7.625, ... ]
X at t=0.55:
[ 4.25, 7.75, -0.75, -5.25, -1.5, 3.5, 9.5, 0.5, 2.25, 3.75, -0.75, 0.75, 3.25, 6.75, 8.25, -0.25, -5, 1.5, 5, 5.5, -2.125, 2.125, 1.375, -0.375, 6, 3, -3, 4, 5, 1, 3, 11, 0.375, 0.125, 3.875, 7.625, ... ]
X at t=0.56:
[ 4.25, 7.75, -0.75, -5.25, -1.5, 3.5, 9.5, 0.5, 2.25, 3.75, -0.75, 0.75, 3.25, 6.75, 8.25, -0.25, -5, 1.5, 5, 5.5, -2.125, 2.125, 1.375, -0.375, 6, 3, -3, 4, 5, 1, 3, 11, 0.375, 0.125, 3.875, 7.625, ... ]
X at t=0.57:
[ 4.25, 7.75, -0.75, -5.25, -1.5, 3.5, 9.5, 0.5, 2.25, 3.75, -0.75, 0.75, 3.25, 6.75, 8.25, -0.25, -5, 1.5, 5, 5.5, -2.125, 2.125, 1.375, -0.375, 6, 3, -3, 4, 5, 1, 3, 11, 0.375, 0.125, 3.875, 7.625, ... ]
X at t=0.58:
[ 4.25, 7.75, -0.75, -5.25, -1.5, 3.5, 9.5, 0.5, 2.25, 3.75, -0.75, 0.75, 3.25, 6.75, 8.25, -0.25, -5, 1.5, 5, 5.5, -2.125, 2.125, 1.375, -0.375, 6, 3, -3, 4, 5, 1, 3, 11, 0.375, 0.125, 3.875, 7.625, ... ]
X at t=0.59:
[ 4.25, 7.75, -0.75, -5.25, -1.5, 3.5, 9.5, 0.5, 2.25, 3.75, -0.75, 0.75, 3.25, 6.75, 8.25, -0.25, -5, 1.5, 5, 5.5, -2.125, 2.125, 1.375, -0.375, 6, 3, -3, 4, 5, 1, 3, 11, 0.375, 0.125, 3.875, 7.625, ... ]
X at t=0.6:
[ 4.25, 7.75, -0.75, -5.25, -1.5, 3.5, 9.5, 0.5, 2.25, 3.75, -0.75, 0.75, 3.25, 6.75, 8.25, -0.25, -5, 1.5, 5, 5.5, -2.125, 2.125, 1.375, -0.375, 6, 3, -3, 4, 5, 1, 3, 11, 0.375, 0.125, 3.875, 7.625, ... ]
X at t=0.61:
[ 4.25, 7.75, -0.75, -5.25, -1.5, 3.5, 9.5, 0.5, 2.25, 3.75, -0.75, 0.75, 3.25, 6.75, 8.25, -0.25, -5, 1.5, 5, 5.5, -2.125, 2.125, 1.375, -0.375, 6, 3, -3, 4, 5, 1, 3, 11, 0.375, 0.125, 3.875, 7.625, ... ]
X at t=0.62:
[ 4.25, 7.75, -0.75, -5.25, -1.5, 3.5, 9.5, 0.5, 2.25, 3.75, -0.75, 0.75, 3.25, 6.75, 8.25, -0.25, -5, 1.5, 5, 5.5, -2.125, 2.125, 1.375, -0.375, 6, 3, -3, 4, 5, 1, 3, 11, 0.375, 0.125, 3.875, 7.625, ... ]
X at t=0.63:
[ 4.25, 7.75, -0.75, -5.25, -1.5, 3.5, 9.5, 0.5, 2.25, 3.75, -0.75, 0.75, 3.25, 6.75, 8.25, -0.25, -5, 1.5, 5, 5.5, -2.125, 2.125, 1.375, -0.375, 6, 3, -3, 4, 5, 1, 3, 11, 0.375, 0.125, 3.875, 7.625, ... ]
X at t=0.64:
[ 4.25, 7.75, -0.75, -5.25, -1.5, 3.5, 9.5, 0.5, 2.25, 3.75, -0.75, 0.75, 3.25, 6.75, 8.25, -0.25, -5, 1.5, 5, 5.5, -2.125, 2.125, 1.375, -0.375, 6, 3, -3, 4, 5, 1, 3, 11, 0.375, 0.125, 3.875, 7.625, ... ]
X at t=0.65:
[ 4.25, 7.75, -0.75, -5.25, -1.5, 3.5, 9.5, 0.5, 2.25, 3.75, -0.75, 0.75, 3.25, 6.75, 8.25, -0.25, -5, 1.5, 5, 5.5, -2.125, 2.125, 1.375, -0.375, 6, 3, -3, 4, 5, 1, 3, 11, 0.375, 0.125, 3.875, 7.625, ... ]
X at t=0.66:
[ 4.25, 7.75, -0.75, -5.25, -1.5, 3.5, 9.5, 0.5, 2.25, 3.75, -0.75, 0.75, 3.25, 6.75, 8.25, -0.25, -5, 1.5, 5, 5.5, -2.125, 2.125, 1.375, -0.375, 6, 3, -3, 4, 5, 1, 3, 11, 0.375, 0.125, 3.875, 7.625, ... ]
X at t=0.67:
[ 4.25, 7.75, -0.75, -5.25, -1.5, 3.5, 9.5, 0.5, 2.25, 3.75, -0.75, 0.75, 3.25, 6.75, 8.25, -0.25, -5, 1.5, 5, 5.5, -2.125, 2.125, 1.375, -0.375, 6, 3, -3, 4, 5, 1, 3, 11, 0.375, 0.125, 3.875, 7.625, ... ]
X at t=0.68:
[ 4.25, 7.75, -0.75, -5.25, -1.5, 3.5, 9.5, 0.5, 2.25, 3.75, -0.75, 0.75, 3.25, 6.75, 8.25, -0.25, -5, 1.5, 5, 5.5, -2.125, 2.125, 1.375, -0.375, 6, 3, -3, 4, 5, 1, 3, 11, 0.375, 0.125, 3.875, 7.625, ... ]
X at t=0.69:
[ 4.25, 7.75, -0.75, -5.25, -1.5, 3.5, 9.5, 0.5, 2.25, 3.75, -0.75, 0.75, 3.25, 6.75, 8.25, -0.25, -5, 1.5, 5, 5.5, -2.125, 2.125, 1.375, -0.375, 6, 3, -3, 4, 5, 1, 3, 11, 0.375, 0.125, 3.875, 7.625, ... ]
X at t=0.7:
[ 4.25, 7.75, -0.75, -5.25, -1.5, 3.5, 9.5, 0.5, 2.25, 3.75, -0.75, 0.75, 3.25, 6.75, 8.25, -0.25, -5, 1.5, 5, 5.5, -2.125, 2.125, 1.375, -0.375, 6, 3, -3, 4, 5, 1, 3, 11, 0.375, 0.125, 3.875, 7.625, ... ]
X at t=0.71:
[ 4.25, 7.75, -0.75, -5.25, -1.5, 3.5, 9.5, 0.5, 2.25, 3.75, -0.75, 0.75, 3.25, 6.75, 8.25, -0.25, -5, 1.5, 5, 5.5, -2.125, 2.125, 1.375, -0.375, 6, 3, -3, 4, 5, 1, 3, 11, 0.375, 0.125, 3.875, 7.625, ... ]
X at t=0.72:
[ 4.25, 7.75, -0.75, -5.25, -1.5, 3.5, 9.5, 0.5, 2.25, 3.75, -0.75, 0.75, 3.25, 6.75, 8.25, -0.25, -5, 1.5, 5, 5.5, -2.125, 2.125, 1.375, -0.375, 6, 3, -3, 4, 5, 1, 3, 11, 0.375, 0.125, 3.875, 7.625, ... ]
X at t=0.73:
[ 4.25, 7.75, -0.75, -5.25, -1.5, 3.5, 9.5, 0.5, 2.25, 3.75, -0.75, 0.75, 3.25, 6.75, 8.25, -0.25, -5, 1.5, 5, 5.5, -2.125, 2.125, 1.375, -0.375, 6, 3, -3, 4, 5, 1, 3, 11, 0.375, 0.125, 3.875, 7.625, ... ]
X at t=0.74:
[ 4.25, 7.75, -0.75, -5.25, -1.5, 3.5, 9.5, 0.5, 2.25, 3.75, -0.75, 0.75, 3.25, 6.75, 8.25, -0.25, -5, 1.5, 5, 5.5, -2.125, 2.125, 1.375, -0.375, 6, 3, -3, 4, 5, 1, 3, 11, 0.375, 0.125, 3.875, 7.625, ... ]
X at t=0.75:
[ 4.25, 7.75, -0.75, -5.25, -1.5, 3.5, 9.5, 0.5, 2.25, 3.75, -0.75, 0.75, 3.25, 6.75, 8.25, -0.25, -5, 1.5, 5, 5.5, -2.125, 2.125, 1.375, -0.375, 6, 3, -3, 4, 5, 1, 3, 11, 0.375, 0.125, 3.875, 7.625, ... ]
X at t=0.76:
[ 4.25, 7.75, -0.75, -5.25, -1.5, 3.5, 9.5, 0.5, 2.25, 3.75, -0.75, 0.75, 3.25, 6.75, 8.25, -0.25, -5, 1.5, 5, 5.5, -2.125, 2.125, 1.375, -0.375, 6, 3, -3, 4, 5, 1, 3, 11, 0.375, 0.125, 3.875, 7.625, ... ]
X at t=0.77:
[ 4.25, 7.75, -0.75, -5.25, -1.5, 3.5, 9.5, 0.5, 2.25, 3.75, -0.75, 0.75, 3.25, 6.75, 8.25, -0.25, -5, 1.5, 5, 5.5, -2.125, 2.125, 1.375, -0.375, 6, 3, -3, 4, 5, 1, 3, 11, 0.375, 0.125, 3.875, 7.625, ... ]
X at t=0.78:
[ 4.25, 7.75, -0.75, -5.25, -1.5, 3.5, 9.5, 0.5, 2.25, 3.75, -0.75, 0.75, 3.25, 6.75, 8.25, -0.25, -5, 1.5, 5, 5.5, -2.125, 2.125, 1.375, -0.375, 6, 3, -3, 4, 5, 1, 3, 11, 0.375, 0.125, 3.875, 7.625, ... ]
X at t=0.79:
[ 4.25, 7.75, -0.75, -5.25, -1.5, 3.5, 9.5, 0.5, 2.25, 3.75, -0.75, 0.75, 3.25, 6.75, 8.25, -0.25, -5, 1.5, 5, 5.5, -2.125, 2.125, 1.375, -0.375, 6, 3, -3, 4, 5, 1, 3, 11, 0.375, 0.125, 3.875, 7.625, ... ]
X at t=0.8:
[ 4.25, 7.75, -0.75, -5.25, -1.5, 3.5, 9.5, 0.5, 2.25, 3.75, -0.75, 0.75, 3.25, 6.75, 8.25, -0.25, -5, 1.5, 5, 5.5, -2.125, 2.125, 1.375, -0.375, 6, 3, -3, 4, 5, 1, 3, 11, 0.375, 0.125, 3.875, 7.625, ... ]
X at t=0.81:
[ 4.25, 7.75, -0.75, -5.25, -1.5, 3.5, 9.5, 0.5, 2.25, 3.75, -0.75, 0.75, 3.25, 6.75, 8.25, -0.25, -5, 1.5, 5, 5.5, -2.125, 2.125, 1.375, -0.375, 6, 3, -3, 4, 5, 1, 3, 11, 0.375, 0.125, 3.875, 7.625, ... ]
X at t=0.82:
[ 4.25, 7.75, -0.75, -5.25, -1.5, 3.5, 9.5, 0.5, 2.25, 3.75, -0.75, 0.75, 3.25, 6.75, 8.25, -0.25, -5, 1.5, 5, 5.5, -2.125, 2.125, 1.375, -0.375, 6, 3, -3, 4, 5, 1, 3, 11, 0.375, 0.125, 3.875, 7.625, ... ]
X at t=0.83:
[ 4.25, 7.75, -0.75, -5.25, -1.5, 3.5, 9.5, 0.5, 2.25, 3.75, -0.75, 0.75, 3.25, 6.75, 8.25, -0.25, -5, 1.5, 5, 5.5, -2.125, 2.125, 1.375, -0.375, 6, 3, -3, 4, 5, 1, 3, 11, 0.375, 0.125, 3.875, 7.625, ... ]
X at t=0.84:
[ 4.25, 7.75, -0.75, -5.25, -1.5, 3.5, 9.5, 0.5, 2.25, 3.75, -0.75, 0.75, 3.25, 6.75, 8.25, -0.25, -5, 1.5, 5, 5.5, -2.125, 2.125, 1.375, -0.375, 6, 3, -3, 4, 5, 1, 3, 11, 0.375, 0.125, 3.875, 7.625, ... ]
X at t=0.85:
[ 4.25, 7.75, -0.75, -5.25, -1.5, 3.5, 9.5, 0.5, 2.25, 3.75, -0.75, 0.75, 3.25, 6.75, 8.25, -0.25, -5, 1.5, 5, 5.5, -2.125, 2.125, 1.375, -0.375, 6, 3, -3, 4, 5, 1, 3, 11, 0.375, 0.125, 3.875, 7.625, ... ]
X at t=0.86:
[ 4.25, 7.75, -0.75, -5.25, -1.5, 3.5, 9.5, 0.5, 2.25, 3.75, -0.75, 0.75, 3.25, 6.75, 8.25, -0.25, -5, 1.5, 5, 5.5, -2.125, 2.125, 1.375, -0.375, 6, 3, -3, 4, 5, 1, 3, 11, 0.375, 0.125, 3.875, 7.625, ... ]
X at t=0.87:
[ 4.25, 7.75, -0.75, -5.25, -1.5, 3.5, 9.5, 0.5, 2.25, 3.75, -0.75, 0.75, 3.25, 6.75, 8.25, -0.25, -5, 1.5, 5, 5.5, -2.125, 2.125, 1.375, -0.375, 6, 3, -3, 4, 5, 1, 3, 11, 0.375, 0.125, 3.875, 7.625, ... ]
X at t=0.88:
[ 4.25, 7.75, -0.75, -5.25, -1.5, 3.5, 9.5, 0.5, 2.25, 3.75, -0.75, 0.75, 3.25, 6.75, 8.25, -0.25, -5, 1.5, 5, 5.5, -2.125, 2.125, 1.375, -0.375, 6, 3, -3, 4, 5, 1, 3, 11, 0.375, 0.125, 3.875, 7.625, ... ]
X at t=0.89:
[ 4.25, 7.75, -0.75, -5.25, -1.5, 3.5, 9.5, 0.5, 2.25, 3.75, -0.75, 0.75, 3.25, 6.75, 8.25, -0.25, -5, 1.5, 5, 5.5, -2.125, 2.125, 1.375, -0.375, 6, 3, -3, 4, 5, 1, 3, 11, 0.375, 0.125, 3.875, 7.625, ... ]
X at t=0.9:
[ 4.25, 7.75, -0.75, -5.25, -1.5, 3.5, 9.5, 0.5, 2.25, 3.75, -0.75, 0.75, 3.25, 6.75, 8.25, -0.25, -5, 1.5, 5, 5.5, -2.125, 2.125, 1.375, -0.375, 6, 3, -3, 4, 5, 1, 3, 11, 0.375, 0.125, 3.875, 7.625, ... ]
X at t=0.91:
[ 4.25, 7.75, -0.75, -5.25, -1.5, 3.5, 9.5, 0.5, 2.25, 3.75, -0.75, 0.75, 3.25, 6.75, 8.25, -0.25, -5, 1.5, 5, 5.5, -2.125, 2.125, 1.375, -0.375, 6, 3, -3, 4, 5, 1, 3, 11, 0.375, 0.125, 3.875, 7.625, ... ]
X at t=0.92:
[ 4.25, 7.75, -0.75, -5.25, -1.5, 3.5, 9.5, 0.5, 2.25, 3.75, -0.75, 0.75, 3.25, 6.75, 8.25, -0.25, -5, 1.5, 5, 5.5, -2.125, 2.125, 1.375, -0.375, 6, 3, -3, 4, 5, 1, 3, 11, 0.375, 0.125, 3.875, 7.625, ... ]
X at t=0.93:
[ 4.25, 7.75, -0.75, -5.25, -1.5, 3.5, 9.5, 0.5, 2.25, 3.75, -0.75, 0.75, 3.25, 6.75, 8.25, -0.25, -5, 1.5, 5, 5.5, -2.125, 2.125, 1.375, -0.375, 6, 3, -3, 4, 5, 1, 3, 11, 0.375, 0.125, 3.875, 7.625, ... ]
X at t=0.94:
[ 4.25, 7.75, -0.75, -5.25, -1.5, 3.5, 9.5, 0.5, 2.25, 3.75, -0.75, 0.75, 3.25, 6.75, 8.25, -0.25, -5, 1.5, 5, 5.5, -2.125, 2.125, 1.375, -0.375, 6, 3, -3, 4, 5, 1, 3, 11, 0.375, 0.125, 3.875, 7.625, ... ]
X at t=0.95:
[ 4.25, 7.75, -0.75, -5.25, -1.5, 3.5, 9.5, 0.5, 2.25, 3.75, -0.75, 0.75, 3.25, 6.75, 8.25, -0.25, -5, 1.5, 5, 5.5, -2.125, 2.125, 1.375, -0.375, 6, 3, -3, 4, 5, 1, 3, 11, 0.375, 0.125, 3.875, 7.625, ... ]
X at t=0.96:
[ 4.25, 7.75, -0.75, -5.25, -1.5, 3.5, 9.5, 0.5, 2.25, 3.75, -0.75, 0.75, 3.25, 6.75, 8.25, -0.25, -5, 1.5, 5, 5.5, -2.125, 2.125, 1.375, -0.375, 6, 3, -3, 4, 5, 1, 3, 11, 0.375, 0.125, 3.875, 7.625, ... ]
X at t=0.97:
[ 4.25, 7.75, -0.75, -5.25, -1.5, 3.5, 9.5, 0.5, 2.25, 3.75, -0.75, 0.75, 3.25, 6.75, 8.25, -0.25, -5, 1.5, 5, 5.5, -2.125, 2.125, 1.375, -0.375, 6, 3, -3, 4, 5, 1, 3, 11, 0.375, 0.125, 3.875, 7.625, ... ]
X at t=0.98:
[ 4.25, 7.75, -0.75, -5.25, -1.5, 3.5, 9.5, 0.5, 2.25, 3.75, -0.75, 0.75, 3.25, 6.75, 8.25, -0.25, -5, 1.5, 5, 5.5, -2.125, 2.125, 1.375, -0.375, 6, 3, -3, 4, 5, 1, 3, 11, 0.375, 0.125, 3.875, 7.625, ... ]

Final state:
X at t=0.99:
[ 4.25, 7.75, -0.75, -5.25, -1.5, 3.5, 9.5, 0.5, 2.25, 3.75, -0.75, 0.75, 3.25, 6.75, 8.25, -0.25, -5, 1.5, 5, 5.5, -2.125, 2.125, 1.375, -0.375, 6, 3, -3, 4, 5, 1, 3, 11, 0.375, 0.125, 3.875, 7.625, ... ]
