
Lmod is automatically replacing "craype-x86-rome" with "craype-x86-trento".

Lorenz96(k=40000000, F=8, dt=0.01, t_max=1)
 - warming up the simulation for 10
 - running ensemble of size 1 with initial perturbation N(0.0, 0.001)
 - compressing every 1-th model state online on the GPU with ZFP(fixed_rate=64)
 - saving config file to 'output/config_5030263.json'
 - saving performance file to 'performance/perf_5030263'

Initial state:
X at t=0:
[ 6.00001, 0.439819, 2.06469, 1.09784, 2.51017, 6.80727, 3.71086, -8.36726, 1.18149, 2.19103, 7.69608, 5.08871, 2.71989, 0.113073, -4.3487, 0.998251, 3.67511, 8.18301, 3.69758, 2.31953, 2.94082, -5.83319, -0.205034, -0.213967, 1.99801, 8.31165, 8.88554, -2.18113, -0.43758, -4.53611, -0.990575, 2.96174, 6.77326, 3.17183, 4.61149, 6.0137, ... ]

X at t=0.01:
[ 6.11245, 0.501839, 2.10085, 1.20995, 2.61945, 6.87535, 3.00816, -8.3909, 1.33606, 2.45192, 7.78795, 5.13542, 2.37986, -0.047131, -4.22633, 0.908935, 3.83701, 8.28232, 3.61691, 2.1804, 2.77938, -5.76173, 0.0517904, -0.138066, 2.04275, 8.48689, 8.49803, -2.82725, -0.0249521, -4.41469, -1.04218, 2.89718, 6.90998, 3.33456, 4.61554, 5.83628, ... ]
X at t=0.02:
[ 6.20408, 0.584456, 2.13318, 1.32249, 2.73326, 6.92339, 2.29825, -8.37359, 1.40762, 2.7297, 7.88695, 5.13383, 2.02933, -0.171211, -4.1032, 0.812733, 3.98554, 8.38481, 3.51099, 2.03866, 2.63638, -5.677, 0.290178, -0.0437139, 2.09431, 8.65426, 8.05017, -3.40861, 0.447229, -4.28668, -1.06725, 2.82878, 7.04831, 3.50247, 4.60706, 5.64362, ... ]
X at t=0.03:
[ 6.27836, 0.685911, 2.16089, 1.43505, 2.8514, 6.94965, 1.58584, -8.31748, 1.39608, 3.01045, 7.99385, 5.08177, 1.67379, -0.258587, -3.98043, 0.712465, 4.12019, 8.48928, 3.38047, 1.89682, 2.51202, -5.58102, 0.510425, 0.0673267, 2.15394, 8.81235, 7.54608, -3.91882, 0.961064, -4.14603, -1.0649, 2.75974, 7.18724, 3.67491, 4.58448, 5.43733, ... ]
X at t=0.04:
[ 6.33885, 0.803549, 2.18334, 1.54725, 2.97356, 6.95244, 0.875779, -8.22354, 1.30403, 3.28043, 8.10907, 4.97847, 1.31908, -0.309744, -3.85885, 0.610711, 4.24082, 8.59441, 3.22624, 1.75748, 2.40602, -5.47559, 0.713049, 0.193345, 2.22275, 8.9597, 6.99071, -4.35453, 1.49836, -3.98717, -1.03538, 2.6933, 7.32593, 3.85085, 4.54623, 5.21927, ... ]
X at t=0.05:
[ 6.3889, 0.934089, 2.2001, 1.65875, 3.09936, 6.93014, 0.173084, -8.09178, 1.13664, 3.52664, 8.23269, 4.82456, 0.971122, -0.326219, -3.73899, 0.509767, 4.34757, 8.69874, 3.04954, 1.62324, 2.31775, -5.36225, 0.898724, 0.332725, 2.30167, 9.09481, 6.38958, -4.71517, 2.04142, -3.8055, -0.98016, 2.63263, 7.46375, 4.02883, 4.49081, 4.99161, ... ]
X at t=0.06:
[ 6.43144, 1.07391, 2.21093, 1.76927, 3.22832, 6.88127, -0.517045, -7.92139, 0.901456, 3.73734, 8.36434, 4.62213, 0.635687, -0.310536, -3.6211, 0.411619, 4.44084, 8.80076, 2.85183, 1.49667, 2.2462, -5.24234, 1.06823, 0.483968, 2.3915, 9.21606, 5.74858, -5.00253, 2.57371, -3.59773, -0.901822, 2.58064, 7.60029, 4.20696, 4.41677, 4.75678, ... ]
X at t=0.07:
[ 6.46891, 1.21934, 2.21576, 1.87857, 3.35985, 6.80449, -1.18925, -7.71104, 0.608137, 3.9025, 8.50314, 4.37464, 0.318216, -0.266054, -3.50514, 0.317933, 4.52125, 8.89895, 2.63492, 1.38025, 2.19007, -5.117, 1.22241, 0.645707, 2.4929, 9.32168, 5.07375, -5.22026, 3.08046, -3.36215, -0.803964, 2.53977, 7.7354, 4.38297, 4.32282, 4.51748, ... ]
X at t=0.08:
[ 6.50324, 1.3669, 2.21473, 1.98651, 3.49328, 6.69871, -1.83807, -7.45934, 0.268102, 4.01426, 8.64769, 4.0869, 0.0236116, -0.196788, -3.39089, 0.230055, 4.58958, 8.9918, 2.40083, 1.27625, 2.14787, -4.98721, 1.36212, 0.816715, 2.60638, 9.40971, 4.37111, -5.37324, 3.54904, -3.09862, -0.69093, 2.51192, 7.8691, 4.55422, 4.20791, 4.27663, ... ]
X at t=0.09:
[ 6.53594, 1.51354, 2.2081, 2.09301, 3.62786, 6.56309, -2.45805, -7.16519, -0.10589, 4.06722, 8.79604, 3.7649, -0.243904, -0.107175, -3.27799, 0.14903, 4.64676, 9.07791, 2.15184, 1.18675, 2.11797, -4.85383, 1.48823, 0.995899, 2.73232, 9.47801, 3.64654, -5.46708, 3.96922, -2.80853, -0.567504, 2.49826, 8.00162, 4.71778, 4.07124, 4.03734, ... ]
X at t=0.1:
[ 6.56825, 1.65673, 2.19622, 2.19802, 3.76273, 6.39712, -3.04389, -6.82822, -0.500276, 4.05868, 8.94575, 3.41569, -0.480902, -0.00183412, -3.16603, 0.0756151, 4.69383, 9.15596, 1.89046, 1.11353, 2.09867, -4.7176, 1.60156, 1.18229, 2.87092, 9.52417, 2.90576, -5.50759, 4.33331, -2.49462, -0.438556, 2.49931, 8.13328, 4.87051, 3.91235, 3.80285, ... ]
X at t=0.11:
[ 6.60123, 1.79462, 2.17952, 2.30156, 3.89696, 6.20069, -3.59062, -6.44919, -0.901278, 3.98871, 9.09401, 3.04712, -0.684826, 0.114678, -3.05456, 0.0103121, 4.7319, 9.2248, 1.61932, 1.05809, 2.08828, -4.57921, 1.70292, 1.37506, 3.02222, 9.54557, 2.15426, -5.50041, 4.63609, -2.16078, -0.308688, 2.5149, 8.26447, 5.00912, 3.73123, 3.57644, ... ]
X at t=0.12:
[ 6.63581, 1.92603, 2.15845, 2.40364, 4.02955, 5.97404, -4.09376, -6.03019, -1.29554, 3.86008, 9.23784, 2.66758, -0.854035, 0.238085, -2.94323, -0.0466068, 4.76212, 9.28344, 1.3412, 1.02157, 2.08522, -4.43929, 1.79307, 1.57346, 3.18607, 9.53937, 1.39736, -5.45075, 4.87471, -1.81171, -0.181938, 2.54433, 8.39559, 5.13026, 3.5283, 3.36137, ... ]
X at t=0.13:
[ 6.67281, 2.05045, 2.13347, 2.5043, 4.15943, 5.71788, -4.54957, -5.57486, -1.67076, 3.678, 9.37425, 2.28567, -0.987813, 0.364575, -2.83178, -0.0950651, 4.78565, 9.33108, 1.05894, 1.00478, 2.08802, -4.29845, 1.87273, 1.77685, 3.36211, 9.50252, 0.640233, -5.36319, 5.04857, -1.45268, -0.0615361, 2.58644, 8.52698, 5.23065, 3.30453, 3.16076, ... ]
X at t=0.14:
[ 6.71291, 2.16799, 2.10496, 2.60355, 4.28551, 5.43333, -4.95516, -5.08835, -2.01622, 3.44968, 9.50055, 1.90986, -1.08635, 0.490933, -2.72006, -0.135148, 4.80366, 9.36711, 0.775377, 1.00817, 2.09541, -4.15727, 1.94259, 1.98467, 3.54972, 9.4318, -0.111992, -5.24175, 5.159, -1.08918, 0.0502302, 2.63981, 8.65886, 5.30708, 3.06143, 2.97748, ... ]
X at t=0.15:
[ 6.75659, 2.27925, 2.07329, 2.70137, 4.40665, 5.12194, -5.30864, -4.5772, -2.32325, 3.18379, 9.61446, 1.54813, -1.15072, 0.61462, -2.60806, -0.167069, 4.81728, 9.39111, 0.493297, 1.03183, 2.10634, -4.01634, 2.0033, 2.19643, 3.74805, 9.32392, -0.854207, -5.08987, 5.20914, -0.726636, 0.15207, 2.70291, 8.79134, 5.35656, 2.80106, 2.81408, ... ]
X at t=0.16:
[ 6.80402, 2.38524, 2.03872, 2.79771, 4.52171, 4.78565, -5.60918, -4.04902, -2.58546, 2.88984, 9.71433, 1.20766, -1.18273, 0.73379, -2.49586, -0.191138, 4.82757, 9.40286, 0.215394, 1.07552, 2.11998, -3.87621, 2.05549, 2.41169, 3.9559, 9.17554, -1.58126, -4.91064, 5.2036, -0.37014, 0.243649, 2.77421, 8.92432, 5.37633, 2.52602, 2.67264, ... ]
X at t=0.17:
[ 6.85503, 2.48727, 2.00145, 2.89249, 4.62955, 4.42677, -5.85704, -3.51216, -2.79885, 2.57751, 9.79919, 0.89458, -1.18491, 0.847257, -2.38366, -0.20773, 4.83556, 9.40231, -0.0557943, 1.13871, 2.13577, -3.73745, 2.09977, 2.63004, 4.1718, 8.98344, -2.28794, -4.70702, 5.14825, -0.0242066, 0.325477, 2.85228, 9.0575, 5.36398, 2.23943, 2.55472, ... ]
X at t=0.18:
[ 6.90912, 2.58678, 1.9616, 2.98556, 4.72906, 4.0479, -6.05344, -2.97524, -2.96175, 2.25615, 9.86876, 0.613814, -1.16029, 0.95442, -2.27172, -0.217262, 4.8422, 9.38957, -0.317926, 1.22053, 2.15334, -3.60058, 2.13674, 2.85112, 4.39388, 8.74458, -2.96899, -4.48207, 5.04993, 0.3074, 0.398743, 2.93591, 9.19039, 5.31741, 1.94487, 2.46125, ... ]
X at t=0.19:
[ 6.96543, 2.6853, 1.91924, 3.07676, 4.8192, 3.65188, -6.20054, -2.44677, -3.07452, 1.93423, 9.92336, 0.368967, -1.11234, 1.05516, -2.16033, -0.220171, 4.84832, 9.36488, -0.568891, 1.3199, 2.17256, -3.46614, 2.16698, 3.07454, 4.61991, 8.45627, -3.61914, -4.23922, 4.91613, 0.621792, 0.465126, 3.02411, 9.32223, 5.23499, 1.64627, 2.39252, ... ]
X at t=0.2:
[ 7.02284, 2.78428, 1.87437, 3.16586, 4.89898, 3.24171, -6.30118, -1.93469, -3.13929, 1.61904, 9.96385, 0.162351, -1.04475, 1.14971, -2.04979, -0.216894, 4.85472, 9.3286, -0.806842, 1.43549, 2.19345, -3.33461, 2.19107, 3.29995, 4.84727, 8.11634, -4.2332, -3.9825, 4.75467, 0.917015, 0.526598, 3.11616, 9.45208, 5.1155, 1.34785, 2.34812, ... ]
X at t=0.21:
[ 7.07999, 2.88511, 1.82696, 3.25263, 4.96752, 2.82052, -6.35878, -1.44612, -3.15954, 1.31653, 9.99145, -0.00493984, -0.961342, 1.23858, -1.94039, -0.207863, 4.86209, 9.28119, -1.03021, 1.5658, 2.21619, -3.20645, 2.20955, 3.52695, 5.07295, 7.72326, -4.80615, -3.71669, 4.57339, 1.19205, 0.585238, 3.21156, 9.57876, 4.95824, 1.05398, 2.32699, ... ]
X at t=0.22:
[ 7.13547, 2.98897, 1.77696, 3.33681, 5.02403, 2.39146, -6.37709, -0.987061, -3.13969, 1.03124, 10.0076, -0.132899, -0.865912, 1.32238, -1.83239, -0.193491, 4.87102, 9.22319, -1.23773, 1.70918, 2.24108, -3.08209, 2.223, 3.75514, 5.29355, 7.27632, -5.33325, -3.4474, 4.37973, 1.44675, 0.643084, 3.31004, 9.7009, 4.76303, 0.769123, 2.3274, ... ]
X at t=0.23:
[ 7.18782, 3.09687, 1.72432, 3.41813, 5.06785, 1.95767, -6.36006, -0.562309, -3.08472, 0.766367, 10.0138, -0.222443, -0.762133, 1.40179, -1.72602, -0.17417, 4.88204, 9.1552, -1.42843, 1.86386, 2.26845, -2.9619, 2.23194, 3.98407, 5.50529, 6.7758, -5.81015, -3.18103, 4.18042, 1.68174, 0.702017, 3.41152, 9.81694, 4.53021, 0.497636, 2.34706, ... ]
X at t=0.24:
[ 7.23563, 3.20958, 1.66898, 3.49633, 5.09847, 1.52222, -6.31163, -0.175374, -2.99989, 0.523911, 10.0117, -0.275236, -0.653467, 1.47747, -1.62144, -0.150266, 4.89561, 9.07784, -1.60163, 2.02803, 2.29867, -2.84626, 2.2369, 4.21325, 5.70409, 6.22306, -6.23298, -2.92462, 3.98118, 1.89828, 0.763692, 3.51607, 9.92516, 4.26072, 0.24373, 2.38321, ... ]
X at t=0.25:
[ 7.27764, 3.32762, 1.6109, 3.57118, 5.11552, 1.08807, -6.23563, 0.171487, -2.89041, 0.304872, 10.0026, -0.293517, -0.543096, 1.55002, -1.51875, -0.12212, 4.91209, 8.99176, -1.75694, 2.19984, 2.33211, -2.73548, 2.23838, 4.44214, 5.88562, 5.62069, -6.59842, -2.68556, 3.78642, 2.09809, 0.82951, 3.62387, 10.0237, 3.95602, 0.0113366, 2.43275, ... ]
X at t=0.26:
[ 7.31273, 3.45131, 1.55009, 3.64245, 5.11877, 0.658029, -6.13567, 0.477185, -2.76126, 0.109448, 9.98787, -0.279947, -0.433884, 1.61993, -1.41802, -0.0900472, 4.93179, 8.89761, -1.89425, 2.37744, 2.36907, -2.62985, 2.23685, 4.67015, 6.04535, 4.97255, -6.90371, -2.47127, 3.59908, 2.28323, 0.900629, 3.73517, 10.1106, 3.61814, -0.195972, 2.49235, ... ]
X at t=0.27:
[ 7.33997, 3.58072, 1.48657, 3.70997, 5.10816, 0.234718, -6.01506, 0.741684, -2.61705, -0.06276, 9.96862, -0.237471, -0.328347, 1.68761, -1.31924, -0.0543368, 4.95495, 8.79606, -2.0137, 2.55903, 2.40982, -2.52963, 2.23275, 4.89662, 6.17871, 4.28382, -7.1467, -2.2887, 3.42058, 2.45589, 0.978, 3.85026, 10.1838, 3.24967, -0.375054, 2.55869, ... ]
X at t=0.28:
[ 7.35862, 3.71574, 1.42043, 3.77363, 5.08377, -0.179432, -5.87681, 0.965847, -2.46192, -0.212569, 9.9458, -0.169208, -0.228648, 1.75337, -1.22236, -0.0152521, 4.98175, 8.68773, -2.11563, 2.74289, 2.45451, -2.43505, 2.22651, 5.12084, 6.28116, 3.561, -7.3258, -2.14393, 3.25086, 2.61833, 1.06242, 3.96942, 10.2411, 2.85366, -0.523254, 2.62854, ... ]
X at t=0.29:
[ 7.36816, 3.85605, 1.3518, 3.83335, 5.04584, -0.582206, -5.72358, 1.15129, -2.29952, -0.341059, 9.92019, -0.0783598, -0.136595, 1.81742, -1.12727, 0.0269683, 5.01232, 8.57323, -2.20061, 2.92739, 2.50321, -2.34634, 2.21849, 5.34207, 6.34836, 2.81178, -7.43997, -2.04169, 3.08851, 2.77269, 1.15461, 4.09293, 10.2804, 2.43364, -0.638447, 2.69899, ... ]
X at t=0.3:
[ 7.36824, 4.0012, 1.28086, 3.88914, 4.99473, -0.971619, -5.55772, 1.30023, -2.13295, -0.449455, 9.89244, 0.0318566, -0.0536505, 1.87993, -1.03381, 0.0721116, 5.04675, 8.45314, -2.26938, 3.11102, 2.55588, -2.26368, 2.20902, 5.55951, 6.37632, 2.04496, -7.48876, -1.98495, 2.93111, 2.92092, 1.25526, 4.221, 10.2995, 1.99355, -0.719071, 2.76753, ... ]
X at t=0.31:
[ 7.35868, 4.15056, 1.20786, 3.94105, 4.93092, -1.34592, -5.38127, 1.41532, -1.96481, -0.539031, 9.86304, 0.158263, 0.0190465, 1.941, -0.941789, 0.11999, 5.08508, 8.328, -2.3228, 3.2924, 2.61238, -2.18723, 2.19841, 5.77232, 6.36152, 1.27024, -7.47233, -1.97467, 2.77552, 3.06472, 1.36512, 4.35378, 10.296, 1.53764, -0.764145, 2.83226, ... ]
X at t=0.32:
[ 7.3395, 4.30345, 1.13311, 3.98922, 4.85503, -1.70359, -5.19601, 1.49957, -1.79721, -0.61105, 9.83241, 0.29776, 0.0806648, 2.00072, -0.85097, 0.170441, 5.12729, 8.19831, -2.36185, 3.47031, 2.67246, -2.11713, 2.1869, 5.97965, 6.3011, 0.497964, -7.39151, -2.00964, 2.61831, 3.20539, 1.48499, 4.49136, 10.2678, 1.07045, -0.773298, 2.89191, ... ]
X at t=0.33:
[ 7.31085, 4.45906, 1.05698, 4.03384, 4.76774, -2.04335, -5.00351, 1.55615, -1.63184, -0.666718, 9.80089, 0.447355, 0.130656, 2.05916, -0.761082, 0.223327, 5.17336, 8.0645, -2.38761, 3.64369, 2.73579, -2.05352, 2.1747, 6.18064, 6.19295, -0.26119, -7.24797, -2.08645, 2.45619, 3.34383, 1.61583, 4.63368, 10.2127, 0.596687, -0.746781, 2.94595, ... ]
X at t=0.34:
[ 7.27302, 4.61655, 0.979875, 4.07517, 4.66982, -2.36417, -4.80512, 1.58837, -1.46997, -0.707158, 9.76876, 0.60418, 0.16873, 2.11641, -0.671828, 0.278538, 5.22322, 7.927, -2.4012, 3.81162, 2.80194, -1.99647, 2.16198, 6.37443, 6.03588, -0.996546, -7.04435, -2.19972, 2.28639, 3.48044, 1.75867, 4.78058, 10.1284, 0.12114, -0.685491, 2.9946, ... ]
X at t=0.35:
[ 7.22642, 4.77503, 0.902284, 4.11349, 4.56208, -2.66522, -4.60209, 1.59955, -1.31252, -0.7334, 9.73626, 0.765515, 0.194831, 2.17256, -0.582888, 0.335987, 5.27676, 7.78614, -2.40377, 3.97336, 2.87043, -1.94605, 2.14885, 6.56019, 5.82965, -1.69781, -6.78439, -2.34239, 2.10694, 3.61511, 1.91467, 4.93177, 10.0129, -0.351406, -0.590989, 3.03879, ... ]
X at t=0.36:
[ 7.1716, 4.93365, 0.824723, 4.14917, 4.44537, -2.94593, -4.39552, 1.59295, -1.16012, -0.746376, 9.70362, 0.92879, 0.209115, 2.22775, -0.493922, 0.395614, 5.33387, 7.64222, -2.39648, 4.1283, 2.94072, -1.90229, 2.13541, 6.73715, 5.57503, -2.35546, -6.47303, -2.50624, 1.91694, 3.74724, 2.08502, 5.08675, 9.86398, -0.816272, -0.46552, 3.08011, ... ]
X at t=0.37:
[ 7.10915, 5.09152, 0.747751, 4.18259, 4.32056, -3.2059, -4.18645, 1.57173, -1.01314, -0.746923, 9.67108, 1.0916, 0.211921, 2.28211, -0.404581, 0.457383, 5.39441, 7.49551, -2.38049, 4.27601, 3.01222, -1.86521, 2.12172, 6.90456, 5.2738, -2.96105, -6.1165, -2.68237, 1.71657, 3.87577, 2.27091, 5.24484, 9.67979, -1.26898, -0.312025, 3.1207, ... ]
X at t=0.38:
[ 7.03979, 5.24783, 0.671955, 4.21413, 4.18851, -3.44496, -3.97586, 1.53889, -0.871759, -0.735789, 9.63884, 1.2517, 0.203754, 2.33582, -0.314507, 0.521283, 5.45819, 7.3462, -2.3569, 4.41615, 3.08434, -1.83476, 2.10778, 7.06179, 4.92874, -3.50756, -5.72218, -2.86188, 1.50714, 3.99925, 2.47343, 5.4051, 9.45848, -1.70534, -0.134139, 3.1631, ... ]
X at t=0.39:
[ 6.96427, 5.40181, 0.597944, 4.2442, 4.05008, -3.66311, -3.76469, 1.49724, -0.73596, -0.713641, 9.60713, 1.40702, 0.185259, 2.38908, -0.223336, 0.587325, 5.52504, 7.19444, -2.3268, 4.54853, 3.15645, -1.81088, 2.0936, 7.20828, 4.54349, -3.98955, -5.29848, -3.03637, 1.29087, 4.11601, 2.69348, 5.56634, 9.19837, -2.12152, 0.0638255, 3.21009, ... ]
X at t=0.4:
[ 6.8834, 5.55277, 0.526336, 4.27321, 3.90608, -3.86051, -3.55384, 1.44937, -0.605613, -0.681074, 9.57618, 1.55567, 0.157203, 2.44207, -0.130708, 0.655544, 5.59475, 7.04032, -2.2912, 4.67308, 3.22794, -1.79348, 2.07915, 7.34357, 4.12248, -4.4033, -4.85454, -3.19846, 1.07067, 4.22426, 2.93167, 5.72699, 8.89804, -2.51413, 0.27692, 3.26452, ... ]
X at t=0.41:
[ 6.79802, 5.70009, 0.457745, 4.30153, 3.75729, -4.03749, -3.34422, 1.39765, -0.480482, -0.638621, 9.54624, 1.69591, 0.120452, 2.495, -0.0362636, 0.725995, 5.66709, 6.88391, -2.25106, 4.78979, 3.29821, -1.78242, 2.06437, 7.46732, 3.67073, -4.74682, -4.39985, -3.34212, 0.849834, 4.32223, 3.18825, 5.88513, 8.55632, -2.88024, 0.499632, 3.32908, ... ]
X at t=0.42:
[ 6.709, 5.84325, 0.392773, 4.3295, 3.60444, -4.19447, -3.13671, 1.34417, -0.360263, -0.586757, 9.51754, 1.82619, 0.0759564, 2.54805, 0.06035, 0.798752, 5.7418, 6.72522, -2.20724, 4.89876, 3.36668, -1.77755, 2.04922, 7.57931, 3.19373, -5.01971, -3.94387, -3.4629, 0.631789, 4.40831, 3.46304, 6.03842, 8.17244, -3.21739, 0.725985, 3.40615, ... ]
X at t=0.43:
[ 6.6172, 5.9818, 0.331996, 4.35744, 3.44821, -4.33203, -2.93216, 1.2908, -0.244602, -0.525913, 9.49031, 1.9451, 0.0247285, 2.60141, 0.159477, 0.873908, 5.81863, 6.56419, -2.16056, 5.00014, 3.4328, -1.77867, 2.0336, 7.67946, 2.69726, -5.22303, -3.49556, -3.55796, 0.419774, 4.48118, 3.75537, 6.18406, 7.74606, -3.52362, 0.949672, 3.49761, ... ]
X at t=0.44:
[ 6.52349, 6.1154, 0.275958, 4.38561, 3.28921, -4.45078, -2.73142, 1.23915, -0.133121, -0.456474, 9.46477, 2.05141, -0.0321699, 2.65518, 0.261451, 0.951574, 5.89727, 6.40077, -2.11171, 5.09414, 3.49605, -1.78557, 2.01745, 7.7678, 2.18722, -5.35901, -3.06307, -3.62605, 0.216649, 4.53981, 4.06408, 6.31879, 7.27743, -3.7974, 1.16422, 3.6047, ... ]
X at t=0.45:
[ 6.42873, 6.2438, 0.225153, 4.41419, 3.12801, -4.55144, -2.53531, 1.19057, -0.0254286, -0.378795, 9.44114, 2.14406, -0.0936453, 2.70948, 0.366593, 1.03187, 5.97742, 6.23483, -2.06133, 5.18102, 3.55595, -1.798, 2.00067, 7.84448, 1.66948, -5.43081, -2.65334, -3.66725, 0.0247568, 4.58355, 4.38751, 6.43888, 6.76745, -4.0376, 1.3632, 3.72793, ... ]
X at t=0.46:
[ 6.33375, 6.36683, 0.180024, 4.44333, 2.96512, -4.63477, -2.34461, 1.14618, 0.0788662, -0.293197, 9.41957, 2.22209, -0.158585, 2.76433, 0.47521, 1.11494, 6.05871, 6.06623, -2.00996, 5.26106, 3.61207, -1.8157, 1.98319, 7.90977, 1.14978, -5.44226, -2.27196, -3.68278, -0.154152, 4.61208, 4.72353, 6.5402, 6.21783, -4.24342, 1.5404, 3.86699, ... ]
X at t=0.47:
[ 6.23933, 6.48439, 0.140948, 4.47309, 2.80098, -4.70156, -2.16005, 1.10687, 0.180145, -0.199976, 9.40022, 2.28473, -0.225872, 2.81971, 0.587592, 1.20094, 6.14078, 5.89479, -1.95804, 5.33456, 3.66402, -1.83839, 1.96491, 7.96405, 0.633589, -5.39755, -1.923, -3.67467, -0.318916, 4.62545, 5.06962, 6.61822, 5.63122, -4.41435, 1.6901, 4.02075, ... ]
X at t=0.48:
[ 6.14626, 6.59646, 0.108234, 4.50347, 2.63601, -4.7526, -1.98233, 1.07334, 0.278774, -0.0994053, 9.38317, 2.33133, -0.294393, 2.87556, 0.704009, 1.29001, 6.22322, 5.72029, -1.90596, 5.40184, 3.71145, -1.86576, 1.94576, 8.00781, 0.126062, -5.30107, -1.60901, -3.64554, -0.468919, 4.62395, 5.42287, 6.66819, 5.01127, -4.55009, 1.80725, 4.18731, ... ]
X at t=0.49:
[ 6.05524, 6.70309, 0.0821159, 4.53441, 2.47056, -4.7887, -1.81207, 1.04606, 0.375103, 0.00826171, 9.36848, 2.36136, -0.363049, 2.93173, 0.824712, 1.38233, 6.30558, 5.54252, -1.85398, 5.46321, 3.75404, -1.89751, 1.92565, 8.04161, -0.368036, -5.15723, -1.33107, -3.59825, -0.604003, 4.60814, 5.7801, 6.68524, 4.36274, -4.65053, 1.88774, 4.36405, ... ]
X at t=0.5:
[ 5.96695, 6.80436, 0.0627442, 4.56578, 2.30497, -4.81067, -1.64983, 1.02535, 0.469463, 0.122789, 9.35611, 2.37442, -0.430768, 2.98801, 0.949925, 1.47807, 6.38737, 5.36122, -1.80231, 5.51899, 3.79153, -1.93331, 1.90451, 8.06611, -0.844355, -4.97035, -1.08892, -3.53576, -0.724373, 4.57877, 6.13791, 6.66455, 3.69155, -4.71574, 1.92858, 4.54777, ... ]
X at t=0.51:
[ 5.88201, 6.90043, 0.0501878, 4.59737, 2.13954, -4.81928, -1.4961, 1.01135, 0.562167, 0.243954, 9.34599, 2.37021, -0.496502, 3.04414, 1.07985, 1.57741, 6.46805, 5.17615, -1.75107, 5.56951, 3.82368, -1.97282, 1.88226, 8.08201, -1.29899, -4.74458, -0.881095, -3.46092, -0.830496, 4.53674, 6.4928, 6.60159, 3.00475, -4.74602, 1.92808, 4.73482, ... ]
X at t=0.52:
[ 5.80101, 6.99145, 0.044429, 4.62896, 1.97454, -4.81528, -1.35129, 1.00408, 0.653513, 0.371552, 9.33795, 2.34856, -0.559241, 3.09983, 1.21464, 1.68053, 6.54704, 4.98704, -1.70031, 5.61507, 3.85029, -2.01571, 1.85882, 8.0901, -1.72846, -4.48389, -0.705198, -3.37634, -0.923008, 4.48306, 6.84123, 6.49235, 2.31044, -4.74193, 1.88595, 4.92133, ... ]
X at t=0.53:
[ 5.72445, 7.07763, 0.0453636, 4.66023, 1.81023, -4.79937, -1.21571, 1.00342, 0.743787, 0.505386, 9.33173, 2.3094, -0.618011, 3.15471, 1.35445, 1.7876, 6.62368, 4.79363, -1.65, 5.65596, 3.8712, -2.06164, 1.83413, 8.09117, -2.12974, -4.1921, -0.558048, -3.28433, -1.00263, 4.41884, 7.1797, 6.33354, 1.61764, -4.70443, 1.80339, 5.10336, ... ]
X at t=0.54:
[ 5.65282, 7.15917, 0.0528005, 4.69086, 1.64686, -4.77224, -1.08959, 1.00915, 0.833268, 0.645275, 9.32701, 2.25274, -0.67188, 3.20841, 1.49936, 1.8988, 6.69728, 4.59569, -1.60004, 5.69248, 3.88626, -2.11027, 1.80811, 8.08606, -2.50025, -3.87284, -0.435923, -3.18685, -1.07012, 4.34525, 7.5049, 6.12286, 0.936032, -4.63498, 1.68303, 5.27712, ... ]
X at t=0.55:
[ 5.58655, 7.23629, 0.0664636, 4.72047, 1.4847, -4.73452, -0.973083, 1.02096, 0.922227, 0.791045, 9.32335, 2.1787, -0.719955, 3.26053, 1.64943, 2.0143, 6.76705, 4.39299, -1.55029, 5.72491, 3.89535, -2.16124, 1.78069, 8.07563, -2.83781, -3.52967, -0.334756, -3.08551, -1.12621, 4.26352, 7.81373, 5.85921, 0.275688, -4.53565, 1.52884, 5.43915, ... ]
X at t=0.56:
[ 5.526, 7.30922, 0.0859935, 4.74867, 1.324, -4.68681, -0.866222, 1.0385, 1.01094, 0.942535, 9.32023, 2.0875, -0.761385, 3.31069, 1.80467, 2.13424, 6.83217, 4.18534, -1.50052, 5.7535, 3.89837, -2.21421, 1.75178, 8.06074, -3.14066, -3.16605, -0.250329, -2.98161, -1.17158, 4.17492, 8.10341, 5.54279, -0.353299, -4.40919, 1.34592, 5.58642, ... ]
X at t=0.57:
[ 5.47151, 7.37817, 0.110951, 4.77506, 1.16502, -4.62965, -0.768967, 1.06134, 1.09967, 1.09959, 9.31701, 1.97945, -0.795363, 3.3585, 1.96505, 2.25876, 6.89171, 3.97258, -1.45048, 5.77854, 3.89523, -2.26884, 1.7213, 8.04224, -3.40743, -2.78544, -0.178439, -2.87616, -1.20686, 4.08072, 8.37158, 5.17526, -0.941189, -4.25909, 1.14023, 5.71649, ... ]
X at t=0.58:
[ 5.42337, 7.44332, 0.140821, 4.79925, 1.00806, -4.56356, -0.681181, 1.089, 1.1887, 1.26207, 9.31297, 1.85495, -0.821121, 3.40364, 2.13048, 2.38795, 6.94468, 3.75461, -1.39985, 5.80026, 3.88586, -2.3248, 1.68914, 8.02097, -3.63713, -2.39126, -0.115052, -2.76995, -1.23262, 3.98225, 8.61629, 4.75973, -1.47897, -4.08955, 0.918202, 5.82755, ... ]
X at t=0.59:
[ 5.38183, 7.50486, 0.175017, 4.82083, 0.853419, -4.48902, -0.602641, 1.12103, 1.27831, 1.42982, 9.30727, 1.71452, -0.837938, 3.44582, 2.30084, 2.5219, 6.99001, 3.53138, -1.3483, 5.81894, 3.87019, -2.38174, 1.65521, 7.99775, -3.82911, -1.98692, -0.0564222, -2.66362, -1.24935, 3.88082, 8.83612, 4.30068, -1.9587, -3.90534, 0.686431, 5.91842, ... ]
X at t=0.6:
[ 5.3471, 7.56295, 0.212888, 4.83943, 0.701417, -4.40649, -0.533038, 1.15691, 1.3688, 1.60272, 9.29897, 1.55875, -0.845136, 3.48485, 2.47594, 2.6606, 7.02655, 3.30295, -1.29547, 5.83484, 3.84817, -2.43935, 1.61938, 7.97336, -3.98308, -1.57585, 0.00080514, -2.55768, -1.25752, 3.77772, 9.03012, 3.80385, -2.37378, -3.71163, 0.451257, 5.9885, ... ]
X at t=0.61:
[ 5.31936, 7.6177, 0.253724, 4.85472, 0.552407, -4.3164, -0.47198, 1.19616, 1.46045, 1.78062, 9.28702, 1.38835, -0.84209, 3.52061, 2.65558, 2.80404, 7.05307, 3.06943, -1.24099, 5.84821, 3.81973, -2.49729, 1.58152, 7.94852, -4.09904, -1.16142, 0.0595144, -2.45261, -1.25754, 3.67424, 9.19786, 3.27605, -2.71916, -3.51371, 0.218459, 6.03773, ... ]
X at t=0.62:
[ 5.29876, 7.66921, 0.296761, 4.86639, 0.406764, -4.21915, -0.419005, 1.2383, 1.55358, 1.96338, 9.27026, 1.20413, -0.82823, 3.55312, 2.83947, 2.95209, 7.06825, 2.83106, -1.18449, 5.85934, 3.78481, -2.55525, 1.54148, 7.92394, -4.17729, -0.74697, 0.122066, -2.3489, -1.24981, 3.57162, 9.3394, 2.72486, -2.9914, -3.31673, -0.00699069, 6.06647, ... ]
X at t=0.63:
[ 5.28542, 7.71752, 0.341195, 4.87421, 0.264884, -4.11515, -0.373579, 1.28287, 1.64849, 2.15086, 9.24746, 1.00701, -0.803054, 3.58253, 3.02732, 3.10453, 7.07074, 2.58818, -1.12564, 5.86853, 3.74338, -2.61293, 1.4991, 7.90024, -4.21839, -0.335726, 0.190264, -2.24704, -1.23473, 3.47103, 9.45522, 2.15843, -3.18872, -3.12539, -0.221083, 6.07543, ... ]
X at t=0.64:
[ 5.27943, 7.76267, 0.386182, 4.878, 0.127186, -4.00478, -0.335109, 1.32944, 1.74549, 2.3429, 9.21725, 0.798026, -0.766135, 3.60915, 3.21879, 3.26107, 7.05908, 2.34127, -1.06412, 5.87607, 3.69537, -2.67002, 1.45421, 7.87798, -4.22313, 0.0692137, 0.26534, -2.14757, -1.21269, 3.37357, 9.5462, 1.58511, -3.31088, -2.94365, -0.420817, 6.06553, ... ]
X at t=0.65:
[ 5.28086, 7.8046, 0.430856, 4.87766, -0.00589376, -3.88844, -0.302949, 1.37761, 1.84489, 2.5393, 9.17822, 0.578315, -0.717147, 3.63344, 3.41351, 3.42123, 7.03182, 2.09095, -0.999679, 5.8823, 3.64073, -2.72624, 1.4066, 7.85766, -4.19251, 0.464936, 0.34796, -2.05109, -1.18412, 3.28026, 9.61351, 1.01325, -3.35908, -2.77452, -0.604154, 6.03787, ... ]
X at t=0.66:
[ 5.28976, 7.84324, 0.474332, 4.87315, -0.133905, -3.76653, -0.276407, 1.42703, 1.947, 2.73986, 9.12885, 0.349127, -0.655875, 3.65606, 3.61112, 3.58442, 6.98745, 1.838, -0.932153, 5.88756, 3.57941, -2.7813, 1.35608, 7.8397, -4.12768, 0.848747, 0.438246, -1.95824, -1.14945, 3.19201, 9.6586, 0.450918, -3.33575, -2.61995, -0.769899, 5.99362, ... ]
X at t=0.67:
[ 5.30616, 7.87846, 0.515722, 4.86456, -0.25639, -3.63946, -0.254761, 1.47739, 2.05213, 2.94432, 9.06755, 0.111818, -0.582244, 3.67784, 3.81122, 3.74985, 6.92446, 1.58335, -0.861461, 5.89221, 3.51139, -2.83492, 1.30242, 7.82445, -4.02996, 1.21821, 0.535812, -1.86966, -1.10914, 3.10961, 9.68307, -0.0943198, -3.24443, -2.48076, -0.917524, 5.93404, ... ]
X at t=0.68:
[ 5.33007, 7.91008, 0.554142, 4.85203, -0.372886, -3.50764, -0.23726, 1.5284, 2.16058, 3.15238, 8.99269, -0.132155, -0.496344, 3.6998, 4.01342, 3.91653, 6.8414, 1.32811, -0.787647, 5.89662, 3.43662, -2.88684, 1.24541, 7.81216, -3.90075, 1.57117, 0.63981, -1.786, -1.06367, 3.03375, 9.68864, -0.615545, -3.08952, -2.35666, -1.04699, 5.86043, ... ]
X at t=0.69:
[ 5.36148, 7.93785, 0.588727, 4.83582, -0.482938, -3.3715, -0.22314, 1.57986, 2.27263, 3.36369, 8.90258, -0.381247, -0.398457, 3.72312, 4.21736, 4.08324, 6.73684, 1.07358, -0.710887, 5.90119, 3.35509, -2.93679, 1.18481, 7.80299, -3.74155, 1.90577, 0.748991, -1.70784, -1.01354, 2.965, 9.67708, -1.10663, -2.87617, -2.2464, -1.15854, 5.77414, ... ]
X at t=0.7:
[ 5.40035, 7.96147, 0.618644, 4.81629, -0.5861, -3.23149, -0.211635, 1.63157, 2.38855, 3.57779, 8.79553, -0.633832, -0.289091, 3.74916, 4.42268, 4.24853, 6.60952, 0.821209, -0.631507, 5.90629, 3.26681, -2.98449, 1.12038, 7.79704, -3.55393, 2.22044, 0.861768, -1.63573, -0.959262, 2.9038, 9.65016, -1.56232, -2.61009, -2.14795, -1.25261, 5.67657, ... ]
X at t=0.71:
[ 5.44666, 7.98058, 0.643099, 4.7939, -0.681945, -3.08809, -0.201983, 1.6834, 2.50859, 3.79417, 8.66983, -0.888223, -0.169002, 3.77941, 4.62905, 4.41066, 6.45829, 0.572631, -0.549996, 5.9123, 3.17182, -3.0297, 1.05192, 7.79427, -3.33946, 2.51393, 0.976286, -1.57005, -0.901331, 2.85049, 9.60962, -1.9783, -2.29743, -2.05866, -1.32963, 5.56921, ... ]
X at t=0.72:
[ 5.50034, 7.99475, 0.661359, 4.7692, -0.770071, -2.94176, -0.193439, 1.73527, 2.63299, 4.0122, 8.52382, -1.14268, -0.0392297, 3.81547, 4.83617, 4.56761, 6.28226, 0.329629, -0.467004, 5.91956, 3.07019, -3.07213, 0.979184, 7.79458, -3.09977, 2.78525, 1.0905, -1.51107, -0.840252, 2.80532, 9.55711, -2.35118, -1.94467, -1.97555, -1.39005, 5.45365, ... ]
X at t=0.73:
[ 5.56129, 8.00349, 0.672757, 4.74281, -0.850104, -2.79299, -0.185281, 1.78712, 2.76196, 4.23114, 8.35585, -1.39545, 0.0988868, 3.85897, 5.04379, 4.71709, 6.08081, 0.0941231, -0.383342, 5.92841, 2.96204, -3.11152, 0.90199, 7.79775, -2.83646, 3.03364, 1.20224, -1.4589, -0.77651, 2.76842, 9.49421, -2.67854, -1.55848, -1.89549, -1.43427, 5.33156, ... ]
X at t=0.74:
[ 5.62943, 8.00624, 0.67671, 4.71547, -0.92171, -2.64227, -0.176825, 1.83894, 2.89566, 4.45011, 8.16439, -1.64475, 0.243689, 3.91157, 5.25165, 4.85649, 5.85366, -0.131858, -0.299964, 5.93909, 2.84755, -3.14758, 0.820163, 7.80347, -2.55113, 3.25859, 1.3093, -1.41345, -0.710572, 2.73985, 9.42239, -2.95886, -1.1456, -1.81544, -1.4627, 5.20475, ... ]
X at t=0.75:
[ 5.70462, 8.00237, 0.672729, 4.68794, -0.984589, -2.49012, -0.167426, 1.89077, 3.03426, 4.6681, 7.948, -1.88883, 0.393194, 3.97486, 5.45955, 4.98294, 5.60096, -0.346215, -0.217942, 5.9518, 2.72694, -3.18, 0.733565, 7.81131, -2.2454, 3.45972, 1.40948, -1.37445, -0.642883, 2.71962, 9.343, -3.19149, -0.712769, -1.73258, -1.47575, 5.07507, ... ]
X at t=0.76:
[ 5.7867, 7.99118, 0.660431, 4.66108, -1.03848, -2.33703, -0.156486, 1.94265, 3.17787, 4.88391, 7.7054, -2.12594, 0.545096, 4.05032, 5.66726, 5.0933, 5.32334, -0.546825, -0.138427, 5.96668, 2.60053, -3.20846, 0.642104, 7.82076, -1.92086, 3.63683, 1.5007, -1.34143, -0.573865, 2.70763, 9.2573, -3.37659, -0.266553, -1.64451, -1.47393, 4.94446, ... ]
X at t=0.77:
[ 5.8755, 7.97193, 0.639551, 4.63575, -1.08318, -2.18349, -0.143465, 1.99469, 3.32656, 5.0962, 7.4355, -2.3544, 0.696784, 4.1392, 5.87455, 5.18421, 5.02198, -0.731598, -0.0626023, 5.98375, 2.46871, -3.23265, 0.545743, 7.83121, -1.5791, 3.78975, 1.581, -1.31375, -0.503915, 2.70377, 9.16645, -3.51503, 0.186728, -1.54928, -1.4579, 4.81485, ... ]
X at t=0.78:
[ 5.97078, 7.94379, 0.609951, 4.61283, -1.11851, -2.02998, -0.127875, 2.04699, 3.48037, 5.30343, 7.13742, -2.57255, 0.845374, 4.24248, 6.08115, 5.25213, 4.69865, -0.89854, 0.00837964, 6.00297, 2.33195, -3.25219, 0.44451, 7.84193, -1.22173, 3.9184, 1.64865, -1.29063, -0.433409, 2.70787, 9.07148, -3.60834, 0.64112, -1.44547, -1.42849, 4.68814, ... ]
X at t=0.79:
[ 6.07229, 7.90587, 0.571629, 4.59323, -1.14432, -1.87699, -0.109294, 2.09971, 3.6393, 5.50386, 6.81057, -2.77881, 0.987756, 4.3608, 6.28671, 5.29342, 4.35576, -1.04583, 0.0734612, 6.02417, 2.19081, -3.26672, 0.338512, 7.85214, -0.850374, 4.02268, 1.70218, -1.2711, -0.362703, 2.71972, 8.97338, -3.6586, 1.09114, -1.33222, -1.3867, 4.56612, ... ]
X at t=0.8:
[ 6.17972, 7.85723, 0.524723, 4.57778, -1.16053, -1.72497, -0.0873595, 2.153, 3.80328, 5.69556, 6.45469, -2.97161, 1.12066, 4.49434, 6.49077, 5.30441, 3.99639, -1.17189, 0.13175, 6.04715, 2.04593, -3.27585, 0.227941, 7.86094, -0.466713, 4.1025, 1.74042, -1.25413, -0.292132, 2.73907, 8.87302, -3.66836, 1.53183, -1.20922, -1.33378, 4.45044, ... ]
X at t=0.81:
[ 6.29269, 7.79691, 0.469518, 4.56729, -1.16707, -1.57435, -0.0617726, 2.20706, 3.9722, 5.87642, 6.06984, -3.14947, 1.24073, 4.64281, 6.69273, 5.28152, 3.62427, -1.27548, 0.182586, 6.0716, 1.89802, -3.27918, 0.113084, 7.8674, -0.0724751, 4.15771, 1.76255, -1.23861, -0.222011, 2.76567, 8.77123, -3.64049, 1.95886, -1.07665, -1.2711, 4.34253, ... ]
X at t=0.82:
[ 6.4108, 7.72386, 0.406446, 4.56249, -1.16388, -1.42557, -0.0322968, 2.26208, 4.14588, 6.0441, 5.65653, -3.31089, 1.34463, 4.80534, 6.89184, 5.22136, 3.24377, -1.35578, 0.225598, 6.09719, 1.74787, -3.27632, -0.00566649, 7.87051, 0.330532, 4.18812, 1.76812, -1.22337, -0.152635, 2.79921, 8.66875, -3.57817, 2.36856, -0.935141, -1.20021, 4.2436, ... ]
X at t=0.83:
[ 6.53354, 7.63704, 0.336085, 4.56398, -1.15096, -1.27902, 0.00124293, 2.31829, 4.32409, 6.19613, 5.21572, -3.45442, 1.42917, 4.9805, 7.08712, 5.12091, 2.85985, -1.41244, 0.260748, 6.12354, 1.59631, -3.26686, -0.127812, 7.86923, 0.740409, 4.19352, 1.75709, -1.20726, -0.0842708, 2.83938, 8.5663, -3.48473, 2.75789, -0.785694, -1.12271, 4.15459, ... ]
X at t=0.84:
[ 6.66034, 7.53539, 0.259157, 4.57228, -1.12829, -1.13508, 0.0389629, 2.37593, 4.50651, 6.32985, 4.74886, -3.57858, 1.49137, 5.16626, 7.2774, 4.97761, 2.47795, -1.44568, 0.288353, 6.15029, 1.4442, -3.25044, -0.252745, 7.86253, 1.15515, 4.17366, 1.72982, -1.18919, -0.017154, 2.88584, 8.46453, -3.36359, 3.12451, -0.629622, -1.04025, 4.07615, ... ]
X at t=0.85:
[ 6.79054, 7.41784, 0.176524, 4.58772, -1.09589, -0.994139, 0.0809227, 2.43526, 4.69275, 6.44246, 4.25796, -3.6819, 1.52869, 5.36002, 7.46129, 4.78957, 2.10388, -1.45628, 0.30908, 6.17709, 1.29242, -3.22669, -0.379749, 7.84938, 1.57264, 4.12829, 1.68714, -1.16814, 0.0485205, 2.93823, 8.36406, -3.21819, 3.46671, -0.468456, -0.954414, 4.00868, ... ]
X at t=0.86:
[ 6.92339, 7.28333, 0.0891743, 4.6105, -1.0538, -0.856539, 0.127129, 2.49652, 4.88232, 6.5311, 3.74559, -3.7629, 1.53907, 5.55862, 7.63718, 4.55571, 1.74368, -1.44564, 0.323914, 6.20364, 1.14182, -3.19529, -0.508006, 7.82878, 1.99064, 4.05722, 1.63027, -1.14322, 0.112607, 2.9962, 8.26547, -3.05193, 3.78339, -0.303871, -0.86672, 3.95232, ... ]
X at t=0.87:
[ 7.05801, 7.13086, -0.00178207, 4.64061, -1.00204, -0.722632, 0.177538, 2.56001, 5.07465, 6.59283, 3.21495, -3.82012, 1.52112, 5.7585, 7.80329, 4.27588, 1.40346, -1.41568, 0.334104, 6.22971, 0.993212, -3.15597, -0.636606, 7.79982, 2.40683, 3.96036, 1.56086, -1.11368, 0.175019, 3.05937, 8.1693, -2.8681, 4.074, -0.137615, -0.778535, 3.90696, ... ]
X at t=0.88:
[ 7.19342, 6.95946, -0.0951306, 4.67788, -0.940684, -0.592755, 0.23206, 2.626, 5.26905, 6.62475, 2.66982, -3.85215, 1.47425, 5.95572, 7.95773, 3.95102, 1.08918, -1.36885, 0.341082, 6.2551, 0.847355, -3.1085, -0.764561, 7.7617, 2.8188, 3.83774, 1.48094, -1.07896, 0.235734, 3.12738, 8.07605, -2.66981, 4.33846, 0.0285605, -0.691056, 3.87233, ... ]
X at t=0.89:
[ 7.3285, 6.76826, -0.189566, 4.72193, -0.869817, -0.467245, 0.290562, 2.69479, 5.46473, 6.62403, 2.1146, -3.85769, 1.39873, 6.14622, 8.0985, 3.58322, 0.806499, -1.30792, 0.346368, 6.27969, 0.70493, -3.05272, -0.890822, 7.71375, 3.22406, 3.68965, 1.39291, -1.0387, 0.294804, 3.19987, 7.98619, -2.46004, 4.57711, 0.192957, -0.605278, 3.84798, ... ]
X at t=0.9:
[ 7.462, 6.5565, -0.283708, 4.77218, -0.789559, -0.34643, 0.352875, 2.76668, 5.66078, 6.58801, 1.55423, -3.83566, 1.2958, 6.32593, 8.22364, 3.17577, 0.560558, -1.23592, 0.351479, 6.30343, 0.566537, -2.98851, -1.0143, 7.65546, 3.62014, 3.5166, 1.29946, -0.992739, 0.352354, 3.27648, 7.90016, -2.24151, 4.79063, 0.353979, -0.521992, 3.83337, ... ]
X at t=0.91:
[ 7.59252, 6.32355, -0.376122, 4.82789, -0.700076, -0.230638, 0.418791, 2.84196, 5.85616, 6.51425, 0.994153, -3.78529, 1.16766, 6.49101, 8.33127, 2.73314, 0.355818, -1.15586, 0.357834, 6.32629, 0.432687, -2.91586, -1.13387, 7.58651, 4.00457, 3.31947, 1.2035, -0.941126, 0.408581, 3.3569, 7.81834, -2.01677, 4.97995, 0.510171, -0.441774, 3.82785, ... ]
X at t=0.92:
[ 7.71848, 6.06895, -0.465337, 4.88813, -0.601596, -0.120189, 0.488077, 2.92092, 6.0497, 6.40067, 0.440214, -3.70624, 1.01751, 6.63803, 8.41971, 2.26085, 0.195907, -1.0706, 0.366686, 6.34828, 0.303805, -2.83478, -1.24844, 7.5068, 4.37498, 3.09946, 1.10809, -0.884086, 0.463748, 3.44083, 7.74106, -1.78812, 5.14621, 0.660246, -0.365006, 3.83076, ... ]
X at t=0.93:
[ 7.83817, 5.79243, -0.549865, 4.95183, -0.494415, -0.0153956, 0.560472, 3.00386, 6.24011, 6.24561, -0.101472, -3.59875, 0.849384, 6.7642, 8.48752, 1.7654, 0.0834997, -0.982609, 0.379073, 6.36941, 0.180238, -2.74537, -1.35693, 7.41643, 4.72913, 2.8582, 1.01637, -0.822008, 0.518174, 3.528, 7.66864, -1.55764, 5.29069, 0.803106, -0.291881, 3.84139, ... ]
X at t=0.94:
[ 7.94968, 5.49396, -0.628228, 5.01782, -0.37892, 0.0834454, 0.635694, 3.09105, 6.42595, 6.04792, -0.624666, -3.46375, 0.668059, 6.86754, 8.53358, 1.25399, 0.020233, -0.893791, 0.395803, 6.38971, 0.062265, -2.64779, -1.45829, 7.31578, 5.06498, 2.5977, 0.931457, -0.755397, 0.572219, 3.6182, 7.60129, -1.32721, 5.41474, 0.937853, -0.222433, 3.85906, ... ]
X at t=0.95:
[ 8.05096, 5.17379, -0.698976, 5.08484, -0.255596, 0.176057, 0.713449, 3.18276, 6.60564, 5.80703, -1.12318, -3.30298, 0.478826, 6.94695, 8.55714, 0.734289, 0.00666059, -0.805357, 0.417457, 6.40919, -0.0498965, -2.54227, -1.55157, 7.2054, 5.38073, 2.32038, 0.856317, -0.684832, 0.62627, 3.71122, 7.53921, -1.0985, 5.51974, 1.06379, -0.156557, 3.88313, ... ]
X at t=0.96:
[ 8.13978, 4.83243, -0.760718, 5.15159, -0.125038, 0.262194, 0.79343, 3.27922, 6.77748, 5.52305, -1.59107, -3.11901, 0.287241, 7.0023, 8.55788, 0.21414, 0.0422447, -0.717735, 0.44443, 6.42783, -0.156077, -2.4291, -1.63588, 7.08611, 5.6749, 2.02902, 0.793718, -0.610911, 0.680722, 3.80694, 7.48252, -0.873013, 5.60707, 1.18043, -0.0940336, 3.91298, ... ]
X at t=0.97:
[ 8.21376, 4.47074, -0.812147, 5.21681, 0.0120401, 0.341651, 0.875329, 3.38063, 6.93965, 5.1968, -2.02278, -2.91527, 0.0988386, 7.0344, 8.53583, -0.298735, 0.125384, -0.630553, 0.476969, 6.44561, -0.256151, -2.30864, -1.71045, 6.9589, 5.9463, 1.72671, 0.746124, -0.534193, 0.735966, 3.90524, 7.43127, -0.65207, 5.67807, 1.28747, -0.0345572, 3.94805, ... ]
X at t=0.98:
[ 8.27036, 4.08993, -0.852072, 5.27929, 0.154807, 0.414274, 0.95884, 3.48716, 7.09021, 4.82981, -2.41335, -2.69599, -0.0811563, 7.04493, 8.49143, -0.797028, 0.253477, -0.542687, 0.515226, 6.46247, -0.35003, -2.18129, -1.77461, 6.82496, 6.19414, 1.41677, 0.715625, -0.455148, 0.79237, 4.00606, 7.38547, -0.436856, 5.73405, 1.3848, 0.0222424, 3.98786, ... ]

Final state:
X at t=0.99:
[ 8.30694, 3.6916, -0.879454, 5.33795, 0.302319, 0.479969, 1.04366, 3.59894, 7.22712, 4.42437, -2.75853, -2.46603, -0.248099, 7.03623, 8.42544, -1.2741, 0.423012, -0.452362, 0.559303, 6.47831, -0.437663, -2.04751, -1.82781, 6.6856, 6.41795, 1.10271, 0.703877, -0.374111, 0.850273, 4.10937, 7.34504, -0.228426, 5.77621, 1.47247, 0.0767782, 4.03195, ... ]
