
Lmod is automatically replacing "craype-x86-rome" with "craype-x86-trento".

Lorenz96(k=100000, F=8, dt=0.01, t_max=1)
 - warming up the simulation for 10
 - running ensemble of size 1 with initial perturbation N(0.0, 0.001)
 - compressing every 1-th model state online on the GPU with ZFP(fixed_rate=16)
 - saving config file to 'output/config_5030231.json'
 - saving performance file to 'performance/perf_5030231'

Initial state:
X at t=0:
[ 6.00049, 0.438965, 2.06494, 1.09717, 2.50781, 6.80469, 3.71094, -8.36719, 1.18262, 2.18848, 7.69824, 5.08691, 2.71826, 0.11377, -4.3501, 0.998535, 3.6748, 8.18066, 3.69824, 2.32129, 2.94141, -5.83203, -0.207031, -0.214844, 1.99707, 8.31152, 8.8877, -2.18066, -0.437988, -4.53467, -0.990723, 2.95947, 6.77344, 3.17188, 4.61133, 6.01367, ... ]

X at t=0.01:
[ 6.11328, 0.5, 2.09961, 1.20898, 2.61719, 6.875, 3.00781, -8.39062, 1.33691, 2.45215, 7.79004, 5.13184, 2.37842, -0.0463867, -4.229, 0.908691, 3.83691, 8.28027, 3.61426, 2.18262, 2.7793, -5.75977, 0.0488281, -0.138672, 2.03809, 8.48926, 8.50293, -2.82715, -0.0263672, -4.41113, -1.04199, 2.89355, 6.90869, 3.33545, 4.61377, 5.8374, ... ]
X at t=0.02:
[ 6.20459, 0.58252, 2.13232, 1.32275, 2.73242, 6.92383, 2.29492, -8.37305, 1.41016, 2.73047, 7.88672, 5.12891, 2.0293, -0.169922, -4.10742, 0.810547, 3.9834, 8.38379, 3.50684, 2.04004, 2.63477, -5.67383, 0.287109, -0.0449219, 2.08887, 8.65723, 8.05371, -3.40918, 0.446777, -4.28076, -1.06689, 2.82275, 7.04639, 3.50439, 4.60498, 5.64502, ... ]
X at t=0.03:
[ 6.27832, 0.68457, 2.15918, 1.43652, 2.84766, 6.94922, 1.58203, -8.31641, 1.39941, 3.01074, 7.99707, 5.07715, 1.67383, -0.256836, -3.98438, 0.709961, 4.12012, 8.48926, 3.37402, 1.89941, 2.51221, -5.57861, 0.506348, 0.0639648, 2.14648, 8.81445, 7.55273, -3.91992, 0.959961, -4.13965, -1.06348, 2.75098, 7.18457, 3.67871, 4.58105, 5.43848, ... ]
X at t=0.04:
[ 6.33643, 0.804199, 2.18213, 1.54834, 2.96777, 6.9541, 0.870117, -8.22168, 1.30908, 3.28076, 8.11182, 4.97412, 1.31885, -0.308105, -3.86279, 0.60791, 4.24023, 8.5957, 3.2168, 1.75977, 2.40674, -5.47314, 0.709473, 0.188965, 2.21289, 8.96289, 7.00195, -4.35742, 1.49805, -3.98047, -1.0332, 2.68359, 7.32275, 3.85693, 4.5415, 5.22021, ... ]
X at t=0.05:
[ 6.38721, 0.935059, 2.19775, 1.65967, 3.09375, 6.93359, 0.164062, -8.08984, 1.14355, 3.52832, 8.2334, 4.82129, 0.972412, -0.324951, -3.74341, 0.506104, 4.3457, 8.69727, 3.04102, 1.62695, 2.31641, -5.35938, 0.894531, 0.328125, 2.29199, 9.09863, 6.39746, -4.71777, 2.04126, -3.79907, -0.977295, 2.62378, 7.46094, 4.03711, 4.48438, 4.99023, ... ]
X at t=0.06:
[ 6.42871, 1.0752, 2.20996, 1.77051, 3.22559, 6.88379, -0.52832, -7.91699, 0.907227, 3.74121, 8.36426, 4.62012, 0.637695, -0.30957, -3.62598, 0.407227, 4.43555, 8.79883, 2.8418, 1.50195, 2.24463, -5.23877, 1.06299, 0.478027, 2.37988, 9.22168, 5.75879, -5.00879, 2.57373, -3.59131, -0.898926, 2.57275, 7.59814, 4.21631, 4.40869, 4.75342, ... ]
X at t=0.07:
[ 6.46484, 1.22266, 2.21484, 1.87891, 3.36035, 6.80371, -1.19824, -7.70801, 0.611328, 3.9043, 8.50195, 4.37305, 0.321045, -0.265381, -3.51001, 0.313721, 4.5127, 8.89746, 2.62598, 1.38574, 2.18604, -5.11377, 1.21924, 0.638184, 2.48047, 9.32812, 5.08203, -5.22656, 3.08081, -3.35522, -0.801025, 2.53247, 7.73389, 4.39307, 4.31396, 4.51221, ... ]
X at t=0.08:
[ 6.49805, 1.37305, 2.21289, 1.98633, 3.49609, 6.69922, -1.84766, -7.45703, 0.268555, 4.0166, 8.64355, 4.08691, 0.0263672, -0.196289, -3.39551, 0.225586, 4.58105, 8.98926, 2.38965, 1.28223, 2.14502, -4.98291, 1.35791, 0.808105, 2.59375, 9.41797, 4.375, -5.37891, 3.55005, -3.09106, -0.687256, 2.50366, 7.86719, 4.56445, 4.19922, 4.27148, ... ]
X at t=0.09:
[ 6.52979, 1.521, 2.20361, 2.09326, 3.63184, 6.55957, -2.46582, -7.16309, -0.109375, 4.07031, 8.78906, 3.76562, -0.240479, -0.106201, -3.28247, 0.144775, 4.63672, 9.07422, 2.14453, 1.19141, 2.11523, -4.84961, 1.48242, 0.986328, 2.71777, 9.48535, 3.65137, -5.47168, 3.9707, -2.7998, -0.564453, 2.48926, 7.99902, 4.72754, 4.06152, 4.03223, ... ]
X at t=0.1:
[ 6.56445, 1.66602, 2.18945, 2.19727, 3.7666, 6.39355, -3.05371, -6.8252, -0.504883, 4.05957, 8.94043, 3.41895, -0.477783, -0.00170898, -3.17017, 0.0715332, 4.68262, 9.15332, 1.88184, 1.11816, 2.09473, -4.71191, 1.59473, 1.1709, 2.85254, 9.53418, 2.91113, -5.5166, 4.33447, -2.48291, -0.437012, 2.48779, 8.12988, 4.87793, 3.90332, 3.7998, ... ]
X at t=0.11:
[ 6.59814, 1.80615, 2.17041, 2.30029, 3.90234, 6.19531, -3.59766, -6.44531, -0.908203, 3.98633, 9.08789, 3.05273, -0.682129, 0.114746, -3.05908, 0.00732422, 4.71875, 9.22266, 1.60938, 1.06641, 2.08398, -4.57227, 1.69727, 1.36133, 3.00488, 9.55762, 2.15723, -5.50879, 4.6377, -2.14746, -0.307617, 2.50098, 8.25879, 5.01465, 3.72363, 3.57324, ... ]
X at t=0.12:
[ 6.63135, 1.93896, 2.14893, 2.40186, 4.03516, 5.96484, -4.09766, -6.02734, -1.30176, 3.85645, 9.2334, 2.67285, -0.852051, 0.237793, -2.94775, -0.0493164, 4.74707, 9.28027, 1.33301, 1.03027, 2.08105, -4.43262, 1.78809, 1.55566, 3.16406, 9.55469, 1.39844, -5.46094, 4.87598, -1.7959, -0.182617, 2.52832, 8.38867, 5.13477, 3.52148, 3.36133, ... ]
X at t=0.13:
[ 6.66895, 2.06348, 2.12207, 2.50098, 4.16455, 5.7085, -4.55225, -5.5708, -1.67676, 3.67285, 9.37012, 2.29004, -0.986328, 0.364258, -2.83691, -0.0976562, 4.77148, 9.32617, 1.05273, 1.01367, 2.0835, -4.29053, 1.8667, 1.7583, 3.33594, 9.52344, 0.640625, -5.375, 5.0498, -1.43457, -0.0634766, 2.56934, 8.51758, 5.23633, 3.29492, 3.16211, ... ]
X at t=0.14:
[ 6.70703, 2.18164, 2.09375, 2.59961, 4.28906, 5.42188, -4.95312, -5.08594, -2.02246, 3.44434, 9.49707, 1.91699, -1.08521, 0.490479, -2.72485, -0.137451, 4.78711, 9.36133, 0.771484, 1.01758, 2.08936, -4.1499, 1.93896, 1.96533, 3.51953, 9.45703, -0.113281, -5.25391, 5.15869, -1.0708, 0.0473633, 2.62256, 8.64746, 5.31348, 3.0498, 2.98145, ... ]
X at t=0.15:
[ 6.75049, 2.29248, 2.06104, 2.69678, 4.41113, 5.1084, -5.30371, -4.5752, -2.33105, 3.17871, 9.61035, 1.55762, -1.15039, 0.614258, -2.61328, -0.168945, 4.80078, 9.38672, 0.488281, 1.04297, 2.1001, -4.0083, 2.00049, 2.17334, 3.71582, 9.35059, -0.858398, -5.09863, 5.20703, -0.708984, 0.148438, 2.68555, 8.7793, 5.36133, 2.79102, 2.81836, ... ]
X at t=0.16:
[ 6.79834, 2.39893, 2.02686, 2.7915, 4.52734, 4.77344, -5.60547, -4.04688, -2.59277, 2.88574, 9.70801, 1.21777, -1.18359, 0.732422, -2.5, -0.193359, 4.81152, 9.39941, 0.209961, 1.08691, 2.11304, -3.8689, 2.05347, 2.38794, 3.9248, 9.2041, -1.58691, -4.91699, 5.2002, -0.352539, 0.239258, 2.75684, 8.91113, 5.38184, 2.5127, 2.67871, ... ]
X at t=0.17:
[ 6.84912, 2.50244, 1.98779, 2.8833, 4.63574, 4.41504, -5.85254, -3.51074, -2.80762, 2.57324, 9.79004, 0.905273, -1.18555, 0.845703, -2.38672, -0.210938, 4.82129, 9.40137, -0.0615234, 1.15137, 2.12817, -3.73071, 2.0979, 2.6062, 4.13867, 9.01367, -2.29102, -4.71289, 5.14404, -0.00732422, 0.321777, 2.83447, 9.04492, 5.36914, 2.22852, 2.56055, ... ]
X at t=0.18:
[ 6.90088, 2.60303, 1.9458, 2.97607, 4.7373, 4.03223, -6.04785, -2.97168, -2.9707, 2.25195, 9.85742, 0.626953, -1.1626, 0.952637, -2.2749, -0.220215, 4.82715, 9.3877, -0.321289, 1.23145, 2.14624, -3.59351, 2.1355, 2.82544, 4.35742, 8.7793, -2.9707, -4.48633, 5.04395, 0.323242, 0.395508, 2.91699, 9.17676, 5.32324, 1.93066, 2.46777, ... ]
X at t=0.19:
[ 6.95898, 2.70117, 1.9043, 3.06836, 4.82715, 3.6377, -6.19238, -2.44434, -3.08301, 1.93066, 9.90918, 0.383789, -1.11584, 1.05334, -2.16321, -0.222534, 4.83203, 9.36328, -0.574219, 1.33203, 2.16528, -3.45825, 2.16626, 3.04663, 4.5835, 8.49268, -3.62158, -4.24365, 4.90723, 0.637695, 0.461914, 3.00488, 9.30762, 5.24316, 1.62793, 2.39941, ... ]
X at t=0.2:
[ 7.01855, 2.80176, 1.8584, 3.15723, 4.91016, 3.22656, -6.29297, -1.92969, -3.14746, 1.6123, 9.9502, 0.178711, -1.04944, 1.14807, -2.05286, -0.218628, 4.83984, 9.32812, -0.8125, 1.44922, 2.18652, -3.32715, 2.19043, 3.27051, 4.81055, 8.1543, -4.23633, -3.98633, 4.74463, 0.933105, 0.523926, 3.09521, 9.4375, 5.125, 1.32812, 2.35938, ... ]
X at t=0.21:
[ 7.07422, 2.90234, 1.8125, 3.24219, 4.97705, 2.80615, -6.34912, -1.44189, -3.16992, 1.31445, 9.97852, 0.00976562, -0.967285, 1.23682, -1.94287, -0.209473, 4.84668, 9.28223, -1.03613, 1.5791, 2.20996, -3.19824, 2.20996, 3.49707, 5.03516, 7.76562, -4.80859, -3.71875, 4.56348, 1.20801, 0.583008, 3.18848, 9.56348, 4.97168, 1.03223, 2.33887, ... ]
X at t=0.22:
[ 7.12891, 3.00781, 1.76172, 3.32812, 5.03418, 2.37793, -6.36816, -0.985352, -3.15039, 1.0293, 9.99805, -0.119141, -0.873047, 1.32031, -1.83398, -0.195312, 4.85449, 9.22754, -1.24316, 1.72363, 2.23438, -3.07422, 2.22461, 3.72461, 5.25879, 7.32324, -5.33887, -3.44629, 4.37061, 1.46338, 0.638184, 3.28564, 9.68359, 4.77734, 0.746094, 2.33984, ... ]
X at t=0.23:
[ 7.18262, 3.11426, 1.70996, 3.40723, 5.07812, 1.94531, -6.35156, -0.5625, -3.09863, 0.762695, 10.0068, -0.209961, -0.770264, 1.40015, -1.72729, -0.176025, 4.86523, 9.1582, -1.43164, 1.87695, 2.26318, -2.95459, 2.23389, 3.95361, 5.46973, 6.82715, -5.81543, -3.17676, 4.17139, 1.69775, 0.696777, 3.38721, 9.79785, 4.5459, 0.473633, 2.3623, ... ]
X at t=0.24:
[ 7.23145, 3.22559, 1.65332, 3.4834, 5.11035, 1.51074, -6.30371, -0.176758, -3.01562, 0.519531, 10, -0.261719, -0.662354, 1.47583, -1.62231, -0.1521, 4.87988, 9.08105, -1.60449, 2.04199, 2.29102, -2.83789, 2.24023, 4.18164, 5.67383, 6.2793, -6.24023, -2.91602, 3.97314, 1.91357, 0.758301, 3.4917, 9.9082, 4.27539, 0.220703, 2.40039, ... ]
X at t=0.25:
[ 7.27539, 3.3457, 1.5957, 3.55664, 5.12646, 1.07666, -6.22705, 0.168457, -2.9082, 0.302734, 9.99023, -0.283203, -0.552979, 1.54907, -1.5188, -0.123779, 4.89453, 8.99609, -1.76172, 2.21484, 2.32373, -2.72803, 2.24365, 4.41064, 5.85645, 5.68262, -6.6084, -2.67285, 3.7793, 2.11328, 0.824219, 3.59961, 10.0049, 3.97168, -0.0146484, 2.45215, ... ]
X at t=0.26:
[ 7.31152, 3.46973, 1.53418, 3.62988, 5.13135, 0.647949, -6.12842, 0.474121, -2.78125, 0.109375, 9.97656, -0.273438, -0.444336, 1.61914, -1.41699, -0.0917969, 4.91504, 8.90137, -1.89746, 2.39355, 2.35938, -2.62109, 2.24219, 4.63672, 6.02148, 5.0332, -6.91602, -2.45117, 3.59229, 2.29834, 0.89502, 3.71045, 10.0918, 3.63477, -0.224609, 2.51367, ... ]
X at t=0.27:
[ 7.33887, 3.59863, 1.46777, 3.69629, 5.12207, 0.225586, -6.00684, 0.737305, -2.63965, -0.0634766, 9.95801, -0.231445, -0.339111, 1.68677, -1.31763, -0.0554199, 4.93652, 8.80176, -2.0166, 2.5752, 2.40137, -2.52051, 2.2373, 4.8623, 6.15723, 4.34668, -7.15918, -2.2666, 3.41553, 2.47119, 0.972168, 3.82471, 10.165, 3.26855, -0.405273, 2.58105, ... ]
X at t=0.28:
[ 7.35645, 3.7334, 1.39941, 3.76074, 5.09961, -0.1875, -5.86914, 0.960938, -2.48633, -0.212891, 9.93555, -0.166016, -0.239258, 1.75293, -1.21973, -0.0166016, 4.96191, 8.69043, -2.11621, 2.76074, 2.44775, -2.42432, 2.23096, 5.08545, 6.2627, 3.62793, -7.34277, -2.11816, 3.24658, 2.63232, 1.05713, 3.94287, 10.2227, 2.875, -0.554688, 2.65234, ... ]
X at t=0.29:
[ 7.36816, 3.87012, 1.33301, 3.81934, 5.06348, -0.588867, -5.71777, 1.14551, -2.32617, -0.341797, 9.9082, -0.0761719, -0.146973, 1.81787, -1.12451, 0.0258789, 4.9917, 8.57275, -2.19775, 2.9458, 2.49756, -2.3335, 2.22217, 5.30518, 6.33398, 2.88086, -7.46289, -2.00977, 3.08594, 2.78516, 1.14844, 4.06641, 10.2627, 2.45605, -0.670898, 2.72559, ... ]
X at t=0.3:
[ 7.37012, 4.0127, 1.26465, 3.87598, 5.01172, -0.978516, -5.55078, 1.29492, -2.16406, -0.453125, 9.88281, 0.03125, -0.0637207, 1.88013, -1.03052, 0.0715332, 5.02539, 8.45117, -2.26367, 3.13086, 2.55127, -2.25049, 2.21338, 5.521, 6.37012, 2.11035, -7.5166, -1.94824, 2.93164, 2.93164, 1.24805, 4.19336, 10.2871, 2.01758, -0.751953, 2.79102, ... ]
X at t=0.31:
[ 7.36035, 4.15918, 1.19238, 3.92871, 4.94922, -1.35156, -5.375, 1.41016, -1.99805, -0.541016, 9.85352, 0.154297, 0.00927734, 1.94189, -0.937988, 0.119629, 5.06592, 8.32666, -2.31494, 3.31299, 2.6084, -2.17285, 2.20215, 5.7334, 6.36035, 1.33496, -7.50293, -1.93457, 2.77832, 3.0752, 1.35645, 4.3252, 10.2842, 1.56348, -0.797852, 2.85645, ... ]
X at t=0.32:
[ 7.34375, 4.3125, 1.11719, 3.97656, 4.87305, -1.70898, -5.18945, 1.49414, -1.83203, -0.613281, 9.82422, 0.292969, 0.0714111, 2.00134, -0.847046, 0.170776, 5.10645, 8.19824, -2.35059, 3.49121, 2.66943, -2.10303, 2.19092, 5.94189, 6.30566, 0.561523, -7.4248, -1.96582, 2.62451, 3.21533, 1.47412, 4.46338, 10.2598, 1.0957, -0.810547, 2.91602, ... ]
X at t=0.33:
[ 7.31641, 4.46484, 1.04297, 4.01953, 4.78662, -2.04834, -4.99658, 1.55127, -1.66504, -0.670898, 9.79199, 0.442383, 0.121704, 2.05945, -0.756714, 0.223999, 5.15186, 8.06494, -2.37354, 3.66455, 2.73145, -2.04004, 2.18066, 6.14355, 6.20703, -0.203125, -7.28516, -2.03906, 2.46387, 3.35449, 1.60449, 4.60449, 10.209, 0.623047, -0.791016, 2.9668, ... ]
X at t=0.34:
[ 7.2793, 4.62305, 0.966797, 4.06055, 4.68945, -2.36719, -4.79883, 1.58203, -1.50586, -0.712891, 9.75977, 0.599609, 0.160034, 2.11682, -0.667603, 0.279419, 5.2002, 7.92871, -2.38184, 3.83105, 2.79688, -1.98047, 2.16797, 6.33594, 6.05762, -0.944336, -7.08691, -2.15137, 2.29834, 3.49072, 1.74561, 4.75049, 10.124, 0.149414, -0.731445, 3.0127, ... ]
X at t=0.35:
[ 7.2334, 4.77832, 0.889648, 4.09863, 4.58252, -2.6665, -4.59521, 1.59326, -1.35156, -0.738281, 9.72656, 0.761719, 0.186523, 2.17285, -0.579102, 0.336914, 5.25781, 7.78906, -2.38281, 3.99219, 2.86621, -1.92871, 2.15527, 6.52441, 5.85938, -1.65234, -6.82812, -2.29297, 2.12207, 3.62402, 1.89941, 4.90137, 10.0137, -0.322266, -0.642578, 3.05273, ... ]
X at t=0.36:
[ 7.17871, 4.93457, 0.81543, 4.13379, 4.46777, -2.94824, -4.3877, 1.58691, -1.2002, -0.75293, 9.69434, 0.922852, 0.201294, 2.22791, -0.489624, 0.396362, 5.31641, 7.64453, -2.37109, 4.14453, 2.93848, -1.88379, 2.1416, 6.70215, 5.60938, -2.31641, -6.51562, -2.45703, 1.93408, 3.75732, 2.06885, 5.05615, 9.86816, -0.790039, -0.518555, 3.08887, ... ]
X at t=0.37:
[ 7.11719, 5.08984, 0.742188, 4.16797, 4.34277, -3.20996, -4.17676, 1.56738, -1.05469, -0.757812, 9.66406, 1.08594, 0.204712, 2.2821, -0.400269, 0.458374, 5.37891, 7.49609, -2.35547, 4.29297, 3.00879, -1.84473, 2.12988, 6.87012, 5.31152, -2.92871, -6.16113, -2.63574, 1.7373, 3.88574, 2.25293, 5.21387, 9.6875, -1.24219, -0.367188, 3.125, ... ]
X at t=0.38:
[ 7.05176, 5.24512, 0.668945, 4.19824, 4.21289, -3.44922, -3.9668, 1.53516, -0.915039, -0.749023, 9.62793, 1.24707, 0.196899, 2.33582, -0.309448, 0.522827, 5.44629, 7.35059, -2.33105, 4.43262, 3.08203, -1.8125, 2.11719, 7.02734, 4.96924, -3.479, -5.76709, -2.81689, 1.52979, 4.01123, 2.45361, 5.37256, 9.47168, -1.67871, -0.188477, 3.16113, ... ]
X at t=0.39:
[ 6.97705, 5.3999, 0.592285, 4.22607, 4.07617, -3.66602, -3.75586, 1.49414, -0.78418, -0.727539, 9.59473, 1.40137, 0.178955, 2.3894, -0.218506, 0.5896, 5.5127, 7.19824, -2.2959, 4.56152, 3.15527, -1.78809, 2.10449, 7.17676, 4.58691, -3.96582, -5.34668, -2.99316, 1.31396, 4.12939, 2.67139, 5.53369, 9.21484, -2.09766, 0.00390625, 3.20703, ... ]
X at t=0.4:
[ 6.89893, 5.55029, 0.518066, 4.25537, 3.93066, -3.86426, -3.5459, 1.44824, -0.655273, -0.696289, 9.55957, 1.5498, 0.150635, 2.44214, -0.125732, 0.657959, 5.58594, 7.04297, -2.25781, 4.68359, 3.22754, -1.77051, 2.09082, 7.31152, 4.16748, -4.38428, -4.90479, -3.15967, 1.0957, 4.24023, 2.9082, 5.69336, 8.9209, -2.49121, 0.213867, 3.25488, ... ]
X at t=0.41:
[ 6.81445, 5.69727, 0.447266, 4.2832, 3.78223, -4.04004, -3.33496, 1.39746, -0.53418, -0.657227, 9.53223, 1.69043, 0.114014, 2.49536, -0.0314941, 0.72876, 5.65918, 6.8877, -2.21191, 4.79785, 3.2998, -1.76074, 2.07715, 7.43848, 3.71777, -4.7334, -4.4502, -3.30762, 0.876953, 4.33789, 3.16211, 5.84961, 8.58691, -2.86035, 0.43457, 3.31543, ... ]
X at t=0.42:
[ 6.72656, 5.83984, 0.378906, 4.3125, 3.62891, -4.19727, -3.125, 1.3457, -0.414062, -0.609375, 9.5, 1.82031, 0.0700684, 2.5481, 0.0651855, 0.801025, 5.73633, 6.73242, -2.16992, 4.9043, 3.36621, -1.75684, 2.06543, 7.55176, 3.24072, -5.01221, -3.9917, -3.43213, 0.65918, 4.42676, 3.43652, 6.00098, 8.20996, -3.20215, 0.65918, 3.3877, ... ]
X at t=0.43:
[ 6.63379, 5.97754, 0.317383, 4.34082, 3.4751, -4.33447, -2.92139, 1.29248, -0.298828, -0.552734, 9.47461, 1.93945, 0.0192871, 2.60181, 0.163818, 0.877197, 5.81738, 6.57324, -2.12402, 5.00684, 3.43555, -1.75977, 2.05273, 7.6543, 2.74707, -5.21973, -3.54199, -3.53223, 0.447266, 4.50195, 3.72461, 6.14648, 7.78711, -3.51172, 0.884766, 3.47656, ... ]
X at t=0.44:
[ 6.54199, 6.11035, 0.260742, 4.36816, 3.31934, -4.4541, -2.71973, 1.24121, -0.191406, -0.484375, 9.44922, 2.04688, -0.0371094, 2.65625, 0.265625, 0.955078, 5.89648, 6.41211, -2.07227, 5.09961, 3.49805, -1.76367, 2.03711, 7.74414, 2.23828, -5.35938, -3.10938, -3.60547, 0.243164, 4.56152, 4.03223, 6.28027, 7.32568, -3.79053, 1.10107, 3.57861, ... ]
X at t=0.45:
[ 6.44727, 6.23633, 0.208984, 4.39648, 3.15723, -4.55566, -2.52246, 1.19434, -0.0839844, -0.412109, 9.42383, 2.14258, -0.0981445, 2.71143, 0.370605, 1.03564, 5.97754, 6.24512, -2.01855, 5.18652, 3.55859, -1.77734, 2.01953, 7.82422, 1.72168, -5.43652, -2.69629, -3.65137, 0.0512695, 4.60693, 4.354, 6.40186, 6.82178, -4.03467, 1.3042, 3.69775, ... ]
X at t=0.46:
[ 6.35449, 6.3584, 0.163086, 4.4248, 2.99463, -4.63916, -2.33154, 1.15186, 0.0195312, -0.332031, 9.40234, 2.22266, -0.163086, 2.76562, 0.479492, 1.11914, 6.0625, 6.07812, -1.96875, 5.26562, 3.61328, -1.79688, 2.00391, 7.89062, 1.20166, -5.45361, -2.31201, -3.67041, -0.128906, 4.63672, 4.69141, 6.50391, 6.27734, -4.24219, 1.48438, 3.83203, ... ]
X at t=0.47:
[ 6.25977, 6.47461, 0.123047, 4.45508, 2.83154, -4.70459, -2.14697, 1.11377, 0.119141, -0.244141, 9.38477, 2.28711, -0.229736, 2.82153, 0.591553, 1.20532, 6.14941, 5.90527, -1.91699, 5.33887, 3.66699, -1.81934, 1.9834, 7.9502, 0.682129, -5.4126, -1.96045, -3.66455, -0.294922, 4.65039, 5.03711, 6.58398, 5.69336, -4.41602, 1.63867, 3.98242, ... ]
X at t=0.48:
[ 6.16699, 6.58691, 0.0888672, 4.48535, 2.66943, -4.75732, -1.96924, 1.08057, 0.213867, -0.143555, 9.36621, 2.33691, -0.298096, 2.8772, 0.707764, 1.29517, 6.2334, 5.73535, -1.86426, 5.40332, 3.71484, -1.84766, 1.96484, 7.99609, 0.172852, -5.32129, -1.64355, -3.6377, -0.446289, 4.65332, 5.38965, 6.6377, 5.07715, -4.55371, 1.76074, 4.14551, ... ]
X at t=0.49:
[ 6.07861, 6.69092, 0.0610352, 4.51709, 2.50391, -4.79297, -1.79688, 1.05469, 0.311523, -0.0380859, 9.34668, 2.37207, -0.366943, 2.93335, 0.828369, 1.38843, 6.31641, 5.55859, -1.80859, 5.46484, 3.75586, -1.87695, 1.94336, 8.0293, -0.324219, -5.17969, -1.36328, -3.59375, -0.583008, 4.6377, 5.74902, 6.65723, 4.43262, -4.65723, 1.84668, 4.31934, ... ]
X at t=0.5:
[ 5.99219, 6.79102, 0.0390625, 4.54883, 2.33887, -4.81348, -1.63379, 1.03418, 0.404297, 0.0683594, 9.33398, 2.38867, -0.435547, 2.99023, 0.953125, 1.48438, 6.39844, 5.37891, -1.75781, 5.51953, 3.79297, -1.91016, 1.92578, 8.05078, -0.804199, -4.99463, -1.11865, -3.53564, -0.703125, 4.60938, 6.10938, 6.64062, 3.76465, -4.72754, 1.89355, 4.50293, ... ]
X at t=0.51:
[ 5.90771, 6.88721, 0.0229492, 4.58057, 2.17676, -4.82324, -1.47949, 1.02051, 0.496094, 0.183594, 9.32422, 2.38672, -0.502197, 3.04614, 1.08276, 1.58423, 6.48242, 5.19336, -1.70508, 5.56836, 3.82422, -1.94922, 1.90234, 8.06641, -1.26123, -4.77197, -0.907715, -3.46533, -0.80957, 4.56738, 6.46777, 6.5791, 3.08203, -4.76172, 1.89844, 4.6875, ... ]
X at t=0.52:
[ 5.82861, 6.97607, 0.0141602, 4.61475, 2.01221, -4.81885, -1.3335, 1.01514, 0.583984, 0.306641, 9.31836, 2.36914, -0.56543, 3.10254, 1.21777, 1.68652, 6.56055, 5.00586, -1.6543, 5.61133, 3.84766, -1.98828, 1.87891, 8.07422, -1.69482, -4.51416, -0.728027, -3.3833, -0.90332, 4.5166, 6.81934, 6.47363, 2.39111, -4.76221, 1.86182, 4.87256, ... ]
X at t=0.53:
[ 5.75488, 7.05957, 0.0126953, 4.64551, 1.84961, -4.80469, -1.19727, 1.01562, 0.674805, 0.43457, 9.31152, 2.33691, -0.625732, 3.15796, 1.35767, 1.7937, 6.63672, 4.81641, -1.60547, 5.65234, 3.86816, -2.03613, 1.85645, 8.07715, -2.10156, -4.22266, -0.578125, -3.29297, -0.985352, 4.4541, 7.15918, 6.31738, 1.7002, -4.72754, 1.78613, 5.05371, ... ]
X at t=0.54:
[ 5.68408, 7.14014, 0.0180664, 4.67725, 1.68896, -4.78076, -1.0708, 1.02197, 0.762695, 0.569336, 9.30566, 2.28418, -0.680176, 3.21143, 1.50537, 1.90479, 6.70996, 4.61816, -1.55566, 5.68848, 3.88086, -2.08398, 1.83398, 8.07227, -2.47534, -3.90454, -0.454834, -3.19653, -1.05566, 4.37988, 7.4873, 6.11035, 1.01855, -4.65918, 1.6709, 5.22754, ... ]
X at t=0.55:
[ 5.62012, 7.21582, 0.0263672, 4.70801, 1.52783, -4.74268, -0.95459, 1.03271, 0.84668, 0.711914, 9.30371, 2.21582, -0.729492, 3.26465, 1.65527, 2.02051, 6.78125, 4.41797, -1.50781, 5.72266, 3.88965, -2.13574, 1.80762, 8.06348, -2.81738, -3.56152, -0.352539, -3.09668, -1.1123, 4.2998, 7.79785, 5.85059, 0.358398, -4.56152, 1.52246, 5.3916, ... ]
X at t=0.56:
[ 5.5625, 7.28711, 0.0429688, 4.73633, 1.36865, -4.69482, -0.848145, 1.04932, 0.933594, 0.859375, 9.30078, 2.13281, -0.771973, 3.31494, 1.81201, 2.14111, 6.84766, 4.21094, -1.45703, 5.75, 3.89062, -2.1875, 1.78125, 8.04688, -3.12524, -3.19897, -0.266846, -2.99292, -1.16016, 4.21094, 8.08984, 5.53906, -0.273438, -4.4375, 1.34375, 5.53906, ... ]
X at t=0.57:
[ 5.50879, 7.35254, 0.0634766, 4.7666, 1.21191, -4.63965, -0.749023, 1.07129, 1.02148, 1.00977, 9.29492, 2.0332, -0.808594, 3.36133, 1.97461, 2.26562, 6.90723, 3.99902, -1.40918, 5.77637, 3.8877, -2.24316, 1.75098, 8.02637, -3.39771, -2.81909, -0.193604, -2.88843, -1.2002, 4.11816, 8.3584, 5.17676, -0.861816, -4.28857, 1.14404, 5.67041, ... ]
X at t=0.58:
[ 5.46094, 7.41602, 0.0898438, 4.79492, 1.05713, -4.57471, -0.659668, 1.09912, 1.1084, 1.16895, 9.29199, 1.91504, -0.836426, 3.40674, 2.14014, 2.39502, 6.96191, 3.78027, -1.3584, 5.7959, 3.87793, -2.29199, 1.71777, 8.00098, -3.63208, -2.42554, -0.12915, -2.78198, -1.22852, 4.02148, 8.60352, 4.76758, -1.40088, -4.12061, 0.925293, 5.78369, ... ]
X at t=0.59:
[ 5.42188, 7.47266, 0.125, 4.81641, 0.90332, -4.50098, -0.581055, 1.13184, 1.19629, 1.33105, 9.28613, 1.78027, -0.857422, 3.44922, 2.3125, 2.5293, 7.00781, 3.55859, -1.30859, 5.8125, 3.86426, -2.34863, 1.68848, 7.97559, -3.82935, -2.02026, -0.0705566, -2.67554, -1.24805, 3.91992, 8.82617, 4.31445, -1.88428, -3.93799, 0.695801, 5.87646, ... ]
X at t=0.6:
[ 5.3916, 7.52246, 0.161133, 4.83887, 0.751953, -4.41992, -0.509766, 1.16992, 1.28711, 1.49805, 9.2793, 1.63086, -0.868164, 3.4873, 2.48926, 2.66895, 7.0459, 3.3291, -1.25488, 5.8252, 3.84473, -2.40332, 1.65332, 7.95215, -3.98853, -1.60815, -0.0129395, -2.57007, -1.25781, 3.81641, 9.01953, 3.82031, -2.30371, -3.74707, 0.461914, 5.94824, ... ]
X at t=0.61:
[ 5.36621, 7.5752, 0.198242, 4.86035, 0.60498, -4.33154, -0.447754, 1.20947, 1.37598, 1.66699, 9.27051, 1.46777, -0.869629, 3.52197, 2.67139, 2.81299, 7.07227, 3.0957, -1.20117, 5.83789, 3.81836, -2.46289, 1.61523, 7.92773, -4.11133, -1.19141, 0.0449219, -2.46484, -1.25977, 3.71289, 9.18945, 3.29492, -2.65332, -3.5498, 0.229492, 5.99707, ... ]
X at t=0.62:
[ 5.34766, 7.625, 0.238281, 4.875, 0.459473, -4.23682, -0.394043, 1.25342, 1.4668, 1.8457, 9.25586, 1.29102, -0.858398, 3.55371, 2.8584, 2.96191, 7.08691, 2.8584, -1.14746, 5.85059, 3.7832, -2.52148, 1.58008, 7.90039, -4.19482, -0.773926, 0.10791, -2.36182, -1.25195, 3.61133, 9.33008, 2.74805, -2.92822, -3.35107, 0.00341797, 6.02588, ... ]
X at t=0.63:
[ 5.33691, 7.66699, 0.27832, 4.88965, 0.318359, -4.13477, -0.349609, 1.29883, 1.55859, 2.02734, 9.23828, 1.09766, -0.838379, 3.58447, 3.04834, 3.11572, 7.08887, 2.61426, -1.08691, 5.86035, 3.74219, -2.57812, 1.53906, 7.875, -4.24023, -0.361328, 0.173828, -2.25977, -1.23828, 3.51172, 9.44531, 2.1875, -3.12988, -3.15918, -0.208008, 6.03613, ... ]
X at t=0.64:
[ 5.33496, 7.70801, 0.323242, 4.89941, 0.183105, -4.02686, -0.311035, 1.34619, 1.65332, 2.21387, 9.21191, 0.897461, -0.806641, 3.61133, 3.24219, 3.27344, 7.07715, 2.36816, -1.02441, 5.86816, 3.69385, -2.6333, 1.49658, 7.84912, -4.25049, 0.0454102, 0.247559, -2.15967, -1.21973, 3.41504, 9.53809, 1.61816, -3.2583, -2.97803, -0.408691, 6.02783, ... ]
X at t=0.65:
[ 5.33984, 7.74609, 0.371094, 4.90234, 0.050293, -3.91357, -0.277832, 1.39502, 1.74805, 2.4082, 9.17773, 0.681641, -0.763184, 3.63428, 3.43994, 3.43506, 7.05176, 2.12012, -0.959961, 5.87402, 3.6416, -2.68457, 1.4502, 7.82715, -4.22607, 0.442871, 0.330566, -2.06299, -1.19336, 3.31836, 9.60742, 1.04883, -3.31104, -2.80811, -0.594238, 6.00244, ... ]
X at t=0.66:
[ 5.35254, 7.78027, 0.411133, 4.90137, -0.0766602, -3.79443, -0.250488, 1.4458, 1.84766, 2.60547, 9.13281, 0.460938, -0.707031, 3.65625, 3.63867, 3.59961, 7.00781, 1.86719, -0.894531, 5.87891, 3.58105, -2.7373, 1.40137, 7.80957, -4.16602, 0.828125, 0.419922, -1.96875, -1.15918, 3.22949, 9.65332, 0.487305, -3.29443, -2.65283, -0.76123, 5.9585, ... ]
X at t=0.67:
[ 5.37305, 7.80664, 0.451172, 4.90039, -0.19873, -3.66846, -0.228027, 1.49756, 1.95117, 2.80664, 9.07617, 0.228516, -0.638672, 3.67578, 3.8418, 3.76562, 6.94531, 1.61328, -0.824219, 5.88281, 3.51318, -2.78857, 1.35107, 7.7915, -4.07202, 1.19995, 0.516846, -1.87915, -1.11914, 3.14648, 9.67773, -0.0566406, -3.20654, -2.51025, -0.907715, 5.89795, ... ]
X at t=0.68:
[ 5.39941, 7.83496, 0.489258, 4.89355, -0.315674, -3.53882, -0.211182, 1.55005, 2.05957, 3.01074, 9.00879, -0.00878906, -0.558594, 3.69531, 4.04688, 3.93359, 6.86133, 1.35742, -0.748047, 5.88867, 3.44141, -2.83594, 1.29688, 7.77734, -3.94824, 1.55566, 0.62207, -1.7959, -1.07422, 3.07031, 9.68359, -0.578125, -3.05762, -2.38379, -1.03809, 5.82324, ... ]
X at t=0.69:
[ 5.43359, 7.85938, 0.519531, 4.88281, -0.427246, -3.40479, -0.196777, 1.60303, 2.1709, 3.21582, 8.92871, -0.25293, -0.464844, 3.71484, 4.25781, 4.10156, 6.75781, 1.10547, -0.671875, 5.89453, 3.36133, -2.88477, 1.24023, 7.76758, -3.79297, 1.89258, 0.730469, -1.7168, -1.02637, 2.99902, 9.67285, -1.06738, -2.84863, -2.27246, -1.14941, 5.73926, ... ]
X at t=0.7:
[ 5.47559, 7.87598, 0.549805, 4.87207, -0.531006, -3.26685, -0.186279, 1.65601, 2.28613, 3.4248, 8.8291, -0.500977, -0.361328, 3.73633, 4.4668, 4.26758, 6.62891, 0.851562, -0.589844, 5.89844, 3.27539, -2.93164, 1.17773, 7.75977, -3.60938, 2.20898, 0.84375, -1.64258, -0.973633, 2.93457, 9.64746, -1.52246, -2.58643, -2.16943, -1.24463, 5.64111, ... ]
X at t=0.71:
[ 5.52344, 7.89062, 0.574219, 4.85547, -0.626709, -3.12427, -0.176514, 1.70874, 2.40527, 3.63379, 8.71777, -0.749023, -0.248047, 3.76367, 4.67773, 4.43164, 6.47754, 0.600586, -0.506836, 5.90527, 3.18066, -2.97363, 1.11426, 7.75684, -3.39795, 2.50342, 0.959473, -1.57666, -0.916992, 2.87793, 9.61035, -1.93848, -2.27686, -2.07666, -1.32178, 5.53467, ... ]
X at t=0.72:
[ 5.5791, 7.90137, 0.59082, 4.83496, -0.716797, -2.97852, -0.167969, 1.76172, 2.52832, 3.84668, 8.58691, -1.00098, -0.124023, 3.7959, 4.8877, 4.58887, 6.30078, 0.359375, -0.425781, 5.91406, 3.08008, -3.01367, 1.04492, 7.75586, -3.16309, 2.77637, 1.0752, -1.5166, -0.860352, 2.83301, 9.55762, -2.31152, -1.92725, -1.99268, -1.38232, 5.41943, ... ]
X at t=0.73:
[ 5.64111, 7.90576, 0.604004, 4.81396, -0.798584, -2.8313, -0.160889, 1.81421, 2.6543, 4.06055, 8.43555, -1.25195, 0.0126953, 3.83496, 5.09863, 4.74121, 6.09961, 0.123047, -0.341797, 5.92383, 2.97363, -3.05176, 0.969727, 7.75684, -2.9043, 3.02734, 1.18945, -1.46484, -0.800781, 2.79688, 9.49609, -2.64062, -1.54346, -1.91162, -1.42822, 5.29736, ... ]
X at t=0.74:
[ 5.70996, 7.90332, 0.608398, 4.79395, -0.871094, -2.68164, -0.154297, 1.86719, 2.78516, 4.27344, 8.26172, -1.5, 0.154297, 3.88086, 5.31055, 4.88086, 5.87109, -0.101562, -0.257812, 5.93359, 2.86133, -3.08398, 0.892578, 7.75977, -2.62256, 3.25537, 1.29736, -1.41846, -0.734375, 2.76562, 9.42188, -2.92188, -1.13574, -1.8291, -1.45605, 5.1709, ... ]
X at t=0.75:
[ 5.78662, 7.89697, 0.60498, 4.77002, -0.935059, -2.52979, -0.145996, 1.91943, 2.92188, 4.49219, 8.0625, -1.74219, 0.301758, 3.94043, 5.52051, 5.01074, 5.61719, -0.316406, -0.175781, 5.94531, 2.74023, -3.11523, 0.810547, 7.76758, -2.32227, 3.46094, 1.40039, -1.37891, -0.667969, 2.74219, 9.33984, -3.15625, -0.70459, -1.74268, -1.46826, 5.04053, ... ]
X at t=0.76:
[ 5.87061, 7.88135, 0.595215, 4.74658, -0.990723, -2.37842, -0.135254, 1.97314, 3.06445, 4.70508, 7.83789, -1.97461, 0.452148, 4.00879, 5.7334, 5.12598, 5.33789, -0.517578, -0.0917969, 5.95898, 2.61816, -3.1416, 0.723633, 7.77637, -2.00244, 3.64111, 1.49561, -1.34521, -0.599609, 2.72852, 9.25195, -3.3418, -0.263184, -1.65283, -1.46436, 4.91162, ... ]
X at t=0.77:
[ 5.9585, 7.85791, 0.577637, 4.72705, -1.03784, -2.22485, -0.122803, 2.02612, 3.20898, 4.91602, 7.5918, -2.20117, 0.603516, 4.0918, 5.94336, 5.2207, 5.03174, -0.70166, -0.0170898, 5.97607, 2.48828, -3.16406, 0.632812, 7.78516, -1.66602, 3.79688, 1.58008, -1.31641, -0.530273, 2.71777, 9.16113, -3.48145, 0.187988, -1.55713, -1.44678, 4.78467, ... ]
X at t=0.78:
[ 6.05225, 7.82666, 0.550293, 4.70752, -1.0752, -2.07129, -0.108398, 2.0791, 3.35938, 5.12109, 7.32031, -2.41797, 0.75293, 4.18457, 6.15527, 5.29004, 4.7041, -0.868164, 0.0517578, 5.99512, 2.35449, -3.18262, 0.538086, 7.79785, -1.31445, 3.92969, 1.65039, -1.29297, -0.462891, 2.7207, 9.06836, -3.57617, 0.638184, -1.45068, -1.41846, 4.65674, ... ]
X at t=0.79:
[ 6.15234, 7.7832, 0.515625, 4.69336, -1.10254, -1.91895, -0.0908203, 2.13184, 3.51465, 5.3252, 7.01855, -2.62402, 0.899414, 4.29199, 6.36426, 5.33496, 4.35596, -1.01611, 0.115723, 6.01709, 2.21533, -3.19385, 0.436035, 7.80811, -0.949219, 4.03906, 1.70703, -1.27344, -0.391602, 2.72754, 8.97168, -3.62793, 1.08447, -1.33643, -1.37842, 4.53662, ... ]
X at t=0.8:
[ 6.26172, 7.72852, 0.472656, 4.68164, -1.12158, -1.76709, -0.0708008, 2.18604, 3.67773, 5.51758, 6.68555, -2.81836, 1.03711, 4.41602, 6.57227, 5.34961, 3.99072, -1.14111, 0.172363, 6.04053, 2.0752, -3.2002, 0.329102, 7.81934, -0.572754, 4.12354, 1.74951, -1.25732, -0.321289, 2.74707, 8.87012, -3.63965, 1.52393, -1.21338, -1.32568, 4.42139, ... ]
X at t=0.81:
[ 6.37402, 7.66504, 0.420898, 4.67285, -1.12964, -1.61548, -0.0466309, 2.24097, 3.84668, 5.7041, 6.32715, -3.00293, 1.16699, 4.55566, 6.77637, 5.3291, 3.61279, -1.24365, 0.224121, 6.06299, 1.93066, -3.2041, 0.219727, 7.82715, -0.18457, 4.18457, 1.77441, -1.24316, -0.25293, 2.77246, 8.7666, -3.61426, 1.94824, -1.08301, -1.2627, 4.31543, ... ]
X at t=0.82:
[ 6.49268, 7.58936, 0.361816, 4.66943, -1.12939, -1.46729, -0.0180664, 2.29639, 4.01758, 5.87695, 5.93945, -3.16992, 1.28223, 4.70996, 6.97754, 5.27246, 3.22461, -1.32227, 0.267578, 6.08789, 1.7832, -3.20117, 0.107422, 7.83398, 0.211426, 4.22217, 1.78369, -1.229, -0.182617, 2.7998, 8.66504, -3.55566, 2.354, -0.941895, -1.19092, 4.21631, ... ]
X at t=0.83:
[ 6.61426, 7.49707, 0.297852, 4.67285, -1.11938, -1.32007, 0.0144043, 2.35278, 4.19238, 6.03809, 5.52441, -3.31738, 1.37744, 4.88037, 7.17236, 5.17529, 2.8335, -1.37842, 0.304199, 6.11572, 1.63574, -3.19043, -0.00878906, 7.83691, 0.615234, 4.23438, 1.77539, -1.21484, -0.113281, 2.83594, 8.5625, -3.46484, 2.74023, -0.792969, -1.11133, 4.12891, ... ]
X at t=0.84:
[ 6.73828, 7.39062, 0.226562, 4.68359, -1.09888, -1.17651, 0.0505371, 2.4104, 4.37598, 6.18262, 5.08301, -3.4541, 1.45557, 5.06201, 7.36377, 5.03271, 2.44238, -1.41113, 0.333008, 6.14355, 1.48682, -3.17627, -0.128418, 7.8335, 1.02295, 4.22119, 1.75146, -1.19873, -0.046875, 2.88281, 8.46094, -3.34375, 3.10449, -0.635742, -1.02832, 4.05176, ... ]
X at t=0.85:
[ 6.86816, 7.26855, 0.149414, 4.69824, -1.06934, -1.03418, 0.0908203, 2.46973, 4.56104, 6.30811, 4.61377, -3.56885, 1.51025, 5.25342, 7.54736, 4.84521, 2.06152, -1.4209, 0.354492, 6.16895, 1.33594, -3.15234, -0.25, 7.82422, 1.43555, 4.18359, 1.71289, -1.17969, 0.0166016, 2.93262, 8.36035, -3.2002, 3.4458, -0.475098, -0.940918, 3.98584, ... ]
X at t=0.86:
[ 6.99805, 7.12891, 0.0683594, 4.72266, -1.03003, -0.895752, 0.13501, 2.53101, 4.75195, 6.41211, 4.12695, -3.66602, 1.53955, 5.45264, 7.72119, 4.61084, 1.69482, -1.40771, 0.368652, 6.1958, 1.18555, -3.12305, -0.373047, 7.81055, 1.84668, 4.12402, 1.65918, -1.15723, 0.0820312, 2.98828, 8.26172, -3.03516, 3.76025, -0.311035, -0.853027, 3.93115, ... ]
X at t=0.87:
[ 7.13086, 6.97266, -0.0175781, 4.75391, -0.980957, -0.76123, 0.183105, 2.59424, 4.94531, 6.49219, 3.61719, -3.74219, 1.54004, 5.65527, 7.8877, 4.33105, 1.3501, -1.37549, 0.379395, 6.22412, 1.03857, -3.0835, -0.494629, 7.78955, 2.25879, 4.03809, 1.59082, -1.12988, 0.145508, 3.0498, 8.16504, -2.85254, 4.04932, -0.143066, -0.765137, 3.88623, ... ]
X at t=0.88:
[ 7.26562, 6.79688, -0.101562, 4.78906, -0.921631, -0.630127, 0.235596, 2.65991, 5.14258, 6.54492, 3.08789, -3.79102, 1.5127, 5.85449, 8.04004, 4.00684, 1.03076, -1.32568, 0.388184, 6.25049, 0.89502, -3.0376, -0.618652, 7.76123, 2.66748, 3.92432, 1.51318, -1.09717, 0.207031, 3.11719, 8.07031, -2.65234, 4.31299, 0.0229492, -0.677246, 3.85303, ... ]
X at t=0.89:
[ 7.39844, 6.60156, -0.191406, 4.83203, -0.853271, -0.503174, 0.292236, 2.72827, 5.34277, 6.56738, 2.5459, -3.81543, 1.45801, 6.05371, 8.17676, 3.63965, 0.742188, -1.26172, 0.394531, 6.27344, 0.753418, -2.98584, -0.740723, 7.72314, 3.07031, 3.78711, 1.42578, -1.06055, 0.266602, 3.18652, 7.98145, -2.44238, 4.54883, 0.189453, -0.591797, 3.83008, ... ]
X at t=0.9:
[ 7.5293, 6.38477, -0.279297, 4.88086, -0.775635, -0.381592, 0.354248, 2.79907, 5.54199, 6.55566, 1.99902, -3.81543, 1.37695, 6.24414, 8.29883, 3.22852, 0.490723, -1.18799, 0.398926, 6.29834, 0.615234, -2.92383, -0.861328, 7.67773, 3.46484, 3.62305, 1.33203, -1.01758, 0.325195, 3.26074, 7.89941, -2.22754, 4.76123, 0.352051, -0.510254, 3.81494, ... ]
X at t=0.91:
[ 7.65625, 6.14844, -0.363281, 4.93359, -0.688477, -0.265625, 0.418945, 2.87305, 5.73926, 6.50684, 1.44629, -3.78613, 1.26758, 6.41992, 8.4043, 2.7832, 0.282227, -1.10645, 0.407227, 6.32324, 0.481934, -2.85107, -0.977051, 7.61963, 3.84863, 3.43457, 1.23535, -0.967773, 0.381836, 3.33691, 7.82324, -2.00293, 4.94775, 0.507324, -0.429199, 3.81006, ... ]
X at t=0.92:
[ 7.77734, 5.89062, -0.445312, 4.98828, -0.592041, -0.155029, 0.487061, 2.95142, 5.93848, 6.4209, 0.895508, -3.73145, 1.13574, 6.58301, 8.4834, 2.30566, 0.117676, -1.01807, 0.416504, 6.34326, 0.353027, -2.77295, -1.08643, 7.55322, 4.21973, 3.22363, 1.1377, -0.913086, 0.44043, 3.41504, 7.74902, -1.77637, 5.11279, 0.656738, -0.354004, 3.81494, ... ]
X at t=0.93:
[ 7.8916, 5.6123, -0.522461, 5.0498, -0.487793, -0.0493164, 0.559082, 3.03271, 6.13281, 6.29297, 0.355469, -3.64844, 0.980469, 6.72656, 8.54297, 1.80469, 0.00390625, -0.929688, 0.429688, 6.36328, 0.230957, -2.68604, -1.19287, 7.47607, 4.5752, 2.98926, 1.04199, -0.852539, 0.494141, 3.49805, 7.68164, -1.54883, 5.25781, 0.800781, -0.28125, 3.82422, ... ]
X at t=0.94:
[ 7.99902, 5.30957, -0.59082, 5.11035, -0.375732, 0.0515137, 0.633057, 3.1189, 6.32227, 6.12305, -0.173828, -3.53711, 0.807617, 6.84863, 8.58105, 1.28613, -0.0610352, -0.839355, 0.44873, 6.38135, 0.111328, -2.5918, -1.29102, 7.38867, 4.91284, 2.7356, 0.952881, -0.786865, 0.551758, 3.58496, 7.61816, -1.31738, 5.38184, 0.936523, -0.211914, 3.84277, ... ]
X at t=0.95:
[ 8.0957, 4.98633, -0.654297, 5.17383, -0.256104, 0.145752, 0.709717, 3.20923, 6.50732, 5.9126, -0.686035, -3.39795, 0.625, 6.94531, 8.59375, 0.757812, -0.0751953, -0.749023, 0.47168, 6.39941, 0.000976562, -2.48926, -1.38184, 7.29199, 5.2312, 2.46216, 0.872803, -0.716553, 0.602539, 3.6748, 7.55957, -1.08691, 5.48682, 1.06396, -0.147949, 3.8667, ... ]
X at t=0.96:
[ 8.17627, 4.64209, -0.708496, 5.23389, -0.129639, 0.233154, 0.789307, 3.30444, 6.68555, 5.6582, -1.16992, -3.23633, 0.435547, 7.01758, 8.58398, 0.228516, -0.0380859, -0.661133, 0.500977, 6.41699, -0.10498, -2.38135, -1.46631, 7.18701, 5.52881, 2.17432, 0.804199, -0.644043, 0.655273, 3.7666, 7.50293, -0.854492, 5.57422, 1.18164, -0.0859375, 3.89648, ... ]
X at t=0.97:
[ 8.24268, 4.27881, -0.751465, 5.29248, 0.00292969, 0.314453, 0.870117, 3.4043, 6.85498, 5.36182, -1.62354, -3.0542, 0.24707, 7.06543, 8.55176, -0.293945, 0.0449219, -0.572266, 0.537109, 6.43555, -0.206543, -2.26416, -1.54053, 7.07373, 5.8042, 1.87354, 0.749512, -0.567871, 0.712891, 3.86133, 7.45508, -0.630859, 5.64355, 1.28613, -0.0244141, 3.93066, ... ]
X at t=0.98:
[ 8.28955, 3.896, -0.786621, 5.35107, 0.141113, 0.388184, 0.953613, 3.50928, 7.01611, 5.0249, -2.04053, -2.85205, 0.0595703, 7.09277, 8.49316, -0.801758, 0.171875, -0.484375, 0.578125, 6.45312, -0.301758, -2.13965, -1.60645, 6.9541, 6.05566, 1.56348, 0.709961, -0.489258, 0.766602, 3.95996, 7.41113, -0.411133, 5.69922, 1.38281, 0.0351562, 3.96875, ... ]

Final state:
X at t=0.99:
[ 8.31836, 3.49805, -0.806641, 5.4043, 0.2854, 0.455811, 1.03833, 3.6189, 7.16357, 4.64697, -2.4165, -2.63623, -0.118164, 7.09863, 8.41699, -1.28809, 0.34082, -0.395508, 0.625977, 6.46777, -0.393066, -2.01123, -1.66064, 6.83057, 6.2832, 1.24805, 0.689453, -0.408203, 0.825195, 4.06152, 7.37598, -0.200195, 5.74219, 1.46875, 0.0898438, 4.01172, ... ]
