
Lmod is automatically replacing "craype-x86-rome" with "craype-x86-trento".

Lorenz96(k=1000000, F=8, dt=0.01, t_max=1)
 - warming up the simulation for 10
 - running ensemble of size 1 with initial perturbation N(0.0, 0.001)
 - compressing every 1-th model state online on the GPU with BitRound(bitround_bits=16)
 - saving config file to 'output/config_5030297.json'
 - saving performance file to 'performance/perf_5030297'

Initial state:
X at t=0:
[ 6, 0.439816, 2.06467, 1.09784, 2.51016, 6.80725, 3.71085, -8.36719, 1.18149, 2.19101, 7.69604, 5.08868, 2.71988, 0.113072, -4.34869, 0.998245, 3.67508, 8.18298, 3.69757, 2.31952, 2.9408, -5.83319, -0.205032, -0.213966, 1.998, 8.31165, 8.8855, -2.18112, -0.43758, -4.53607, -0.99057, 2.96173, 6.77325, 3.17181, 4.61145, 6.01367, ... ]

X at t=0.01:
[ 6.11243, 0.501831, 2.10083, 1.20995, 2.61942, 6.87531, 3.00812, -8.39075, 1.33606, 2.45187, 7.7879, 5.13538, 2.37982, -0.0471296, -4.22632, 0.908928, 3.83698, 8.28223, 3.61688, 2.18036, 2.77936, -5.76172, 0.0517907, -0.138065, 2.04272, 8.48682, 8.49792, -2.82724, -0.0249548, -4.41461, -1.04216, 2.89716, 6.90991, 3.33453, 4.61548, 5.83624, ... ]
X at t=0.02:
[ 6.20404, 0.584442, 2.13315, 1.32246, 2.73322, 6.92334, 2.29822, -8.37341, 1.40761, 2.72964, 7.88684, 5.13373, 2.02927, -0.171204, -4.10315, 0.812721, 3.98547, 8.38464, 3.51096, 2.0386, 2.63635, -5.67694, 0.290173, -0.0437126, 2.09427, 8.65417, 8.05005, -3.40857, 0.447216, -4.28656, -1.06723, 2.82877, 7.04822, 3.50241, 4.60699, 5.64355, ... ]
X at t=0.03:
[ 6.27832, 0.68589, 2.16083, 1.43501, 2.85135, 6.94958, 1.58583, -8.31726, 1.39606, 3.01038, 7.99371, 5.08167, 1.67374, -0.258572, -3.98038, 0.712456, 4.12012, 8.48901, 3.38043, 1.89677, 2.51196, -5.58093, 0.510414, 0.0673265, 2.1539, 8.81226, 7.54596, -3.91876, 0.961029, -4.14587, -1.06487, 2.7597, 7.18713, 3.67484, 4.58441, 5.43726, ... ]
X at t=0.04:
[ 6.33881, 0.80352, 2.18326, 1.54721, 2.97348, 6.95233, 0.875793, -8.22327, 1.304, 3.28033, 8.10889, 4.97833, 1.31903, -0.309719, -3.8588, 0.610703, 4.24072, 8.59412, 3.2262, 1.75743, 2.40598, -5.47546, 0.713028, 0.193342, 2.22269, 8.95959, 6.9906, -4.35443, 1.49831, -3.987, -1.03534, 2.69327, 7.32581, 3.85077, 4.54614, 5.21918, ... ]
X at t=0.05:
[ 6.38879, 0.934052, 2.20001, 1.65871, 3.09927, 6.92999, 0.173134, -8.09143, 1.13663, 3.52652, 8.23242, 4.8244, 0.971085, -0.326187, -3.73892, 0.509766, 4.34747, 8.69836, 3.0495, 1.6232, 2.31769, -5.36212, 0.898697, 0.332718, 2.30161, 9.0946, 6.38947, -4.71503, 2.04132, -3.8053, -0.98011, 2.6326, 7.46356, 4.02869, 4.49066, 4.99152, ... ]
X at t=0.06:
[ 6.43134, 1.07385, 2.21082, 1.76921, 3.22821, 6.8811, -0.516945, -7.92102, 0.901474, 3.73718, 8.36401, 4.62195, 0.635674, -0.310497, -3.621, 0.411625, 4.44073, 8.80029, 2.85181, 1.49664, 2.24612, -5.24219, 1.06819, 0.483955, 2.39142, 9.21582, 5.74847, -5.00238, 2.57358, -3.59753, -0.901772, 2.5806, 7.6001, 4.20679, 4.41663, 4.75665, ... ]
X at t=0.07:
[ 6.46875, 1.21927, 2.21564, 1.87851, 3.35971, 6.80432, -1.18909, -7.71063, 0.608192, 3.90234, 8.50269, 4.37445, 0.318233, -0.266014, -3.50504, 0.317947, 4.52112, 8.89844, 2.63489, 1.38022, 2.19, -5.11682, 1.22235, 0.645683, 2.4928, 9.32141, 5.07367, -5.22009, 3.08029, -3.36194, -0.803917, 2.53973, 7.73517, 4.38275, 4.32269, 4.51733, ... ]
X at t=0.08:
[ 6.50305, 1.36682, 2.2146, 1.98643, 3.49313, 6.69855, -1.83784, -7.45892, 0.268204, 4.0141, 8.64722, 4.08673, 0.0236654, -0.196751, -3.39078, 0.23008, 4.58942, 8.99121, 2.40082, 1.27623, 2.1478, -4.987, 1.36205, 0.816681, 2.60626, 9.40942, 4.37103, -5.37305, 3.54883, -3.09842, -0.690887, 2.51187, 7.86884, 4.55396, 4.20776, 4.27649, ... ]
X at t=0.09:
[ 6.53571, 1.51344, 2.20795, 2.09293, 3.62769, 6.56293, -2.45776, -7.16479, -0.105735, 4.06708, 8.79553, 3.76477, -0.243816, -0.107143, -3.27786, 0.149065, 4.64655, 9.07727, 2.15186, 1.18674, 2.11789, -4.85358, 1.48814, 0.99585, 2.73218, 9.47766, 3.64651, -5.46686, 3.96896, -2.80832, -0.567467, 2.4982, 8.00134, 4.71747, 4.07111, 4.03717, ... ]
X at t=0.1:
[ 6.56799, 1.65662, 2.19604, 2.19791, 3.76254, 6.39697, -3.04355, -6.82782, -0.500061, 4.05853, 8.94519, 3.41559, -0.480785, -0.0018101, -3.16589, 0.0756636, 4.6936, 9.15527, 1.8905, 1.11353, 2.09857, -4.71735, 1.60147, 1.18222, 2.87076, 9.5238, 2.90579, -5.50732, 4.33301, -2.49442, -0.438526, 2.49924, 8.13293, 4.87018, 3.91223, 3.8027, ... ]
X at t=0.11:
[ 6.60095, 1.79448, 2.17935, 2.30142, 3.89676, 6.20056, -3.59021, -6.44879, -0.901001, 3.98859, 9.09338, 3.04706, -0.684685, 0.114692, -3.05441, 0.0103737, 4.73163, 9.224, 1.6194, 1.05807, 2.08817, -4.57892, 1.70282, 1.37497, 3.02203, 9.54517, 2.15436, -5.50012, 4.63574, -2.16058, -0.308666, 2.51483, 8.26404, 5.00873, 3.73111, 3.57629, ... ]
X at t=0.12:
[ 6.6355, 1.92587, 2.15829, 2.40347, 4.0293, 5.97394, -4.09326, -6.02979, -1.2952, 3.86002, 9.23718, 2.66757, -0.853867, 0.238087, -2.94308, -0.0465307, 4.76184, 9.28259, 1.34132, 1.02155, 2.08508, -4.43896, 1.79295, 1.57335, 3.18585, 9.53894, 1.39752, -5.45044, 4.87433, -1.81154, -0.181925, 2.54425, 8.39514, 5.12982, 3.5282, 3.36124, ... ]
X at t=0.13:
[ 6.67249, 2.05026, 2.1333, 2.50412, 4.15918, 5.71777, -4.54901, -5.57446, -1.67035, 3.67798, 9.37354, 2.28571, -0.987625, 0.364563, -2.83163, -0.0949755, 4.78534, 9.3302, 1.05911, 1.00475, 2.08786, -4.2981, 1.8726, 1.77672, 3.36185, 9.50208, 0.64048, -5.36285, 5.04816, -1.45253, -0.0615315, 2.58633, 8.52649, 5.23016, 3.30444, 3.16064, ... ]
X at t=0.14:
[ 6.71259, 2.16779, 2.1048, 2.60333, 4.28522, 5.43323, -4.95453, -5.08801, -2.01575, 3.44974, 9.49976, 1.90994, -1.08615, 0.49091, -2.71991, -0.135044, 4.80334, 9.36621, 0.775597, 1.00812, 2.09525, -4.15692, 1.94246, 1.98451, 3.54944, 9.43127, -0.111653, -5.24139, 5.15857, -1.08907, 0.0502276, 2.63971, 8.65833, 5.30658, 3.06137, 2.97739, ... ]
X at t=0.15:
[ 6.75623, 2.27902, 2.07312, 2.70114, 4.40631, 5.12189, -5.30792, -4.5769, -2.32272, 3.18393, 9.61365, 1.54825, -1.1505, 0.614586, -2.60788, -0.166952, 4.81696, 9.39014, 0.493568, 1.03175, 2.10617, -4.01599, 2.00314, 2.19623, 3.74774, 9.32336, -0.85376, -5.08948, 5.20868, -0.726562, 0.152061, 2.70279, 8.79077, 5.35602, 2.80103, 2.814, ... ]
X at t=0.16:
[ 6.80359, 2.38498, 2.03854, 2.79745, 4.52136, 4.78564, -5.6084, -4.04877, -2.58487, 2.89005, 9.7135, 1.20781, -1.18251, 0.733742, -2.49567, -0.191008, 4.82727, 9.40186, 0.215719, 1.07542, 2.11981, -3.87585, 2.05533, 2.41144, 3.95557, 9.17493, -1.5807, -4.91028, 5.20312, -0.37011, 0.243637, 2.77408, 8.92371, 5.37579, 2.52603, 2.67255, ... ]
X at t=0.17:
[ 6.85455, 2.48697, 2.00128, 2.89221, 4.62915, 4.42682, -5.8562, -3.51199, -2.79822, 2.57782, 9.79834, 0.894753, -1.18469, 0.847198, -2.38345, -0.207586, 4.83527, 9.40125, -0.0554185, 1.13858, 2.13559, -3.73709, 2.09961, 2.62976, 4.17139, 8.98279, -2.28726, -4.70667, 5.14777, -0.0242178, 0.325462, 2.85214, 9.05676, 5.3634, 2.2395, 2.55463, ... ]
X at t=0.18:
[ 6.90863, 2.58646, 1.96144, 2.98526, 4.72864, 4.04797, -6.05255, -2.97516, -2.96109, 2.25656, 9.8678, 0.613998, -1.16008, 0.954353, -2.27151, -0.217106, 4.84192, 9.38843, -0.317501, 1.22037, 2.15314, -3.60022, 2.13657, 2.8508, 4.39343, 8.7439, -2.96817, -4.48169, 5.04944, 0.307346, 0.398727, 2.93576, 9.18958, 5.31683, 1.94501, 2.46115, ... ]
X at t=0.19:
[ 6.9649, 2.68494, 1.91908, 3.07645, 4.81873, 3.65204, -6.19958, -2.44678, -3.07385, 1.93474, 9.92236, 0.369152, -1.11214, 1.05508, -2.1601, -0.220003, 4.84802, 9.36365, -0.56842, 1.3197, 2.17233, -3.46576, 2.16681, 3.07419, 4.61938, 8.45557, -3.61819, -4.23883, 4.91565, 0.621696, 0.465111, 3.02396, 9.32129, 5.23444, 1.64647, 2.3924, ... ]
X at t=0.2:
[ 7.02228, 2.78387, 1.87422, 3.16553, 4.8985, 3.24194, -6.30023, -1.93478, -3.13861, 1.61964, 9.96277, 0.162525, -1.04456, 1.14963, -2.04953, -0.216715, 4.85443, 9.32739, -0.80632, 1.43524, 2.19321, -3.33423, 2.19089, 3.29956, 4.84668, 8.11572, -4.23212, -3.98215, 4.75421, 0.916878, 0.526581, 3.116, 9.45105, 5.11499, 1.34811, 2.34799, ... ]
X at t=0.21:
[ 7.07941, 2.88464, 1.82683, 3.25229, 4.96704, 2.82083, -6.35779, -1.44629, -3.15884, 1.31723, 9.99036, -0.0047878, -0.961159, 1.23848, -1.94012, -0.207672, 4.86182, 9.27991, -1.02965, 1.56549, 2.21594, -3.20605, 2.20938, 3.52652, 5.07233, 7.72272, -4.80493, -3.71637, 4.573, 1.19186, 0.58522, 3.21136, 9.57764, 4.95776, 1.05432, 2.32684, ... ]
X at t=0.22:
[ 7.13489, 2.98846, 1.77686, 3.33646, 5.02356, 2.39188, -6.3761, -0.987305, -3.13901, 1.03203, 10.0065, -0.132782, -0.865738, 1.32227, -1.83212, -0.193289, 4.87073, 9.22192, -1.23714, 1.7088, 2.24081, -3.08167, 2.22284, 3.75467, 5.29285, 7.27588, -5.33191, -3.44711, 4.37939, 1.44653, 0.643066, 3.30981, 9.69971, 4.76257, 0.769531, 2.32721, ... ]
X at t=0.23:
[ 7.18719, 3.09631, 1.72423, 3.41776, 5.06738, 1.95819, -6.35907, -0.562607, -3.08405, 0.767242, 10.0127, -0.222374, -0.761971, 1.40167, -1.72574, -0.173956, 4.88177, 9.15393, -1.42781, 1.86342, 2.26819, -2.96146, 2.23178, 3.98355, 5.50452, 6.77551, -5.80872, -3.18079, 4.18011, 1.6815, 0.701996, 3.41129, 9.81567, 4.52985, 0.498116, 2.34683, ... ]
X at t=0.24:
[ 7.23499, 3.20895, 1.66891, 3.49594, 5.09802, 1.52284, -6.31067, -0.17572, -2.99924, 0.524864, 10.0105, -0.275227, -0.653305, 1.47734, -1.62115, -0.150042, 4.89532, 9.07654, -1.601, 2.02753, 2.2984, -2.84579, 2.23676, 4.21265, 5.70325, 6.22296, -6.23145, -2.92438, 3.98093, 1.89801, 0.763672, 3.51581, 9.92383, 4.26044, 0.244272, 2.38293, ... ]
X at t=0.25:
[ 7.27698, 3.32693, 1.61087, 3.57077, 5.11505, 1.08879, -6.23468, 0.171104, -2.88977, 0.305901, 10.0013, -0.293575, -0.542931, 1.54988, -1.51846, -0.121885, 4.9118, 8.99048, -1.7563, 2.19925, 2.33182, -2.73499, 2.23825, 4.44147, 5.8847, 5.62079, -6.5968, -2.68533, 3.78622, 2.09781, 0.829483, 3.6236, 10.0223, 3.95584, 0.0119317, 2.43243, ... ]
X at t=0.26:
[ 7.31207, 3.45056, 1.55008, 3.64203, 5.11829, 0.658844, -6.1347, 0.47678, -2.76062, 0.11055, 9.98657, -0.280083, -0.433712, 1.61978, -1.41772, -0.0898027, 4.93152, 8.89636, -1.89362, 2.37677, 2.36877, -2.62933, 2.23672, 4.66943, 6.04443, 4.97284, -6.90204, -2.47104, 3.59894, 2.28293, 0.900597, 3.73486, 10.1091, 3.6181, -0.195335, 2.492, ... ]
X at t=0.27:
[ 7.33929, 3.5799, 1.48659, 3.70953, 5.10767, 0.235638, -6.0141, 0.741264, -2.61642, -0.0615878, 9.96729, -0.237696, -0.328163, 1.68745, -1.31894, -0.0540833, 4.95465, 8.7948, -2.01306, 2.55829, 2.40952, -2.52908, 2.23264, 4.89581, 6.1778, 4.28436, -7.14502, -2.28845, 3.4205, 2.45557, 0.977959, 3.84991, 10.1823, 3.24976, -0.374386, 2.55832, ... ]
X at t=0.28:
[ 7.35797, 3.71484, 1.42047, 3.77319, 5.08331, -0.178406, -5.87585, 0.965424, -2.4613, -0.21133, 9.94446, -0.169527, -0.228445, 1.7532, -1.22205, -0.01499, 4.98145, 8.6864, -2.11499, 2.7421, 2.45419, -2.43448, 2.22641, 5.12, 6.28027, 3.56177, -7.3241, -2.14362, 3.25082, 2.61798, 1.06236, 3.96906, 10.2395, 2.85391, -0.522568, 2.62814, ... ]
X at t=0.29:
[ 7.36755, 3.85507, 1.35187, 3.83292, 5.04541, -0.581078, -5.72266, 1.15088, -2.29892, -0.339756, 9.91882, -0.0787811, -0.136364, 1.81725, -1.12695, 0.0272391, 5.01202, 8.5719, -2.19998, 2.92651, 2.50287, -2.34573, 2.21841, 5.34119, 6.34747, 2.81281, -7.43829, -2.04129, 3.08853, 2.77231, 1.15453, 4.09253, 10.2788, 2.43405, -0.637756, 2.69855, ... ]
X at t=0.3:
[ 7.36768, 4.00012, 1.28096, 3.8887, 4.99432, -0.97039, -5.55682, 1.29984, -2.13235, -0.44809, 9.89099, 0.0313282, -0.0533843, 1.87975, -1.03349, 0.0723906, 5.04645, 8.45178, -2.26877, 3.11008, 2.55554, -2.26303, 2.20895, 5.55859, 6.37549, 2.04623, -7.48712, -1.98445, 2.93121, 2.92053, 1.25516, 4.22058, 10.2979, 1.99414, -0.718391, 2.76706, ... ]
X at t=0.31:
[ 7.35815, 4.14941, 1.20799, 3.94061, 4.93054, -1.34459, -5.38037, 1.41496, -1.96422, -0.537605, 9.86157, 0.157623, 0.0193572, 1.94081, -0.941475, 0.120276, 5.08478, 8.32666, -2.3222, 3.29138, 2.61203, -2.18655, 2.19836, 5.77136, 6.36078, 1.27176, -7.47076, -1.97406, 2.7757, 3.0643, 1.36497, 4.35333, 10.2944, 1.53841, -0.763504, 2.83176, ... ]
X at t=0.32:
[ 7.33905, 4.30219, 1.13327, 3.98877, 4.85468, -1.70216, -5.19513, 1.49924, -1.79663, -0.609566, 9.83093, 0.297005, 0.0810289, 2.00052, -0.850655, 0.170734, 5.12701, 8.1969, -2.3613, 3.46924, 2.67209, -2.11642, 2.18689, 5.97864, 6.30042, 0.49971, -7.39008, -2.00888, 2.61859, 3.20496, 1.48482, 4.49084, 10.2662, 1.0714, -0.772713, 2.89139, ... ]
X at t=0.33:
[ 7.31049, 4.4577, 1.05716, 4.03339, 4.7674, -2.04184, -5.00262, 1.55586, -1.63126, -0.665176, 9.79944, 0.446484, 0.131083, 2.05893, -0.760765, 0.223627, 5.1731, 8.06311, -2.38708, 3.64255, 2.73541, -2.05276, 2.17471, 6.17957, 6.19238, -0.259232, -7.2467, -2.08554, 2.45657, 3.34338, 1.6156, 4.63312, 10.2111, 0.597809, -0.746262, 2.94543, ... ]
X at t=0.34:
[ 7.27277, 4.61505, 0.980095, 4.07471, 4.66949, -2.36258, -4.80426, 1.58813, -1.46938, -0.705559, 9.76733, 0.603195, 0.169228, 2.11615, -0.671516, 0.278843, 5.22296, 7.9256, -2.40073, 3.81042, 2.80154, -1.99568, 2.16202, 6.37329, 6.03546, -0.9944, -7.04327, -2.19864, 2.2869, 3.47998, 1.75839, 4.77997, 10.1268, 0.122443, -0.685059, 2.99408, ... ]
X at t=0.35:
[ 7.22626, 4.77344, 0.902534, 4.11304, 4.56177, -2.66354, -4.60126, 1.59937, -1.31192, -0.73175, 9.73486, 0.76442, 0.19541, 2.1723, -0.582581, 0.336296, 5.27649, 7.78473, -2.40335, 3.97211, 2.87003, -1.94522, 2.14893, 6.55902, 5.82941, -1.69551, -6.78351, -2.34116, 2.10757, 3.61462, 1.91434, 4.93109, 10.0114, -0.34993, -0.590652, 3.03827, ... ]
X at t=0.36:
[ 7.17151, 4.93195, 0.824997, 4.14868, 4.44513, -2.94418, -4.39471, 1.59282, -1.15952, -0.744675, 9.70227, 0.927589, 0.209782, 2.22748, -0.493622, 0.395927, 5.33362, 7.64081, -2.39612, 4.12701, 2.94031, -1.90143, 2.13553, 6.73596, 5.57495, -2.35303, -6.47235, -2.50485, 1.91771, 3.74673, 2.08463, 5.086, 9.86255, -0.814629, -0.465298, 3.07959, ... ]
X at t=0.37:
[ 7.10919, 5.08972, 0.748047, 4.18207, 4.32037, -3.20407, -4.18567, 1.57166, -1.01253, -0.745171, 9.66968, 1.09029, 0.212683, 2.28183, -0.404293, 0.457699, 5.39417, 7.49408, -2.38019, 4.27466, 3.01181, -1.86429, 2.12186, 6.90338, 5.27393, -2.95853, -6.11603, -2.68085, 1.7175, 3.87524, 2.27042, 5.24402, 9.67847, -1.26718, -0.311928, 3.12018, ... ]
X at t=0.38:
[ 7.03998, 5.24591, 0.672264, 4.21362, 4.18842, -3.44305, -3.97513, 1.53888, -0.871132, -0.733986, 9.63745, 1.25029, 0.204618, 2.33551, -0.314232, 0.521599, 5.45795, 7.34473, -2.35666, 4.41473, 3.08392, -1.83379, 2.10794, 7.06061, 4.92908, -3.505, -5.72192, -2.86026, 1.50822, 3.99875, 2.47284, 5.40424, 9.45728, -1.7034, -0.134172, 3.16257, ... ]
X at t=0.39:
[ 6.9646, 5.39978, 0.598259, 4.24365, 4.05005, -3.66116, -3.76401, 1.49728, -0.735321, -0.711792, 9.60571, 1.40552, 0.186234, 2.38873, -0.223078, 0.587639, 5.52478, 7.19293, -2.32663, 4.54706, 3.15604, -1.80984, 2.09381, 7.20709, 4.54401, -3.987, -5.29846, -3.03467, 1.29211, 4.11554, 2.69278, 5.56537, 9.19727, -2.11945, 0.0636587, 3.20956, ... ]
X at t=0.4:
[ 6.88385, 5.55066, 0.526649, 4.27264, 3.90613, -3.85852, -3.55319, 1.44948, -0.604958, -0.679176, 9.57483, 1.55408, 0.158293, 2.44171, -0.13047, 0.655861, 5.59448, 7.03882, -2.29108, 4.67157, 3.22754, -1.79239, 2.07941, 7.34235, 4.12317, -4.40076, -4.85474, -3.19672, 1.07205, 4.22382, 2.93085, 5.72595, 8.89709, -2.51193, 0.276619, 3.26398, ... ]
X at t=0.41:
[ 6.79858, 5.69788, 0.458046, 4.30096, 3.75742, -4.03546, -3.34363, 1.39781, -0.479809, -0.636673, 9.54492, 1.69424, 0.121661, 2.4946, -0.0360503, 0.726311, 5.66681, 6.88239, -2.25101, 4.78821, 3.29785, -1.78127, 2.06467, 7.46606, 3.67163, -4.74432, -4.40021, -3.34033, 0.851364, 4.32184, 3.18729, 5.88403, 8.55554, -2.87793, 0.499203, 3.32849, ... ]
X at t=0.42:
[ 6.70972, 5.84094, 0.393055, 4.32892, 3.60464, -4.19238, -3.13614, 1.34439, -0.35957, -0.584763, 9.51624, 1.82445, 0.0772867, 2.54764, 0.0605345, 0.799065, 5.74152, 6.72363, -2.20724, 4.89716, 3.36636, -1.77632, 2.04956, 7.57806, 3.19485, -5.01727, -3.9444, -3.46109, 0.633446, 4.40796, 3.46194, 6.03723, 8.17188, -3.215, 0.725441, 3.40552, ... ]
X at t=0.43:
[ 6.61804, 5.97937, 0.332245, 4.35681, 3.44849, -4.3299, -2.93164, 1.29108, -0.243889, -0.523872, 9.48901, 1.9433, 0.0261829, 2.60095, 0.159628, 0.874222, 5.8183, 6.56256, -2.16061, 4.99847, 3.43253, -1.77737, 2.034, 7.67822, 2.69861, -5.2207, -3.49625, -3.55618, 0.421547, 4.4809, 3.75412, 6.1828, 7.74579, -3.52115, 0.949028, 3.49692, ... ]
X at t=0.44:
[ 6.52448, 6.11285, 0.276161, 4.38495, 3.28958, -4.44861, -2.73093, 1.23947, -0.132387, -0.454391, 9.4635, 2.04956, -0.0305901, 2.65469, 0.261562, 0.951889, 5.89691, 6.39911, -2.11182, 5.09247, 3.49582, -1.78419, 2.01788, 7.76654, 2.18875, -5.35681, -3.06387, -3.6243, 0.218521, 4.53961, 4.06268, 6.3175, 7.27747, -3.79489, 1.1635, 3.60394, ... ]
X at t=0.45:
[ 6.42987, 6.24115, 0.2253, 4.41351, 3.12848, -4.54926, -2.53485, 1.19093, -0.0246744, -0.376671, 9.43982, 2.14215, -0.091939, 2.70895, 0.366661, 1.03218, 5.97705, 6.23315, -2.06149, 5.17932, 3.55579, -1.79655, 2.00116, 7.8432, 1.6712, -5.42877, -2.65424, -3.66556, 0.0267105, 4.58344, 4.38593, 6.43756, 6.76782, -4.03503, 1.36243, 3.72708, ... ]
X at t=0.46:
[ 6.33502, 6.36407, 0.180101, 4.44263, 2.9657, -4.63257, -2.34418, 1.14659, 0.0796404, -0.291031, 9.41821, 2.22015, -0.156752, 2.76376, 0.475227, 1.11525, 6.05829, 6.06451, -2.01016, 5.25934, 3.61197, -1.81418, 1.98375, 7.90851, 1.15169, -5.44037, -2.27292, -3.68112, -0.152134, 4.61212, 4.7218, 6.53888, 6.21857, -4.24084, 1.53963, 3.86603, ... ]
X at t=0.47:
[ 6.24078, 6.48151, 0.140942, 4.47235, 2.80167, -4.69934, -2.15964, 1.10733, 0.180939, -0.197767, 9.39893, 2.28278, -0.223911, 2.81909, 0.587555, 1.20123, 6.14032, 5.89301, -1.9583, 5.33282, 3.664, -1.83679, 1.96555, 7.96277, 0.635658, -5.39581, -1.92401, -3.67307, -0.316849, 4.62561, 5.06775, 6.61688, 5.63232, -4.4118, 1.68935, 4.01965, ... ]
X at t=0.48:
[ 6.14789, 6.59344, 0.10813, 4.50275, 2.63681, -4.75037, -1.98193, 1.07384, 0.279587, -0.0971556, 9.38184, 2.32935, -0.292309, 2.87488, 0.703911, 1.2903, 6.22272, 5.71851, -1.90627, 5.40009, 3.71152, -1.86409, 1.94647, 8.00647, 0.128277, -5.2995, -1.61005, -3.64398, -0.466816, 4.62427, 5.42084, 6.66687, 5.01276, -4.54755, 1.80658, 4.1861, ... ]
X at t=0.49:
[ 6.05707, 6.69995, 0.0818977, 4.53369, 2.4715, -4.7865, -1.81169, 1.04659, 0.375935, 0.0105512, 9.36719, 2.35938, -0.360844, 2.931, 0.824547, 1.3826, 6.30505, 5.54071, -1.85432, 5.46143, 3.75421, -1.89575, 1.92645, 8.04028, -0.365692, -5.15588, -1.33211, -3.59674, -0.601875, 4.60864, 5.77795, 6.68396, 4.36462, -4.64801, 1.88719, 4.36273, ... ]
X at t=0.5:
[ 5.96893, 6.80109, 0.062397, 4.56506, 2.30603, -4.80847, -1.64946, 1.02591, 0.470314, 0.125116, 9.35486, 2.37244, -0.428444, 2.98724, 0.949684, 1.47833, 6.38678, 5.35938, -1.8027, 5.51715, 3.79181, -1.93147, 1.9054, 8.0647, -0.841911, -4.96918, -1.08992, -3.5343, -0.722237, 4.57947, 6.13562, 6.66333, 3.69385, -4.71326, 1.92821, 4.54633, ... ]
X at t=0.51:
[ 5.88416, 6.89703, 0.0496984, 4.59668, 2.14072, -4.81714, -1.49573, 1.01193, 0.563034, 0.246321, 9.34473, 2.36826, -0.494064, 3.04333, 1.07953, 1.57765, 6.46741, 5.17426, -1.75151, 5.56763, 3.82407, -1.9709, 1.88324, 8.08057, -1.29645, -4.74359, -0.882057, -3.4595, -0.828362, 4.53766, 6.49042, 6.60046, 3.00745, -4.74359, 1.92792, 4.73328, ... ]
X at t=0.52:
[ 5.80334, 6.98792, 0.0437846, 4.6283, 1.97585, -4.81317, -1.35091, 1.00468, 0.654396, 0.373955, 9.33667, 2.34662, -0.556694, 3.09897, 1.21423, 1.68076, 6.54633, 4.98511, -1.70079, 5.61316, 3.8508, -2.0137, 1.85991, 8.08862, -1.72586, -4.48309, -0.706108, -3.37497, -0.920883, 4.48419, 6.83875, 6.49139, 2.31354, -4.73962, 1.88605, 4.91968, ... ]
X at t=0.53:
[ 5.72693, 7.07397, 0.0445499, 4.65961, 1.81168, -4.7973, -1.2153, 1.00404, 0.74469, 0.50782, 9.33044, 2.3075, -0.615356, 3.15381, 1.35394, 1.78781, 6.62292, 4.79169, -1.65051, 5.65399, 3.87183, -2.05954, 1.83533, 8.0896, -2.12711, -4.19153, -0.558899, -3.28299, -1.00052, 4.42017, 7.17719, 6.33276, 1.62109, -4.70227, 1.80377, 5.10168, ... ]
X at t=0.54:
[ 5.65546, 7.1554, 0.0518074, 4.69025, 1.64845, -4.77026, -1.08916, 1.0098, 0.83419, 0.647743, 9.32568, 2.25089, -0.669128, 3.20746, 1.49875, 1.89899, 6.69647, 4.59369, -1.60059, 5.69049, 3.88702, -2.10806, 1.80943, 8.08447, -2.49759, -3.8725, -0.436714, -3.18555, -1.06802, 4.3468, 7.50238, 6.12231, 0.939812, -4.63293, 1.68373, 5.27545, ... ]
X at t=0.55:
[ 5.58936, 7.23236, 0.0652781, 4.71991, 1.48643, -4.7326, -0.97261, 1.02164, 0.923172, 0.793549, 9.32202, 2.17691, -0.71711, 3.25955, 1.64871, 2.01443, 6.76624, 4.39093, -1.55086, 5.72284, 3.89627, -2.15894, 1.78214, 8.07397, -2.83517, -3.52957, -0.335487, -3.08423, -1.12415, 4.26532, 7.81122, 5.85889, 0.279743, -4.53375, 1.52988, 5.4375, ... ]
X at t=0.56:
[ 5.52899, 7.30511, 0.0846043, 4.74817, 1.32588, -4.68494, -0.865707, 1.0392, 1.0119, 0.945068, 9.31885, 2.08575, -0.758453, 3.30969, 1.80383, 2.13434, 6.8313, 4.18323, -1.50111, 5.7514, 3.89944, -2.21182, 1.75336, 8.05908, -3.13806, -3.1662, -0.251007, -2.98035, -1.16956, 4.17694, 8.10095, 5.54272, -0.349018, -4.40747, 1.34731, 5.58484, ... ]
X at t=0.57:
[ 5.47467, 7.3739, 0.109347, 4.77466, 1.16705, -4.62787, -0.768402, 1.06206, 1.10065, 1.10214, 9.31555, 1.97778, -0.792351, 3.35748, 1.96408, 2.25882, 6.89081, 3.97046, -1.45108, 5.77637, 3.89648, -2.26636, 1.72301, 8.04053, -3.40491, -2.78583, -0.179071, -2.87491, -1.20488, 4.08295, 8.36914, 5.17548, -0.936745, -4.25757, 1.14194, 5.71497, ... ]
X at t=0.58:
[ 5.4267, 7.4389, 0.138996, 4.79895, 1.01024, -4.56189, -0.680557, 1.08975, 1.1897, 1.26463, 9.3114, 1.85338, -0.818031, 3.40262, 2.12936, 2.38797, 6.94373, 3.75247, -1.40047, 5.79803, 3.8873, -2.32224, 1.69101, 8.01917, -3.63474, -2.39188, -0.11565, -2.76871, -1.23068, 3.98471, 8.61389, 4.76019, -1.47443, -4.0882, 0.920235, 5.82611, ... ]
X at t=0.59:
[ 5.38531, 7.50024, 0.172964, 4.82062, 0.855751, -4.48743, -0.601952, 1.1218, 1.27933, 1.4324, 9.30566, 1.71304, -0.834778, 3.44479, 2.29959, 2.52185, 6.98901, 3.52924, -1.34892, 5.81665, 3.8718, -2.37909, 1.65724, 7.99591, -3.82687, -1.98776, -0.0569978, -2.66238, -1.24747, 3.88348, 8.83374, 4.30139, -1.9541, -3.90417, 0.688774, 5.91711, ... ]
X at t=0.6:
[ 5.35071, 7.55817, 0.210602, 4.83936, 0.703903, -4.40503, -0.532272, 1.1577, 1.36983, 1.60532, 9.29724, 1.55737, -0.841911, 3.48383, 2.47455, 2.66049, 7.02551, 3.30081, -1.2961, 5.83246, 3.84995, -2.43661, 1.62158, 7.97144, -3.98102, -1.57689, 0.000239283, -2.55646, -1.25569, 3.78061, 9.02783, 3.80484, -2.3692, -3.71066, 0.45388, 5.98737, ... ]
X at t=0.61:
[ 5.32312, 7.61273, 0.251205, 4.8548, 0.555046, -4.31506, -0.471138, 1.19698, 1.4615, 1.78323, 9.28516, 1.38708, -0.838806, 3.51962, 2.65402, 2.80386, 7.052, 3.06732, -1.24162, 5.84576, 3.82169, -2.49448, 1.58389, 7.94653, -4.09717, -1.16266, 0.0589466, -2.45139, -1.25577, 3.67734, 9.19568, 3.27728, -2.71463, -3.51291, 0.221329, 6.0368, ... ]
X at t=0.62:
[ 5.30267, 7.66406, 0.29401, 4.86664, 0.409554, -4.21796, -0.418079, 1.23915, 1.55466, 1.966, 9.26831, 1.20299, -0.824898, 3.55219, 2.83777, 2.95184, 7.06714, 2.82898, -1.18513, 5.85681, 3.78699, -2.55237, 1.54404, 7.92188, -4.17566, -0.748383, 0.121486, -2.34766, -1.24809, 3.57492, 9.33728, 2.72632, -2.987, -3.3161, -0.00390869, 6.0658, ... ]
X at t=0.63:
[ 5.28949, 7.71216, 0.338215, 4.87463, 0.267822, -4.11407, -0.37257, 1.28377, 1.64958, 2.15347, 9.24536, 1.006, -0.799675, 3.58167, 3.02545, 3.10422, 7.06958, 2.58612, -1.12628, 5.86591, 3.74576, -2.60995, 1.50186, 7.89807, -4.21704, -0.337299, 0.189661, -2.24579, -1.23306, 3.47452, 9.45312, 2.16006, -3.18448, -3.12491, -0.217825, 6.07501, ... ]
X at t=0.64:
[ 5.28363, 7.75708, 0.382977, 4.87866, 0.130268, -4.00385, -0.334015, 1.33038, 1.74661, 2.34549, 9.21509, 0.79715, -0.762726, 3.60837, 3.21677, 3.26065, 7.05792, 2.33923, -1.06476, 5.87341, 3.69797, -2.66696, 1.45718, 7.87573, -4.22211, 0.0674992, 0.264709, -2.1463, -1.21109, 3.37723, 9.54419, 1.58691, -3.30682, -2.9433, -0.417419, 6.06537, ... ]
X at t=0.65:
[ 5.28516, 7.79877, 0.427433, 4.87854, -0.002675, -3.88766, -0.301765, 1.3786, 1.84604, 2.54187, 9.1759, 0.577591, -0.713715, 3.63275, 3.41132, 3.42072, 7.03064, 2.08896, -1.00032, 5.87958, 3.64355, -2.72311, 1.40981, 7.85535, -4.19183, 0.463104, 0.347298, -2.0498, -1.18259, 3.28409, 9.61157, 1.01518, -3.35526, -2.77429, -0.600647, 6.03802, ... ]
X at t=0.66:
[ 5.29419, 7.83716, 0.470707, 4.87433, -0.130558, -3.76593, -0.275139, 1.42807, 1.94818, 2.7424, 9.12646, 0.348564, -0.652428, 3.65549, 3.60876, 3.5838, 6.98627, 1.83606, -0.932793, 5.88477, 3.58246, -2.77811, 1.35953, 7.83728, -4.12738, 0.846825, 0.437553, -1.95692, -1.14798, 3.19598, 9.65674, 0.45293, -3.33218, -2.61981, -0.766319, 5.99408, ... ]
X at t=0.67:
[ 5.31067, 7.87213, 0.511909, 4.86603, -0.252926, -3.63901, -0.253407, 1.47849, 2.05334, 2.94684, 9.06506, 0.111426, -0.578796, 3.6774, 3.80869, 3.74911, 6.92328, 1.58148, -0.862099, 5.88934, 3.51468, -2.83167, 1.30612, 7.82196, -4.03003, 1.21622, 0.535095, -1.86832, -1.10773, 3.11374, 9.68127, -0.0922709, -3.24112, -2.48068, -0.913895, 5.93481, ... ]
X at t=0.68:
[ 5.33466, 7.9035, 0.550163, 4.85382, -0.369316, -3.50735, -0.235826, 1.52956, 2.1618, 3.15488, 8.99011, -0.132368, -0.492912, 3.69949, 4.01074, 3.91568, 6.84027, 1.32632, -0.788284, 5.89368, 3.44016, -2.88351, 1.24937, 7.80957, -3.90128, 1.56914, 0.639076, -1.78462, -1.06232, 3.03802, 9.68689, -0.613503, -3.08649, -2.35663, -1.04333, 5.86157, ... ]
X at t=0.69:
[ 5.36615, 7.93097, 0.58461, 4.83795, -0.479275, -3.3714, -0.221634, 1.58107, 2.2739, 3.36615, 8.8999, -0.381275, -0.395058, 3.72296, 4.21448, 4.08228, 6.73578, 1.07187, -0.711517, 5.89819, 3.35889, -2.93341, 1.18906, 7.80029, -3.74255, 1.90373, 0.748253, -1.70644, -1.01225, 2.96939, 9.67529, -1.10464, -2.87341, -2.24643, -1.15489, 5.77563, ... ]
X at t=0.7:
[ 5.40509, 7.95428, 0.61441, 4.81879, -0.582359, -3.23157, -0.210062, 1.63284, 2.38986, 3.5802, 8.79272, -0.633675, -0.28574, 3.74918, 4.41962, 4.24744, 6.60852, 0.819588, -0.632133, 5.90326, 3.27087, -2.98108, 1.12494, 7.79425, -3.55542, 2.21841, 0.861046, -1.63428, -0.958038, 2.90829, 9.64832, -1.56042, -2.6076, -2.14801, -1.24896, 5.67841, ... ]
X at t=0.71:
[ 5.45148, 7.97308, 0.638786, 4.79675, -0.678146, -3.08832, -0.200352, 1.68474, 2.50995, 3.79654, 8.66687, -0.887871, -0.165718, 3.7796, 4.62579, 4.40942, 6.4574, 0.571098, -0.550613, 5.90924, 3.17615, -3.02625, 1.05678, 7.79138, -3.34149, 2.51196, 0.975609, -1.56856, -0.900169, 2.8551, 9.60767, -1.97653, -2.2952, -2.05875, -1.32602, 5.57141, ... ]
X at t=0.72:
[ 5.50519, 7.98694, 0.656998, 4.77246, -0.766228, -2.94214, -0.191757, 1.73668, 2.6344, 4.01453, 8.52075, -1.14214, -0.0360327, 3.81583, 4.83276, 4.56622, 6.28149, 0.328194, -0.467617, 5.91644, 3.07477, -3.06866, 0.984375, 7.79163, -3.10236, 2.78336, 1.08989, -1.50954, -0.839149, 2.81003, 9.55505, -2.34958, -1.94269, -1.97565, -1.38647, 5.45624, ... ]
X at t=0.73:
[ 5.56622, 7.99536, 0.668381, 4.74646, -0.846237, -2.79352, -0.183559, 1.7886, 2.7634, 4.2334, 8.35266, -1.3947, 0.101977, 3.8595, 5.04022, 4.71552, 6.0802, 0.0927877, -0.383949, 5.92523, 2.96689, -3.10806, 0.907524, 7.79474, -2.83963, 3.03186, 1.20174, -1.45732, -0.775467, 2.77322, 9.49207, -2.67712, -1.55673, -1.8956, -1.43076, 5.33453, ... ]
X at t=0.74:
[ 5.6344, 7.9978, 0.672356, 4.71954, -0.917831, -2.64294, -0.175072, 1.8405, 2.89716, 4.45227, 8.16101, -1.6438, 0.246653, 3.91226, 5.24792, 4.8548, 5.85321, -0.133091, -0.300564, 5.93585, 2.85266, -3.14413, 0.826057, 7.80042, -2.5549, 3.25696, 1.30893, -1.41183, -0.709587, 2.74472, 9.42017, -2.95767, -1.14407, -1.81554, -1.45924, 5.20807, ... ]
X at t=0.75:
[ 5.70959, 7.99359, 0.668442, 4.69244, -0.980713, -2.49094, -0.165651, 1.8924, 3.0358, 4.67017, 7.94452, -1.88766, 0.396008, 3.97574, 5.45569, 4.98108, 5.60071, -0.347351, -0.218531, 5.94855, 2.73233, -3.17657, 0.73983, 7.80823, -2.24979, 3.45828, 1.40929, -1.37279, -0.641953, 2.72455, 9.34058, -3.19055, -0.711433, -1.73268, -1.47237, 5.0788, ... ]
X at t=0.76:
[ 5.79169, 7.98206, 0.656258, 4.66595, -1.03462, -2.33798, -0.154701, 1.94435, 3.17947, 4.88586, 7.70178, -2.12457, 0.547737, 4.05133, 5.66327, 5.09131, 5.3233, -0.547867, -0.139, 5.96338, 2.6062, -3.20511, 0.64875, 7.81769, -1.92589, 3.63562, 1.50072, -1.33974, -0.57299, 2.71262, 9.25476, -3.37592, -0.265396, -1.64459, -1.47063, 4.94855, ... ]
X at t=0.77:
[ 5.88049, 7.96246, 0.635529, 4.64099, -1.07936, -2.18457, -0.14168, 1.99646, 3.32822, 5.09802, 7.43176, -2.35281, 0.699242, 4.14032, 5.87042, 5.18213, 5.02222, -0.732552, -0.0631552, 5.98041, 2.47464, -3.22937, 0.55278, 7.82819, -1.58478, 3.78882, 1.58127, -1.31206, -0.50309, 2.7088, 9.1637, -3.51465, 0.187729, -1.54933, -1.45468, 4.81927, ... ]
X at t=0.78:
[ 5.97577, 7.93396, 0.606125, 4.61841, -1.11473, -2.03119, -0.126101, 2.04883, 3.48209, 5.30511, 7.13361, -2.57077, 0.847633, 4.24371, 6.0769, 5.24994, 4.69916, -0.899422, 0.0078522, 5.99963, 2.33813, -3.24899, 0.451942, 7.83899, -1.22806, 3.91779, 1.6492, -1.28893, -0.432632, 2.71295, 9.06848, -3.60825, 0.641983, -1.44548, -1.42534, 4.69293, ... ]
X at t=0.79:
[ 6.07727, 7.89569, 0.568039, 4.59912, -1.14061, -1.87831, -0.107541, 2.10159, 3.64108, 5.50537, 6.8067, -2.77682, 0.989799, 4.36212, 6.28235, 5.2912, 4.35657, -1.04665, 0.0729647, 6.02081, 2.19724, -3.26364, 0.34634, 7.8493, -0.857368, 4.0224, 1.70305, -1.26942, -0.361969, 2.72482, 8.97021, -3.65881, 1.09187, -1.33218, -1.38364, 4.57123, ... ]
X at t=0.8:
[ 6.18463, 7.84668, 0.521408, 4.58398, -1.15689, -1.72639, -0.0856371, 2.15494, 3.80515, 5.6969, 6.45074, -2.96942, 1.12248, 4.49573, 6.48627, 5.30219, 3.99753, -1.17267, 0.13129, 6.04376, 2.05258, -3.27292, 0.236162, 7.85828, -0.474373, 4.1026, 1.74164, -1.2525, -0.291439, 2.7442, 8.86963, -3.66888, 1.53247, -1.20912, -1.3308, 4.45587, ... ]
X at t=0.81:
[ 6.29755, 7.78601, 0.466526, 4.57373, -1.16351, -1.57587, -0.0600896, 2.20905, 3.97415, 5.87756, 6.06586, -3.14706, 1.24232, 4.64423, 6.68811, 5.2793, 3.62576, -1.27625, 0.182169, 6.06824, 1.90491, -3.27643, 0.121694, 7.86499, -0.0807905, 4.15826, 1.76414, -1.23705, -0.221355, 2.77081, 8.76758, -3.64136, 1.95943, -1.07646, -1.2682, 4.34827, ... ]
X at t=0.82:
[ 6.41559, 7.71265, 0.403812, 4.56915, -1.16043, -1.42717, -0.0306611, 2.26413, 4.14789, 6.04504, 5.65253, -3.30829, 1.34601, 4.80676, 6.88715, 5.21924, 3.24561, -1.35655, 0.225229, 6.09381, 1.75497, -3.27377, 0.00331813, 7.86841, 0.321579, 4.18915, 1.7701, -1.22189, -0.15201, 2.80435, 8.66492, -3.57938, 2.36905, -0.934853, -1.19739, 4.24963, ... ]
X at t=0.83:
[ 6.53821, 7.62549, 0.333847, 4.5708, -1.14761, -1.28069, 0.00282368, 2.3204, 4.32617, 6.19684, 5.21167, -3.4516, 1.43033, 4.98193, 7.08234, 5.1189, 2.86203, -1.41325, 0.260429, 6.12018, 1.60362, -3.26456, -0.11847, 7.86749, 0.730843, 4.19507, 1.75946, -1.2059, -0.0836725, 2.84451, 8.56226, -3.4863, 2.75833, -0.785286, -1.11995, 4.16089, ... ]
X at t=0.84:
[ 6.66486, 7.5235, 0.257347, 4.57922, -1.12506, -1.13681, 0.040482, 2.37808, 4.50867, 6.33032, 4.74481, -3.57556, 1.49232, 5.16766, 7.27252, 4.97577, 2.48047, -1.44655, 0.288086, 6.14697, 1.45171, -3.24841, -0.243069, 7.86121, 1.145, 4.17578, 1.73259, -1.18797, -0.0165777, 2.89096, 8.46021, -3.36554, 3.12494, -0.629074, -1.03754, 4.0827, ... ]
X at t=0.85:
[ 6.79492, 7.40564, 0.175177, 4.59473, -1.09279, -0.995926, 0.0823755, 2.43744, 4.69495, 6.44269, 4.25397, -3.67868, 1.52945, 5.36133, 7.45636, 4.78796, 2.10669, -1.45723, 0.308865, 6.17377, 1.30009, -3.22498, -0.369766, 7.84851, 1.56197, 4.13104, 1.69029, -1.16708, 0.0490789, 2.94333, 8.3595, -3.22052, 3.46716, -0.467743, -0.951752, 4.0155, ... ]
X at t=0.86:
[ 6.92761, 7.27081, 0.088316, 4.61749, -1.05083, -0.858383, 0.12851, 2.49875, 4.88458, 6.53101, 3.7417, -3.75949, 1.53967, 5.55981, 7.6322, 4.55438, 1.74677, -1.44667, 0.323746, 6.20032, 1.14963, -3.19394, -0.497753, 7.82843, 1.97949, 4.06067, 1.63377, -1.14233, 0.113152, 3.00128, 8.26062, -3.05463, 3.78387, -0.302967, -0.864105, 3.95938, ... ]
X at t=0.87:
[ 7.06201, 7.11804, -0.00212985, 4.64758, -0.999214, -0.724525, 0.178843, 2.56229, 5.07697, 6.59241, 3.21118, -3.8165, 1.52161, 5.75958, 7.79828, 4.2749, 1.40678, -1.41681, 0.333977, 6.22638, 1.00113, -3.155, -0.626122, 7.80005, 2.39526, 3.96454, 1.56468, -1.11299, 0.175552, 3.06442, 8.16418, -2.87115, 4.07452, -0.136494, -0.775955, 3.91425, ... ]
X at t=0.88:
[ 7.1972, 6.94641, -0.094945, 4.68475, -0.938011, -0.594696, 0.233286, 2.62833, 5.27142, 6.62402, 2.66623, -3.84833, 1.47466, 5.95667, 7.9527, 3.95044, 1.0927, -1.37007, 0.340988, 6.25177, 0.855354, -3.10794, -0.753899, 7.76257, 2.80688, 3.84268, 1.48503, -1.07848, 0.236259, 3.13242, 8.07068, -2.67325, 4.33905, 0.0299256, -0.688507, 3.87985, ... ]
X at t=0.89:
[ 7.33203, 6.755, -0.188831, 4.72864, -0.86731, -0.469227, 0.291706, 2.69717, 5.46716, 6.62299, 2.11121, -3.8537, 1.39909, 6.14703, 8.09338, 3.5831, 0.81015, -1.30925, 0.346298, 6.27643, 0.712982, -3.05261, -0.880028, 7.71533, 3.21188, 3.69537, 1.3972, -1.03842, 0.295319, 3.20486, 7.98059, -2.46384, 4.57776, 0.194593, -0.602753, 3.85571, ... ]
X at t=0.9:
[ 7.46521, 6.54309, -0.282413, 4.77869, -0.787224, -0.348454, 0.353935, 2.7691, 5.66327, 6.58661, 1.55109, -3.83148, 1.29617, 6.3266, 8.21851, 3.17615, 0.564278, -1.23734, 0.351418, 6.30017, 0.574608, -2.98889, -1.00343, 7.65778, 3.60779, 3.5231, 1.30388, -0.992683, 0.352859, 3.28143, 7.89429, -2.24567, 4.79138, 0.355915, -0.519485, 3.84131, ... ]
X at t=0.91:
[ 7.5954, 6.31, -0.37426, 4.83411, -0.697929, -0.232698, 0.419765, 2.84442, 5.85864, 6.51251, 0.991302, -3.78094, 1.16811, 6.49158, 8.32617, 2.73404, 0.359543, -1.15736, 0.357769, 6.32306, 0.440746, -2.91675, -1.123, 7.5896, 3.99216, 3.32672, 1.20796, -0.941284, 0.409073, 3.36182, 7.81219, -2.02127, 4.98083, 0.512428, -0.439281, 3.83597, ... ]
X at t=0.92:
[ 7.72101, 6.0553, -0.462906, 4.89404, -0.599655, -0.122285, 0.488964, 2.92343, 6.05219, 6.39856, 0.437695, -3.70175, 1.01808, 6.63849, 8.41467, 2.2623, 0.19957, -1.07216, 0.366604, 6.34509, 0.311817, -2.83618, -1.23763, 7.51074, 4.36255, 3.10745, 1.1125, -0.884445, 0.464222, 3.44571, 7.73468, -1.79297, 5.14722, 0.662849, -0.362522, 3.83905, ... ]
X at t=0.93:
[ 7.84027, 5.77875, -0.546867, 4.9574, -0.492702, -0.0175233, 0.561272, 3.00641, 6.24261, 6.2431, -0.103615, -3.59415, 0.850143, 6.76465, 8.48254, 1.76741, 0.0870295, -0.984207, 0.37896, 6.36627, 0.188169, -2.74731, -1.34624, 7.42126, 4.7168, 2.86688, 1.02065, -0.822548, 0.518623, 3.53284, 7.66199, -1.56284, 5.29187, 0.806084, -0.289406, 3.84985, ... ]
X at t=0.94:
[ 7.95135, 5.48029, -0.624664, 5.02301, -0.377457, 0.0812893, 0.636406, 3.09363, 6.42841, 6.04504, -0.626389, -3.45908, 0.669052, 6.86798, 8.52869, 1.25656, 0.0235615, -0.895409, 0.395649, 6.3866, 0.0700788, -2.6503, -1.44778, 7.32147, 5.05286, 2.60699, 0.935486, -0.756104, 0.572639, 3.62296, 7.59436, -1.33273, 5.41608, 0.941231, -0.219967, 3.86768, ... ]
X at t=0.95:
[ 8.05212, 5.16016, -0.694855, 5.08966, -0.254406, 0.173878, 0.714073, 3.18536, 6.60803, 5.80377, -1.12445, -3.29828, 0.480103, 6.94745, 8.55237, 0.737389, 0.00972188, -0.806976, 0.417255, 6.40613, -0.0422354, -2.54535, -1.54132, 7.21198, 5.3689, 2.3302, 0.860008, -0.685684, 0.626656, 3.71591, 7.53198, -1.10434, 5.5213, 1.06758, -0.154099, 3.89188, ... ]
X at t=0.96:
[ 8.14038, 4.81891, -0.75605, 5.15601, -0.124151, 0.259998, 0.793976, 3.28186, 6.77985, 5.51947, -1.59184, -3.11435, 0.288841, 7.00287, 8.55322, 0.217731, 0.0449791, -0.719337, 0.444172, 6.4248, -0.148603, -2.43274, -1.62596, 7.09351, 5.66339, 2.03928, 0.796982, -0.611885, 0.681068, 3.81155, 7.47504, -0.879143, 5.60883, 1.18466, -0.0915861, 3.92184, ... ]
X at t=0.97:
[ 8.21375, 4.4574, -0.806946, 5.22083, 0.0125953, 0.339447, 0.875801, 3.3833, 6.94196, 5.19287, -2.02304, -2.91071, 0.100791, 7.0351, 8.53125, -0.294701, 0.127739, -0.632126, 0.476646, 6.44263, -0.248899, -2.31284, -1.70091, 6.9671, 5.93518, 1.73727, 0.748886, -0.535263, 0.736267, 3.90979, 7.42352, -0.65847, 5.68005, 1.29216, -0.0321231, 3.95703, ... ]
X at t=0.98:
[ 8.26978, 4.07684, -0.846352, 5.2829, 0.155001, 0.412071, 0.959236, 3.48987, 7.09241, 4.82556, -2.41309, -2.69159, -0.0788326, 7.04584, 8.48694, -0.79261, 0.255409, -0.544228, 0.514839, 6.45953, -0.343033, -2.18604, -1.76552, 6.83392, 6.18347, 1.42752, 0.717812, -0.456303, 0.792618, 4.0105, 7.37744, -0.443504, 5.73633, 1.38995, 0.0246592, 3.99695, ... ]

Final state:
X at t=0.99:
[ 8.30566, 3.67886, -0.873238, 5.34119, 0.30212, 0.477779, 1.04399, 3.60168, 7.22919, 4.41986, -2.75775, -2.46185, -0.245401, 7.03741, 8.42102, -1.26936, 0.424484, -0.453876, 0.558846, 6.4754, -0.430954, -2.0528, -1.81921, 6.69531, 6.40778, 1.11351, 0.705437, -0.375336, 0.850464, 4.11371, 7.33673, -0.235287, 5.77881, 1.4781, 0.0791721, 4.04114, ... ]
