
Lmod is automatically replacing "craype-x86-rome" with "craype-x86-trento".

Lorenz96(k=20000000, F=8, dt=0.01, t_max=1)
 - warming up the simulation for 10
 - running ensemble of size 1 with initial perturbation N(0.0, 0.001)
 - compressing every 1-th model state online on the GPU with ZFP(fixed_rate=8)
 - saving config file to 'output/config_5030250.json'
 - saving performance file to 'performance/perf_5030250'

Initial state:
X at t=0:
[ 6, 0.5, 1.5, 1, 2.25, 6.75, 3.25, -8.25, 1.25, 1.75, 8.25, 4.75, 2.875, 0.125, -4.625, 0.625, 3.25, 8.75, 3.25, 2.75, 2.625, -5.625, 0.125, -0.125, 1.25, 7.75, 9.25, -2.25, 0, -4.5, -1, 2.5, 6.375, 3.125, 4.375, 6.125, ... ]

X at t=0.01:
[ 6, 0.5, 1.5, 1, 2.75, 6.25, 2.75, -7.75, 1.5, 2, 8.5, 5, 2.625, -0.125, -4.875, 0.375, 3.25, 8.75, 3.25, 2.75, 2.625, -5.625, 0.125, -0.125, 0.75, 7.25, 8.75, -2.75, 0, -4.5, -1, 2.5, 6.375, 3.125, 4.375, 6.125, ... ]
X at t=0.02:
[ 6, 0.5, 1.5, 1, 2.5, 5.5, 2.5, -6.5, 1.75, 2.25, 8.75, 5.25, 2.375, -0.375, -5.125, 0.125, 3.25, 8.75, 3.25, 2.75, 2.625, -5.625, 0.125, -0.125, 0.75, 7.25, 8.75, -2.75, 0.75, -4.25, -1.25, 1.75, 6.375, 3.125, 4.375, 6.125, ... ]
X at t=0.03:
[ 6, 0.5, 1.5, 1, 2.5, 5.5, 2.5, -6.5, 2, 2.5, 9, 5.5, 2.125, -0.625, -5.375, -0.125, 3.25, 8.75, 3.25, 2.75, 2.625, -5.625, 0.125, -0.125, 0.75, 7.25, 8.75, -2.75, 0.75, -4.25, -1.25, 1.75, 6.375, 3.125, 4.375, 6.125, ... ]
X at t=0.04:
[ 6, 0.5, 1.5, 1, 2.5, 5.5, 2.5, -6.5, 2.25, 2.75, 9.25, 5.75, 1.875, -0.875, -5.625, -0.375, 3.25, 8.75, 3.25, 2.75, 2.625, -5.625, 0.125, -0.125, 0.75, 7.25, 8.75, -2.75, 0.75, -4.25, -1.25, 1.75, 6.375, 3.125, 4.375, 6.125, ... ]
X at t=0.05:
[ 6, 0.5, 1.5, 1, 2.5, 5.5, 2.5, -6.5, 2.5, 3, 9.5, 6, 1.125, -0.625, -5.375, -1.125, 3.25, 8.75, 3.25, 2.75, 2.625, -5.625, 0.125, -0.125, 0.75, 7.25, 8.75, -2.75, 0.75, -4.25, -1.25, 1.75, 6.375, 3.125, 4.375, 6.125, ... ]
X at t=0.06:
[ 6, 0.5, 1.5, 1, 2.5, 5.5, 2.5, -6.5, 2.5, 3, 9.5, 6, 0, -0.5, -5, -1.5, 3.25, 8.75, 3.25, 2.75, 2.625, -5.625, 0.125, -0.125, 0.75, 7.25, 8.75, -2.75, 0.75, -4.25, -1.25, 1.75, 6.375, 3.125, 4.375, 6.125, ... ]
X at t=0.07:
[ 6, 0.5, 1.5, 1, 2.5, 5.5, 2.5, -6.5, 2.5, 3, 9.5, 6, -0.875, -0.625, -4.875, -1.625, 3.25, 8.75, 3.25, 2.75, 2.625, -5.625, 0.125, -0.125, 0.75, 7.25, 8.75, -2.75, 0.75, -4.25, -1.25, 1.75, 6.375, 3.125, 4.375, 6.125, ... ]
X at t=0.08:
[ 6, 0.5, 1.5, 1, 2.5, 5.5, 2.5, -6.5, 2.5, 3, 9.5, 6, -1.5, -0.5, -4.5, -1.5, 3.25, 8.75, 3.25, 2.75, 2.625, -5.625, 0.125, -0.125, 0.75, 7.25, 8.75, -2.75, 0.75, -4.25, -1.25, 1.75, 6.375, 3.125, 4.375, 6.125, ... ]
X at t=0.09:
[ 6, 0.5, 1.5, 1, 2.5, 5.5, 2.5, -6.5, 2.5, 3, 9.5, 6, -2.125, -0.375, -4.125, -1.375, 3.25, 8.75, 3.25, 2.75, 2.625, -5.625, 0.125, -0.125, 0.75, 7.25, 8.75, -2.75, 0.75, -4.25, -1.25, 1.75, 6.375, 3.125, 4.375, 6.125, ... ]
X at t=0.1:
[ 6, 0.5, 1.5, 1, 2.5, 5.5, 2.5, -6.5, 2.5, 3, 9.5, 6, -2.75, -0.25, -3.75, -1.25, 3.25, 8.75, 3.25, 2.75, 2.625, -5.625, 0.125, -0.125, 0.75, 7.25, 8.75, -2.75, 0.75, -4.25, -1.25, 1.75, 6.375, 3.125, 4.375, 6.125, ... ]
X at t=0.11:
[ 6, 0.5, 1.5, 1, 2.5, 5.5, 2.5, -6.5, 2.5, 3, 9.5, 6, -3, 0, -3.5, -1.5, 3.25, 8.75, 3.25, 2.75, 2.625, -5.625, 0.125, -0.125, 0.75, 7.25, 8.75, -2.75, 0.75, -4.25, -1.25, 1.75, 6.375, 3.125, 4.375, 6.125, ... ]
X at t=0.12:
[ 6, 0.5, 1.5, 1, 2.5, 5.5, 2.5, -6.5, 2.5, 3, 9.5, 6, -3.25, 0.25, -3.25, -1.75, 3.25, 8.75, 3.25, 2.75, 2.625, -5.625, 0.125, -0.125, 0.75, 7.25, 8.75, -2.75, 0.75, -4.25, -1.25, 1.75, 6.375, 3.125, 4.375, 6.125, ... ]
X at t=0.13:
[ 6, 0.5, 1.5, 1, 2.5, 5.5, 2.5, -6.5, 2.5, 3, 9.5, 6, -3.5, 0.5, -3, -2, 3.25, 8.75, 3.25, 2.75, 2.625, -5.625, 0.125, -0.125, 0.75, 7.25, 8.75, -2.75, 0.75, -4.25, -1.25, 1.75, 6.375, 3.125, 4.375, 6.125, ... ]
X at t=0.14:
[ 6, 0.5, 1.5, 1, 2.5, 5.5, 2.5, -6.5, 2.5, 3, 9.5, 6, -3.75, 0.75, -2.75, -2.25, 3.25, 8.75, 3.25, 2.75, 2.625, -5.625, 0.125, -0.125, 0.75, 7.25, 8.75, -2.75, 0.75, -4.25, -1.25, 1.75, 6.375, 3.125, 4.375, 6.125, ... ]
X at t=0.15:
[ 6, 0.5, 1.5, 1, 2.5, 5.5, 2.5, -6.5, 2.5, 3, 9.5, 6, -4.625, 1.125, -2.125, -2.375, 3.25, 8.75, 3.25, 2.75, 2.625, -5.625, 0.125, -0.125, 0.75, 7.25, 8.75, -2.75, 0.75, -4.25, -1.25, 1.75, 6.375, 3.125, 4.375, 6.125, ... ]
X at t=0.16:
[ 6, 0.5, 1.5, 1, 2.5, 5.5, 2.5, -6.5, 2.5, 3, 9.5, 6, -5.5, 1.5, -1.5, -2.5, 3.25, 8.75, 3.25, 2.75, 2.625, -5.625, 0.125, -0.125, 0.75, 7.25, 8.75, -2.75, 0.75, -4.25, -1.25, 1.75, 6.375, 3.125, 4.375, 6.125, ... ]
X at t=0.17:
[ 6, 0.5, 1.5, 1, 2.5, 5.5, 2.5, -6.5, 1.75, 3.25, 9.75, 5.25, -6.375, 1.875, -0.875, -2.625, 3.25, 8.75, 3.25, 2.75, 2.625, -5.625, 0.125, -0.125, 0.75, 7.25, 8.75, -2.75, 0.75, -4.25, -1.25, 1.75, 6.375, 3.125, 4.375, 6.125, ... ]
X at t=0.18:
[ 6, 0.5, 1.5, 1, 2.5, 5.5, 2.5, -6.5, 1.25, 3.75, 10.25, 4.75, -6.75, 1.75, 0.25, -3.25, 3.25, 8.75, 3.25, 2.75, 2.625, -5.625, 0.125, -0.125, 0.75, 7.25, 8.75, -2.75, 0.75, -4.25, -1.25, 1.75, 6.375, 3.125, 4.375, 6.125, ... ]
X at t=0.19:
[ 6, 0.5, 1.5, 1, 2.5, 5.5, 2.5, -6.5, 0.25, 3.75, 10.25, 3.75, -6.75, 1.75, 0.25, -3.25, 3.25, 8.75, 3.25, 2.75, 2.625, -5.625, 0.125, -0.125, 0.75, 7.25, 8.75, -2.75, 0.75, -4.25, -1.25, 1.75, 6.375, 3.125, 4.375, 6.125, ... ]
X at t=0.2:
[ 6, 0.5, 1.5, 1, 2.5, 5.5, 2.5, -6.5, -0.25, 3.25, 9.75, 3.25, -6.75, 1.75, 0.25, -3.25, 3.25, 8.75, 3.25, 2.75, 2.625, -5.625, 0.125, -0.125, 0.75, 7.25, 8.75, -2.75, 0.75, -4.25, -1.25, 1.75, 6.375, 3.125, 4.375, 6.125, ... ]
X at t=0.21:
[ 6, 0.5, 1.5, 1, 2.5, 5.5, 2.5, -6.5, -0.75, 2.75, 9.25, 2.75, -6.75, 1.75, 0.25, -3.25, 3.25, 8.75, 3.25, 2.75, 2.625, -5.625, 0.125, -0.125, 0.75, 7.25, 8.75, -2.75, 0.75, -4.25, -1.25, 1.75, 6.375, 3.125, 4.375, 6.125, ... ]
X at t=0.22:
[ 6, 0.5, 1.5, 1, 2.5, 5.5, 2.5, -6.5, -1.25, 2.25, 8.75, 2.25, -6.75, 1.75, 0.25, -3.25, 3.25, 8.75, 3.25, 2.75, 2.625, -5.625, 0.125, -0.125, 0.75, 7.25, 8.75, -2.75, 0.75, -4.25, -1.25, 1.75, 6.375, 3.125, 4.375, 6.125, ... ]
X at t=0.23:
[ 6, 0.5, 1.5, 1, 2.5, 5.5, 2.5, -6.5, -1.75, 1.75, 8.25, 1.75, -6.75, 1.75, 0.25, -3.25, 3.25, 8.75, 3.25, 2.75, 2.625, -5.625, 0.125, -0.125, 0.75, 7.25, 8.75, -2.75, 0.75, -4.25, -1.25, 1.75, 6.375, 3.125, 4.375, 6.125, ... ]
X at t=0.24:
[ 6, 0.5, 1.5, 1, 2.5, 5.5, 2.5, -6.5, -1.75, 1.75, 8.25, 1.75, -6.75, 1.75, 0.25, -3.25, 3.25, 8.75, 3.25, 2.75, 2.625, -5.625, 0.125, -0.125, 0.75, 7.25, 8.75, -2.75, 0.75, -4.25, -1.25, 1.75, 6.375, 3.125, 4.375, 6.125, ... ]
X at t=0.25:
[ 6, 0.5, 1.5, 1, 2.5, 5.5, 2.5, -6.5, -1.75, 1.75, 8.25, 1.75, -6.75, 1.75, 0.25, -3.25, 3.25, 8.75, 3.25, 2.75, 2.625, -5.625, 0.125, -0.125, 0.75, 7.25, 8.75, -2.75, 0.75, -4.25, -1.25, 1.75, 6.375, 3.125, 4.375, 6.125, ... ]
X at t=0.26:
[ 6, 0.5, 1.5, 1, 2.5, 5.5, 2.5, -6.5, -1.75, 1.75, 8.25, 1.75, -6.75, 1.75, 0.25, -3.25, 3.25, 8.75, 3.25, 2.75, 2.625, -5.625, 0.125, -0.125, 0.75, 7.25, 8.75, -2.75, 0.75, -4.25, -1.25, 1.75, 6.375, 3.125, 4.375, 6.125, ... ]
X at t=0.27:
[ 6, 0.5, 1.5, 1, 2.5, 5.5, 2.5, -6.5, -1.75, 1.75, 8.25, 1.75, -6.75, 1.75, 0.25, -3.25, 3.25, 8.75, 3.25, 2.75, 2.625, -5.625, 0.125, -0.125, 0.75, 7.25, 8.75, -2.75, 0.75, -4.25, -1.25, 1.75, 6.375, 3.125, 4.375, 6.125, ... ]
X at t=0.28:
[ 6, 0.5, 1.5, 1, 2.5, 5.5, 2.5, -6.5, -1.75, 1.75, 8.25, 1.75, -6.75, 1.75, 0.25, -3.25, 3.25, 8.75, 3.25, 2.75, 2.625, -5.625, 0.125, -0.125, 0.75, 7.25, 8.75, -2.75, 0.75, -4.25, -1.25, 1.75, 6.375, 3.125, 4.375, 6.125, ... ]
X at t=0.29:
[ 6, 0.5, 1.5, 1, 2.5, 5.5, 2.5, -6.5, -1.75, 1.75, 8.25, 1.75, -6.75, 1.75, 0.25, -3.25, 3.25, 8.75, 3.25, 2.75, 2.625, -5.625, 0.125, -0.125, 0.75, 7.25, 8.75, -2.75, 0.75, -4.25, -1.25, 1.75, 6.375, 3.125, 4.375, 6.125, ... ]
X at t=0.3:
[ 6, 0.5, 1.5, 1, 2.5, 5.5, 2.5, -6.5, -1.75, 1.75, 8.25, 1.75, -6.75, 1.75, 0.25, -3.25, 3.25, 8.75, 3.25, 2.75, 2.625, -5.625, 0.125, -0.125, 0.75, 7.25, 8.75, -2.75, 0.75, -4.25, -1.25, 1.75, 6.375, 3.125, 4.375, 6.125, ... ]
X at t=0.31:
[ 6, 0.5, 1.5, 1, 2.5, 5.5, 2.5, -6.5, -1.75, 1.75, 8.25, 1.75, -6.75, 1.75, 0.25, -3.25, 3.25, 8.75, 3.25, 2.75, 2.625, -5.625, 0.125, -0.125, 0.75, 7.25, 8.75, -2.75, 0.75, -4.25, -1.25, 1.75, 6.375, 3.125, 4.375, 6.125, ... ]
X at t=0.32:
[ 6, 0.5, 1.5, 1, 2.5, 5.5, 2.5, -6.5, -1.75, 1.75, 8.25, 1.75, -6.75, 1.75, 0.25, -3.25, 3.25, 8.75, 3.25, 2.75, 2.625, -5.625, 0.125, -0.125, 0.75, 7.25, 8.75, -2.75, 0.75, -4.25, -1.25, 1.75, 6.375, 3.125, 4.375, 6.125, ... ]
X at t=0.33:
[ 6, 0.5, 1.5, 1, 2.5, 5.5, 2.5, -6.5, -1.75, 1.75, 8.25, 1.75, -6.75, 1.75, 0.25, -3.25, 3.25, 8.75, 3.25, 2.75, 2.625, -5.625, 0.125, -0.125, 0.75, 7.25, 8.75, -2.75, 0.75, -4.25, -1.25, 1.75, 6.375, 3.125, 4.375, 6.125, ... ]
X at t=0.34:
[ 6, 0.5, 1.5, 1, 2.5, 5.5, 2.5, -6.5, -1.75, 1.75, 8.25, 1.75, -6.75, 1.75, 0.25, -3.25, 3.25, 8.75, 3.25, 2.75, 2.625, -5.625, 0.125, -0.125, 0.75, 7.25, 8.75, -2.75, 0.75, -4.25, -1.25, 1.75, 6.375, 3.125, 4.375, 6.125, ... ]
X at t=0.35:
[ 6, 0.5, 1.5, 1, 2.5, 5.5, 2.5, -6.5, -1.75, 1.75, 8.25, 1.75, -6.75, 1.75, 0.25, -3.25, 3.25, 8.75, 3.25, 2.75, 2.625, -5.625, 0.125, -0.125, 0.75, 7.25, 8.75, -2.75, 0.75, -4.25, -1.25, 1.75, 6.375, 3.125, 4.375, 6.125, ... ]
X at t=0.36:
[ 6, 0.5, 1.5, 1, 2.5, 5.5, 2.5, -6.5, -1.75, 1.75, 8.25, 1.75, -6.75, 1.75, 0.25, -3.25, 3.25, 8.75, 3.25, 2.75, 2.625, -5.625, 0.125, -0.125, 0.75, 7.25, 8.75, -2.75, 0.75, -4.25, -1.25, 1.75, 6.375, 3.125, 4.375, 6.125, ... ]
X at t=0.37:
[ 6, 0.5, 1.5, 1, 2.5, 5.5, 2.5, -6.5, -1.75, 1.75, 8.25, 1.75, -6.75, 1.75, 0.25, -3.25, 3.25, 8.75, 3.25, 2.75, 2.625, -5.625, 0.125, -0.125, 0.75, 7.25, 8.75, -2.75, 0.75, -4.25, -1.25, 1.75, 6.375, 3.125, 4.375, 6.125, ... ]
X at t=0.38:
[ 6, 0.5, 1.5, 1, 2.5, 5.5, 2.5, -6.5, -1.75, 1.75, 8.25, 1.75, -6.75, 1.75, 0.25, -3.25, 3.25, 8.75, 3.25, 2.75, 2.625, -5.625, 0.125, -0.125, 0.75, 7.25, 8.75, -2.75, 0.75, -4.25, -1.25, 1.75, 6.375, 3.125, 4.375, 6.125, ... ]
X at t=0.39:
[ 6, 0.5, 1.5, 1, 2.5, 5.5, 2.5, -6.5, -1.75, 1.75, 8.25, 1.75, -6.75, 1.75, 0.25, -3.25, 3.25, 8.75, 3.25, 2.75, 2.625, -5.625, 0.125, -0.125, 0.75, 7.25, 8.75, -2.75, 0.75, -4.25, -1.25, 1.75, 6.375, 3.125, 4.375, 6.125, ... ]
X at t=0.4:
[ 6, 0.5, 1.5, 1, 2.5, 5.5, 2.5, -6.5, -1.75, 1.75, 8.25, 1.75, -6.75, 1.75, 0.25, -3.25, 3.25, 8.75, 3.25, 2.75, 2.625, -5.625, 0.125, -0.125, 0.75, 7.25, 8.75, -2.75, 0.75, -4.25, -1.25, 1.75, 6.375, 3.125, 4.375, 6.125, ... ]
X at t=0.41:
[ 6, 0.5, 1.5, 1, 2.5, 5.5, 2.5, -6.5, -1.75, 1.75, 8.25, 1.75, -6.75, 1.75, 0.25, -3.25, 3.25, 8.75, 3.25, 2.75, 2.625, -5.625, 0.125, -0.125, 0.75, 7.25, 8.75, -2.75, 0.75, -4.25, -1.25, 1.75, 6.375, 3.125, 4.375, 6.125, ... ]
X at t=0.42:
[ 6, 0.5, 1.5, 1, 2.5, 5.5, 2.5, -6.5, -1.75, 1.75, 8.25, 1.75, -6.75, 1.75, 0.25, -3.25, 3.25, 8.75, 3.25, 2.75, 2.625, -5.625, 0.125, -0.125, 0.75, 7.25, 8.75, -2.75, 0.75, -4.25, -1.25, 1.75, 6.375, 3.125, 4.375, 6.125, ... ]
X at t=0.43:
[ 6, 0.5, 1.5, 1, 2.5, 5.5, 2.5, -6.5, -1.75, 1.75, 8.25, 1.75, -6.75, 1.75, 0.25, -3.25, 3.25, 8.75, 3.25, 2.75, 2.625, -5.625, 0.125, -0.125, 0.75, 7.25, 8.75, -2.75, 0.75, -4.25, -1.25, 1.75, 6.375, 3.125, 4.375, 6.125, ... ]
X at t=0.44:
[ 6, 0.5, 1.5, 1, 2.5, 5.5, 2.5, -6.5, -1.75, 1.75, 8.25, 1.75, -6.75, 1.75, 0.25, -3.25, 3.25, 8.75, 3.25, 2.75, 2.625, -5.625, 0.125, -0.125, 0.75, 7.25, 8.75, -2.75, 0.75, -4.25, -1.25, 1.75, 6.375, 3.125, 4.375, 6.125, ... ]
X at t=0.45:
[ 6, 0.5, 1.5, 1, 2.5, 5.5, 2.5, -6.5, -1.75, 1.75, 8.25, 1.75, -6.75, 1.75, 0.25, -3.25, 3.25, 8.75, 3.25, 2.75, 2.625, -5.625, 0.125, -0.125, 0.75, 7.25, 8.75, -2.75, 0.75, -4.25, -1.25, 1.75, 6.375, 3.125, 4.375, 6.125, ... ]
X at t=0.46:
[ 6, 0.5, 1.5, 1, 2.5, 5.5, 2.5, -6.5, -1.75, 1.75, 8.25, 1.75, -6.75, 1.75, 0.25, -3.25, 3.25, 8.75, 3.25, 2.75, 2.625, -5.625, 0.125, -0.125, 0.75, 7.25, 8.75, -2.75, 0.75, -4.25, -1.25, 1.75, 6.375, 3.125, 4.375, 6.125, ... ]
X at t=0.47:
[ 6, 0.5, 1.5, 1, 2.5, 5.5, 2.5, -6.5, -1.75, 1.75, 8.25, 1.75, -6.75, 1.75, 0.25, -3.25, 3.25, 8.75, 3.25, 2.75, 2.625, -5.625, 0.125, -0.125, 0.75, 7.25, 8.75, -2.75, 0.75, -4.25, -1.25, 1.75, 6.375, 3.125, 4.375, 6.125, ... ]
X at t=0.48:
[ 6, 0.5, 1.5, 1, 2.5, 5.5, 2.5, -6.5, -1.75, 1.75, 8.25, 1.75, -6.75, 1.75, 0.25, -3.25, 3.25, 8.75, 3.25, 2.75, 2.625, -5.625, 0.125, -0.125, 0.75, 7.25, 8.75, -2.75, 0.75, -4.25, -1.25, 1.75, 6.375, 3.125, 4.375, 6.125, ... ]
X at t=0.49:
[ 6, 0.5, 1.5, 1, 2.5, 5.5, 2.5, -6.5, -1.75, 1.75, 8.25, 1.75, -6.75, 1.75, 0.25, -3.25, 3.25, 8.75, 3.25, 2.75, 2.625, -5.625, 0.125, -0.125, 0.75, 7.25, 8.75, -2.75, 0.75, -4.25, -1.25, 1.75, 6.375, 3.125, 4.375, 6.125, ... ]
X at t=0.5:
[ 6, 0.5, 1.5, 1, 2.5, 5.5, 2.5, -6.5, -1.75, 1.75, 8.25, 1.75, -6.75, 1.75, 0.25, -3.25, 3.25, 8.75, 3.25, 2.75, 2.625, -5.625, 0.125, -0.125, 0.75, 7.25, 8.75, -2.75, 0.75, -4.25, -1.25, 1.75, 6.375, 3.125, 4.375, 6.125, ... ]
X at t=0.51:
[ 6, 0.5, 1.5, 1, 2.5, 5.5, 2.5, -6.5, -1.75, 1.75, 8.25, 1.75, -6.75, 1.75, 0.25, -3.25, 3.25, 8.75, 3.25, 2.75, 2.625, -5.625, 0.125, -0.125, 0.75, 7.25, 8.75, -2.75, 0.75, -4.25, -1.25, 1.75, 6.375, 3.125, 4.375, 6.125, ... ]
X at t=0.52:
[ 6, 0.5, 1.5, 1, 2.5, 5.5, 2.5, -6.5, -1.75, 1.75, 8.25, 1.75, -6.75, 1.75, 0.25, -3.25, 3.25, 8.75, 3.25, 2.75, 2.625, -5.625, 0.125, -0.125, 0.75, 7.25, 8.75, -2.75, 0.75, -4.25, -1.25, 1.75, 6.375, 3.125, 4.375, 6.125, ... ]
X at t=0.53:
[ 6, 0.5, 1.5, 1, 2.5, 5.5, 2.5, -6.5, -1.75, 1.75, 8.25, 1.75, -6.75, 1.75, 0.25, -3.25, 3.25, 8.75, 3.25, 2.75, 2.625, -5.625, 0.125, -0.125, 0.75, 7.25, 8.75, -2.75, 0.75, -4.25, -1.25, 1.75, 6.375, 3.125, 4.375, 6.125, ... ]
X at t=0.54:
[ 6, 0.5, 1.5, 1, 2.5, 5.5, 2.5, -6.5, -1.75, 1.75, 8.25, 1.75, -6.75, 1.75, 0.25, -3.25, 3.25, 8.75, 3.25, 2.75, 2.625, -5.625, 0.125, -0.125, 0.75, 7.25, 8.75, -2.75, 0.75, -4.25, -1.25, 1.75, 6.375, 3.125, 4.375, 6.125, ... ]
X at t=0.55:
[ 6, 0.5, 1.5, 1, 2.5, 5.5, 2.5, -6.5, -1.75, 1.75, 8.25, 1.75, -6.75, 1.75, 0.25, -3.25, 3.25, 8.75, 3.25, 2.75, 2.625, -5.625, 0.125, -0.125, 0.75, 7.25, 8.75, -2.75, 0.75, -4.25, -1.25, 1.75, 6.375, 3.125, 4.375, 6.125, ... ]
X at t=0.56:
[ 6, 0.5, 1.5, 1, 2.5, 5.5, 2.5, -6.5, -1.75, 1.75, 8.25, 1.75, -6.75, 1.75, 0.25, -3.25, 3.25, 8.75, 3.25, 2.75, 2.625, -5.625, 0.125, -0.125, 0.75, 7.25, 8.75, -2.75, 0.75, -4.25, -1.25, 1.75, 6.375, 3.125, 4.375, 6.125, ... ]
X at t=0.57:
[ 6, 0.5, 1.5, 1, 2.5, 5.5, 2.5, -6.5, -1.75, 1.75, 8.25, 1.75, -6.75, 1.75, 0.25, -3.25, 3.25, 8.75, 3.25, 2.75, 2.625, -5.625, 0.125, -0.125, 0.75, 7.25, 8.75, -2.75, 0.75, -4.25, -1.25, 1.75, 6.375, 3.125, 4.375, 6.125, ... ]
X at t=0.58:
[ 6, 0.5, 1.5, 1, 2.5, 5.5, 2.5, -6.5, -1.75, 1.75, 8.25, 1.75, -6.75, 1.75, 0.25, -3.25, 3.25, 8.75, 3.25, 2.75, 2.625, -5.625, 0.125, -0.125, 0.75, 7.25, 8.75, -2.75, 0.75, -4.25, -1.25, 1.75, 6.375, 3.125, 4.375, 6.125, ... ]
X at t=0.59:
[ 6, 0.5, 1.5, 1, 2.5, 5.5, 2.5, -6.5, -1.75, 1.75, 8.25, 1.75, -6.75, 1.75, 0.25, -3.25, 3.25, 8.75, 3.25, 2.75, 2.625, -5.625, 0.125, -0.125, 0.75, 7.25, 8.75, -2.75, 0.75, -4.25, -1.25, 1.75, 6.375, 3.125, 4.375, 6.125, ... ]
X at t=0.6:
[ 6, 0.5, 1.5, 1, 2.5, 5.5, 2.5, -6.5, -1.75, 1.75, 8.25, 1.75, -6.75, 1.75, 0.25, -3.25, 3.25, 8.75, 3.25, 2.75, 2.625, -5.625, 0.125, -0.125, 0.75, 7.25, 8.75, -2.75, 0.75, -4.25, -1.25, 1.75, 6.375, 3.125, 4.375, 6.125, ... ]
X at t=0.61:
[ 6, 0.5, 1.5, 1, 2.5, 5.5, 2.5, -6.5, -1.75, 1.75, 8.25, 1.75, -6.75, 1.75, 0.25, -3.25, 3.25, 8.75, 3.25, 2.75, 2.625, -5.625, 0.125, -0.125, 0.75, 7.25, 8.75, -2.75, 0.75, -4.25, -1.25, 1.75, 6.375, 3.125, 4.375, 6.125, ... ]
X at t=0.62:
[ 6, 0.5, 1.5, 1, 2.5, 5.5, 2.5, -6.5, -1.75, 1.75, 8.25, 1.75, -6.75, 1.75, 0.25, -3.25, 3.25, 8.75, 3.25, 2.75, 2.625, -5.625, 0.125, -0.125, 0.75, 7.25, 8.75, -2.75, 0.75, -4.25, -1.25, 1.75, 6.375, 3.125, 4.375, 6.125, ... ]
X at t=0.63:
[ 6, 0.5, 1.5, 1, 2.5, 5.5, 2.5, -6.5, -1.75, 1.75, 8.25, 1.75, -6.75, 1.75, 0.25, -3.25, 3.25, 8.75, 3.25, 2.75, 2.625, -5.625, 0.125, -0.125, 0.75, 7.25, 8.75, -2.75, 0.75, -4.25, -1.25, 1.75, 6.375, 3.125, 4.375, 6.125, ... ]
X at t=0.64:
[ 6, 0.5, 1.5, 1, 2.5, 5.5, 2.5, -6.5, -1.75, 1.75, 8.25, 1.75, -6.75, 1.75, 0.25, -3.25, 3.25, 8.75, 3.25, 2.75, 2.625, -5.625, 0.125, -0.125, 0.75, 7.25, 8.75, -2.75, 0.75, -4.25, -1.25, 1.75, 6.375, 3.125, 4.375, 6.125, ... ]
X at t=0.65:
[ 6, 0.5, 1.5, 1, 2.5, 5.5, 2.5, -6.5, -1.75, 1.75, 8.25, 1.75, -6.75, 1.75, 0.25, -3.25, 3.25, 8.75, 3.25, 2.75, 2.625, -5.625, 0.125, -0.125, 0.75, 7.25, 8.75, -2.75, 0.75, -4.25, -1.25, 1.75, 6.375, 3.125, 4.375, 6.125, ... ]
X at t=0.66:
[ 6, 0.5, 1.5, 1, 2.5, 5.5, 2.5, -6.5, -1.75, 1.75, 8.25, 1.75, -6.75, 1.75, 0.25, -3.25, 3.25, 8.75, 3.25, 2.75, 2.625, -5.625, 0.125, -0.125, 0.75, 7.25, 8.75, -2.75, 0.75, -4.25, -1.25, 1.75, 6.375, 3.125, 4.375, 6.125, ... ]
X at t=0.67:
[ 6, 0.5, 1.5, 1, 2.5, 5.5, 2.5, -6.5, -1.75, 1.75, 8.25, 1.75, -6.75, 1.75, 0.25, -3.25, 3.25, 8.75, 3.25, 2.75, 2.625, -5.625, 0.125, -0.125, 0.75, 7.25, 8.75, -2.75, 0.75, -4.25, -1.25, 1.75, 6.375, 3.125, 4.375, 6.125, ... ]
X at t=0.68:
[ 6, 0.5, 1.5, 1, 2.5, 5.5, 2.5, -6.5, -1.75, 1.75, 8.25, 1.75, -6.75, 1.75, 0.25, -3.25, 3.25, 8.75, 3.25, 2.75, 2.625, -5.625, 0.125, -0.125, 0.75, 7.25, 8.75, -2.75, 0.75, -4.25, -1.25, 1.75, 6.375, 3.125, 4.375, 6.125, ... ]
X at t=0.69:
[ 6, 0.5, 1.5, 1, 2.5, 5.5, 2.5, -6.5, -1.75, 1.75, 8.25, 1.75, -6.75, 1.75, 0.25, -3.25, 3.25, 8.75, 3.25, 2.75, 2.625, -5.625, 0.125, -0.125, 0.75, 7.25, 8.75, -2.75, 0.75, -4.25, -1.25, 1.75, 6.375, 3.125, 4.375, 6.125, ... ]
X at t=0.7:
[ 6, 0.5, 1.5, 1, 2.5, 5.5, 2.5, -6.5, -1.75, 1.75, 8.25, 1.75, -6.75, 1.75, 0.25, -3.25, 3.25, 8.75, 3.25, 2.75, 2.625, -5.625, 0.125, -0.125, 0.75, 7.25, 8.75, -2.75, 0.75, -4.25, -1.25, 1.75, 6.375, 3.125, 4.375, 6.125, ... ]
X at t=0.71:
[ 6, 0.5, 1.5, 1, 2.5, 5.5, 2.5, -6.5, -1.75, 1.75, 8.25, 1.75, -6.75, 1.75, 0.25, -3.25, 3.25, 8.75, 3.25, 2.75, 2.625, -5.625, 0.125, -0.125, 0.75, 7.25, 8.75, -2.75, 0.75, -4.25, -1.25, 1.75, 6.375, 3.125, 4.375, 6.125, ... ]
X at t=0.72:
[ 6, 0.5, 1.5, 1, 2.5, 5.5, 2.5, -6.5, -1.75, 1.75, 8.25, 1.75, -6.75, 1.75, 0.25, -3.25, 3.25, 8.75, 3.25, 2.75, 2.625, -5.625, 0.125, -0.125, 0.75, 7.25, 8.75, -2.75, 0.75, -4.25, -1.25, 1.75, 6.375, 3.125, 4.375, 6.125, ... ]
X at t=0.73:
[ 6, 0.5, 1.5, 1, 2.5, 5.5, 2.5, -6.5, -1.75, 1.75, 8.25, 1.75, -6.75, 1.75, 0.25, -3.25, 3.25, 8.75, 3.25, 2.75, 2.625, -5.625, 0.125, -0.125, 0.75, 7.25, 8.75, -2.75, 0.75, -4.25, -1.25, 1.75, 6.375, 3.125, 4.375, 6.125, ... ]
X at t=0.74:
[ 6, 0.5, 1.5, 1, 2.5, 5.5, 2.5, -6.5, -1.75, 1.75, 8.25, 1.75, -6.75, 1.75, 0.25, -3.25, 3.25, 8.75, 3.25, 2.75, 2.625, -5.625, 0.125, -0.125, 0.75, 7.25, 8.75, -2.75, 0.75, -4.25, -1.25, 1.75, 6.375, 3.125, 4.375, 6.125, ... ]
X at t=0.75:
[ 6, 0.5, 1.5, 1, 2.5, 5.5, 2.5, -6.5, -1.75, 1.75, 8.25, 1.75, -6.75, 1.75, 0.25, -3.25, 3.25, 8.75, 3.25, 2.75, 2.625, -5.625, 0.125, -0.125, 0.75, 7.25, 8.75, -2.75, 0.75, -4.25, -1.25, 1.75, 6.375, 3.125, 4.375, 6.125, ... ]
X at t=0.76:
[ 6, 0.5, 1.5, 1, 2.5, 5.5, 2.5, -6.5, -1.75, 1.75, 8.25, 1.75, -6.75, 1.75, 0.25, -3.25, 3.25, 8.75, 3.25, 2.75, 2.625, -5.625, 0.125, -0.125, 0.75, 7.25, 8.75, -2.75, 0.75, -4.25, -1.25, 1.75, 6.375, 3.125, 4.375, 6.125, ... ]
X at t=0.77:
[ 6, 0.5, 1.5, 1, 2.5, 5.5, 2.5, -6.5, -1.75, 1.75, 8.25, 1.75, -6.75, 1.75, 0.25, -3.25, 3.25, 8.75, 3.25, 2.75, 2.625, -5.625, 0.125, -0.125, 0.75, 7.25, 8.75, -2.75, 0.75, -4.25, -1.25, 1.75, 6.375, 3.125, 4.375, 6.125, ... ]
X at t=0.78:
[ 6, 0.5, 1.5, 1, 2.5, 5.5, 2.5, -6.5, -1.75, 1.75, 8.25, 1.75, -6.75, 1.75, 0.25, -3.25, 3.25, 8.75, 3.25, 2.75, 2.625, -5.625, 0.125, -0.125, 0.75, 7.25, 8.75, -2.75, 0.75, -4.25, -1.25, 1.75, 6.375, 3.125, 4.375, 6.125, ... ]
X at t=0.79:
[ 6, 0.5, 1.5, 1, 2.5, 5.5, 2.5, -6.5, -1.75, 1.75, 8.25, 1.75, -6.75, 1.75, 0.25, -3.25, 3.25, 8.75, 3.25, 2.75, 2.625, -5.625, 0.125, -0.125, 0.75, 7.25, 8.75, -2.75, 0.75, -4.25, -1.25, 1.75, 6.375, 3.125, 4.375, 6.125, ... ]
X at t=0.8:
[ 6, 0.5, 1.5, 1, 2.5, 5.5, 2.5, -6.5, -1.75, 1.75, 8.25, 1.75, -6.75, 1.75, 0.25, -3.25, 3.25, 8.75, 3.25, 2.75, 2.625, -5.625, 0.125, -0.125, 0.75, 7.25, 8.75, -2.75, 0.75, -4.25, -1.25, 1.75, 6.375, 3.125, 4.375, 6.125, ... ]
X at t=0.81:
[ 6, 0.5, 1.5, 1, 2.5, 5.5, 2.5, -6.5, -1.75, 1.75, 8.25, 1.75, -6.75, 1.75, 0.25, -3.25, 3.25, 8.75, 3.25, 2.75, 2.625, -5.625, 0.125, -0.125, 0.75, 7.25, 8.75, -2.75, 0.75, -4.25, -1.25, 1.75, 6.375, 3.125, 4.375, 6.125, ... ]
X at t=0.82:
[ 6, 0.5, 1.5, 1, 2.5, 5.5, 2.5, -6.5, -1.75, 1.75, 8.25, 1.75, -6.75, 1.75, 0.25, -3.25, 3.25, 8.75, 3.25, 2.75, 2.625, -5.625, 0.125, -0.125, 0.75, 7.25, 8.75, -2.75, 0.75, -4.25, -1.25, 1.75, 6.375, 3.125, 4.375, 6.125, ... ]
X at t=0.83:
[ 6, 0.5, 1.5, 1, 2.5, 5.5, 2.5, -6.5, -1.75, 1.75, 8.25, 1.75, -6.75, 1.75, 0.25, -3.25, 3.25, 8.75, 3.25, 2.75, 2.625, -5.625, 0.125, -0.125, 0.75, 7.25, 8.75, -2.75, 0.75, -4.25, -1.25, 1.75, 6.375, 3.125, 4.375, 6.125, ... ]
X at t=0.84:
[ 6, 0.5, 1.5, 1, 2.5, 5.5, 2.5, -6.5, -1.75, 1.75, 8.25, 1.75, -6.75, 1.75, 0.25, -3.25, 3.25, 8.75, 3.25, 2.75, 2.625, -5.625, 0.125, -0.125, 0.75, 7.25, 8.75, -2.75, 0.75, -4.25, -1.25, 1.75, 6.375, 3.125, 4.375, 6.125, ... ]
X at t=0.85:
[ 6, 0.5, 1.5, 1, 2.5, 5.5, 2.5, -6.5, -1.75, 1.75, 8.25, 1.75, -6.75, 1.75, 0.25, -3.25, 3.25, 8.75, 3.25, 2.75, 2.625, -5.625, 0.125, -0.125, 0.75, 7.25, 8.75, -2.75, 0.75, -4.25, -1.25, 1.75, 6.375, 3.125, 4.375, 6.125, ... ]
X at t=0.86:
[ 6, 0.5, 1.5, 1, 2.5, 5.5, 2.5, -6.5, -1.75, 1.75, 8.25, 1.75, -6.75, 1.75, 0.25, -3.25, 3.25, 8.75, 3.25, 2.75, 2.625, -5.625, 0.125, -0.125, 0.75, 7.25, 8.75, -2.75, 0.75, -4.25, -1.25, 1.75, 6.375, 3.125, 4.375, 6.125, ... ]
X at t=0.87:
[ 6, 0.5, 1.5, 1, 2.5, 5.5, 2.5, -6.5, -1.75, 1.75, 8.25, 1.75, -6.75, 1.75, 0.25, -3.25, 3.25, 8.75, 3.25, 2.75, 2.625, -5.625, 0.125, -0.125, 0.75, 7.25, 8.75, -2.75, 0.75, -4.25, -1.25, 1.75, 6.375, 3.125, 4.375, 6.125, ... ]
X at t=0.88:
[ 6, 0.5, 1.5, 1, 2.5, 5.5, 2.5, -6.5, -1.75, 1.75, 8.25, 1.75, -6.75, 1.75, 0.25, -3.25, 3.25, 8.75, 3.25, 2.75, 2.625, -5.625, 0.125, -0.125, 0.75, 7.25, 8.75, -2.75, 0.75, -4.25, -1.25, 1.75, 6.375, 3.125, 4.375, 6.125, ... ]
X at t=0.89:
[ 6, 0.5, 1.5, 1, 2.5, 5.5, 2.5, -6.5, -1.75, 1.75, 8.25, 1.75, -6.75, 1.75, 0.25, -3.25, 3.25, 8.75, 3.25, 2.75, 2.625, -5.625, 0.125, -0.125, 0.75, 7.25, 8.75, -2.75, 0.75, -4.25, -1.25, 1.75, 6.375, 3.125, 4.375, 6.125, ... ]
X at t=0.9:
[ 6, 0.5, 1.5, 1, 2.5, 5.5, 2.5, -6.5, -1.75, 1.75, 8.25, 1.75, -6.75, 1.75, 0.25, -3.25, 3.25, 8.75, 3.25, 2.75, 2.625, -5.625, 0.125, -0.125, 0.75, 7.25, 8.75, -2.75, 0.75, -4.25, -1.25, 1.75, 6.375, 3.125, 4.375, 6.125, ... ]
X at t=0.91:
[ 6, 0.5, 1.5, 1, 2.5, 5.5, 2.5, -6.5, -1.75, 1.75, 8.25, 1.75, -6.75, 1.75, 0.25, -3.25, 3.25, 8.75, 3.25, 2.75, 2.625, -5.625, 0.125, -0.125, 0.75, 7.25, 8.75, -2.75, 0.75, -4.25, -1.25, 1.75, 6.375, 3.125, 4.375, 6.125, ... ]
X at t=0.92:
[ 6, 0.5, 1.5, 1, 2.5, 5.5, 2.5, -6.5, -1.75, 1.75, 8.25, 1.75, -6.75, 1.75, 0.25, -3.25, 3.25, 8.75, 3.25, 2.75, 2.625, -5.625, 0.125, -0.125, 0.75, 7.25, 8.75, -2.75, 0.75, -4.25, -1.25, 1.75, 6.375, 3.125, 4.375, 6.125, ... ]
X at t=0.93:
[ 6, 0.5, 1.5, 1, 2.5, 5.5, 2.5, -6.5, -1.75, 1.75, 8.25, 1.75, -6.75, 1.75, 0.25, -3.25, 3.25, 8.75, 3.25, 2.75, 2.625, -5.625, 0.125, -0.125, 0.75, 7.25, 8.75, -2.75, 0.75, -4.25, -1.25, 1.75, 6.375, 3.125, 4.375, 6.125, ... ]
X at t=0.94:
[ 6, 0.5, 1.5, 1, 2.5, 5.5, 2.5, -6.5, -1.75, 1.75, 8.25, 1.75, -6.75, 1.75, 0.25, -3.25, 3.25, 8.75, 3.25, 2.75, 2.625, -5.625, 0.125, -0.125, 0.75, 7.25, 8.75, -2.75, 0.75, -4.25, -1.25, 1.75, 6.375, 3.125, 4.375, 6.125, ... ]
X at t=0.95:
[ 6, 0.5, 1.5, 1, 2.5, 5.5, 2.5, -6.5, -1.75, 1.75, 8.25, 1.75, -6.75, 1.75, 0.25, -3.25, 3.25, 8.75, 3.25, 2.75, 2.625, -5.625, 0.125, -0.125, 0.75, 7.25, 8.75, -2.75, 0.75, -4.25, -1.25, 1.75, 6.375, 3.125, 4.375, 6.125, ... ]
X at t=0.96:
[ 6, 0.5, 1.5, 1, 2.5, 5.5, 2.5, -6.5, -1.75, 1.75, 8.25, 1.75, -6.75, 1.75, 0.25, -3.25, 3.25, 8.75, 3.25, 2.75, 2.625, -5.625, 0.125, -0.125, 0.75, 7.25, 8.75, -2.75, 0.75, -4.25, -1.25, 1.75, 6.375, 3.125, 4.375, 6.125, ... ]
X at t=0.97:
[ 6, 0.5, 1.5, 1, 2.5, 5.5, 2.5, -6.5, -1.75, 1.75, 8.25, 1.75, -6.75, 1.75, 0.25, -3.25, 3.25, 8.75, 3.25, 2.75, 2.625, -5.625, 0.125, -0.125, 0.75, 7.25, 8.75, -2.75, 0.75, -4.25, -1.25, 1.75, 6.375, 3.125, 4.375, 6.125, ... ]
X at t=0.98:
[ 6, 0.5, 1.5, 1, 2.5, 5.5, 2.5, -6.5, -1.75, 1.75, 8.25, 1.75, -6.75, 1.75, 0.25, -3.25, 3.25, 8.75, 3.25, 2.75, 2.625, -5.625, 0.125, -0.125, 0.75, 7.25, 8.75, -2.75, 0.75, -4.25, -1.25, 1.75, 6.375, 3.125, 4.375, 6.125, ... ]

Final state:
X at t=0.99:
[ 6, 0.5, 1.5, 1, 2.5, 5.5, 2.5, -6.5, -1.75, 1.75, 8.25, 1.75, -6.75, 1.75, 0.25, -3.25, 3.25, 8.75, 3.25, 2.75, 2.625, -5.625, 0.125, -0.125, 0.75, 7.25, 8.75, -2.75, 0.75, -4.25, -1.25, 1.75, 6.375, 3.125, 4.375, 6.125, ... ]
