
Lmod is automatically replacing "craype-x86-rome" with "craype-x86-trento".

Lorenz96(k=1000000, F=8, dt=0.01, t_max=1)
 - warming up the simulation for 10
 - running ensemble of size 1 with initial perturbation N(0.0, 0.001)
 - compressing every 1-th model state online on the GPU with ZFP(fixed_rate=24)
 - saving config file to 'output/config_5030239.json'
 - saving performance file to 'performance/perf_5030239'

Initial state:
X at t=0:
[ 6, 0.439816, 2.06469, 1.09784, 2.51017, 6.80728, 3.71085, -8.36725, 1.18149, 2.19104, 7.69608, 5.08871, 2.71989, 0.113075, -4.3487, 0.998253, 3.6751, 8.18301, 3.69758, 2.31953, 2.94081, -5.83319, -0.205038, -0.213968, 1.998, 8.31166, 8.88553, -2.18113, -0.43758, -4.53611, -0.990574, 2.96173, 6.77326, 3.17183, 4.61149, 6.0137, ... ]

X at t=0.01:
[ 6.11244, 0.501839, 2.10085, 1.20996, 2.61944, 6.87535, 3.00814, -8.39088, 1.33607, 2.45193, 7.78796, 5.13541, 2.37985, -0.0471287, -4.22634, 0.908934, 3.83701, 8.28231, 3.61691, 2.1804, 2.77938, -5.76173, 0.0517826, -0.138063, 2.04275, 8.4869, 8.49801, -2.82725, -0.0249577, -4.41468, -1.04218, 2.89717, 6.90998, 3.33456, 4.61554, 5.83628, ... ]
X at t=0.02:
[ 6.20407, 0.584454, 2.13318, 1.32249, 2.73325, 6.92339, 2.29823, -8.37357, 1.40763, 2.7297, 7.88697, 5.13382, 2.02932, -0.171206, -4.10321, 0.812719, 3.98553, 8.3848, 3.51099, 2.03867, 2.63638, -5.677, 0.290171, -0.0437183, 2.0943, 8.65427, 8.05015, -3.40861, 0.447218, -4.28666, -1.06726, 2.82878, 7.0483, 3.50246, 4.60705, 5.64362, ... ]
X at t=0.03:
[ 6.27835, 0.685905, 2.16089, 1.43505, 2.85138, 6.94966, 1.5858, -8.31745, 1.39608, 3.01046, 7.99386, 5.08175, 1.67379, -0.258581, -3.98044, 0.71245, 4.12018, 8.48928, 3.38045, 1.89683, 2.51202, -5.58102, 0.510414, 0.0673141, 2.15391, 8.81237, 7.54606, -3.91883, 0.961054, -4.14601, -1.06491, 2.75973, 7.18723, 3.67491, 4.58446, 5.43733, ... ]
X at t=0.04:
[ 6.33883, 0.803545, 2.18334, 1.54725, 2.97355, 6.95245, 0.875736, -8.22351, 1.30402, 3.28044, 8.10909, 4.97845, 1.31908, -0.309738, -3.85886, 0.610695, 4.24081, 8.59441, 3.22623, 1.75749, 2.40603, -5.47559, 0.713036, 0.193329, 2.22271, 8.95971, 6.99068, -4.35453, 1.49835, -3.98715, -1.0354, 2.69328, 7.32592, 3.85085, 4.54622, 5.21927, ... ]
X at t=0.05:
[ 6.38888, 0.934092, 2.20009, 1.65875, 3.09935, 6.93015, 0.173046, -8.09176, 1.13663, 3.52664, 8.23271, 4.82454, 0.971123, -0.326214, -3.739, 0.509747, 4.34756, 8.69874, 3.04951, 1.62325, 2.31775, -5.36225, 0.898716, 0.332699, 2.30161, 9.09483, 6.38956, -4.71517, 2.04141, -3.80548, -0.980173, 2.63261, 7.46374, 4.02883, 4.4908, 4.99161, ... ]
X at t=0.06:
[ 6.43143, 1.07391, 2.21092, 1.76926, 3.22831, 6.88128, -0.517082, -7.92136, 0.901447, 3.73733, 8.36435, 4.62211, 0.63569, -0.310529, -3.6211, 0.411597, 4.44082, 8.80076, 2.85181, 1.4967, 2.24619, -5.24233, 1.06822, 0.483934, 2.39144, 9.21608, 5.74857, -5.00254, 2.5737, -3.59771, -0.901835, 2.58062, 7.60029, 4.20695, 4.41676, 4.75679, ... ]
X at t=0.07:
[ 6.4689, 1.21935, 2.21575, 1.87856, 3.35984, 6.80451, -1.18929, -7.71103, 0.60812, 3.9025, 8.50314, 4.37464, 0.318223, -0.266049, -3.50514, 0.317908, 4.52121, 8.89896, 2.6349, 1.38027, 2.19006, -5.11699, 1.2224, 0.64567, 2.49284, 9.32169, 5.07374, -5.22027, 3.08045, -3.36214, -0.803977, 2.53975, 7.73539, 4.38297, 4.32282, 4.51749, ... ]
X at t=0.08:
[ 6.50323, 1.36692, 2.21472, 1.9865, 3.49328, 6.69872, -1.83809, -7.45932, 0.26807, 4.01426, 8.64768, 4.08689, 0.0236216, -0.196782, -3.39089, 0.230033, 4.58953, 8.99182, 2.40082, 1.27626, 2.14787, -4.98721, 1.36211, 0.816673, 2.6063, 9.40974, 4.3711, -5.37325, 3.54902, -3.09861, -0.690943, 2.51189, 7.86909, 4.55422, 4.20791, 4.27664, ... ]
X at t=0.09:
[ 6.53593, 1.51356, 2.20808, 2.09299, 3.62786, 6.5631, -2.45808, -7.16517, -0.105919, 4.06722, 8.79601, 3.7649, -0.243892, -0.107171, -3.27799, 0.149013, 4.64671, 9.07793, 2.15183, 1.18676, 2.11797, -4.85383, 1.48822, 0.995852, 2.73223, 9.47803, 3.64654, -5.46709, 3.96921, -2.80852, -0.567518, 2.49823, 8.00161, 4.71779, 4.07123, 4.03734, ... ]
X at t=0.1:
[ 6.56824, 1.65676, 2.19619, 2.198, 3.76273, 6.39713, -3.04391, -6.82821, -0.500313, 4.05868, 8.94572, 3.41569, -0.480886, -0.00182533, -3.16602, 0.0755978, 4.69377, 9.15599, 1.89044, 1.11356, 2.09866, -4.71759, 1.60155, 1.18224, 2.87082, 9.52422, 2.90576, -5.50761, 4.3333, -2.4946, -0.43857, 2.49927, 8.13326, 4.87051, 3.91235, 3.80285, ... ]
X at t=0.11:
[ 6.60121, 1.79465, 2.17948, 2.30154, 3.89697, 6.20069, -3.59063, -6.44917, -0.901318, 3.98869, 9.09398, 3.04713, -0.684811, 0.114689, -3.05456, 0.0102997, 4.73183, 9.22483, 1.61932, 1.05811, 2.08826, -4.5792, 1.7029, 1.37501, 3.02211, 9.54562, 2.15427, -5.50045, 4.63608, -2.16075, -0.308701, 2.51486, 8.26445, 5.00911, 3.73123, 3.57645, ... ]
X at t=0.12:
[ 6.63579, 1.92607, 2.15842, 2.40363, 4.02956, 5.97404, -4.09376, -6.03017, -1.29557, 3.86006, 9.2378, 2.6676, -0.854018, 0.238093, -2.94323, -0.0466166, 4.76205, 9.28347, 1.34121, 1.0216, 2.0852, -4.43928, 1.79306, 1.5734, 3.18597, 9.53942, 1.39736, -5.45078, 4.8747, -1.81168, -0.181953, 2.54429, 8.39557, 5.13026, 3.52829, 3.36137, ... ]
X at t=0.13:
[ 6.67279, 2.0505, 2.13343, 2.50427, 4.15944, 5.71788, -4.54956, -5.57483, -1.67079, 3.67798, 9.37421, 2.28569, -0.987799, 0.36458, -2.83178, -0.0950718, 4.78558, 9.3311, 1.05896, 1.00481, 2.08799, -4.29843, 1.87271, 1.77678, 3.36199, 9.50257, 0.640232, -5.36322, 5.04855, -1.45265, -0.061552, 2.58639, 8.52695, 5.23065, 3.30451, 3.16076, ... ]
X at t=0.14:
[ 6.71289, 2.16803, 2.10492, 2.60352, 4.28553, 5.43335, -4.95515, -5.08834, -2.01625, 3.44967, 9.50048, 1.90989, -1.08634, 0.490938, -2.72006, -0.135153, 4.80359, 9.36712, 0.77541, 1.00819, 2.09539, -4.15726, 1.94257, 1.9846, 3.54959, 9.43187, -0.111988, -5.24179, 5.15898, -1.08915, 0.0502186, 2.63977, 8.65884, 5.30708, 3.06141, 2.9775, ... ]
X at t=0.15:
[ 6.75656, 2.2793, 2.07325, 2.70134, 4.40668, 5.12195, -5.30862, -4.57718, -2.32328, 3.18377, 9.61439, 1.54816, -1.15071, 0.614629, -2.60806, -0.167071, 4.81721, 9.39114, 0.493324, 1.03185, 2.10631, -4.01632, 2.00328, 2.19636, 3.74789, 9.32401, -0.854187, -5.0899, 5.20911, -0.726601, 0.152054, 2.70286, 8.79131, 5.35655, 2.80104, 2.8141, ... ]
X at t=0.16:
[ 6.80399, 2.38531, 2.03868, 2.79768, 4.52174, 4.78566, -5.60918, -4.049, -2.58548, 2.8898, 9.71426, 1.20771, -1.18272, 0.733795, -2.49586, -0.191139, 4.8275, 9.40289, 0.215427, 1.07554, 2.11995, -3.87619, 2.05547, 2.41161, 3.95575, 9.17563, -1.58124, -4.91068, 5.20356, -0.370106, 0.243633, 2.77415, 8.92427, 5.37634, 2.52599, 2.67266, ... ]
X at t=0.17:
[ 6.855, 2.48734, 2.00141, 2.89244, 4.62959, 4.42677, -5.85704, -3.51213, -2.79888, 2.57748, 9.79913, 0.89463, -1.1849, 0.84726, -2.38366, -0.207733, 4.83549, 9.40234, -0.055748, 1.13873, 2.13574, -3.73743, 2.09976, 2.62996, 4.17164, 8.98353, -2.28793, -4.70705, 5.14822, -0.0241756, 0.32546, 2.85222, 9.05746, 5.36397, 2.23941, 2.55474, ... ]
X at t=0.18:
[ 6.90909, 2.58685, 1.96157, 2.98552, 4.72911, 4.0479, -6.05345, -2.9752, -2.96178, 2.25611, 9.86869, 0.613869, -1.16029, 0.954425, -2.27172, -0.217263, 4.84211, 9.3896, -0.317879, 1.22054, 2.15331, -3.60056, 2.13673, 2.85103, 4.39371, 8.74467, -2.96898, -4.48209, 5.04991, 0.30743, 0.398724, 2.93585, 9.19034, 5.31742, 1.94484, 2.46127, ... ]
X at t=0.19:
[ 6.9654, 2.68536, 1.9192, 3.07671, 4.81926, 3.65187, -6.20055, -2.44673, -3.07455, 1.93419, 9.92328, 0.369034, -1.11234, 1.05516, -2.16033, -0.22017, 4.84822, 9.36491, -0.568844, 1.31991, 2.17252, -3.46612, 2.16696, 3.07444, 4.61973, 8.45637, -3.61912, -4.23924, 4.9161, 0.62183, 0.465107, 3.02405, 9.32218, 5.23501, 1.64624, 2.39254, ... ]
X at t=0.2:
[ 7.0228, 2.78434, 1.87433, 3.16581, 4.89905, 3.2417, -6.30118, -1.93466, -3.13933, 1.61901, 9.96377, 0.162418, -1.04476, 1.14972, -2.04978, -0.216893, 4.85463, 9.32864, -0.806793, 1.4355, 2.19342, -3.33459, 2.19105, 3.29985, 4.8471, 8.11645, -4.23318, -3.98251, 4.75464, 0.917059, 0.526575, 3.11609, 9.45201, 5.11552, 1.34783, 2.34816, ... ]
X at t=0.21:
[ 7.07997, 2.88516, 1.82693, 3.25258, 4.96758, 2.82051, -6.35878, -1.4461, -3.15958, 1.31652, 9.99137, -0.004879, -0.961353, 1.23859, -1.94038, -0.207859, 4.862, 9.28125, -1.03017, 1.56581, 2.21616, -3.20643, 2.20954, 3.52684, 5.07279, 7.72338, -4.80613, -3.71669, 4.57336, 1.19209, 0.585213, 3.21148, 9.57869, 4.95827, 1.05395, 2.32703, ... ]
X at t=0.22:
[ 7.13545, 2.98902, 1.77694, 3.33675, 5.02409, 2.39145, -6.37711, -0.987041, -3.13974, 1.03123, 10.0075, -0.132847, -0.865928, 1.32239, -1.83239, -0.193486, 4.87093, 9.22325, -1.23769, 1.70918, 2.24105, -3.08206, 2.22298, 3.75502, 5.2934, 7.27646, -5.33322, -3.44739, 4.3797, 1.44679, 0.643063, 3.30995, 9.70082, 4.76306, 0.769093, 2.32745, ... ]
X at t=0.23:
[ 7.18779, 3.09692, 1.7243, 3.41808, 5.06791, 1.95767, -6.36009, -0.562284, -3.08477, 0.76635, 10.0138, -0.222389, -0.762154, 1.4018, -1.72601, -0.174164, 4.88195, 9.15525, -1.42838, 1.86386, 2.26842, -2.96189, 2.23193, 3.98395, 5.50514, 6.77596, -5.8101, -3.18102, 4.18039, 1.68178, 0.701995, 3.41143, 9.81686, 4.53025, 0.497612, 2.34711, ... ]
X at t=0.24:
[ 7.23561, 3.20963, 1.66896, 3.49628, 5.09853, 1.52221, -6.31165, -0.175348, -2.99995, 0.523907, 10.0116, -0.275181, -0.653492, 1.47748, -1.62143, -0.150257, 4.89552, 9.07789, -1.60157, 2.02804, 2.29865, -2.84624, 2.23689, 4.21313, 5.70395, 6.22324, -6.23294, -2.92459, 3.98116, 1.89831, 0.763674, 3.51598, 9.92507, 4.26077, 0.243702, 2.38327, ... ]
X at t=0.25:
[ 7.27762, 3.32767, 1.61089, 3.57112, 5.11557, 1.08807, -6.23565, 0.171505, -2.89047, 0.304871, 10.0025, -0.293457, -0.543125, 1.55003, -1.51874, -0.122108, 4.912, 8.99181, -1.75689, 2.19985, 2.33208, -2.73545, 2.23837, 4.44201, 5.8855, 5.62088, -6.59839, -2.68552, 3.7864, 2.09811, 0.829491, 3.62378, 10.0236, 3.95608, 0.0112991, 2.43281, ... ]
X at t=0.26:
[ 7.31271, 3.45136, 1.55006, 3.64238, 5.11883, 0.65802, -6.13569, 0.477203, -2.76133, 0.109444, 9.98782, -0.2799, -0.433917, 1.61994, -1.41801, -0.0900354, 4.9317, 8.89766, -1.89418, 2.37745, 2.36905, -2.62982, 2.23684, 4.67001, 6.04524, 4.97277, -6.90369, -2.47122, 3.59907, 2.28325, 0.90061, 3.73508, 10.1105, 3.61822, -0.196007, 2.49242, ... ]
X at t=0.27:
[ 7.33996, 3.58077, 1.48655, 3.7099, 5.10822, 0.234716, -6.01508, 0.741697, -2.61713, -0.0627708, 9.96858, -0.237438, -0.328382, 1.68763, -1.31923, -0.0543242, 4.95486, 8.79612, -2.01363, 2.55904, 2.4098, -2.5296, 2.23274, 4.89647, 6.17861, 4.28407, -7.14671, -2.28863, 3.42058, 2.45592, 0.97798, 3.85016, 10.1837, 3.24976, -0.375095, 2.55877, ... ]
X at t=0.28:
[ 7.35863, 3.71577, 1.42041, 3.77356, 5.08383, -0.179432, -5.87683, 0.965862, -2.46201, -0.212566, 9.94575, -0.169186, -0.228683, 1.75338, -1.22234, -0.0152397, 4.98166, 8.68778, -2.11556, 2.74291, 2.45448, -2.43502, 2.2265, 5.12069, 6.28108, 3.56126, -7.32582, -2.14384, 3.25087, 2.61835, 1.0624, 3.96932, 10.241, 2.85376, -0.523312, 2.62863, ... ]
X at t=0.29:
[ 7.36816, 3.85608, 1.35178, 3.83328, 5.0459, -0.582209, -5.72361, 1.1513, -2.29961, -0.341064, 9.92015, -0.0783386, -0.13663, 1.81744, -1.12725, 0.0269842, 5.01224, 8.57328, -2.20054, 2.9274, 2.50319, -2.34631, 2.21848, 5.34191, 6.34831, 2.81206, -7.44002, -2.04158, 3.08853, 2.7727, 1.15459, 4.09282, 10.2803, 2.43375, -0.638496, 2.69907, ... ]
X at t=0.3:
[ 7.36824, 4.00122, 1.28083, 3.88907, 4.99479, -0.971622, -5.55775, 1.30024, -2.13303, -0.449459, 9.89238, 0.0318794, -0.0536852, 1.87995, -1.03379, 0.0721292, 5.04667, 8.45319, -2.26929, 3.11102, 2.55586, -2.26364, 2.20902, 5.55935, 6.37629, 2.04523, -7.48883, -1.98481, 2.93114, 2.92094, 1.25523, 4.22089, 10.2994, 1.99368, -0.719131, 2.76761, ... ]
X at t=0.31:
[ 7.35869, 4.15059, 1.20784, 3.94099, 4.93099, -1.34592, -5.38131, 1.41533, -1.9649, -0.53904, 9.86298, 0.158287, 0.0190115, 1.94102, -0.94177, 0.120008, 5.08499, 8.32805, -2.32271, 3.29239, 2.61236, -2.18719, 2.19841, 5.77215, 6.36152, 1.2705, -7.47242, -1.97451, 2.77555, 3.06474, 1.36509, 4.35368, 10.2959, 1.53778, -0.764206, 2.83234, ... ]
X at t=0.32:
[ 7.33951, 4.30346, 1.13309, 3.98916, 4.85509, -1.70358, -5.19605, 1.49958, -1.79731, -0.61105, 9.83235, 0.297779, 0.0806279, 2.00073, -0.85095, 0.170459, 5.12721, 8.19835, -2.36176, 3.47031, 2.67244, -2.11711, 2.1869, 5.97948, 6.30112, 0.498211, -7.39161, -2.00946, 2.61835, 3.20541, 1.48496, 4.49124, 10.2677, 1.07059, -0.773365, 2.89199, ... ]
X at t=0.33:
[ 7.31087, 4.45906, 1.05696, 4.03377, 4.7678, -2.04335, -5.00354, 1.55616, -1.63194, -0.666733, 9.80083, 0.447372, 0.130619, 2.05917, -0.761063, 0.223347, 5.17328, 8.06455, -2.38752, 3.64367, 2.73577, -2.05349, 2.1747, 6.18046, 6.19301, -0.260956, -7.24809, -2.08627, 2.45625, 3.34386, 1.61579, 4.63355, 10.2126, 0.596836, -0.746861, 2.94603, ... ]
X at t=0.34:
[ 7.27304, 4.61653, 0.979862, 4.07508, 4.66988, -2.36416, -4.80517, 1.58838, -1.47006, -0.707188, 9.7687, 0.604198, 0.168692, 2.11642, -0.671808, 0.278559, 5.22314, 7.92705, -2.40109, 3.8116, 2.80192, -1.99643, 2.16199, 6.37426, 6.03597, -0.996315, -7.0445, -2.19953, 2.28646, 3.48046, 1.75863, 4.78045, 10.1283, 0.121304, -0.685574, 2.99467, ... ]
X at t=0.35:
[ 7.22646, 4.775, 0.902275, 4.11341, 4.56215, -2.66522, -4.60213, 1.59955, -1.31262, -0.733418, 9.73619, 0.76553, 0.194791, 2.17257, -0.582866, 0.336009, 5.2767, 7.7862, -2.40366, 3.97334, 2.87041, -1.946, 2.14886, 6.56003, 5.82977, -1.69761, -6.78455, -2.3422, 2.10702, 3.61513, 1.91462, 4.93163, 10.0128, -0.351242, -0.59108, 3.03886, ... ]
X at t=0.36:
[ 7.17165, 4.93361, 0.824726, 4.14909, 4.44543, -2.94592, -4.39557, 1.59296, -1.16022, -0.746395, 9.70356, 0.928791, 0.209076, 2.22776, -0.4939, 0.395638, 5.33382, 7.64228, -2.39637, 4.12827, 2.94069, -1.90224, 2.13543, 6.73699, 5.57515, -2.35527, -6.4732, -2.50605, 1.91703, 3.74726, 2.08496, 5.08661, 9.86389, -0.816082, -0.465626, 3.08017, ... ]
X at t=0.37:
[ 7.10921, 5.09148, 0.747749, 4.1825, 4.32063, -3.20589, -4.1865, 1.57173, -1.01324, -0.746952, 9.67101, 1.09159, 0.211883, 2.28212, -0.404559, 0.457409, 5.39436, 7.49557, -2.38036, 4.27597, 3.01219, -1.86514, 2.12174, 6.90441, 5.27395, -2.96088, -6.11668, -2.6822, 1.71667, 3.87579, 2.27085, 5.24469, 9.67971, -1.26878, -0.312153, 3.12076, ... ]
X at t=0.38:
[ 7.03986, 5.2478, 0.671944, 4.21404, 4.18859, -3.44495, -3.97591, 1.5389, -0.871861, -0.735821, 9.63877, 1.25168, 0.203718, 2.33583, -0.314484, 0.521311, 5.45816, 7.34626, -2.35676, 4.4161, 3.0843, -1.83469, 2.10781, 7.06165, 4.92891, -3.50741, -5.72237, -2.86172, 1.50725, 3.99928, 2.47336, 5.40495, 9.45843, -1.70513, -0.134285, 3.16315, ... ]
X at t=0.39:
[ 6.96435, 5.40177, 0.597927, 4.24411, 4.05016, -3.66311, -3.76473, 1.49725, -0.736076, -0.713661, 9.60706, 1.40701, 0.185225, 2.38908, -0.223314, 0.587355, 5.52502, 7.19449, -2.32666, 4.54849, 3.15641, -1.81081, 2.09364, 7.20814, 4.54368, -3.98943, -5.29867, -3.03622, 1.29099, 4.11605, 2.69339, 5.56618, 9.19835, -2.1213, 0.0636559, 3.21013, ... ]
X at t=0.4:
[ 6.88349, 5.55272, 0.52631, 4.27312, 3.90617, -3.86053, -3.55389, 1.44938, -0.605736, -0.681084, 9.57612, 1.55564, 0.157171, 2.44207, -0.130686, 0.655573, 5.59475, 7.04037, -2.29107, 4.67305, 3.22792, -1.79342, 2.07919, 7.34343, 4.12267, -4.40321, -4.85473, -3.19833, 1.07079, 4.22431, 2.93157, 5.72682, 8.89803, -2.51391, 0.276726, 3.26456, ... ]
X at t=0.41:
[ 6.79812, 5.70004, 0.457716, 4.30144, 3.75738, -4.03751, -3.34426, 1.39766, -0.48061, -0.638638, 9.54617, 1.69588, 0.120422, 2.495, -0.0362434, 0.726025, 5.66709, 6.88397, -2.25093, 4.78975, 3.29819, -1.78237, 2.06441, 7.46719, 3.67093, -4.74674, -4.40003, -3.34199, 0.849958, 4.32229, 3.18815, 5.88497, 8.55635, -2.88002, 0.499424, 3.3291, ... ]
X at t=0.42:
[ 6.7091, 5.84319, 0.392735, 4.32941, 3.60454, -4.1945, -3.13675, 1.34418, -0.360386, -0.586788, 9.51747, 1.82616, 0.0759277, 2.54806, 0.0603714, 0.798782, 5.74182, 6.72528, -2.20712, 4.89871, 3.36666, -1.77748, 2.04926, 7.57919, 3.19394, -5.01965, -3.94405, -3.46278, 0.631918, 4.40839, 3.46292, 6.03825, 8.17252, -3.21718, 0.725769, 3.40614, ... ]
X at t=0.43:
[ 6.61731, 5.98173, 0.331949, 4.35735, 3.44831, -4.33206, -2.9322, 1.29082, -0.24472, -0.525955, 9.49023, 1.94508, 0.0247002, 2.60141, 0.1595, 0.87394, 5.81865, 6.56427, -2.16045, 5.00009, 3.43277, -1.7786, 2.03365, 7.67933, 2.69747, -5.223, -3.49574, -3.55787, 0.419905, 4.48127, 3.75524, 6.18389, 7.74617, -3.52341, 0.949453, 3.49759, ... ]
X at t=0.44:
[ 6.52361, 6.11532, 0.275896, 4.38552, 3.28931, -4.45081, -2.73146, 1.23917, -0.133251, -0.456516, 9.46469, 2.0514, -0.0321951, 2.65518, 0.261476, 0.951606, 5.8973, 6.40084, -2.1116, 5.0941, 3.49602, -1.78549, 2.0175, 7.76767, 2.18743, -5.35901, -3.06323, -3.62597, 0.216782, 4.53992, 4.06393, 6.31862, 7.27757, -3.7972, 1.16401, 3.60466, ... ]
X at t=0.45:
[ 6.42886, 6.24371, 0.225079, 4.4141, 3.12811, -4.55147, -2.53535, 1.19058, -0.0255661, -0.378838, 9.44105, 2.14405, -0.093668, 2.70947, 0.366617, 1.0319, 5.97745, 6.23491, -2.06122, 5.18098, 3.55592, -1.79792, 2.00074, 7.84435, 1.6697, -5.43084, -2.65349, -3.66719, 0.0248928, 4.58367, 4.38736, 6.43871, 6.76761, -4.0374, 1.36299, 3.72787, ... ]
X at t=0.46:
[ 6.33389, 6.36673, 0.179934, 4.44324, 2.96521, -4.63481, -2.34464, 1.14619, 0.0787163, -0.293255, 9.41949, 2.22208, -0.158607, 2.76433, 0.475232, 1.11498, 6.05875, 6.06631, -2.00986, 5.26102, 3.61205, -1.81562, 1.98325, 7.90965, 1.15, -5.44231, -2.27209, -3.68273, -0.154015, 4.61221, 4.7234, 6.54003, 6.21803, -4.24323, 1.5402, 3.86691, ... ]
X at t=0.47:
[ 6.23949, 6.48428, 0.140846, 4.473, 2.80107, -4.70159, -2.16008, 1.10688, 0.179989, -0.200054, 9.40013, 2.28473, -0.225893, 2.81972, 0.587614, 1.20097, 6.14084, 5.89485, -1.95795, 5.33452, 3.664, -1.8383, 1.96497, 7.96394, 0.633808, -5.39762, -1.92312, -3.67464, -0.31879, 4.62557, 5.06948, 6.61806, 5.63144, -4.41418, 1.68991, 4.02066, ... ]
X at t=0.48:
[ 6.14643, 6.59634, 0.108126, 4.50338, 2.63611, -4.75263, -1.98235, 1.07334, 0.278606, -0.0994987, 9.38308, 2.33133, -0.294414, 2.87556, 0.70403, 1.29005, 6.22329, 5.72034, -1.90586, 5.4018, 3.71144, -1.86566, 1.94582, 8.00769, 0.126274, -5.30116, -1.60912, -3.64551, -0.468788, 4.62408, 5.42274, 6.66804, 5.01153, -4.54993, 1.80707, 4.1872, ... ]
X at t=0.49:
[ 6.05542, 6.70295, 0.0819893, 4.53433, 2.47067, -4.78874, -1.81209, 1.04606, 0.374924, 0.00816345, 9.36839, 2.36137, -0.36307, 2.93173, 0.824731, 1.38237, 6.30566, 5.54258, -1.85389, 5.46317, 3.75402, -1.89741, 1.92571, 8.0415, -0.36783, -5.15735, -1.33117, -3.59823, -0.603886, 4.60828, 5.77996, 6.68509, 4.36304, -4.65038, 1.88757, 4.36392, ... ]
X at t=0.5:
[ 5.96715, 6.80422, 0.0625973, 4.56569, 2.30508, -4.81071, -1.64984, 1.02535, 0.469273, 0.122677, 9.35604, 2.37443, -0.430789, 2.98801, 0.949944, 1.47811, 6.38745, 5.36129, -1.80223, 5.51896, 3.7915, -1.93318, 1.90457, 8.06599, -0.844168, -4.97048, -1.089, -3.53575, -0.724255, 4.57891, 6.13779, 6.66441, 3.69188, -4.71561, 1.92844, 4.54762, ... ]
X at t=0.51:
[ 5.88222, 6.90027, 0.0500278, 4.59729, 2.13966, -4.81931, -1.49611, 1.01135, 0.561966, 0.243835, 9.3459, 2.37024, -0.496524, 3.04415, 1.07987, 1.57745, 6.46814, 5.17621, -1.75099, 5.56947, 3.82365, -1.97268, 1.88232, 8.0819, -1.2988, -4.74472, -0.881174, -3.46091, -0.830376, 4.53689, 6.49268, 6.60146, 3.00511, -4.7459, 1.92797, 4.73466, ... ]
X at t=0.52:
[ 5.80122, 6.99129, 0.0442524, 4.62888, 1.97466, -4.81531, -1.3513, 1.00408, 0.653301, 0.371433, 9.33786, 2.34859, -0.55926, 3.09984, 1.21466, 1.68057, 6.54712, 4.98709, -1.70024, 5.61503, 3.85027, -2.01557, 1.85889, 8.08998, -1.72828, -4.48404, -0.705269, -3.37634, -0.92289, 4.48322, 6.84112, 6.49223, 2.31082, -4.74183, 1.88587, 4.92117, ... ]
X at t=0.53:
[ 5.72467, 7.07746, 0.0451698, 4.66016, 1.81036, -4.79941, -1.21571, 1.00341, 0.743568, 0.505241, 9.33164, 2.30944, -0.618032, 3.15472, 1.35447, 1.78764, 6.62378, 4.79369, -1.64994, 5.65593, 3.87119, -2.06148, 1.83419, 8.09103, -2.12958, -4.19226, -0.558111, -3.28433, -1.00251, 4.41902, 7.1796, 6.33343, 1.61804, -4.70435, 1.80334, 5.1032, ... ]
X at t=0.54:
[ 5.65305, 7.15899, 0.0525894, 4.69079, 1.647, -4.77228, -1.08958, 1.00914, 0.833035, 0.64513, 9.32692, 2.25278, -0.671902, 3.20842, 1.49938, 1.89884, 6.69738, 4.59575, -1.59999, 5.69246, 3.88627, -2.1101, 1.80817, 8.08591, -2.5001, -3.87301, -0.435978, -3.18686, -1.07001, 4.34545, 7.5048, 6.12278, 0.936447, -4.63492, 1.68301, 5.27696, ... ]
X at t=0.55:
[ 5.58678, 7.2361, 0.0662327, 4.72041, 1.48486, -4.73457, -0.973061, 1.02096, 0.921982, 0.790894, 9.32326, 2.17874, -0.71998, 3.26055, 1.64945, 2.01434, 6.76715, 4.39305, -1.55024, 5.72488, 3.89537, -2.16106, 1.78077, 8.07547, -2.83767, -3.52986, -0.334803, -3.08552, -1.1261, 4.26372, 7.81364, 5.85913, 0.276127, -4.5356, 1.52886, 5.43899, ... ]
X at t=0.56:
[ 5.52624, 7.30902, 0.0857468, 4.74863, 1.32416, -4.68685, -0.866198, 1.0385, 1.01069, 0.942371, 9.32013, 2.08756, -0.761408, 3.31072, 1.80469, 2.13428, 6.83228, 4.18538, -1.50047, 5.75348, 3.89841, -2.21402, 1.75185, 8.06056, -3.14054, -3.16626, -0.25037, -2.98162, -1.17147, 4.17512, 8.10334, 5.54274, -0.352848, -4.40916, 1.34597, 5.58626, ... ]
X at t=0.57:
[ 5.47175, 7.37795, 0.110693, 4.77503, 1.1652, -4.6297, -0.768932, 1.06133, 1.09941, 1.09943, 9.31691, 1.97952, -0.795385, 3.35853, 1.96507, 2.25879, 6.89182, 3.97261, -1.45042, 5.7785, 3.89528, -2.26867, 1.72138, 8.04205, -3.40732, -2.78565, -0.178481, -2.87618, -1.20677, 4.08093, 8.37151, 5.17523, -0.940729, -4.25908, 1.1403, 5.71633, ... ]
X at t=0.58:
[ 5.42362, 7.44308, 0.140551, 4.79923, 1.00824, -4.56361, -0.681137, 1.089, 1.18844, 1.26188, 9.31286, 1.85505, -0.821144, 3.40367, 2.13051, 2.38799, 6.94479, 3.75464, -1.3998, 5.80022, 3.8859, -2.32462, 1.68925, 8.02077, -3.63704, -2.39148, -0.115093, -2.76997, -1.23254, 3.98246, 8.61623, 4.75973, -1.4785, -4.08955, 0.918301, 5.8274, ... ]
X at t=0.59:
[ 5.38211, 7.5046, 0.174725, 4.82084, 0.853605, -4.48907, -0.602594, 1.12101, 1.27806, 1.42962, 9.30716, 1.71463, -0.837965, 3.44585, 2.30087, 2.52194, 6.99013, 3.53142, -1.34825, 5.81889, 3.87025, -2.38157, 1.65533, 7.99756, -3.82904, -1.98715, -0.0564604, -2.66364, -1.24928, 3.88104, 8.83606, 4.3007, -1.95824, -3.90536, 0.68656, 5.91828, ... ]
X at t=0.6:
[ 5.3474, 7.56267, 0.21257, 4.83946, 0.701607, -4.40655, -0.532982, 1.1569, 1.36854, 1.60249, 9.29887, 1.55888, -0.845169, 3.48488, 2.47598, 2.66065, 7.02667, 3.30298, -1.29541, 5.83478, 3.84823, -2.43917, 1.61952, 7.97316, -3.98303, -1.57609, 0.000766754, -2.5577, -1.25746, 3.77795, 9.03006, 3.80391, -2.37333, -3.71165, 0.451414, 5.98837, ... ]
X at t=0.61:
[ 5.31967, 7.61739, 0.253399, 4.85477, 0.552607, -4.31646, -0.471922, 1.19615, 1.46018, 1.78038, 9.28691, 1.38848, -0.842125, 3.52064, 2.65562, 2.80408, 7.05319, 3.06945, -1.24092, 5.84815, 3.81981, -2.49711, 1.58166, 7.94834, -4.09902, -1.16166, 0.0594692, -2.45264, -1.25749, 3.67448, 9.19781, 3.27612, -2.71872, -3.51375, 0.218628, 6.03761, ... ]
X at t=0.62:
[ 5.29909, 7.66887, 0.296432, 4.86647, 0.406965, -4.21922, -0.41894, 1.23829, 1.5533, 1.96312, 9.27017, 1.20429, -0.828268, 3.55315, 2.83951, 2.95213, 7.06837, 2.83107, -1.18443, 5.85927, 3.78491, -2.55507, 1.54163, 7.92375, -4.1773, -0.747219, 0.122021, -2.34893, -1.24977, 3.57187, 9.33936, 2.72496, -2.99097, -3.31678, -0.00681305, 6.06637, ... ]
X at t=0.63:
[ 5.28576, 7.71717, 0.340855, 4.87432, 0.265091, -4.11523, -0.373505, 1.28286, 1.6482, 2.15058, 9.24737, 1.00719, -0.803101, 3.58257, 3.02736, 3.10458, 7.07087, 2.58818, -1.12558, 5.86845, 3.74349, -2.61274, 1.49926, 7.90005, -4.21843, -0.335983, 0.190216, -2.24707, -1.2347, 3.47128, 9.45518, 2.15854, -3.18831, -3.12545, -0.220896, 6.07533, ... ]
X at t=0.64:
[ 5.27979, 7.76229, 0.385822, 4.87815, 0.127392, -4.00487, -0.335026, 1.32943, 1.74519, 2.34261, 9.21718, 0.798233, -0.76619, 3.60918, 3.21883, 3.26112, 7.05921, 2.34126, -1.06405, 5.87599, 3.69549, -2.66983, 1.45437, 7.87778, -4.2232, 0.0689602, 0.265284, -2.1476, -1.21267, 3.37383, 9.54617, 1.58524, -3.3105, -2.94371, -0.420626, 6.06545, ... ]
X at t=0.65:
[ 5.28124, 7.80421, 0.430485, 4.87783, -0.00568867, -3.88854, -0.302857, 1.37761, 1.84459, 2.53898, 9.17817, 0.578548, -0.717211, 3.63348, 3.41357, 3.42129, 7.03195, 2.09094, -0.999619, 5.88222, 3.64085, -2.72604, 1.40678, 7.85745, -4.19262, 0.464695, 0.347897, -2.05113, -1.1841, 3.28053, 9.61349, 1.01339, -3.35871, -2.77459, -0.603966, 6.0378, ... ]
X at t=0.66:
[ 5.29016, 7.84282, 0.473949, 4.87336, -0.133696, -3.76664, -0.276304, 1.42704, 1.9467, 2.73953, 9.1288, 0.349392, -0.655947, 3.6561, 3.61118, 3.58448, 6.98758, 1.83798, -0.932083, 5.88747, 3.57956, -2.78109, 1.35627, 7.83949, -4.12783, 0.84851, 0.43818, -1.95827, -1.14944, 3.19226, 9.65858, 0.451065, -3.33541, -2.62003, -0.769709, 5.99358, ... ]
X at t=0.67:
[ 5.30657, 7.87801, 0.515343, 4.8648, -0.256176, -3.63958, -0.25465, 1.4774, 2.05183, 2.94397, 9.06754, 0.112106, -0.582327, 3.67788, 3.81129, 3.74991, 6.92458, 1.58332, -0.861382, 5.89211, 3.51155, -2.83471, 1.30264, 7.82424, -4.03014, 1.21798, 0.535744, -1.86969, -1.10914, 3.10986, 9.68305, -0.0941658, -3.2441, -2.48083, -0.91733, 5.93402, ... ]
X at t=0.68:
[ 5.33049, 7.90961, 0.553757, 4.85229, -0.372671, -3.50776, -0.237143, 1.52842, 2.16027, 3.152, 8.9927, -0.131844, -0.496449, 3.69983, 4.0135, 3.9166, 6.84151, 1.32809, -0.787563, 5.89653, 3.43679, -2.88663, 1.24565, 7.81194, -3.90096, 1.57095, 0.639742, -1.78602, -1.06368, 3.034, 9.68861, -0.615379, -3.08921, -2.35673, -1.0468, 5.86042, ... ]
X at t=0.69:
[ 5.36191, 7.93734, 0.588337, 4.83613, -0.482723, -3.37163, -0.223019, 1.57988, 2.27231, 3.36328, 8.90262, -0.38092, -0.398582, 3.72315, 4.21745, 4.08332, 6.73695, 1.07355, -0.710804, 5.9011, 3.35528, -2.93657, 1.18507, 7.80277, -3.7418, 1.90556, 0.748926, -1.70786, -1.01357, 2.96526, 9.67705, -1.10646, -2.87588, -2.24647, -1.15836, 5.77415, ... ]
X at t=0.7:
[ 5.40081, 7.96093, 0.618259, 4.81663, -0.585892, -3.23164, -0.21151, 1.63159, 2.38821, 3.57736, 8.79559, -0.633484, -0.28923, 3.74919, 4.42278, 4.24861, 6.60962, 0.821186, -0.631428, 5.90619, 3.26702, -2.98427, 1.12067, 7.79681, -3.55421, 2.22025, 0.86171, -1.63574, -0.959293, 2.90406, 9.65013, -1.56215, -2.60981, -2.14801, -1.25243, 5.6766, ... ]
X at t=0.71:
[ 5.44712, 7.98001, 0.642727, 4.79427, -0.681741, -3.08824, -0.201856, 1.68343, 2.50826, 3.79372, 8.66994, -0.887863, -0.169155, 3.77945, 4.62915, 4.41073, 6.45838, 0.572609, -0.549919, 5.91221, 3.17204, -3.02947, 1.05223, 7.79403, -3.33979, 2.51375, 0.976238, -1.57006, -0.901379, 2.85075, 9.60959, -1.97812, -2.29717, -2.05871, -1.32945, 5.56925, ... ]
X at t=0.72:
[ 5.5008, 7.99417, 0.660992, 4.76959, -0.769872, -2.94191, -0.193307, 1.7353, 2.63265, 4.01173, 8.52396, -1.14231, -0.039402, 3.81549, 4.8363, 4.56769, 6.28234, 0.329609, -0.466923, 5.91948, 3.07042, -3.07191, 0.979517, 7.79434, -3.10013, 2.78508, 1.09046, -1.51108, -0.840305, 2.80556, 9.55708, -2.35101, -1.94443, -1.9756, -1.38988, 5.45371, ... ]
X at t=0.73:
[ 5.56177, 8.00288, 0.6724, 4.74324, -0.849911, -2.79314, -0.185154, 1.78716, 2.76161, 4.23066, 8.35604, -1.39506, 0.0987091, 3.85898, 5.04393, 4.71716, 6.08088, 0.0941048, -0.383259, 5.92833, 2.96227, -3.11129, 0.902351, 7.79751, -2.83685, 3.0335, 1.2022, -1.45891, -0.776573, 2.76865, 9.49418, -2.67837, -1.55825, -1.89553, -1.4341, 5.33164, ... ]
X at t=0.74:
[ 5.62991, 8.0056, 0.676361, 4.71593, -0.921521, -2.64243, -0.176698, 1.83899, 2.89531, 4.44962, 8.16463, -1.64435, 0.243515, 3.91156, 5.25182, 4.85657, 5.85373, -0.131882, -0.299866, 5.93901, 2.84778, -3.14734, 0.820557, 7.80322, -2.55156, 3.25847, 1.30927, -1.41345, -0.710648, 2.7401, 9.42235, -2.95869, -1.1454, -1.81546, -1.46253, 5.20484, ... ]
X at t=0.75:
[ 5.7051, 8.0017, 0.672392, 4.68844, -0.984408, -2.49028, -0.167296, 1.89083, 3.0339, 4.66759, 7.9483, -1.8884, 0.393013, 3.97485, 5.45972, 4.98302, 5.60102, -0.346245, -0.217827, 5.95173, 2.72718, -3.17976, 0.733986, 7.81106, -2.24587, 3.45963, 1.40947, -1.37445, -0.642967, 2.71984, 9.34296, -3.19132, -0.712582, -1.73259, -1.47558, 5.07518, ... ]
X at t=0.76:
[ 5.78718, 7.99049, 0.660103, 4.66161, -1.03831, -2.33719, -0.156357, 1.94272, 3.17749, 4.88339, 7.70577, -2.12551, 0.544907, 4.05029, 5.66745, 5.0934, 5.32339, -0.546852, -0.138313, 5.96661, 2.60078, -3.20822, 0.64255, 7.82052, -1.92136, 3.63675, 1.5007, -1.34143, -0.573952, 2.70785, 9.25726, -3.37641, -0.266388, -1.64452, -1.47377, 4.94458, ... ]
X at t=0.77:
[ 5.87598, 7.97122, 0.639231, 4.6363, -1.08302, -2.18365, -0.143339, 1.99476, 3.32616, 5.09566, 7.43594, -2.35395, 0.696594, 4.13914, 5.87476, 5.18431, 5.022, -0.731627, -0.0624943, 5.98368, 2.46896, -3.23241, 0.546219, 7.83096, -1.57964, 3.78971, 1.58102, -1.31376, -0.504009, 2.70398, 9.16639, -3.51485, 0.186878, -1.54927, -1.45774, 4.81498, ... ]
X at t=0.78:
[ 5.97127, 7.94305, 0.60965, 4.61341, -1.11835, -2.03014, -0.127754, 2.04707, 3.47997, 5.30288, 7.13794, -2.5721, 0.845196, 4.2424, 6.08137, 5.25223, 4.69864, -0.898569, 0.00849342, 6.0029, 2.33221, -3.25194, 0.445009, 7.8417, -1.22231, 3.91839, 1.64869, -1.29063, -0.433517, 2.70805, 9.07143, -3.60817, 0.641245, -1.44545, -1.42833, 4.68828, ... ]
X at t=0.79:
[ 6.07278, 7.90511, 0.571342, 4.59383, -1.14418, -1.87714, -0.109177, 2.09978, 3.63889, 5.5033, 6.81116, -2.77834, 0.987579, 4.3607, 6.28694, 5.29352, 4.35573, -1.04585, 0.0735722, 6.02411, 2.19108, -3.26648, 0.339033, 7.85191, -0.851, 4.02271, 1.70224, -1.27111, -0.362812, 2.7199, 8.97332, -3.65844, 1.09125, -1.33221, -1.38655, 4.56628, ... ]
X at t=0.8:
[ 6.18019, 7.85645, 0.524464, 4.5784, -1.1604, -1.72512, -0.0872507, 2.15308, 3.80288, 5.69502, 6.45536, -2.97116, 1.12049, 4.49422, 6.49102, 5.30451, 3.99634, -1.1719, 0.131857, 6.04708, 2.0462, -3.2756, 0.228485, 7.86072, -0.467377, 4.10257, 1.7405, -1.25414, -0.292252, 2.73926, 8.87297, -3.66821, 1.53192, -1.20921, -1.33362, 4.45061, ... ]
X at t=0.81:
[ 6.29317, 7.7961, 0.46929, 4.56793, -1.16694, -1.57451, -0.0616703, 2.20714, 3.97179, 5.87588, 6.07059, -3.14904, 1.24059, 4.64267, 6.69301, 5.28162, 3.6242, -1.27549, 0.182684, 6.07154, 1.89831, -3.27894, 0.113661, 7.8672, -0.0731754, 4.15782, 1.76265, -1.23862, -0.222137, 2.76585, 8.77118, -3.64037, 1.95894, -1.07663, -1.27095, 4.34271, ... ]
X at t=0.82:
[ 6.41127, 7.72303, 0.40624, 4.56313, -1.16377, -1.42572, -0.0322027, 2.26217, 4.14547, 6.0436, 5.65736, -3.31048, 1.34452, 4.80517, 6.89212, 5.22146, 3.24369, -1.35578, 0.225697, 6.09712, 1.74816, -3.27608, -0.00505829, 7.87032, 0.329796, 4.18829, 1.76823, -1.22339, -0.152763, 2.79939, 8.66869, -3.57804, 2.36861, -0.935112, -1.20007, 4.2438, ... ]
X at t=0.83:
[ 6.534, 7.63619, 0.335917, 4.56463, -1.15086, -1.27916, 0.00133514, 2.31839, 4.32368, 6.19565, 5.21663, -3.45403, 1.42909, 4.98032, 7.0874, 5.121, 2.85974, -1.41243, 0.260845, 6.12347, 1.59661, -3.26663, -0.127186, 7.86907, 0.739634, 4.19373, 1.75722, -1.20729, -0.0844078, 2.83953, 8.56624, -3.48461, 2.75792, -0.785664, -1.12257, 4.1548, ... ]
X at t=0.84:
[ 6.66079, 7.53452, 0.259022, 4.57294, -1.1282, -1.13522, 0.0390482, 2.37603, 4.50609, 6.3294, 4.74984, -3.57822, 1.49133, 5.16608, 7.27769, 4.9777, 2.47781, -1.44566, 0.288448, 6.15023, 1.44451, -3.25021, -0.252092, 7.86239, 1.15434, 4.17392, 1.72999, -1.18924, -0.0172958, 2.88598, 8.46447, -3.36349, 3.12454, -0.629587, -1.04011, 4.07637, ... ]
X at t=0.85:
[ 6.79099, 7.41694, 0.176416, 4.58838, -1.09582, -0.99427, 0.0810013, 2.43536, 4.69234, 6.44205, 4.25902, -3.68158, 1.5287, 5.35983, 7.46157, 4.78965, 2.10372, -1.45625, 0.309172, 6.17703, 1.29275, -3.22647, -0.379076, 7.84927, 1.57178, 4.12861, 1.68732, -1.16821, 0.048378, 2.93835, 8.36401, -3.2181, 3.46674, -0.468422, -0.954285, 4.0089, ... ]
X at t=0.86:
[ 6.92381, 7.28242, 0.0891056, 4.61116, -1.05373, -0.856667, 0.127201, 2.49663, 4.88192, 6.53073, 3.74671, -3.76262, 1.53913, 5.55844, 7.63744, 4.55577, 1.74351, -1.44559, 0.323996, 6.20358, 1.14215, -3.19509, -0.507307, 7.82871, 1.98976, 4.0576, 1.63048, -1.1433, 0.112465, 2.9963, 8.26542, -3.05186, 3.78341, -0.303833, -0.866592, 3.95255, ... ]
X at t=0.87:
[ 7.05843, 7.12992, -0.00181198, 4.64127, -1.00198, -0.722755, 0.177605, 2.56012, 5.07425, 6.5925, 3.21613, -3.81989, 1.52123, 5.75833, 7.80354, 4.27593, 1.40327, -1.41562, 0.334185, 6.22965, 0.993549, -3.15578, -0.635891, 7.7998, 2.40594, 3.96079, 1.56108, -1.11377, 0.174877, 3.05947, 8.16923, -2.86802, 4.07401, -0.137566, -0.778412, 3.9072, ... ]
X at t=0.88:
[ 7.19383, 6.9585, -0.0951214, 4.67853, -0.940637, -0.592875, 0.23212, 2.62611, 5.26865, 6.62447, 2.67106, -3.85197, 1.47441, 5.95558, 7.95797, 3.95106, 1.08898, -1.36878, 0.34116, 6.25505, 0.8477, -3.10833, -0.763834, 7.76174, 2.81789, 3.83824, 1.48118, -1.07907, 0.235584, 3.12747, 8.07598, -2.66974, 4.33846, 0.028614, -0.690929, 3.87258, ... ]
X at t=0.89:
[ 7.32891, 6.76728, -0.18951, 4.72256, -0.869783, -0.467356, 0.290617, 2.69491, 5.46433, 6.62382, 2.11588, -3.85757, 1.39894, 6.1461, 8.09873, 3.58325, 0.806286, -1.30784, 0.346447, 6.27965, 0.705284, -3.05256, -0.890083, 7.71383, 3.22316, 3.69019, 1.39316, -1.03882, 0.294655, 3.19994, 7.98612, -2.45997, 4.57711, 0.193012, -0.60516, 3.84824, ... ]
X at t=0.9:
[ 7.46239, 6.55551, -0.283611, 4.77279, -0.789536, -0.346538, 0.352923, 2.76679, 5.66039, 6.58787, 1.55555, -3.83561, 1.29606, 6.32584, 8.22386, 3.17579, 0.560339, -1.23582, 0.351561, 6.30338, 0.566887, -2.98838, -1.01354, 7.65559, 3.61924, 3.5172, 1.29971, -0.99288, 0.352211, 3.27653, 7.90009, -2.24145, 4.79061, 0.354038, -0.521877, 3.83364, ... ]
X at t=0.91:
[ 7.59288, 6.32254, -0.37598, 4.82848, -0.700068, -0.230738, 0.418837, 2.84207, 5.85579, 6.51418, 0.99551, -3.78531, 1.16797, 6.49095, 8.33147, 2.73312, 0.355593, -1.15576, 0.35792, 6.32625, 0.433037, -2.91573, -1.13311, 7.58669, 4.00367, 3.32011, 1.20374, -0.941278, 0.408455, 3.35693, 7.81828, -2.0167, 4.97991, 0.510237, -0.441664, 3.82813, ... ]
X at t=0.92:
[ 7.71882, 6.06792, -0.465137, 4.88869, -0.601598, -0.120284, 0.48812, 2.92103, 6.04934, 6.40068, 0.441593, -3.70633, 1.01787, 6.63801, 8.41988, 2.26081, 0.195688, -1.07048, 0.366777, 6.34823, 0.304157, -2.83467, -1.24768, 7.50705, 4.3741, 3.10015, 1.10832, -0.884251, 0.463627, 3.44084, 7.74102, -1.78806, 5.14617, 0.660313, -0.364895, 3.83104, ... ]
X at t=0.93:
[ 7.83848, 5.7914, -0.549625, 4.95237, -0.494431, -0.0154877, 0.560509, 3.00397, 6.23976, 6.2457, -0.100101, -3.59892, 0.849781, 6.76425, 8.48764, 1.76533, 0.083292, -0.982485, 0.379168, 6.36936, 0.180586, -2.74529, -1.35616, 7.41675, 4.72826, 2.85894, 1.01658, -0.822186, 0.518047, 3.528, 7.66861, -1.55758, 5.29064, 0.803175, -0.291769, 3.84168, ... ]
X at t=0.94:
[ 7.94997, 5.49292, -0.62793, 5.01833, -0.378949, 0.0833597, 0.635726, 3.09117, 6.4256, 6.04809, -0.623318, -3.46399, 0.66848, 6.86762, 8.53367, 1.2539, 0.0200367, -0.893671, 0.395899, 6.38966, 0.0626163, -2.64774, -1.45753, 7.31615, 5.06413, 2.59848, 0.931638, -0.755586, 0.572102, 3.61818, 7.60126, -1.32715, 5.41468, 0.937923, -0.222324, 3.85936, ... ]
X at t=0.95:
[ 8.05121, 5.17273, -0.698635, 5.08532, -0.25564, 0.175978, 0.713476, 3.18287, 6.60531, 5.8073, -1.12186, -3.30329, 0.479267, 6.94708, 8.55719, 0.734173, 0.00647926, -0.805223, 0.417559, 6.40914, -0.0495529, -2.54224, -1.55082, 7.20585, 5.37991, 2.3212, 0.856459, -0.685026, 0.626148, 3.71118, 7.53919, -1.09844, 5.51968, 1.06387, -0.156458, 3.88342, ... ]
X at t=0.96:
[ 8.13999, 4.83137, -0.760336, 5.15205, -0.125104, 0.26212, 0.793456, 3.27933, 6.77717, 5.52343, -1.5898, -3.1194, 0.287678, 7.00248, 8.55788, 0.214001, 0.0420761, -0.717598, 0.444542, 6.42779, -0.155739, -2.4291, -1.63514, 7.08662, 5.6741, 2.02986, 0.793818, -0.611109, 0.680592, 3.80688, 7.48252, -0.872944, 5.607, 1.1805, -0.0939312, 3.91328, ... ]
X at t=0.97:
[ 8.21392, 4.46967, -0.811729, 5.21725, 0.0119524, 0.341586, 0.875352, 3.38074, 6.93937, 5.19726, -2.02157, -2.91572, 0.0992622, 7.03463, 8.53579, -0.298893, 0.125229, -0.630417, 0.477097, 6.44557, -0.255817, -2.30867, -1.70972, 6.95948, 5.94555, 1.72756, 0.746183, -0.534399, 0.735836, 3.90517, 7.43129, -0.652004, 5.678, 1.28754, -0.0344467, 3.94836, ... ]
X at t=0.98:
[ 8.27048, 4.08887, -0.851624, 5.27969, 0.154699, 0.414217, 0.95886, 3.48727, 7.08995, 4.83036, -2.41221, -2.69649, -0.0807648, 7.04521, 8.49133, -0.797211, 0.253332, -0.542555, 0.515364, 6.46243, -0.349703, -2.18134, -1.77389, 6.82559, 6.19342, 1.41763, 0.715633, -0.455357, 0.79224, 4.00598, 7.38549, -0.436787, 5.73397, 1.38486, 0.0223656, 3.98816, ... ]

Final state:
X at t=0.99:
[ 8.30702, 3.69056, -0.878971, 5.33831, 0.302188, 0.47992, 1.04368, 3.59904, 7.22691, 4.42501, -2.75748, -2.46658, -0.247742, 7.03656, 8.42529, -1.27429, 0.422886, -0.452229, 0.559437, 6.47827, -0.437346, -2.04759, -1.82711, 6.68631, 6.41727, 1.10356, 0.703835, -0.374321, 0.850143, 4.10928, 7.34508, -0.228363, 5.77614, 1.47253, 0.0769081, 4.03227, ... ]
