
Lmod is automatically replacing "craype-x86-rome" with "craype-x86-trento".

Lorenz96(k=40000000, F=8, dt=0.01, t_max=1)
 - warming up the simulation for 10
 - running ensemble of size 1 with initial perturbation N(0.0, 0.001)
 - compressing every 1-th model state online on the GPU with BitRound(bitround_bits=12)
 - saving config file to 'output/config_5030317.json'
 - saving performance file to 'performance/perf_5030317'

Initial state:
X at t=0:
[ 6, 0.439758, 2.06445, 1.09766, 2.50977, 6.80664, 3.71045, -8.36719, 1.1814, 2.19092, 7.69531, 5.08789, 2.71973, 0.113068, -4.34863, 0.998169, 3.6748, 8.18164, 3.69727, 2.31934, 2.94043, -5.83301, -0.205017, -0.213959, 1.9978, 8.31055, 8.88477, -2.18066, -0.437561, -4.53516, -0.990479, 2.96143, 6.77246, 3.17139, 4.61133, 6.01367, ... ]

X at t=0.01:
[ 6.1123, 0.501709, 2.10059, 1.20972, 2.61865, 6.87402, 3.00781, -8.39062, 1.33594, 2.45166, 7.78711, 5.13379, 2.37939, -0.0470963, -4.22559, 0.908813, 3.83643, 8.2793, 3.61621, 2.18018, 2.77881, -5.76074, 0.0517731, -0.138031, 2.04248, 8.48438, 8.49609, -2.82617, -0.0250435, -4.41309, -1.04199, 2.89648, 6.9082, 3.33398, 4.61523, 5.83594, ... ]
X at t=0.02:
[ 6.20312, 0.584229, 2.13281, 1.32202, 2.73242, 6.92188, 2.29785, -8.37305, 1.40747, 2.729, 7.88574, 5.13184, 2.02881, -0.171082, -4.10156, 0.812622, 3.98486, 8.38086, 3.51025, 2.03809, 2.63574, -5.67578, 0.290039, -0.0436783, 2.09375, 8.65039, 8.04688, -3.40674, 0.446838, -4.28418, -1.06689, 2.82812, 7.0459, 3.50146, 4.60645, 5.64258, ... ]
X at t=0.03:
[ 6.27734, 0.685669, 2.16016, 1.43433, 2.8501, 6.94727, 1.58569, -8.31641, 1.39575, 3.00928, 7.99219, 5.0791, 1.67334, -0.258301, -3.97852, 0.712402, 4.11914, 8.48438, 3.37939, 1.89624, 2.51123, -5.5791, 0.510132, 0.067337, 2.15332, 8.80664, 7.54297, -3.91602, 0.960205, -4.14355, -1.06445, 2.75879, 7.18457, 3.67383, 4.58301, 5.43555, ... ]
X at t=0.04:
[ 6.33691, 0.803223, 2.18262, 1.54639, 2.97217, 6.94922, 0.875977, -8.2207, 1.30371, 3.27881, 8.10547, 4.97559, 1.31885, -0.309326, -3.85693, 0.610718, 4.23926, 8.58789, 3.2251, 1.75708, 2.40527, -5.47363, 0.712646, 0.193298, 2.22168, 8.95312, 6.98828, -4.35059, 1.49683, -3.98438, -1.03491, 2.69238, 7.32227, 3.84961, 4.54395, 5.2168, ... ]
X at t=0.05:
[ 6.38672, 0.933716, 2.19922, 1.65771, 3.09766, 6.92676, 0.17392, -8.08789, 1.13647, 3.5249, 8.22852, 4.82129, 0.971313, -0.325745, -3.73682, 0.509888, 4.3457, 8.69141, 3.04834, 1.62305, 2.31689, -5.35938, 0.898193, 0.332581, 2.30029, 9.08789, 6.3877, -4.70996, 2.03906, -3.80273, -0.979614, 2.63184, 7.45996, 4.02734, 4.48828, 4.98926, ... ]
X at t=0.06:
[ 6.42871, 1.07324, 2.20996, 1.76807, 3.22607, 6.87793, -0.515381, -7.91699, 0.901611, 3.73535, 8.35938, 4.61914, 0.636353, -0.310059, -3.61865, 0.411926, 4.43848, 8.79297, 2.85059, 1.49658, 2.24512, -5.23926, 1.06738, 0.483704, 2.38965, 9.20898, 5.74707, -4.99609, 2.57031, -3.59473, -0.901245, 2.57959, 7.5957, 4.20508, 4.41406, 4.75391, ... ]
X at t=0.07:
[ 6.46582, 1.21851, 2.21484, 1.8772, 3.35742, 6.80078, -1.18677, -7.70605, 0.608765, 3.90039, 8.49609, 4.37207, 0.319336, -0.265625, -3.50244, 0.31842, 4.51855, 8.89062, 2.63379, 1.38037, 2.18896, -5.11328, 1.22144, 0.645264, 2.49072, 9.31445, 5.07324, -5.21289, 3.07617, -3.35938, -0.803467, 2.53857, 7.73047, 4.38086, 4.31934, 4.51465, ... ]
X at t=0.08:
[ 6.5, 1.36597, 2.21387, 1.98486, 3.49072, 6.69434, -1.83472, -7.4541, 0.269348, 4.01172, 8.63867, 4.08398, 0.0252342, -0.196442, -3.38818, 0.230743, 4.58691, 8.98242, 2.3999, 1.27661, 2.14648, -4.9834, 1.36084, 0.81604, 2.604, 9.40234, 4.37109, -5.36523, 3.54395, -3.09619, -0.690552, 2.51074, 7.86328, 4.55176, 4.2041, 4.27344, ... ]
X at t=0.09:
[ 6.53223, 1.51245, 2.20703, 2.09131, 3.625, 6.55859, -2.45361, -7.16016, -0.103882, 4.06445, 8.78516, 3.7627, -0.241699, -0.106964, -3.2749, 0.149933, 4.64355, 9.06836, 2.15137, 1.18726, 2.11621, -4.84961, 1.48682, 0.994995, 2.72949, 9.46875, 3.64795, -5.45898, 3.96338, -2.80664, -0.567261, 2.49707, 7.99512, 4.71484, 4.06738, 4.03418, ... ]
X at t=0.1:
[ 6.56445, 1.65552, 2.19482, 2.1958, 3.75928, 6.39258, -3.03809, -6.82324, -0.497437, 4.05566, 8.93359, 3.41406, -0.478149, -0.00180984, -3.1626, 0.0767517, 4.69043, 9.14453, 1.89062, 1.11401, 2.09668, -4.71289, 1.59985, 1.18115, 2.86768, 9.51367, 2.90869, -5.49902, 4.32617, -2.49316, -0.438416, 2.49805, 8.125, 4.86719, 3.90869, 3.7998, ... ]
X at t=0.11:
[ 6.59668, 1.79321, 2.17773, 2.29883, 3.89307, 6.19629, -3.5835, -6.44434, -0.897461, 3.98633, 9.08008, 3.04639, -0.681519, 0.114487, -3.05078, 0.011694, 4.72852, 9.21289, 1.62012, 1.05859, 2.08594, -4.57422, 1.70093, 1.37354, 3.01855, 9.53516, 2.15869, -5.49121, 4.62793, -2.15967, -0.308655, 2.51367, 8.25586, 5.00488, 3.72803, 3.57373, ... ]
X at t=0.12:
[ 6.63086, 1.92432, 2.15674, 2.40039, 4.02539, 5.96973, -4.08496, -6.02539, -1.29077, 3.8584, 9.22266, 2.66797, -0.850342, 0.23764, -2.93945, -0.0449753, 4.75879, 9.27148, 1.34277, 1.02197, 2.08252, -4.43359, 1.79102, 1.57153, 3.18213, 9.52734, 1.40381, -5.44141, 4.86621, -1.81128, -0.182037, 2.54297, 8.38672, 5.125, 3.52539, 3.35889, ... ]
X at t=0.13:
[ 6.66699, 2.04834, 2.13184, 2.50098, 4.1543, 5.71387, -4.53906, -5.57031, -1.66504, 3.67725, 9.35742, 2.28711, -0.983765, 0.363892, -2.82764, -0.0932007, 4.78223, 9.31836, 1.06104, 1.00513, 2.08496, -4.29199, 1.87061, 1.77441, 3.35742, 9.49023, 0.648804, -5.35352, 5.04004, -1.45312, -0.0617447, 2.58496, 8.51758, 5.22461, 3.30225, 3.15869, ... ]
X at t=0.14:
[ 6.70703, 2.16553, 2.10303, 2.6001, 4.2793, 5.42969, -4.94336, -5.08496, -2.00928, 3.4502, 9.48242, 1.91235, -1.08203, 0.48999, -2.71582, -0.133026, 4.7998, 9.35352, 0.778198, 1.0083, 2.09229, -4.15039, 1.94043, 1.98169, 3.54443, 9.41992, -0.101105, -5.23242, 5.15039, -1.09033, 0.0499573, 2.63818, 8.64844, 5.30078, 3.05957, 2.97559, ... ]
X at t=0.15:
[ 6.75, 2.27637, 2.07129, 2.69775, 4.39941, 5.11914, -5.2959, -4.5752, -2.31543, 3.18555, 9.5957, 1.55151, -1.14624, 0.613403, -2.60352, -0.164703, 4.81348, 9.37695, 0.496948, 1.03174, 2.10303, -4.00879, 2.00098, 2.19287, 3.74219, 9.3125, -0.841064, -5.08105, 5.20117, -0.728638, 0.151764, 2.70117, 8.7793, 5.34961, 2.7998, 2.8125, ... ]
X at t=0.16:
[ 6.79688, 2.38184, 2.03662, 2.79395, 4.51367, 4.78418, -5.5957, -4.04785, -2.57715, 2.89307, 9.69531, 1.21191, -1.17822, 0.7323, -2.49121, -0.188538, 4.82324, 9.38867, 0.219849, 1.07495, 2.1167, -3.86865, 2.05322, 2.40723, 3.94922, 9.16406, -1.56592, -4.90234, 5.19629, -0.372925, 0.243347, 2.77197, 8.91211, 5.36914, 2.52539, 2.67139, ... ]
X at t=0.17:
[ 6.84766, 2.4834, 1.99951, 2.88818, 4.62109, 4.42676, -5.84277, -3.51221, -2.79004, 2.58203, 9.7793, 0.899536, -1.18066, 0.845581, -2.37891, -0.204895, 4.83105, 9.38672, -0.0505447, 1.1377, 2.13232, -3.72998, 2.09717, 2.625, 4.16406, 8.97266, -2.27002, -4.69922, 5.1416, -0.0277252, 0.325195, 2.84961, 9.04492, 5.35645, 2.23975, 2.55371, ... ]
X at t=0.18:
[ 6.90137, 2.58252, 1.95972, 2.98096, 4.71973, 4.04883, -6.03809, -2.97656, -2.95264, 2.26221, 9.84766, 0.619263, -1.15625, 0.952637, -2.2666, -0.214203, 4.83789, 9.37305, -0.311829, 1.21899, 2.1499, -3.59277, 2.13379, 2.84521, 4.38477, 8.73438, -2.94873, -4.47461, 5.04395, 0.303223, 0.398499, 2.93311, 9.17578, 5.30957, 1.94604, 2.45996, ... ]
X at t=0.19:
[ 6.95703, 2.68066, 1.91748, 3.07178, 4.80957, 3.6543, -6.18457, -2.44922, -3.06543, 1.94189, 9.90234, 0.374695, -1.10864, 1.05322, -2.15527, -0.216888, 4.84375, 9.34766, -0.562012, 1.31763, 2.16895, -3.45801, 2.16406, 3.06787, 4.60938, 8.44727, -3.59668, -4.23242, 4.91113, 0.616943, 0.464966, 3.021, 9.30664, 5.22754, 1.64844, 2.39111, ... ]
X at t=0.2:
[ 7.01367, 2.7793, 1.8728, 3.16064, 4.88867, 3.24561, -6.28516, -1.93848, -3.13037, 1.62817, 9.94141, 0.168091, -1.0415, 1.14771, -2.04443, -0.213379, 4.85059, 9.31055, -0.799194, 1.43262, 2.18994, -3.32617, 2.18799, 3.29248, 4.83594, 8.10938, -4.20801, -3.97656, 4.75098, 0.911621, 0.526489, 3.11279, 9.43555, 5.1084, 1.35107, 2.34668, ... ]
X at t=0.21:
[ 7.07031, 2.87939, 1.82568, 3.24707, 4.95703, 2.82617, -6.34277, -1.45093, -3.15088, 1.32715, 9.96875, 0.000605106, -0.958496, 1.23633, -1.93506, -0.204132, 4.8584, 9.26172, -1.02197, 1.56226, 2.2124, -3.19775, 2.20654, 3.51855, 5.06055, 7.71875, -4.7793, -3.71143, 4.57031, 1.18628, 0.585205, 3.20801, 9.56055, 4.95215, 1.05835, 2.3252, ... ]
X at t=0.22:
[ 7.125, 2.98242, 1.77588, 3.33105, 5.01367, 2.39893, -6.36133, -0.992798, -3.13135, 1.04321, 9.98438, -0.127808, -0.863525, 1.32007, -1.8269, -0.189575, 4.86719, 9.20312, -1.22876, 1.70483, 2.2373, -3.07324, 2.22021, 3.74609, 5.28027, 7.27441, -5.30469, -3.44287, 4.37793, 1.44067, 0.643066, 3.30615, 9.68164, 4.75781, 0.774536, 2.3252, ... ]
X at t=0.23:
[ 7.17676, 3.08984, 1.72363, 3.41211, 5.05762, 1.96704, -6.34473, -0.568726, -3.07666, 0.779541, 9.99023, -0.218048, -0.760132, 1.39941, -1.72046, -0.170074, 4.87793, 9.13477, -1.41895, 1.85864, 2.26465, -2.95264, 2.22949, 3.97412, 5.49121, 6.77637, -5.78027, -3.17725, 4.17969, 1.67529, 0.701904, 3.40723, 9.79688, 4.52637, 0.504028, 2.34424, ... ]
X at t=0.24:
[ 7.22461, 3.20166, 1.6687, 3.49023, 5.08789, 1.53345, -6.29688, -0.182251, -2.99219, 0.538208, 9.98828, -0.271729, -0.651855, 1.47485, -1.61572, -0.145996, 4.8916, 9.05664, -1.5918, 2.02148, 2.29492, -2.83691, 2.23438, 4.20215, 5.68945, 6.22656, -6.20215, -2.92139, 3.98145, 1.8916, 0.763428, 3.51123, 9.9043, 4.25781, 0.250977, 2.37988, ... ]
X at t=0.25:
[ 7.2666, 3.31885, 1.61108, 3.56494, 5.10547, 1.10107, -6.2207, 0.164337, -2.88281, 0.32019, 9.97852, -0.291138, -0.541748, 1.54736, -1.51294, -0.117676, 4.9082, 8.9707, -1.74683, 2.19238, 2.32812, -2.72607, 2.23584, 4.42969, 5.87012, 5.62793, -6.56641, -2.68262, 3.7876, 2.09131, 0.829102, 3.61865, 10.002, 3.95508, 0.0193634, 2.42871, ... ]
X at t=0.26:
[ 7.30176, 3.44141, 1.55054, 3.63623, 5.1084, 0.672852, -6.12109, 0.469971, -2.75391, 0.125763, 9.96289, -0.27887, -0.432739, 1.61719, -1.41211, -0.085434, 4.92773, 8.87695, -1.88403, 2.36865, 2.36475, -2.62012, 2.23438, 4.65625, 6.0293, 4.9834, -6.87109, -2.46826, 3.60107, 2.27637, 0.900024, 3.72949, 10.0879, 3.61914, -0.187347, 2.48779, ... ]
X at t=0.27:
[ 7.3291, 3.56982, 1.4873, 3.70361, 5.09766, 0.251343, -6.00098, 0.734619, -2.60986, -0.0454712, 9.94336, -0.237854, -0.327271, 1.68481, -1.31323, -0.0495605, 4.95117, 8.77539, -2.00342, 2.54932, 2.40527, -2.51953, 2.23047, 4.88184, 6.16309, 4.29883, -7.11426, -2.28516, 3.42334, 2.44873, 0.977173, 3.84424, 10.1602, 3.25293, -0.366028, 2.55371, ... ]
X at t=0.28:
[ 7.34766, 3.70361, 1.42163, 3.76709, 5.07324, -0.16098, -5.86328, 0.959106, -2.45508, -0.194366, 9.91992, -0.171173, -0.227509, 1.75049, -1.21631, -0.0103188, 4.97754, 8.66602, -2.10547, 2.73193, 2.44971, -2.4248, 2.22461, 5.10547, 6.26562, 3.58057, -7.29395, -2.13916, 3.25439, 2.61084, 1.06128, 3.96289, 10.2168, 2.85938, -0.514038, 2.62305, ... ]
X at t=0.29:
[ 7.35742, 3.84277, 1.35352, 3.82666, 5.03613, -0.56189, -5.71094, 1.14502, -2.29297, -0.32196, 9.89453, -0.0820465, -0.135254, 1.81445, -1.12109, 0.0320511, 5.00781, 8.55078, -2.19043, 2.91553, 2.49805, -2.33545, 2.2168, 5.3252, 6.33398, 2.83594, -7.40918, -2.03564, 3.09326, 2.76514, 1.15308, 4.08594, 10.2559, 2.44189, -0.629272, 2.69287, ... ]
X at t=0.3:
[ 7.3584, 3.98682, 1.28296, 3.88232, 4.98535, -0.949585, -5.5459, 1.29443, -2.12646, -0.429565, 9.86719, 0.0263596, -0.0519562, 1.87695, -1.02759, 0.0773468, 5.04199, 8.42969, -2.25928, 3.09814, 2.55078, -2.25244, 2.20752, 5.54199, 6.36328, 2.07324, -7.45996, -1.97705, 2.93701, 2.91309, 1.25317, 4.21289, 10.2754, 2.00439, -0.710205, 2.76123, ... ]
X at t=0.31:
[ 7.34961, 4.13477, 1.21045, 3.93408, 4.92188, -1.32227, -5.37012, 1.41016, -1.9585, -0.518311, 9.83789, 0.150879, 0.0212517, 1.93799, -0.935547, 0.125366, 5.08008, 8.30469, -2.31299, 3.27832, 2.60693, -2.17529, 2.19727, 5.75391, 6.34961, 1.30249, -7.44531, -1.9646, 2.78271, 3.05664, 1.3623, 4.34473, 10.2715, 1.55127, -0.755859, 2.82568, ... ]
X at t=0.32:
[ 7.33105, 4.28613, 1.13623, 3.98242, 4.84668, -1.67847, -5.18555, 1.49536, -1.79102, -0.5896, 9.80664, 0.288452, 0.0835419, 1.99756, -0.844727, 0.175964, 5.12207, 8.17383, -2.35254, 3.45508, 2.66699, -2.10449, 2.18604, 5.95996, 6.29102, 0.534058, -7.36719, -1.99707, 2.62695, 3.19727, 1.48145, 4.48145, 10.2441, 1.08691, -0.765869, 2.88525, ... ]
X at t=0.33:
[ 7.30371, 4.44043, 1.06055, 4.02637, 4.75977, -2.0166, -4.99316, 1.55298, -1.62549, -0.644531, 9.77539, 0.436096, 0.134369, 2.05566, -0.754761, 0.229004, 5.16797, 8.03906, -2.37842, 3.62744, 2.72998, -2.04004, 2.17432, 6.16016, 6.18555, -0.221649, -7.22656, -2.07129, 2.4668, 3.33545, 1.61133, 4.62305, 10.1895, 0.615845, -0.740479, 2.93945, ... ]
X at t=0.34:
[ 7.26758, 4.59668, 0.983887, 4.06738, 4.66309, -2.33594, -4.79492, 1.58618, -1.46338, -0.684326, 9.74219, 0.590942, 0.173431, 2.11279, -0.665527, 0.284363, 5.21777, 7.90137, -2.39258, 3.79443, 2.7959, -1.98242, 2.16211, 6.35352, 6.03125, -0.954102, -7.02637, -2.18164, 2.29883, 3.47168, 1.75317, 4.76855, 10.1055, 0.142975, -0.680542, 2.98828, ... ]
X at t=0.35:
[ 7.22266, 4.75391, 0.906738, 4.10547, 4.55664, -2.63574, -4.59277, 1.59839, -1.30566, -0.709839, 9.70898, 0.750366, 0.200684, 2.16895, -0.576538, 0.341919, 5.27148, 7.76074, -2.39551, 3.95508, 2.86426, -1.9314, 2.14941, 6.53906, 5.82812, -1.65308, -6.76953, -2.32178, 2.12158, 3.60596, 1.90796, 4.91895, 9.99023, -0.326904, -0.587646, 3.03271, ... ]
X at t=0.36:
[ 7.16895, 4.91113, 0.829468, 4.14062, 4.44043, -2.91553, -4.38672, 1.59277, -1.15308, -0.722168, 9.67578, 0.911743, 0.216278, 2.22412, -0.48761, 0.401672, 5.32812, 7.61719, -2.38867, 4.1084, 2.93457, -1.88696, 2.13672, 6.71582, 5.57715, -2.30908, -6.46191, -2.48291, 1.93408, 3.73828, 2.07666, 5.07324, 9.8418, -0.789185, -0.46405, 3.07422, ... ]
X at t=0.37:
[ 7.1084, 5.06738, 0.752686, 4.17383, 4.31641, -3.17432, -4.17871, 1.57251, -1.00586, -0.722046, 9.64258, 1.07275, 0.220551, 2.27832, -0.398376, 0.463562, 5.38867, 7.4707, -2.37354, 4.25488, 3.00635, -1.84912, 2.12354, 6.88281, 5.2793, -2.91357, -6.10938, -2.65674, 1.73633, 3.8667, 2.26074, 5.23047, 9.66016, -1.2395, -0.312561, 3.11475, ... ]
X at t=0.38:
[ 7.04102, 5.22168, 0.677002, 4.20508, 4.18555, -3.4126, -3.96875, 1.54077, -0.864136, -0.710205, 9.61133, 1.2312, 0.213989, 2.33154, -0.308411, 0.527588, 5.45215, 7.32129, -2.35059, 4.39355, 3.07861, -1.81787, 2.11035, 7.04004, 4.9375, -3.45996, -5.71875, -2.83447, 1.52954, 3.99072, 2.46143, 5.38965, 9.44141, -1.67383, -0.13678, 3.15723, ... ]
X at t=0.39:
[ 6.96777, 5.37402, 0.603027, 4.23438, 4.04785, -3.62988, -3.7583, 1.5, -0.728027, -0.687378, 9.58008, 1.38501, 0.197205, 2.38428, -0.217407, 0.59375, 5.51855, 7.16895, -2.32129, 4.52539, 3.15088, -1.79321, 2.09668, 7.18652, 4.55566, -3.94238, -5.29883, -3.00781, 1.31592, 4.10742, 2.6792, 5.5498, 9.18359, -2.08789, 0.0590515, 3.2041, ... ]
X at t=0.4:
[ 6.88867, 5.52344, 0.53125, 4.2627, 3.90527, -3.82666, -3.54834, 1.45312, -0.59729, -0.654175, 9.54883, 1.53223, 0.170959, 2.43701, -0.125, 0.661987, 5.58789, 7.01465, -2.28662, 4.64941, 3.22266, -1.7749, 2.08301, 7.32129, 4.13867, -4.35742, -4.8584, -3.16895, 1.09814, 4.21582, 2.91504, 5.70898, 8.88672, -2.479, 0.27002, 3.25781, ... ]
X at t=0.41:
[ 6.80566, 5.66895, 0.462402, 4.29102, 3.75781, -4.00293, -3.33936, 1.40234, -0.471802, -0.611084, 9.51953, 1.67114, 0.136108, 2.48975, -0.030838, 0.732544, 5.66016, 6.8584, -2.24707, 4.76562, 3.29346, -1.76294, 2.06885, 7.44531, 3.69092, -4.70215, -4.40723, -3.31201, 0.879639, 4.31445, 3.16895, 5.86621, 8.54883, -2.84375, 0.490784, 3.32178, ... ]
X at t=0.42:
[ 6.71875, 5.81055, 0.397034, 4.31836, 3.60645, -4.15918, -3.13281, 1.34961, -0.351196, -0.558594, 9.49023, 1.80029, 0.0935669, 2.54248, 0.0654297, 0.805298, 5.73438, 6.69922, -2.2041, 4.87402, 3.3623, -1.75708, 2.05469, 7.55762, 3.21777, -4.97754, -3.9541, -3.43262, 0.663696, 4.40137, 3.44092, 6.01855, 8.16797, -3.18018, 0.715454, 3.39795, ... ]
X at t=0.43:
[ 6.62891, 5.94727, 0.335632, 4.3457, 3.45166, -4.2959, -2.9292, 1.29688, -0.235138, -0.497131, 9.46289, 1.91821, 0.0443649, 2.59521, 0.164124, 0.880493, 5.81055, 6.53809, -2.1582, 4.97461, 3.4292, -1.75708, 2.04004, 7.6582, 2.7251, -5.18359, -3.5083, -3.52832, 0.453552, 4.47559, 3.73047, 6.16309, 7.74609, -3.48584, 0.937744, 3.48828, ... ]
X at t=0.44:
[ 6.53711, 6.0791, 0.278809, 4.37305, 3.29443, -4.41406, -2.729, 1.24585, -0.12326, -0.427124, 9.4375, 2.02344, -0.0104694, 2.64844, 0.265625, 0.95813, 5.88867, 6.37402, -2.10986, 5.06738, 3.49316, -1.76294, 2.0249, 7.74707, 2.21826, -5.32227, -3.07764, -3.59717, 0.252014, 4.53613, 4.03613, 6.29688, 7.28223, -3.75928, 1.15137, 3.59424, ... ]
X at t=0.45:
[ 6.44434, 6.20605, 0.227051, 4.40137, 3.13525, -4.51465, -2.5332, 1.19775, -0.015173, -0.348877, 9.41406, 2.11523, -0.0698395, 2.70215, 0.370178, 1.03833, 5.96875, 6.20801, -2.06006, 5.15332, 3.55371, -1.77417, 2.00928, 7.82422, 1.70361, -5.39746, -2.66943, -3.63916, 0.0613861, 4.58203, 4.35645, 6.41602, 6.77734, -3.99951, 1.34985, 3.71582, ... ]
X at t=0.46:
[ 6.35156, 6.32715, 0.180786, 4.43066, 2.97412, -4.59766, -2.34277, 1.15381, 0.0895081, -0.262695, 9.39258, 2.19287, -0.13266, 2.75635, 0.478149, 1.12134, 6.0498, 6.03906, -2.00928, 5.23242, 3.61084, -1.79053, 1.99292, 7.88965, 1.18677, -5.41211, -2.28857, -3.65576, -0.116562, 4.61328, 4.68945, 6.5166, 6.2334, -4.20508, 1.5271, 3.85303, ... ]
X at t=0.47:
[ 6.25977, 6.44336, 0.140381, 4.45996, 2.81201, -4.66504, -2.15869, 1.11499, 0.191162, -0.168915, 9.37305, 2.25537, -0.197845, 2.81104, 0.589722, 1.20728, 6.13184, 5.86719, -1.95825, 5.30566, 3.66406, -1.81201, 1.97583, 7.94434, 0.672974, -5.37109, -1.93994, -3.64893, -0.28064, 4.62988, 5.0332, 6.59473, 5.65332, -4.37598, 1.67749, 4.00488, ... ]
X at t=0.48:
[ 6.16895, 6.55371, 0.10611, 4.49023, 2.64893, -4.7168, -1.9812, 1.08179, 0.290161, -0.0678101, 9.35547, 2.30176, -0.264282, 2.86621, 0.705322, 1.29614, 6.21387, 5.69238, -1.90698, 5.37207, 3.71289, -1.83813, 1.95801, 7.98828, 0.16745, -5.27832, -1.62573, -3.62109, -0.430237, 4.63184, 5.38379, 6.64551, 5.04004, -4.5127, 1.79614, 4.16992, ... ]
X at t=0.49:
[ 6.08008, 6.6582, 0.0782318, 4.52051, 2.48535, -4.75293, -1.81104, 1.05469, 0.386841, 0.0403748, 9.33984, 2.33203, -0.330933, 2.92188, 0.825073, 1.38843, 6.2959, 5.51465, -1.85571, 5.43262, 3.75684, -1.86841, 1.93921, 8.02148, -0.325073, -5.13867, -1.34717, -3.57471, -0.565186, 4.61914, 5.73926, 6.66309, 4.39844, -4.61426, 1.87866, 4.34473, ... ]
X at t=0.5:
[ 5.99414, 6.75781, 0.0568848, 4.55176, 2.32178, -4.77539, -1.64893, 1.03418, 0.481567, 0.155396, 9.32812, 2.34521, -0.396667, 2.97754, 0.949219, 1.48389, 6.37695, 5.33301, -1.80469, 5.4873, 3.7959, -1.90283, 1.91943, 8.04492, -0.800171, -4.95508, -1.10425, -3.51318, -0.685547, 4.59277, 6.09473, 6.64355, 3.73389, -4.68066, 1.92236, 4.52637, ... ]
X at t=0.51:
[ 5.91211, 6.85156, 0.0421371, 4.58301, 2.15869, -4.78418, -1.49512, 1.02026, 0.574585, 0.277039, 9.31836, 2.34131, -0.46051, 3.03271, 1.07788, 1.58301, 6.45703, 5.14746, -1.75415, 5.53711, 3.82959, -1.94092, 1.89868, 8.06055, -1.25391, -4.7334, -0.895386, -3.43896, -0.79187, 4.55469, 6.44824, 6.58301, 3.05371, -4.71289, 1.92529, 4.71191, ... ]
X at t=0.52:
[ 5.83398, 6.94043, 0.0339279, 4.61426, 1.99609, -4.78125, -1.3501, 1.01318, 0.66626, 0.40509, 9.31055, 2.32031, -0.521362, 3.08789, 1.21143, 1.68579, 6.53516, 4.95801, -1.7041, 5.58203, 3.85791, -1.98242, 1.87695, 8.06836, -1.68311, -4.47656, -0.718384, -3.35498, -0.884766, 4.50488, 6.7959, 6.47656, 2.36572, -4.71094, 1.88721, 4.89746, ... ]
X at t=0.53:
[ 5.75977, 7.02441, 0.0321503, 4.64551, 1.83423, -4.7666, -1.21411, 1.0127, 0.756836, 0.539307, 9.30469, 2.28174, -0.578369, 3.14209, 1.34985, 1.79248, 6.61133, 4.76465, -1.6543, 5.62207, 3.88086, -2.02686, 1.854, 8.06836, -2.08447, -4.18848, -0.570068, -3.26367, -0.964844, 4.44434, 7.13379, 6.32129, 1.67871, -4.67578, 1.80933, 5.0791, ... ]
X at t=0.54:
[ 5.69043, 7.10352, 0.0366669, 4.67676, 1.67334, -4.74023, -1.0874, 1.01855, 0.846558, 0.679565, 9.29883, 2.22607, -0.630615, 3.19531, 1.49316, 1.90332, 6.68457, 4.56641, -1.60498, 5.6582, 3.89795, -2.07373, 1.82983, 8.0625, -2.45557, -3.87305, -0.446838, -3.1665, -1.03296, 4.375, 7.45898, 6.11426, 1.0022, -4.6084, 1.69385, 5.25293, ... ]
X at t=0.55:
[ 5.62695, 7.17871, 0.0472641, 4.70703, 1.51367, -4.7041, -0.970215, 1.03052, 0.935791, 0.825684, 9.29492, 2.15332, -0.677124, 3.24707, 1.6416, 2.01807, 6.75391, 4.36328, -1.55566, 5.68945, 3.90918, -2.12305, 1.80444, 8.05078, -2.79395, -3.53369, -0.344604, -3.06543, -1.0896, 4.29688, 7.76855, 5.85449, 0.34613, -4.51172, 1.54492, 5.41504, ... ]
X at t=0.56:
[ 5.56836, 7.24902, 0.0635376, 4.73633, 1.35547, -4.65723, -0.862427, 1.0481, 1.02466, 0.977539, 9.29102, 2.06348, -0.717163, 3.29688, 1.79517, 2.13721, 6.81836, 4.15527, -1.50635, 5.7168, 3.91455, -2.17432, 1.77759, 8.03516, -3.09814, -3.17383, -0.259277, -2.96191, -1.13574, 4.21191, 8.05859, 5.54199, -0.279419, -4.3877, 1.36719, 5.56348, ... ]
X at t=0.57:
[ 5.5166, 7.31543, 0.085144, 4.76367, 1.19922, -4.60156, -0.76416, 1.07104, 1.11353, 1.13477, 9.28711, 1.95703, -0.749878, 3.34424, 1.95361, 2.26123, 6.87695, 3.94238, -1.45679, 5.74121, 3.91406, -2.22754, 1.74927, 8.01562, -3.3667, -2.79688, -0.186676, -2.85645, -1.17188, 4.12109, 8.32812, 5.17871, -0.864746, -4.24023, 1.1665, 5.69531, ... ]
X at t=0.58:
[ 5.4707, 7.37793, 0.111511, 4.78906, 1.04492, -4.53711, -0.675171, 1.09888, 1.20288, 1.29736, 9.2832, 1.83423, -0.774414, 3.38916, 2.11719, 2.38965, 6.92969, 3.72461, -1.40649, 5.76172, 3.90723, -2.28174, 1.71948, 7.99414, -3.59863, -2.40625, -0.122772, -2.75049, -1.19849, 4.02637, 8.57422, 4.76758, -1.40088, -4.07324, 0.949341, 5.80859, ... ]
X at t=0.59:
[ 5.43164, 7.43652, 0.14212, 4.8125, 0.892944, -4.46387, -0.595337, 1.1311, 1.29272, 1.46533, 9.27734, 1.69556, -0.790161, 3.43164, 2.28564, 2.52295, 6.97461, 3.50146, -1.35522, 5.7793, 3.89453, -2.33691, 1.68799, 7.96973, -3.79346, -2.00537, -0.0638428, -2.64404, -1.21606, 3.92871, 8.79492, 4.31348, -1.88013, -3.89209, 0.722046, 5.90137, ... ]
X at t=0.6:
[ 5.39941, 7.49121, 0.176361, 4.83301, 0.743652, -4.38281, -0.524292, 1.16724, 1.38354, 1.63843, 9.26758, 1.54175, -0.796509, 3.4707, 2.4585, 2.66064, 7.01074, 3.27295, -1.30273, 5.79395, 3.87549, -2.39307, 1.65479, 7.94434, -3.95068, -1.59741, -0.00654221, -2.53809, -1.2251, 3.82959, 8.99023, 3.82129, -2.29541, -3.70166, 0.490967, 5.97461, ... ]
X at t=0.61:
[ 5.37402, 7.54297, 0.213501, 4.85059, 0.59729, -4.29492, -0.461731, 1.20679, 1.47559, 1.81641, 9.25391, 1.37329, -0.792725, 3.50684, 2.63574, 2.80322, 7.03613, 3.03955, -1.24854, 5.80664, 3.8501, -2.44922, 1.61987, 7.91797, -4.07031, -1.18604, 0.0520325, -2.43311, -1.22607, 3.72998, 9.16016, 3.29785, -2.64209, -3.50684, 0.261658, 6.02734, ... ]
X at t=0.62:
[ 5.35547, 7.59082, 0.252869, 4.86523, 0.454285, -4.2002, -0.407166, 1.24927, 1.56909, 1.99927, 9.23633, 1.19116, -0.778198, 3.54004, 2.81738, 2.9502, 7.05078, 2.80127, -1.19214, 5.81641, 3.81836, -2.50586, 1.58301, 7.89258, -4.15234, -0.774292, 0.114273, -2.3291, -1.21948, 3.63086, 9.30273, 2.75, -2.9165, -3.3125, 0.0391159, 6.05957, ... ]
X at t=0.63:
[ 5.34375, 7.63574, 0.293701, 4.87598, 0.314941, -4.09863, -0.360107, 1.29443, 1.66431, 2.18652, 9.21289, 0.99646, -0.752563, 3.57031, 3.00293, 3.10156, 7.05273, 2.55859, -1.1333, 5.82422, 3.78027, -2.56201, 1.54395, 7.86719, -4.19824, -0.365479, 0.182007, -2.22705, -1.20557, 3.53369, 9.41992, 2.18652, -3.1167, -3.12354, -0.172638, 6.07227, ... ]
X at t=0.64:
[ 5.33984, 7.67676, 0.335205, 4.88379, 0.179688, -3.99072, -0.320007, 1.34155, 1.76172, 2.37842, 9.18164, 0.789917, -0.715332, 3.59814, 3.19189, 3.25684, 7.04102, 2.31201, -1.07178, 5.83105, 3.73584, -2.61768, 1.50244, 7.84375, -4.20801, 0.037384, 0.256531, -2.12744, -1.18457, 3.43945, 9.51172, 1.61572, -3.24219, -2.94385, -0.370605, 6.06641, ... ]
X at t=0.65:
[ 5.34277, 7.71484, 0.376587, 4.8877, 0.0489044, -3.87695, -0.286194, 1.39038, 1.86133, 2.57471, 9.14062, 0.572754, -0.66626, 3.62354, 3.38428, 3.41553, 7.01367, 2.0625, -1.00732, 5.83594, 3.68506, -2.67236, 1.4585, 7.82227, -4.18262, 0.431396, 0.338562, -2.03076, -1.15723, 3.34912, 9.58008, 1.04565, -3.29443, -2.77637, -0.552734, 6.04297, ... ]
X at t=0.66:
[ 5.35352, 7.74902, 0.417053, 4.8877, -0.0769806, -3.75781, -0.257996, 1.44043, 1.96387, 2.7749, 9.08984, 0.346252, -0.605103, 3.64795, 3.57959, 3.57715, 6.96875, 1.8103, -0.939941, 5.83984, 3.62744, -2.72607, 1.41187, 7.80273, -4.12402, 0.813965, 0.428284, -1.9375, -1.12378, 3.26367, 9.62695, 0.484314, -3.27539, -2.62305, -0.717651, 6.00293, ... ]
X at t=0.67:
[ 5.37109, 7.78027, 0.455688, 4.88379, -0.19754, -3.6333, -0.234772, 1.4917, 2.06934, 2.979, 9.02734, 0.111725, -0.531738, 3.67139, 3.77734, 3.74072, 6.90625, 1.55664, -0.869263, 5.84375, 3.56348, -2.77832, 1.3623, 7.78613, -4.0332, 1.18262, 0.525391, -1.84839, -1.08472, 3.18359, 9.65234, -0.0607147, -3.18848, -2.48486, -0.864868, 5.94824, ... ]
X at t=0.68:
[ 5.39648, 7.80762, 0.491699, 4.87598, -0.312317, -3.50439, -0.21579, 1.5437, 2.17822, 3.18652, 8.95117, -0.129395, -0.446411, 3.69531, 3.97705, 3.90576, 6.82324, 1.30249, -0.795532, 5.84766, 3.49268, -2.8291, 1.30957, 7.77246, -3.91113, 1.53516, 0.629028, -1.76416, -1.04028, 3.10986, 9.6582, -0.582397, -3.03809, -2.36133, -0.994263, 5.87988, ... ]
X at t=0.69:
[ 5.42969, 7.83105, 0.52417, 4.86523, -0.420837, -3.37109, -0.200287, 1.59619, 2.29053, 3.39746, 8.85938, -0.375549, -0.349304, 3.7207, 4.17871, 4.07031, 6.71875, 1.04907, -0.71875, 5.85156, 3.41504, -2.87793, 1.25366, 7.76172, -3.75977, 1.86987, 0.738159, -1.6853, -0.991333, 3.04346, 9.64648, -1.07471, -2.8291, -2.25146, -1.10596, 5.79883, ... ]
X at t=0.7:
[ 5.46973, 7.84961, 0.552368, 4.85156, -0.522705, -3.23389, -0.1875, 1.64893, 2.40674, 3.61084, 8.75, -0.625122, -0.240997, 3.74902, 4.38184, 4.2334, 6.5918, 0.798096, -0.639404, 5.85547, 3.33105, -2.9248, 1.19409, 7.75391, -3.58057, 2.18506, 0.851196, -1.61255, -0.938232, 2.98438, 9.61914, -1.53223, -2.56738, -2.15332, -1.20044, 5.70605, ... ]
X at t=0.71:
[ 5.51758, 7.86426, 0.575684, 4.83496, -0.617554, -3.09326, -0.176727, 1.7019, 2.52734, 3.82617, 8.62305, -0.876465, -0.122238, 3.78174, 4.58594, 4.39355, 6.44141, 0.551025, -0.557861, 5.86035, 3.24023, -2.96924, 1.13062, 7.75, -3.37451, 2.47949, 0.966431, -1.54614, -0.88147, 2.93262, 9.57812, -1.95068, -2.25879, -2.06396, -1.27808, 5.60352, ... ]
X at t=0.72:
[ 5.57227, 7.87305, 0.593262, 4.81641, -0.704956, -2.94971, -0.167206, 1.75488, 2.65234, 4.04297, 8.47461, -1.12793, 0.00592709, 3.82031, 4.79102, 4.54785, 6.2666, 0.309631, -0.474792, 5.86719, 3.14307, -3.01123, 1.06323, 7.74902, -3.14404, 2.75244, 1.08179, -1.48633, -0.821533, 2.88916, 9.52344, -2.32666, -1.90991, -1.98096, -1.33936, 5.49316, ... ]
X at t=0.73:
[ 5.63379, 7.87695, 0.604492, 4.7959, -0.784546, -2.80371, -0.158234, 1.80786, 2.78174, 4.26074, 8.30469, -1.37744, 0.142151, 3.86621, 4.99609, 4.69531, 6.06738, 0.0758362, -0.391052, 5.875, 3.03955, -3.05029, 0.991699, 7.75098, -2.89014, 3.00293, 1.19507, -1.43335, -0.758911, 2.85352, 9.45898, -2.65723, -1.52734, -1.90088, -1.38452, 5.37598, ... ]
X at t=0.74:
[ 5.70215, 7.87402, 0.608887, 4.77441, -0.855957, -2.65576, -0.14917, 1.86084, 2.91602, 4.47852, 8.11133, -1.62354, 0.284729, 3.92139, 5.20215, 4.83203, 5.84277, -0.148438, -0.307556, 5.88477, 2.92969, -3.08643, 0.915771, 7.75586, -2.61475, 3.23047, 1.30444, -1.38721, -0.69397, 2.82617, 9.38477, -2.94141, -1.11768, -1.82056, -1.41406, 5.25391, ... ]
X at t=0.75:
[ 5.77734, 7.86523, 0.605957, 4.75293, -0.918945, -2.50635, -0.139343, 1.91382, 3.05518, 4.69434, 7.89355, -1.8645, 0.431763, 3.98682, 5.4082, 4.95605, 5.59277, -0.361084, -0.225372, 5.89746, 2.81348, -3.11914, 0.835327, 7.76367, -2.31885, 3.43506, 1.40747, -1.34766, -0.627197, 2.80713, 9.30273, -3.17822, -0.687744, -1.7373, -1.42822, 5.12891, ... ]
X at t=0.76:
[ 5.85938, 7.84863, 0.595337, 4.73242, -0.973267, -2.35547, -0.128174, 1.9668, 3.19922, 4.9082, 7.65039, -2.09814, 0.580933, 4.06445, 5.61426, 5.06445, 5.31836, -0.560059, -0.14563, 5.91211, 2.69141, -3.14844, 0.750122, 7.77344, -2.00439, 3.61621, 1.5022, -1.31421, -0.559082, 2.7959, 9.21484, -3.36768, -0.244141, -1.64868, -1.42749, 5.00293, ... ]
X at t=0.77:
[ 5.94824, 7.82422, 0.576904, 4.71289, -1.01855, -2.2041, -0.115112, 2.02002, 3.34863, 5.11816, 7.37988, -2.32324, 0.729614, 4.15527, 5.81934, 5.15332, 5.02051, -0.743286, -0.0694885, 5.92871, 2.56396, -3.17383, 0.660156, 7.78418, -1.6731, 3.77393, 1.58667, -1.28638, -0.490051, 2.79297, 9.12109, -3.51074, 0.206848, -1.55298, -1.4126, 4.87793, ... ]
X at t=0.78:
[ 6.04297, 7.79102, 0.550415, 4.69531, -1.05469, -2.05273, -0.0996704, 2.07324, 3.50342, 5.32324, 7.08105, -2.53809, 0.875, 4.25977, 6.02441, 5.21973, 4.70117, -0.908936, 0.00189686, 5.94727, 2.43164, -3.19482, 0.56543, 7.7959, -1.32642, 3.90771, 1.65894, -1.26343, -0.42041, 2.79785, 9.02344, -3.60938, 0.659302, -1.44849, -1.38428, 4.75586, ... ]
X at t=0.79:
[ 6.14355, 7.74805, 0.515869, 4.68066, -1.08154, -1.90186, -0.0814056, 2.12695, 3.66309, 5.52148, 6.75391, -2.74121, 1.01416, 4.37891, 6.22852, 5.25977, 4.3623, -1.05518, 0.0674896, 5.96875, 2.29492, -3.21094, 0.466003, 7.80762, -0.96582, 4.01758, 1.71777, -1.24438, -0.350464, 2.81006, 8.92188, -3.66504, 1.10767, -1.33423, -1.34375, 4.63867, ... ]
X at t=0.8:
[ 6.25, 7.69434, 0.473389, 4.66992, -1.09912, -1.75171, -0.059967, 2.18115, 3.82812, 5.71094, 6.39746, -2.93115, 1.1438, 4.5127, 6.43066, 5.27051, 4.00781, -1.18042, 0.126373, 5.99219, 2.1543, -3.22217, 0.362, 7.81934, -0.592896, 4.10352, 1.76172, -1.22803, -0.280579, 2.82959, 8.81836, -3.68018, 1.54712, -1.20996, -1.29199, 4.52734, ... ]
X at t=0.81:
[ 6.3623, 7.62891, 0.423279, 4.66309, -1.10718, -1.60278, -0.0350342, 2.23633, 3.99805, 5.88867, 6.0127, -3.10596, 1.2605, 4.66113, 6.63086, 5.24805, 3.64062, -1.28345, 0.177917, 6.0166, 2.01025, -3.22852, 0.253662, 7.8291, -0.209259, 4.16602, 1.79004, -1.21362, -0.211121, 2.85645, 8.71289, -3.6582, 1.97339, -1.07593, -1.23022, 4.42383, ... ]
X at t=0.82:
[ 6.47949, 7.55078, 0.365845, 4.66113, -1.10571, -1.45557, -0.00637054, 2.29248, 4.17285, 6.05273, 5.59961, -3.26465, 1.36108, 4.82324, 6.82812, 5.18848, 3.26514, -1.36353, 0.22171, 6.04199, 1.86401, -3.229, 0.141266, 7.83691, 0.18338, 4.2041, 1.802, -1.19995, -0.142303, 2.89014, 8.60547, -3.60156, 2.38232, -0.932739, -1.16016, 4.3291, ... ]
X at t=0.83:
[ 6.60059, 7.45898, 0.301575, 4.66504, -1.09473, -1.3103, 0.0262146, 2.34961, 4.35156, 6.20117, 5.15918, -3.40527, 1.44263, 4.99805, 7.02148, 5.08984, 2.88623, -1.42041, 0.257751, 6.06836, 1.71606, -3.22314, 0.0252266, 7.84082, 0.583252, 4.21875, 1.79736, -1.18579, -0.0744324, 2.93018, 8.49805, -3.51416, 2.77148, -0.78125, -1.0835, 4.24414, ... ]
X at t=0.84:
[ 6.72559, 7.35254, 0.231262, 4.6748, -1.07397, -1.16748, 0.062851, 2.4082, 4.53516, 6.33105, 4.69336, -3.52637, 1.5022, 5.18262, 7.20996, 4.94922, 2.50928, -1.4541, 0.286255, 6.0957, 1.56714, -3.21094, -0.0939178, 7.84082, 0.988647, 4.20898, 1.77661, -1.16992, -0.00774193, 2.97656, 8.39258, -3.39893, 3.13818, -0.622681, -1.00171, 4.16895, ... ]
X at t=0.85:
[ 6.85352, 7.23047, 0.15567, 4.69141, -1.0437, -1.02759, 0.103638, 2.46826, 4.72168, 6.43945, 4.2041, -3.62695, 1.53711, 5.375, 7.39258, 4.76465, 2.13965, -1.46558, 0.307922, 6.12305, 1.41821, -3.19238, -0.215576, 7.83496, 1.39746, 4.17383, 1.74023, -1.15161, 0.057579, 3.02881, 8.28711, -3.25977, 3.48096, -0.458679, -0.916626, 4.10449, ... ]
X at t=0.86:
[ 6.9834, 7.0918, 0.0757904, 4.71484, -1.00391, -0.890991, 0.14856, 2.53027, 4.91211, 6.52441, 3.69434, -3.70508, 1.54565, 5.57227, 7.56738, 4.53516, 1.78369, -1.45605, 0.323669, 6.15039, 1.27002, -3.1665, -0.33905, 7.82324, 1.80762, 4.11426, 1.68921, -1.12964, 0.121368, 3.08643, 8.18359, -3.09961, 3.79834, -0.290833, -0.829468, 4.05176, ... ]
X at t=0.87:
[ 7.11426, 6.93555, -0.00728989, 4.74414, -0.95459, -0.758057, 0.197632, 2.59473, 5.10547, 6.58203, 3.1665, -3.75977, 1.52637, 5.77051, 7.73242, 4.25977, 1.44727, -1.42725, 0.334656, 6.17676, 1.12354, -3.1333, -0.463501, 7.80371, 2.2168, 4.0293, 1.625, -1.10327, 0.183533, 3.14893, 8.08203, -2.92188, 4.08984, -0.120926, -0.741821, 4.00977, ... ]
X at t=0.88:
[ 7.24609, 6.76074, -0.0924377, 4.78027, -0.895874, -0.629028, 0.250732, 2.66162, 5.30078, 6.60938, 2.62451, -3.78906, 1.479, 5.96582, 7.88672, 3.94092, 1.13599, -1.38159, 0.342346, 6.20312, 0.979248, -3.09229, -0.588013, 7.77637, 2.62305, 3.91895, 1.54956, -1.07202, 0.244049, 3.21631, 7.98438, -2.72949, 4.35547, 0.0493393, -0.654785, 3.97803, ... ]
X at t=0.89:
[ 7.37695, 6.56641, -0.178436, 4.82227, -0.827881, -0.504272, 0.307739, 2.73096, 5.49707, 6.60352, 2.07324, -3.79248, 1.40356, 6.1543, 8.02734, 3.57959, 0.855591, -1.32202, 0.348206, 6.22852, 0.837891, -3.04395, -0.71167, 7.74023, 3.02393, 3.78369, 1.46484, -1.0354, 0.302917, 3.28809, 7.89062, -2.52588, 4.5957, 0.218262, -0.569336, 3.95654, ... ]
X at t=0.9:
[ 7.50586, 6.35156, -0.263916, 4.86914, -0.750732, -0.384216, 0.36853, 2.80322, 5.69336, 6.5625, 1.51758, -3.76855, 1.30151, 6.33203, 8.15234, 3.1792, 0.610962, -1.25122, 0.35376, 6.25293, 0.699951, -2.9873, -0.833496, 7.69434, 3.41699, 3.62354, 1.37354, -0.993164, 0.360229, 3.36377, 7.7998, -2.31299, 4.81055, 0.384277, -0.486328, 3.94482, ... ]
X at t=0.91:
[ 7.63086, 6.11621, -0.347595, 4.9209, -0.664551, -0.269104, 0.432922, 2.87891, 5.88867, 6.48438, 0.962769, -3.71631, 1.17529, 6.49609, 8.25977, 2.74414, 0.406616, -1.17212, 0.360352, 6.27637, 0.56604, -2.92285, -0.952393, 7.63867, 3.80029, 3.43896, 1.27832, -0.94519, 0.416199, 3.44336, 7.71387, -2.09375, 5.00195, 0.545776, -0.406372, 3.94189, ... ]
X at t=0.92:
[ 7.75098, 5.86035, -0.427979, 4.97656, -0.569702, -0.159271, 0.50061, 2.9585, 6.08203, 6.36621, 0.414551, -3.63574, 1.02783, 6.64258, 8.34766, 2.27979, 0.246124, -1.08765, 0.369263, 6.29883, 0.436523, -2.8501, -1.06738, 7.57227, 4.1709, 3.23096, 1.18213, -0.891602, 0.471008, 3.52637, 7.63184, -1.87085, 5.16992, 0.70166, -0.329834, 3.94727, ... ]
X at t=0.93:
[ 7.86426, 5.58301, -0.503662, 5.03516, -0.466492, -0.0550079, 0.571411, 3.04199, 6.27246, 6.20605, -0.120911, -3.52734, 0.863159, 6.76855, 8.41602, 1.79248, 0.132111, -1.00024, 0.381531, 6.32031, 0.311768, -2.76953, -1.17725, 7.49609, 4.52637, 3.00098, 1.08813, -0.832642, 0.525024, 3.6123, 7.55469, -1.646, 5.31641, 0.850708, -0.256897, 3.95996, ... ]
X at t=0.94:
[ 7.96875, 5.28516, -0.573242, 5.0957, -0.355286, 0.0433884, 0.645142, 3.12939, 6.45801, 6.00391, -0.637451, -3.39209, 0.686035, 6.87207, 8.46289, 1.28906, 0.0662384, -0.911743, 0.39801, 6.34082, 0.191986, -2.68115, -1.28125, 7.41016, 4.86523, 2.75098, 0.999512, -0.768799, 0.578491, 3.70117, 7.48242, -1.4209, 5.44336, 0.991943, -0.187683, 3.97998, ... ]
X at t=0.95:
[ 8.0625, 4.96582, -0.635376, 5.15723, -0.236664, 0.135651, 0.721313, 3.22168, 6.63672, 5.75879, -1.12891, -3.23193, 0.501587, 6.95215, 8.48828, 0.776978, 0.0490875, -0.823364, 0.41925, 6.36133, 0.0774384, -2.58496, -1.37817, 7.31445, 5.18555, 2.48242, 0.919067, -0.700684, 0.631836, 3.79297, 7.41602, -1.19727, 5.55176, 1.12476, -0.122101, 4.00586, ... ]
X at t=0.96:
[ 8.14258, 4.62695, -0.688599, 5.21777, -0.111221, 0.221558, 0.799805, 3.31836, 6.80762, 5.4707, -1.58936, -3.04932, 0.315308, 7.00977, 8.49023, 0.263916, 0.0802002, -0.735596, 0.44574, 6.38086, -0.0317383, -2.48096, -1.46729, 7.20898, 5.48535, 2.19824, 0.849609, -0.628906, 0.685547, 3.88721, 7.35449, -0.97644, 5.64258, 1.24854, -0.0599289, 4.03711, ... ]
X at t=0.97:
[ 8.20703, 4.26855, -0.731812, 5.27637, 0.020298, 0.300964, 0.880249, 3.41992, 6.96875, 5.14062, -2.01367, -2.84766, 0.132538, 7.04492, 8.46875, -0.242615, 0.158081, -0.648071, 0.477661, 6.39941, -0.135406, -2.36963, -1.54761, 7.0957, 5.76367, 1.90137, 0.793823, -0.553955, 0.73999, 3.98389, 7.29883, -0.759766, 5.71777, 1.36304, -0.000881672, 4.07324, ... ]
X at t=0.98:
[ 8.25391, 3.89258, -0.763794, 5.33301, 0.157043, 0.373657, 0.962402, 3.52686, 7.11816, 4.77051, -2.39648, -2.63135, -0.0416946, 7.05859, 8.42578, -0.735474, 0.280273, -0.559814, 0.515259, 6.41699, -0.233429, -2.25146, -1.61865, 6.97461, 6.01855, 1.59473, 0.754028, -0.476379, 0.79541, 4.08301, 7.24805, -0.54834, 5.77832, 1.46802, 0.0553894, 4.11426, ... ]

Final state:
X at t=0.99:
[ 8.28125, 3.5, -0.783569, 5.38574, 0.298096, 0.439636, 1.0459, 3.63867, 7.25391, 4.3623, -2.73389, -2.40527, -0.202911, 7.05371, 8.36133, -1.20801, 0.443359, -0.469177, 0.558594, 6.43359, -0.325745, -2.12646, -1.67944, 6.84766, 6.25, 1.28149, 0.732056, -0.396545, 0.852295, 4.18457, 7.20312, -0.343262, 5.8252, 1.56323, 0.109283, 4.15918, ... ]
