
Lmod is automatically replacing "craype-x86-rome" with "craype-x86-trento".

Lorenz96(k=1000000, F=8, dt=0.01, t_max=1)
 - warming up the simulation for 10
 - running ensemble of size 1 with initial perturbation N(0.0, 0.001)
 - compressing every 1-th model state online on the GPU with BitRound(bitround_bits=24)
 - saving config file to 'output/config_5030298.json'
 - saving performance file to 'performance/perf_5030298'

Initial state:
X at t=0:
[ 6.00001, 0.439819, 2.06469, 1.09784, 2.51017, 6.80727, 3.71086, -8.36726, 1.18149, 2.19103, 7.69608, 5.08871, 2.71989, 0.113073, -4.3487, 0.998251, 3.67511, 8.18301, 3.69758, 2.31953, 2.94082, -5.83319, -0.205034, -0.213967, 1.99801, 8.31165, 8.88554, -2.18113, -0.43758, -4.53611, -0.990575, 2.96174, 6.77326, 3.17183, 4.61149, 6.0137, ... ]

X at t=0.01:
[ 6.11245, 0.501839, 2.10085, 1.20995, 2.61945, 6.87535, 3.00816, -8.3909, 1.33606, 2.45192, 7.78795, 5.13542, 2.37986, -0.047131, -4.22633, 0.908935, 3.83701, 8.28232, 3.61691, 2.1804, 2.77938, -5.76173, 0.0517904, -0.138066, 2.04275, 8.48689, 8.49803, -2.82725, -0.0249522, -4.41469, -1.04218, 2.89718, 6.90998, 3.33456, 4.61554, 5.83628, ... ]
X at t=0.02:
[ 6.20408, 0.584456, 2.13318, 1.32249, 2.73326, 6.92338, 2.29825, -8.37359, 1.40762, 2.7297, 7.88695, 5.13383, 2.02933, -0.171211, -4.1032, 0.812733, 3.98554, 8.3848, 3.51099, 2.03866, 2.63638, -5.677, 0.290178, -0.0437139, 2.09431, 8.65426, 8.05017, -3.40861, 0.447229, -4.28668, -1.06725, 2.82878, 7.04831, 3.50247, 4.60706, 5.64362, ... ]
X at t=0.03:
[ 6.27836, 0.685911, 2.16089, 1.43505, 2.8514, 6.94965, 1.58584, -8.31747, 1.39608, 3.01045, 7.99385, 5.08177, 1.67379, -0.258587, -3.98043, 0.712465, 4.12019, 8.48928, 3.38047, 1.89682, 2.51202, -5.58102, 0.510425, 0.0673267, 2.15394, 8.81235, 7.54608, -3.91882, 0.961064, -4.14603, -1.0649, 2.75974, 7.18724, 3.67491, 4.58448, 5.43733, ... ]
X at t=0.04:
[ 6.33885, 0.803549, 2.18334, 1.54725, 2.97356, 6.95244, 0.875779, -8.22354, 1.30403, 3.28043, 8.10907, 4.97847, 1.31908, -0.309743, -3.85885, 0.610711, 4.24082, 8.5944, 3.22624, 1.75748, 2.40602, -5.47559, 0.713049, 0.193345, 2.22275, 8.9597, 6.99071, -4.35453, 1.49836, -3.98717, -1.03538, 2.6933, 7.32593, 3.85085, 4.54623, 5.21927, ... ]
X at t=0.05:
[ 6.3889, 0.934089, 2.2001, 1.65875, 3.09936, 6.93014, 0.173084, -8.09178, 1.13664, 3.52664, 8.23269, 4.82456, 0.971121, -0.326219, -3.73899, 0.509767, 4.34757, 8.69873, 3.04954, 1.62324, 2.31775, -5.36225, 0.898724, 0.332725, 2.30167, 9.09481, 6.38958, -4.71517, 2.04142, -3.8055, -0.98016, 2.63263, 7.46375, 4.02883, 4.49081, 4.99161, ... ]
X at t=0.06:
[ 6.43144, 1.07391, 2.21093, 1.76927, 3.22832, 6.88127, -0.517044, -7.92138, 0.901456, 3.73734, 8.36433, 4.62213, 0.635687, -0.310536, -3.62109, 0.411619, 4.44084, 8.80076, 2.85183, 1.49667, 2.2462, -5.24234, 1.06823, 0.483968, 2.3915, 9.21606, 5.74858, -5.00253, 2.57371, -3.59773, -0.901822, 2.58064, 7.60029, 4.20696, 4.41676, 4.75678, ... ]
X at t=0.07:
[ 6.46891, 1.21934, 2.21576, 1.87857, 3.35985, 6.80449, -1.18925, -7.71104, 0.608137, 3.9025, 8.50313, 4.37464, 0.318216, -0.266054, -3.50513, 0.317933, 4.52125, 8.89894, 2.63492, 1.38025, 2.19007, -5.117, 1.22241, 0.645707, 2.4929, 9.32168, 5.07375, -5.22026, 3.08046, -3.36215, -0.803964, 2.53977, 7.7354, 4.38297, 4.32282, 4.51748, ... ]
X at t=0.08:
[ 6.50324, 1.3669, 2.21473, 1.98651, 3.49328, 6.69871, -1.83807, -7.45934, 0.268103, 4.01426, 8.64768, 4.0869, 0.0236118, -0.196788, -3.39089, 0.230055, 4.58958, 8.9918, 2.40083, 1.27625, 2.14787, -4.98721, 1.36212, 0.816715, 2.60638, 9.40971, 4.37111, -5.37324, 3.54904, -3.09862, -0.69093, 2.51192, 7.8691, 4.55422, 4.20791, 4.27663, ... ]
X at t=0.09:
[ 6.53594, 1.51354, 2.2081, 2.09301, 3.62786, 6.56308, -2.45805, -7.16519, -0.105889, 4.06722, 8.79603, 3.7649, -0.243903, -0.107175, -3.27799, 0.14903, 4.64676, 9.07791, 2.15184, 1.18675, 2.11797, -4.85383, 1.48823, 0.995899, 2.73232, 9.47801, 3.64654, -5.46708, 3.96922, -2.80853, -0.567504, 2.49826, 8.00162, 4.71778, 4.07124, 4.03734, ... ]
X at t=0.1:
[ 6.56825, 1.65673, 2.19621, 2.19802, 3.76273, 6.39712, -3.04389, -6.82822, -0.500275, 4.05868, 8.94574, 3.41569, -0.480901, -0.00183405, -3.16602, 0.0756154, 4.69383, 9.15596, 1.89046, 1.11353, 2.09867, -4.7176, 1.60156, 1.18229, 2.87092, 9.52416, 2.90576, -5.50759, 4.33331, -2.49462, -0.438556, 2.49931, 8.13328, 4.87051, 3.91235, 3.80285, ... ]
X at t=0.11:
[ 6.60123, 1.79461, 2.17952, 2.30156, 3.89696, 6.20068, -3.59062, -6.44918, -0.901276, 3.98871, 9.09401, 3.04712, -0.684826, 0.114678, -3.05456, 0.0103125, 4.7319, 9.2248, 1.61932, 1.05809, 2.08828, -4.57921, 1.70292, 1.37506, 3.02222, 9.54557, 2.15426, -5.50041, 4.63609, -2.16077, -0.308688, 2.5149, 8.26447, 5.00912, 3.73123, 3.57644, ... ]
X at t=0.12:
[ 6.6358, 1.92603, 2.15845, 2.40364, 4.02955, 5.97404, -4.09376, -6.03018, -1.29554, 3.86008, 9.23783, 2.66758, -0.854034, 0.238085, -2.94323, -0.0466064, 4.76212, 9.28344, 1.34121, 1.02157, 2.08522, -4.43929, 1.79307, 1.57346, 3.18607, 9.53937, 1.39736, -5.45074, 4.87471, -1.81171, -0.181938, 2.54433, 8.39559, 5.13026, 3.5283, 3.36137, ... ]
X at t=0.13:
[ 6.67281, 2.05045, 2.13347, 2.5043, 4.15943, 5.71788, -4.54957, -5.57485, -1.67076, 3.678, 9.37425, 2.28567, -0.987812, 0.364575, -2.83178, -0.0950646, 4.78565, 9.33108, 1.05894, 1.00478, 2.08802, -4.29845, 1.87273, 1.77685, 3.36211, 9.50251, 0.640235, -5.36319, 5.04856, -1.45268, -0.061536, 2.58644, 8.52697, 5.23064, 3.30453, 3.16076, ... ]
X at t=0.14:
[ 6.71291, 2.16799, 2.10496, 2.60355, 4.28551, 5.43333, -4.95515, -5.08835, -2.01622, 3.44968, 9.50054, 1.90986, -1.08635, 0.490933, -2.72006, -0.135148, 4.80366, 9.3671, 0.775377, 1.00817, 2.09541, -4.15727, 1.94259, 1.98467, 3.54972, 9.4318, -0.11199, -5.24174, 5.159, -1.08918, 0.0502303, 2.63981, 8.65886, 5.30708, 3.06143, 2.97748, ... ]
X at t=0.15:
[ 6.75659, 2.27925, 2.07329, 2.70137, 4.40665, 5.12194, -5.30863, -4.5772, -2.32324, 3.18379, 9.61445, 1.54813, -1.15072, 0.61462, -2.60805, -0.167069, 4.81727, 9.3911, 0.493298, 1.03183, 2.10634, -4.01634, 2.0033, 2.19643, 3.74805, 9.32391, -0.854204, -5.08986, 5.20913, -0.726636, 0.15207, 2.70291, 8.79134, 5.35655, 2.80106, 2.81408, ... ]
X at t=0.16:
[ 6.80401, 2.38524, 2.03872, 2.79771, 4.52171, 4.78565, -5.60918, -4.04902, -2.58545, 2.88984, 9.71432, 1.20766, -1.18273, 0.73379, -2.49586, -0.191137, 4.82757, 9.40286, 0.215395, 1.07552, 2.11998, -3.87621, 2.05549, 2.41169, 3.9559, 9.17554, -1.58126, -4.91064, 5.20359, -0.37014, 0.243649, 2.7742, 8.92432, 5.37633, 2.52602, 2.67264, ... ]
X at t=0.17:
[ 6.85503, 2.48727, 2.00145, 2.89249, 4.62954, 4.42677, -5.85703, -3.51216, -2.79885, 2.57752, 9.79919, 0.894581, -1.18491, 0.847257, -2.38366, -0.207729, 4.83556, 9.40231, -0.0557929, 1.13871, 2.13577, -3.73744, 2.09977, 2.63004, 4.1718, 8.98344, -2.28794, -4.70702, 5.14825, -0.024207, 0.325477, 2.85228, 9.0575, 5.36398, 2.23943, 2.55471, ... ]
X at t=0.18:
[ 6.90912, 2.58678, 1.9616, 2.98556, 4.72906, 4.0479, -6.05344, -2.97524, -2.96175, 2.25615, 9.86875, 0.613814, -1.16029, 0.95442, -2.27172, -0.217262, 4.84219, 9.38956, -0.317924, 1.22053, 2.15334, -3.60058, 2.13674, 2.85111, 4.39387, 8.74457, -2.96899, -4.48207, 5.04993, 0.3074, 0.398743, 2.93591, 9.19038, 5.31741, 1.94487, 2.46124, ... ]
X at t=0.19:
[ 6.96543, 2.68529, 1.91924, 3.07676, 4.8192, 3.65188, -6.20053, -2.44677, -3.07452, 1.93423, 9.92336, 0.368967, -1.11234, 1.05516, -2.16033, -0.22017, 4.84832, 9.36487, -0.568889, 1.3199, 2.17255, -3.46614, 2.16698, 3.07454, 4.61991, 8.45627, -3.61914, -4.23922, 4.91613, 0.621791, 0.465126, 3.02411, 9.32223, 5.23499, 1.64627, 2.39251, ... ]
X at t=0.2:
[ 7.02283, 2.78428, 1.87437, 3.16586, 4.89898, 3.24171, -6.30117, -1.93469, -3.13929, 1.61904, 9.96385, 0.162351, -1.04475, 1.14971, -2.04979, -0.216893, 4.85472, 9.32859, -0.80684, 1.43549, 2.19345, -3.33461, 2.19106, 3.29995, 4.84727, 8.11634, -4.2332, -3.9825, 4.75467, 0.917014, 0.526598, 3.11616, 9.45207, 5.1155, 1.34785, 2.34812, ... ]
X at t=0.21:
[ 7.07999, 2.88511, 1.82696, 3.25263, 4.96752, 2.82052, -6.35877, -1.44612, -3.15954, 1.31653, 9.99144, -0.00493969, -0.961341, 1.23858, -1.94039, -0.207862, 4.86208, 9.28119, -1.03021, 1.5658, 2.21619, -3.20645, 2.20955, 3.52695, 5.07295, 7.72326, -4.80614, -3.71669, 4.57339, 1.19205, 0.585238, 3.21155, 9.57875, 4.95824, 1.05399, 2.32699, ... ]
X at t=0.22:
[ 7.13547, 2.98897, 1.77696, 3.33681, 5.02402, 2.39146, -6.37709, -0.987062, -3.13968, 1.03124, 10.0076, -0.132899, -0.865911, 1.32238, -1.83239, -0.193491, 4.87102, 9.22319, -1.23773, 1.70917, 2.24108, -3.08208, 2.223, 3.75514, 5.29354, 7.27632, -5.33324, -3.4474, 4.37972, 1.44675, 0.643084, 3.31003, 9.70089, 4.76303, 0.769124, 2.3274, ... ]
X at t=0.23:
[ 7.18781, 3.09687, 1.72432, 3.41813, 5.06785, 1.95767, -6.36006, -0.56231, -3.08472, 0.766371, 10.0138, -0.222443, -0.762132, 1.40179, -1.72602, -0.174169, 4.88204, 9.1552, -1.42843, 1.86386, 2.26845, -2.9619, 2.23194, 3.98407, 5.50529, 6.7758, -5.81014, -3.18103, 4.18042, 1.68174, 0.702017, 3.41152, 9.81693, 4.53021, 0.497638, 2.34706, ... ]
X at t=0.24:
[ 7.23563, 3.20957, 1.66898, 3.49633, 5.09847, 1.52222, -6.31163, -0.175375, -2.99989, 0.523916, 10.0117, -0.275236, -0.653466, 1.47747, -1.62144, -0.150265, 4.89561, 9.07783, -1.60163, 2.02803, 2.29867, -2.84626, 2.2369, 4.21325, 5.70409, 6.22306, -6.23297, -2.92462, 3.98118, 1.89828, 0.763692, 3.51607, 9.92515, 4.26072, 0.243732, 2.38321, ... ]
X at t=0.25:
[ 7.27764, 3.32762, 1.6109, 3.57118, 5.11552, 1.08808, -6.23563, 0.171485, -2.89041, 0.304877, 10.0026, -0.293518, -0.543095, 1.55002, -1.51875, -0.122119, 4.91209, 8.99175, -1.75694, 2.19983, 2.3321, -2.73548, 2.23838, 4.44214, 5.88562, 5.62069, -6.59841, -2.68556, 3.78642, 2.09809, 0.82951, 3.62387, 10.0237, 3.95602, 0.0113389, 2.43274, ... ]
X at t=0.26:
[ 7.31272, 3.45131, 1.55009, 3.64245, 5.11877, 0.658032, -6.13566, 0.477183, -2.76126, 0.109453, 9.98787, -0.279948, -0.433883, 1.61993, -1.41802, -0.0900461, 4.93179, 8.89761, -1.89425, 2.37743, 2.36907, -2.62984, 2.23685, 4.67015, 6.04535, 4.97255, -6.9037, -2.47127, 3.59908, 2.28323, 0.900629, 3.73517, 10.1106, 3.61815, -0.19597, 2.49235, ... ]
X at t=0.27:
[ 7.33996, 3.58072, 1.48657, 3.70997, 5.10816, 0.234721, -6.01506, 0.741682, -2.61705, -0.0627547, 9.96862, -0.237472, -0.328346, 1.68761, -1.31924, -0.0543356, 4.95494, 8.79605, -2.01369, 2.55903, 2.40982, -2.52962, 2.23275, 4.89661, 6.1787, 4.28383, -7.14669, -2.2887, 3.42058, 2.45589, 0.978, 3.85026, 10.1838, 3.24967, -0.375051, 2.55869, ... ]
X at t=0.28:
[ 7.35862, 3.71574, 1.42043, 3.77363, 5.08377, -0.179428, -5.8768, 0.965845, -2.46192, -0.212563, 9.9458, -0.16921, -0.228647, 1.75337, -1.22236, -0.0152509, 4.98175, 8.68772, -2.11562, 2.74289, 2.45451, -2.43505, 2.22651, 5.12084, 6.28115, 3.561, -7.32579, -2.14393, 3.25086, 2.61833, 1.06242, 3.96942, 10.2411, 2.85366, -0.523251, 2.62854, ... ]
X at t=0.29:
[ 7.36816, 3.85605, 1.3518, 3.83335, 5.04584, -0.582202, -5.72358, 1.15129, -2.29952, -0.341053, 9.92019, -0.0783621, -0.136593, 1.81742, -1.12727, 0.0269696, 5.01232, 8.57323, -2.20061, 2.92739, 2.50321, -2.34634, 2.21849, 5.34207, 6.34835, 2.81178, -7.43996, -2.04169, 3.08851, 2.77269, 1.15461, 4.09292, 10.2804, 2.43364, -0.638445, 2.69898, ... ]
X at t=0.3:
[ 7.36823, 4.00119, 1.28086, 3.88914, 4.99473, -0.971614, -5.55771, 1.30022, -2.13294, -0.449449, 9.89243, 0.0318538, -0.0536488, 1.87993, -1.03381, 0.0721129, 5.04675, 8.45314, -2.26937, 3.11101, 2.55588, -2.26367, 2.20903, 5.55951, 6.37631, 2.04497, -7.48876, -1.98495, 2.93111, 2.92092, 1.25526, 4.22099, 10.2995, 1.99355, -0.719068, 2.76753, ... ]
X at t=0.31:
[ 7.35868, 4.15056, 1.20786, 3.94105, 4.93092, -1.34591, -5.38126, 1.41532, -1.9648, -0.539025, 9.86303, 0.15826, 0.0190484, 1.941, -0.941788, 0.119991, 5.08507, 8.328, -2.32279, 3.2924, 2.61238, -2.18722, 2.19841, 5.77232, 6.36151, 1.27025, -7.47232, -1.97467, 2.77552, 3.06472, 1.36512, 4.35378, 10.296, 1.53764, -0.764143, 2.83225, ... ]
X at t=0.32:
[ 7.3395, 4.30344, 1.13311, 3.98922, 4.85503, -1.70358, -5.19601, 1.49956, -1.79721, -0.611044, 9.83241, 0.297757, 0.0806669, 2.00072, -0.850969, 0.170442, 5.12729, 8.1983, -2.36185, 3.47031, 2.67246, -2.11713, 2.1869, 5.97965, 6.30109, 0.497972, -7.3915, -2.00963, 2.61831, 3.20539, 1.48499, 4.49135, 10.2678, 1.07046, -0.773297, 2.8919, ... ]
X at t=0.33:
[ 7.31085, 4.45905, 1.05698, 4.03384, 4.76774, -2.04335, -5.0035, 1.55615, -1.63184, -0.666711, 9.80088, 0.447351, 0.130658, 2.05916, -0.761081, 0.223329, 5.17336, 8.0645, -2.38761, 3.64368, 2.73579, -2.05351, 2.1747, 6.18063, 6.19295, -0.261182, -7.24796, -2.08645, 2.4562, 3.34383, 1.61582, 4.63368, 10.2127, 0.596693, -0.74678, 2.94595, ... ]
X at t=0.34:
[ 7.27301, 4.61654, 0.979877, 4.07516, 4.66982, -2.36416, -4.80512, 1.58837, -1.46996, -0.707151, 9.76875, 0.604176, 0.168733, 2.1164, -0.671827, 0.278539, 5.22321, 7.92699, -2.4012, 3.81162, 2.80194, -1.99646, 2.16198, 6.37442, 6.03588, -0.996537, -7.04435, -2.19971, 2.28639, 3.48044, 1.75867, 4.78058, 10.1284, 0.121146, -0.68549, 2.9946, ... ]
X at t=0.35:
[ 7.22642, 4.77503, 0.902286, 4.11349, 4.56207, -2.66522, -4.60209, 1.59955, -1.31251, -0.733393, 9.73625, 0.76551, 0.194834, 2.17256, -0.582886, 0.335989, 5.27676, 7.78613, -2.40377, 3.97335, 2.87043, -1.94604, 2.14885, 6.56019, 5.82965, -1.6978, -6.78438, -2.34239, 2.10695, 3.61511, 1.91466, 4.93177, 10.0129, -0.351399, -0.590988, 3.03879, ... ]
X at t=0.36:
[ 7.1716, 4.93364, 0.824725, 4.14917, 4.44536, -2.94592, -4.39552, 1.59295, -1.16011, -0.746368, 9.70362, 0.928785, 0.209118, 2.22774, -0.493921, 0.395616, 5.33387, 7.64222, -2.39648, 4.1283, 2.94072, -1.90229, 2.13541, 6.73714, 5.57503, -2.35545, -6.47303, -2.50623, 1.91694, 3.74724, 2.08502, 5.08674, 9.86397, -0.816265, -0.46552, 3.08011, ... ]
X at t=0.37:
[ 7.10915, 5.09151, 0.747752, 4.18259, 4.32056, -3.20589, -4.18645, 1.57173, -1.01314, -0.746915, 9.67107, 1.09159, 0.211925, 2.28211, -0.40458, 0.457385, 5.3944, 7.49551, -2.38048, 4.276, 3.01222, -1.8652, 2.12172, 6.90456, 5.2738, -2.96104, -6.1165, -2.68237, 1.71658, 3.87576, 2.27091, 5.24483, 9.67979, -1.26897, -0.312026, 3.1207, ... ]
X at t=0.38:
[ 7.03979, 5.24782, 0.671957, 4.21413, 4.18851, -3.44495, -3.97586, 1.53889, -0.871756, -0.735781, 9.63883, 1.25169, 0.203758, 2.33582, -0.314506, 0.521285, 5.45819, 7.34619, -2.3569, 4.41614, 3.08434, -1.83475, 2.10778, 7.06179, 4.92874, -3.50755, -5.72218, -2.86188, 1.50715, 3.99925, 2.47343, 5.4051, 9.45847, -1.70533, -0.13414, 3.16309, ... ]
X at t=0.39:
[ 6.96427, 5.4018, 0.597946, 4.2442, 4.05008, -3.6631, -3.76469, 1.49724, -0.735958, -0.713633, 9.60712, 1.40702, 0.185264, 2.38907, -0.223335, 0.587327, 5.52504, 7.19443, -2.3268, 4.54853, 3.15645, -1.81088, 2.0936, 7.20827, 4.5435, -3.98954, -5.29848, -3.03637, 1.29088, 4.11601, 2.69348, 5.56633, 9.19837, -2.12151, 0.0638239, 3.21009, ... ]
X at t=0.4:
[ 6.8834, 5.55276, 0.526338, 4.27321, 3.90608, -3.8605, -3.55384, 1.44937, -0.60561, -0.681066, 9.57618, 1.55567, 0.157208, 2.44207, -0.130707, 0.655546, 5.59475, 7.04032, -2.2912, 4.67307, 3.22794, -1.79347, 2.07915, 7.34356, 4.12248, -4.40329, -4.85454, -3.19846, 1.07067, 4.22426, 2.93167, 5.72698, 8.89803, -2.51412, 0.276918, 3.26452, ... ]
X at t=0.41:
[ 6.79803, 5.70009, 0.457747, 4.30152, 3.75729, -4.03748, -3.34422, 1.39765, -0.480479, -0.638613, 9.54624, 1.69591, 0.120458, 2.495, -0.0362629, 0.725996, 5.66709, 6.88391, -2.25106, 4.78978, 3.29821, -1.78242, 2.06438, 7.46731, 3.67073, -4.74681, -4.39985, -3.34211, 0.849841, 4.32223, 3.18825, 5.88512, 8.55632, -2.88023, 0.49963, 3.32908, ... ]
X at t=0.42:
[ 6.709, 5.84324, 0.392774, 4.3295, 3.60444, -4.19447, -3.13671, 1.34417, -0.36026, -0.586749, 9.51754, 1.82618, 0.0759625, 2.54805, 0.0603506, 0.798753, 5.7418, 6.72521, -2.20724, 4.89875, 3.36668, -1.77755, 2.04922, 7.57931, 3.19373, -5.0197, -3.94387, -3.46289, 0.631797, 4.40831, 3.46303, 6.03841, 8.17244, -3.21738, 0.725982, 3.40615, ... ]
X at t=0.43:
[ 6.6172, 5.98179, 0.331998, 4.35744, 3.44821, -4.33202, -2.93216, 1.29081, -0.244599, -0.525904, 9.49031, 1.94509, 0.0247351, 2.6014, 0.159477, 0.87391, 5.81863, 6.56419, -2.16056, 5.00013, 3.43279, -1.77867, 2.0336, 7.67946, 2.69726, -5.22302, -3.49556, -3.55796, 0.419781, 4.48118, 3.75536, 6.18405, 7.74606, -3.52361, 0.949669, 3.49761, ... ]
X at t=0.44:
[ 6.5235, 6.1154, 0.275959, 4.3856, 3.28921, -4.45077, -2.73142, 1.23915, -0.133118, -0.456466, 9.46477, 2.05141, -0.0321629, 2.65518, 0.261451, 0.951576, 5.89727, 6.40077, -2.11171, 5.09413, 3.49605, -1.78557, 2.01745, 7.7678, 2.18722, -5.359, -3.06307, -3.62604, 0.216657, 4.53981, 4.06407, 6.31878, 7.27743, -3.79739, 1.16422, 3.6047, ... ]
X at t=0.45:
[ 6.42874, 6.24379, 0.225154, 4.41419, 3.12801, -4.55144, -2.53531, 1.19057, -0.0254256, -0.378786, 9.44113, 2.14405, -0.0936378, 2.70947, 0.366593, 1.03188, 5.97741, 6.23483, -2.06133, 5.18102, 3.55595, -1.798, 2.00067, 7.84447, 1.66949, -5.43081, -2.65334, -3.66724, 0.0247653, 4.58355, 4.3875, 6.43888, 6.76745, -4.03759, 1.3632, 3.72793, ... ]
X at t=0.46:
[ 6.33375, 6.36682, 0.180024, 4.44332, 2.96512, -4.63476, -2.34461, 1.14618, 0.0788693, -0.293188, 9.41956, 2.22208, -0.158577, 2.76432, 0.47521, 1.11495, 6.05871, 6.06623, -2.00996, 5.26105, 3.61207, -1.8157, 1.98319, 7.90976, 1.14979, -5.44225, -2.27196, -3.68277, -0.154143, 4.61208, 4.72353, 6.54019, 6.21784, -4.24341, 1.5404, 3.86698, ... ]
X at t=0.47:
[ 6.23934, 6.48438, 0.140948, 4.47308, 2.80098, -4.70155, -2.16005, 1.10687, 0.180148, -0.199967, 9.40021, 2.28473, -0.225864, 2.81971, 0.587591, 1.20094, 6.14078, 5.89478, -1.95804, 5.33455, 3.66403, -1.83838, 1.96492, 7.96404, 0.633598, -5.39754, -1.923, -3.67467, -0.318907, 4.62545, 5.06961, 6.61822, 5.63122, -4.41434, 1.69009, 4.02075, ... ]
X at t=0.48:
[ 6.14626, 6.59645, 0.108235, 4.50347, 2.63601, -4.75259, -1.98233, 1.07334, 0.278777, -0.099396, 9.38317, 2.33132, -0.294384, 2.87556, 0.704008, 1.29001, 6.22322, 5.72029, -1.90596, 5.40183, 3.71145, -1.86576, 1.94576, 8.0078, 0.126071, -5.30106, -1.60902, -3.64553, -0.46891, 4.62395, 5.42286, 6.66819, 5.01127, -4.55008, 1.80724, 4.18731, ... ]
X at t=0.49:
[ 6.05524, 6.70307, 0.0821156, 4.53441, 2.47056, -4.78869, -1.81207, 1.04606, 0.375106, 0.00827122, 9.36847, 2.36135, -0.36304, 2.93172, 0.824711, 1.38233, 6.30558, 5.54251, -1.85398, 5.4632, 3.75404, -1.8975, 1.92566, 8.0416, -0.368026, -5.15723, -1.33108, -3.59824, -0.603993, 4.60814, 5.78009, 6.68523, 4.36275, -4.65052, 1.88773, 4.36405, ... ]
X at t=0.5:
[ 5.96696, 6.80435, 0.0627434, 4.56577, 2.30498, -4.81066, -1.64983, 1.02535, 0.469466, 0.122798, 9.35611, 2.37441, -0.430758, 2.988, 0.949924, 1.47807, 6.38737, 5.36122, -1.80231, 5.51898, 3.79153, -1.9333, 1.90451, 8.0661, -0.844345, -4.97035, -1.08892, -3.53576, -0.724364, 4.57878, 6.1379, 6.66455, 3.69156, -4.71573, 1.92858, 4.54776, ... ]
X at t=0.51:
[ 5.88202, 6.90041, 0.0501864, 4.59737, 2.13954, -4.81927, -1.4961, 1.01135, 0.56217, 0.243964, 9.34599, 2.3702, -0.496492, 3.04414, 1.07985, 1.57741, 6.46805, 5.17614, -1.75107, 5.5695, 3.82368, -1.97281, 1.88226, 8.08201, -1.29897, -4.74458, -0.881098, -3.46092, -0.830487, 4.53675, 6.49279, 6.60159, 3.00476, -4.74601, 1.92808, 4.73481, ... ]
X at t=0.52:
[ 5.80102, 6.99144, 0.044427, 4.62895, 1.97454, -4.81527, -1.35129, 1.00408, 0.653516, 0.371562, 9.33794, 2.34856, -0.55923, 3.09982, 1.21464, 1.68053, 6.54703, 4.98703, -1.70031, 5.61506, 3.8503, -2.0157, 1.85883, 8.09009, -1.72845, -4.48389, -0.705201, -3.37634, -0.922999, 4.48307, 6.84122, 6.49234, 2.31045, -4.74192, 1.88595, 4.92132, ... ]
X at t=0.53:
[ 5.72446, 7.07761, 0.0453608, 4.66023, 1.81023, -4.79936, -1.21571, 1.00342, 0.743791, 0.505396, 9.33173, 2.30939, -0.618001, 3.1547, 1.35445, 1.7876, 6.62368, 4.79363, -1.65, 5.65595, 3.8712, -2.06163, 1.83414, 8.09116, -2.12973, -4.19209, -0.558051, -3.28432, -1.00262, 4.41885, 7.17969, 6.33353, 1.61765, -4.70442, 1.80339, 5.10335, ... ]
X at t=0.54:
[ 5.65283, 7.15915, 0.052797, 4.69085, 1.64687, -4.77223, -1.08959, 1.00915, 0.833272, 0.645285, 9.327, 2.25273, -0.671869, 3.2084, 1.49936, 1.8988, 6.69727, 4.59569, -1.60005, 5.69247, 3.88626, -2.11026, 1.80812, 8.08605, -2.50024, -3.87284, -0.435926, -3.18684, -1.07011, 4.34526, 7.50489, 6.12286, 0.936049, -4.63497, 1.68303, 5.27712, ... ]
X at t=0.55:
[ 5.58656, 7.23628, 0.0664593, 4.72046, 1.48471, -4.73452, -0.973081, 1.02097, 0.922231, 0.791056, 9.32335, 2.17869, -0.719943, 3.26053, 1.64943, 2.0143, 6.76705, 4.39299, -1.55029, 5.7249, 3.89536, -2.16123, 1.7807, 8.07562, -2.8378, -3.52966, -0.334758, -3.0855, -1.1262, 4.26353, 7.81372, 5.8592, 0.275706, -4.53564, 1.52884, 5.43914, ... ]
X at t=0.56:
[ 5.52601, 7.30921, 0.0859882, 4.74867, 1.32401, -4.6868, -0.86622, 1.03851, 1.01094, 0.942546, 9.32022, 2.08749, -0.761374, 3.31068, 1.80467, 2.13424, 6.83217, 4.18533, -1.50052, 5.75349, 3.89838, -2.2142, 1.75179, 8.06073, -3.14065, -3.16605, -0.250331, -2.9816, -1.17157, 4.17492, 8.1034, 5.54279, -0.353281, -4.40918, 1.34593, 5.58641, ... ]
X at t=0.57:
[ 5.47152, 7.37815, 0.110945, 4.77506, 1.16503, -4.62964, -0.768964, 1.06134, 1.09967, 1.0996, 9.31701, 1.97944, -0.795351, 3.3585, 1.96504, 2.25876, 6.89171, 3.97257, -1.45048, 5.77853, 3.89524, -2.26883, 1.7213, 8.04223, -3.40743, -2.78544, -0.178441, -2.87616, -1.20685, 4.08073, 8.37157, 5.17527, -0.94117, -4.25909, 1.14023, 5.71648, ... ]
X at t=0.58:
[ 5.42338, 7.4433, 0.140814, 4.79924, 1.00807, -4.56355, -0.681179, 1.08901, 1.1887, 1.26208, 9.31297, 1.85495, -0.821109, 3.40364, 2.13047, 2.38795, 6.94468, 3.7546, -1.39985, 5.80025, 3.88587, -2.32479, 1.68915, 8.02096, -3.63712, -2.39126, -0.115054, -2.76995, -1.23261, 3.98226, 8.61628, 4.75973, -1.47895, -4.08955, 0.91821, 5.82754, ... ]
X at t=0.59:
[ 5.38184, 7.50485, 0.175009, 4.82082, 0.853428, -4.48902, -0.602639, 1.12103, 1.27832, 1.42983, 9.30727, 1.71451, -0.837925, 3.44582, 2.30083, 2.5219, 6.99001, 3.53138, -1.3483, 5.81893, 3.8702, -2.38173, 1.65522, 7.99774, -3.8291, -1.98693, -0.0564238, -2.66361, -1.24934, 3.88083, 8.83611, 4.30068, -1.95868, -3.90534, 0.686441, 5.91841, ... ]
X at t=0.6:
[ 5.34711, 7.56293, 0.212879, 4.83943, 0.701426, -4.40649, -0.533035, 1.15691, 1.3688, 1.60273, 9.29896, 1.55874, -0.845123, 3.48484, 2.47594, 2.6606, 7.02655, 3.30294, -1.29547, 5.83483, 3.84818, -2.43933, 1.61939, 7.97335, -3.98307, -1.57585, 0.000803532, -2.55767, -1.25751, 3.77773, 9.03011, 3.80386, -2.37376, -3.71162, 0.451267, 5.98849, ... ]
X at t=0.61:
[ 5.31937, 7.61768, 0.253714, 4.85472, 0.552418, -4.31639, -0.471977, 1.19616, 1.46046, 1.78063, 9.28701, 1.38834, -0.842077, 3.5206, 2.65557, 2.80404, 7.05306, 3.06942, -1.24099, 5.8482, 3.81974, -2.49727, 1.58153, 7.94852, -4.09903, -1.16143, 0.0595128, -2.45261, -1.25753, 3.67426, 9.19785, 3.27605, -2.71914, -3.5137, 0.21847, 6.03772, ... ]
X at t=0.62:
[ 5.29878, 7.66919, 0.29675, 4.86639, 0.406775, -4.21915, -0.419001, 1.2383, 1.55359, 1.96339, 9.27026, 1.20412, -0.828217, 3.55312, 2.83946, 2.95208, 7.06825, 2.83105, -1.1845, 5.85933, 3.78482, -2.55523, 1.54149, 7.92393, -4.17728, -0.746975, 0.122065, -2.34889, -1.2498, 3.57164, 9.33939, 2.72487, -2.99138, -3.31673, -0.00697868, 6.06647, ... ]
X at t=0.63:
[ 5.28543, 7.7175, 0.341183, 4.87421, 0.264896, -4.11514, -0.373575, 1.28287, 1.64849, 2.15087, 9.24745, 1.00701, -0.80304, 3.58253, 3.02731, 3.10453, 7.07073, 2.58817, -1.12564, 5.86852, 3.74339, -2.61291, 1.49912, 7.90023, -4.21838, -0.335732, 0.190262, -2.24703, -1.23472, 3.47104, 9.45521, 2.15843, -3.18871, -3.12539, -0.22107, 6.07543, ... ]
X at t=0.64:
[ 5.27944, 7.76265, 0.386169, 4.87801, 0.127198, -4.00478, -0.335105, 1.32944, 1.74549, 2.34291, 9.21725, 0.798022, -0.766122, 3.60915, 3.21878, 3.26106, 7.05908, 2.34126, -1.06412, 5.87606, 3.69538, -2.67, 1.45422, 7.87797, -4.22313, 0.0692072, 0.265338, -2.14756, -1.21269, 3.37359, 9.54619, 1.58512, -3.31087, -2.94365, -0.420803, 6.06553, ... ]
X at t=0.65:
[ 5.28088, 7.80458, 0.430842, 4.87766, -0.00588088, -3.88844, -0.302944, 1.37762, 1.84489, 2.53931, 9.17822, 0.578311, -0.717133, 3.63344, 3.4135, 3.42123, 7.03182, 2.09094, -0.999682, 5.88229, 3.64074, -2.72622, 1.40661, 7.85765, -4.19251, 0.464929, 0.347958, -2.05109, -1.18411, 3.28028, 9.6135, 1.01326, -3.35906, -2.77452, -0.604141, 6.03787, ... ]
X at t=0.66:
[ 5.28978, 7.84322, 0.474317, 4.87316, -0.133892, -3.76653, -0.276402, 1.42704, 1.94701, 2.73987, 9.12884, 0.349123, -0.655861, 3.65606, 3.61111, 3.58442, 6.98745, 1.83799, -0.932156, 5.88755, 3.57943, -2.78128, 1.35609, 7.83969, -4.12768, 0.84874, 0.438244, -1.95823, -1.14944, 3.19202, 9.65859, 0.450925, -3.33574, -2.61995, -0.769885, 5.99362, ... ]
X at t=0.67:
[ 5.30618, 7.87844, 0.515706, 4.86456, -0.256376, -3.63946, -0.254755, 1.47739, 2.05214, 2.94433, 9.06754, 0.111816, -0.58223, 3.67784, 3.81121, 3.74985, 6.92446, 1.58334, -0.861464, 5.8922, 3.5114, -2.83491, 1.30244, 7.82444, -4.02996, 1.2182, 0.53581, -1.86965, -1.10913, 3.10963, 9.68306, -0.0943124, -3.24442, -2.48076, -0.91751, 5.93405, ... ]
X at t=0.68:
[ 5.33009, 7.91006, 0.554126, 4.85203, -0.372872, -3.50763, -0.237254, 1.52841, 2.16059, 3.1524, 8.99268, -0.132157, -0.49633, 3.69979, 4.01341, 3.91652, 6.84139, 1.3281, -0.78765, 5.89661, 3.43663, -2.88682, 1.24543, 7.81215, -3.90075, 1.57116, 0.639808, -1.78599, -1.06367, 3.03377, 9.68863, -0.615538, -3.08951, -2.35666, -1.04697, 5.86044, ... ]
X at t=0.69:
[ 5.36149, 7.93782, 0.588711, 4.83583, -0.482923, -3.3715, -0.223134, 1.57986, 2.27264, 3.3637, 8.90257, -0.381248, -0.398443, 3.72312, 4.21735, 4.08324, 6.73684, 1.07357, -0.71089, 5.90118, 3.35511, -2.93677, 1.18483, 7.80298, -3.74156, 1.90576, 0.748989, -1.70784, -1.01354, 2.96502, 9.67707, -1.10662, -2.87616, -2.24641, -1.15853, 5.77415, ... ]
X at t=0.7:
[ 5.40037, 7.96144, 0.618627, 4.8163, -0.586085, -3.23149, -0.211629, 1.63157, 2.38856, 3.5778, 8.79552, -0.633833, -0.289077, 3.74916, 4.42267, 4.24853, 6.60951, 0.821203, -0.63151, 5.90628, 3.26683, -2.98448, 1.12041, 7.79703, -3.55394, 2.22044, 0.861766, -1.63572, -0.959257, 2.90382, 9.65015, -1.56232, -2.61008, -2.14795, -1.25259, 5.67658, ... ]
X at t=0.71:
[ 5.44668, 7.98055, 0.643082, 4.79391, -0.68193, -3.08809, -0.201977, 1.6834, 2.5086, 3.79418, 8.66982, -0.888223, -0.168989, 3.77942, 4.62904, 4.41065, 6.45829, 0.572625, -0.549999, 5.91228, 3.17184, -3.02968, 1.05194, 7.79426, -3.33947, 2.51393, 0.976284, -1.57004, -0.901326, 2.85051, 9.60961, -1.97829, -2.29742, -2.05866, -1.32962, 5.56922, ... ]
X at t=0.72:
[ 5.50035, 7.99472, 0.661342, 4.76921, -0.770055, -2.94176, -0.193432, 1.73527, 2.633, 4.01221, 8.52381, -1.14268, -0.0392165, 3.81547, 4.83616, 4.56761, 6.28226, 0.329623, -0.467008, 5.91955, 3.07021, -3.07212, 0.979208, 7.79457, -3.09978, 2.78524, 1.0905, -1.51107, -0.840247, 2.80534, 9.5571, -2.35118, -1.94466, -1.97555, -1.39004, 5.45366, ... ]
X at t=0.73:
[ 5.56131, 8.00346, 0.67274, 4.74283, -0.850089, -2.79299, -0.185274, 1.78712, 2.76196, 4.23115, 8.35584, -1.39545, 0.0988997, 3.85897, 5.04377, 4.71708, 6.08081, 0.0941181, -0.383345, 5.92839, 2.96207, -3.11151, 0.902016, 7.79774, -2.83647, 3.03364, 1.20224, -1.45889, -0.776505, 2.76844, 9.4942, -2.67854, -1.55847, -1.89549, -1.43426, 5.33157, ... ]
X at t=0.74:
[ 5.62945, 8.0062, 0.676693, 4.71548, -0.921694, -2.64228, -0.176818, 1.83895, 2.89567, 4.45012, 8.16438, -1.64475, 0.243702, 3.91157, 5.25164, 4.85648, 5.85366, -0.131862, -0.299967, 5.93907, 2.84757, -3.14756, 0.820191, 7.80345, -2.55115, 3.25858, 1.3093, -1.41344, -0.710568, 2.73988, 9.42238, -2.95886, -1.1456, -1.81544, -1.46269, 5.20476, ... ]
X at t=0.75:
[ 5.70464, 8.00233, 0.672712, 4.68796, -0.984573, -2.49012, -0.167418, 1.89077, 3.03427, 4.66811, 7.94799, -1.88883, 0.393206, 3.97487, 5.45953, 4.98293, 5.60096, -0.346219, -0.217945, 5.95179, 2.72696, -3.17998, 0.733595, 7.8113, -2.24542, 3.45972, 1.40948, -1.37444, -0.642879, 2.71964, 9.34299, -3.19149, -0.712762, -1.73259, -1.47573, 5.07509, ... ]
X at t=0.76:
[ 5.78672, 7.99115, 0.660415, 4.6611, -1.03847, -2.33703, -0.156479, 1.94266, 3.17787, 4.88392, 7.70539, -2.12594, 0.545108, 4.05032, 5.66724, 5.09329, 5.32334, -0.546829, -0.13843, 5.96667, 2.60056, -3.20845, 0.642135, 7.82075, -1.92088, 3.63682, 1.5007, -1.34142, -0.573861, 2.70765, 9.25729, -3.37658, -0.266546, -1.64451, -1.47392, 4.94448, ... ]
X at t=0.77:
[ 5.87552, 7.9719, 0.639535, 4.63576, -1.08317, -2.18349, -0.143457, 1.9947, 3.32657, 5.09621, 7.43548, -2.3544, 0.696795, 4.1392, 5.87454, 5.1842, 5.02198, -0.731602, -0.062605, 5.98374, 2.46874, -3.23263, 0.545776, 7.83119, -1.57913, 3.78975, 1.581, -1.31375, -0.503912, 2.70379, 9.16643, -3.51503, 0.186734, -1.54928, -1.45789, 4.81487, ... ]
X at t=0.78:
[ 5.9708, 7.94375, 0.609936, 4.61286, -1.11849, -2.02999, -0.127868, 2.047, 3.48038, 5.30344, 7.1374, -2.57255, 0.845384, 4.24249, 6.08114, 5.25212, 4.69865, -0.898543, 0.008377, 6.00295, 2.33198, -3.25217, 0.444545, 7.84192, -1.22176, 3.9184, 1.64865, -1.29062, -0.433406, 2.70789, 9.07147, -3.60834, 0.641125, -1.44547, -1.42847, 4.68816, ... ]
X at t=0.79:
[ 6.07231, 7.90583, 0.571615, 4.59325, -1.14431, -1.877, -0.109287, 2.09972, 3.6393, 5.50386, 6.81056, -2.7788, 0.987765, 4.36081, 6.28669, 5.29341, 4.35576, -1.04583, 0.0734588, 6.02416, 2.19084, -3.2667, 0.338548, 7.85213, -0.850406, 4.02268, 1.70219, -1.27109, -0.3627, 2.71974, 8.97336, -3.65861, 1.09114, -1.33222, -1.38669, 4.56614, ... ]
X at t=0.8:
[ 6.17973, 7.85719, 0.524711, 4.5778, -1.16052, -1.72497, -0.0873524, 2.15301, 3.80328, 5.69557, 6.45467, -2.97161, 1.12067, 4.49435, 6.49075, 5.3044, 3.99639, -1.17189, 0.131748, 6.04714, 2.04596, -3.27583, 0.227979, 7.86093, -0.466748, 4.1025, 1.74043, -1.25413, -0.292129, 2.73909, 8.87301, -3.66836, 1.53183, -1.20922, -1.33377, 4.45046, ... ]
X at t=0.81:
[ 6.29271, 7.79687, 0.469507, 4.56732, -1.16705, -1.57436, -0.0617655, 2.20706, 3.9722, 5.87642, 6.06982, -3.14946, 1.24074, 4.64281, 6.69271, 5.28151, 3.62427, -1.27548, 0.182584, 6.07159, 1.89805, -3.27917, 0.113124, 7.86739, -0.0725126, 4.15771, 1.76256, -1.2386, -0.222008, 2.76569, 8.77121, -3.6405, 1.95887, -1.07665, -1.27109, 4.34255, ... ]
X at t=0.82:
[ 6.41081, 7.72382, 0.406436, 4.56251, -1.16387, -1.42558, -0.03229, 2.26209, 4.14589, 6.04411, 5.65651, -3.31088, 1.34464, 4.80534, 6.89182, 5.22136, 3.24378, -1.35578, 0.225596, 6.09717, 1.7479, -3.27631, -0.00562494, 7.8705, 0.330492, 4.18813, 1.76813, -1.22336, -0.152632, 2.79923, 8.66874, -3.57817, 2.36856, -0.93514, -1.2002, 4.24362, ... ]
X at t=0.83:
[ 6.53355, 7.637, 0.336077, 4.56401, -1.15094, -1.27902, 0.00124954, 2.3183, 4.3241, 6.19614, 5.2157, -3.45441, 1.42917, 4.98051, 7.0871, 5.1209, 2.85986, -1.41244, 0.260747, 6.12352, 1.59634, -3.26685, -0.127769, 7.86923, 0.740366, 4.19353, 1.7571, -1.20726, -0.0842683, 2.8394, 8.56628, -3.48473, 2.75789, -0.785693, -1.1227, 4.15461, ... ]
X at t=0.84:
[ 6.66035, 7.53535, 0.259151, 4.5723, -1.12828, -1.13509, 0.0389692, 2.37594, 4.50652, 6.32985, 4.74884, -3.57857, 1.49138, 5.16627, 7.27738, 4.9776, 2.47796, -1.44568, 0.288352, 6.15027, 1.44424, -3.25043, -0.2527, 7.86253, 1.1551, 4.17367, 1.72984, -1.18919, -0.0171516, 2.88586, 8.46452, -3.36359, 3.12451, -0.629621, -1.04024, 4.07618, ... ]
X at t=0.85:
[ 6.79055, 7.41779, 0.176519, 4.58775, -1.09588, -0.994147, 0.0809288, 2.43526, 4.69276, 6.44246, 4.25794, -3.68189, 1.52869, 5.36002, 7.46127, 4.78957, 2.10389, -1.45629, 0.309079, 6.17707, 1.29246, -3.22668, -0.379703, 7.84937, 1.57259, 4.12831, 1.68715, -1.16814, 0.0485228, 2.93825, 8.36405, -3.2182, 3.46671, -0.468453, -0.954404, 4.00871, ... ]
X at t=0.86:
[ 6.9234, 7.28329, 0.0891719, 4.61052, -1.05378, -0.856547, 0.127135, 2.49653, 4.88233, 6.5311, 3.74558, -3.76289, 1.53907, 5.55863, 7.63716, 4.5557, 1.7437, -1.44564, 0.323913, 6.20363, 1.14186, -3.19528, -0.507959, 7.82878, 1.99059, 4.05724, 1.63028, -1.14322, 0.112609, 2.99622, 8.26545, -3.05195, 3.7834, -0.303868, -0.86671, 3.95234, ... ]
X at t=0.87:
[ 7.05802, 7.13081, -0.00178245, 4.64064, -1.00203, -0.722639, 0.177543, 2.56002, 5.07466, 6.59283, 3.21493, -3.82011, 1.52112, 5.7585, 7.80327, 4.27587, 1.40347, -1.41569, 0.334104, 6.22969, 0.993249, -3.15596, -0.636558, 7.79982, 2.40678, 3.96038, 1.56087, -1.11368, 0.175021, 3.05939, 8.16928, -2.86811, 4.07401, -0.137611, -0.778526, 3.90698, ... ]
X at t=0.88:
[ 7.19343, 6.95941, -0.0951289, 4.67791, -0.940673, -0.592763, 0.232065, 2.62601, 5.26906, 6.62475, 2.66981, -3.85213, 1.47425, 5.95573, 7.9577, 3.95102, 1.0892, -1.36885, 0.341081, 6.25508, 0.847392, -3.1085, -0.764512, 7.76171, 2.81875, 3.83777, 1.48096, -1.07896, 0.235736, 3.12741, 8.07603, -2.66983, 4.33847, 0.0285655, -0.691046, 3.87235, ... ]
X at t=0.89:
[ 7.32851, 6.76822, -0.189562, 4.72195, -0.869806, -0.467253, 0.290567, 2.6948, 5.46474, 6.62403, 2.11459, -3.85768, 1.39873, 6.14623, 8.09847, 3.58322, 0.806515, -1.30793, 0.346368, 6.27968, 0.704967, -3.05272, -0.890772, 7.71376, 3.22401, 3.68967, 1.39293, -1.0387, 0.294807, 3.19989, 7.98617, -2.46005, 4.57712, 0.192963, -0.605269, 3.84801, ... ]
X at t=0.9:
[ 7.46201, 6.55646, -0.283702, 4.7722, -0.789549, -0.346439, 0.352879, 2.76669, 5.66079, 6.588, 1.55422, -3.83565, 1.2958, 6.32594, 8.22362, 3.17578, 0.560574, -1.23592, 0.351479, 6.30342, 0.566574, -2.98852, -1.01425, 7.65547, 3.62009, 3.51663, 1.29948, -0.992741, 0.352356, 3.27651, 7.90013, -2.24153, 4.79063, 0.353987, -0.521982, 3.8334, ... ]
X at t=0.91:
[ 7.59252, 6.3235, -0.376114, 4.82791, -0.700068, -0.230647, 0.418796, 2.84197, 5.85617, 6.51424, 0.994141, -3.78527, 1.16767, 6.49101, 8.33125, 2.73314, 0.355834, -1.15587, 0.357834, 6.32628, 0.432724, -2.91586, -1.13382, 7.58653, 4.00452, 3.3195, 1.20351, -0.941128, 0.408583, 3.35693, 7.81831, -2.01679, 4.97995, 0.51018, -0.441765, 3.82788, ... ]
X at t=0.92:
[ 7.71849, 6.0689, -0.465326, 4.88815, -0.601588, -0.120198, 0.488081, 2.92093, 6.04971, 6.40066, 0.440203, -3.70622, 1.01751, 6.63803, 8.41969, 2.26086, 0.195923, -1.07061, 0.366685, 6.34827, 0.303842, -2.83478, -1.24839, 7.50681, 4.37493, 3.0995, 1.10811, -0.88409, 0.46375, 3.44085, 7.74104, -1.78814, 5.14622, 0.660256, -0.364997, 3.83079, ... ]
X at t=0.93:
[ 7.83817, 5.79238, -0.549852, 4.95185, -0.494408, -0.0154045, 0.560475, 3.00387, 6.24012, 6.2456, -0.101481, -3.59873, 0.849387, 6.76421, 8.4875, 1.76541, 0.0835146, -0.982616, 0.379073, 6.3694, 0.180275, -2.74537, -1.35688, 7.41646, 4.72908, 2.85824, 1.01639, -0.822012, 0.518175, 3.52803, 7.66861, -1.55766, 5.2907, 0.803117, -0.291872, 3.84142, ... ]
X at t=0.94:
[ 7.94968, 5.49392, -0.628213, 5.01784, -0.378914, 0.0834364, 0.635697, 3.09106, 6.42596, 6.0479, -0.624674, -3.46373, 0.668062, 6.86754, 8.53356, 1.254, 0.020247, -0.893798, 0.395802, 6.3897, 0.0623009, -2.6478, -1.45824, 7.3158, 5.06493, 2.59774, 0.931474, -0.755402, 0.57222, 3.61822, 7.60126, -1.32723, 5.41475, 0.937866, -0.222424, 3.85909, ... ]
X at t=0.95:
[ 8.05096, 5.17374, -0.698959, 5.08485, -0.255591, 0.176048, 0.713451, 3.18277, 6.60564, 5.80702, -1.12319, -3.30296, 0.478831, 6.94695, 8.55712, 0.734301, 0.00667357, -0.805364, 0.417456, 6.40918, -0.0498613, -2.54228, -1.55152, 7.20543, 5.38068, 2.32043, 0.856332, -0.684838, 0.626271, 3.71124, 7.53918, -1.09853, 5.51974, 1.06381, -0.156548, 3.88316, ... ]
X at t=0.96:
[ 8.13978, 4.83238, -0.7607, 5.15161, -0.125035, 0.262185, 0.793432, 3.27923, 6.77749, 5.52304, -1.59107, -3.11899, 0.287247, 7.0023, 8.55786, 0.214154, 0.0422564, -0.717742, 0.444429, 6.42782, -0.156043, -2.42912, -1.63583, 7.08614, 5.67485, 2.02907, 0.793731, -0.610917, 0.680723, 3.80696, 7.48249, -0.873038, 5.60707, 1.18045, -0.0940246, 3.91301, ... ]
X at t=0.97:
[ 8.21375, 4.47069, -0.812127, 5.21683, 0.0120421, 0.341642, 0.875331, 3.38064, 6.93966, 5.19678, -2.02278, -2.91525, 0.0988458, 7.03441, 8.53581, -0.298719, 0.125394, -0.63056, 0.476967, 6.4456, -0.256118, -2.30866, -1.7104, 6.95894, 5.94625, 1.72675, 0.746135, -0.534199, 0.735967, 3.90526, 7.43124, -0.652096, 5.67808, 1.28749, -0.0345483, 3.94808, ... ]
X at t=0.98:
[ 8.27035, 4.08989, -0.85205, 5.2793, 0.154808, 0.414265, 0.958841, 3.48717, 7.09022, 4.82979, -2.41335, -2.69597, -0.0811476, 7.04493, 8.49141, -0.79701, 0.253486, -0.542693, 0.515224, 6.46245, -0.349999, -2.18132, -1.77457, 6.825, 6.19409, 1.41682, 0.715633, -0.455155, 0.792371, 4.00608, 7.38543, -0.436883, 5.73406, 1.38482, 0.0222511, 3.98789, ... ]

Final state:
X at t=0.99:
[ 8.30693, 3.69156, -0.879429, 5.33796, 0.302318, 0.47996, 1.04367, 3.59895, 7.22713, 4.42435, -2.75853, -2.46601, -0.248089, 7.03624, 8.42543, -1.27408, 0.423019, -0.452368, 0.559301, 6.4783, -0.437633, -2.04754, -1.82777, 6.68565, 6.41791, 1.10276, 0.703883, -0.374118, 0.850273, 4.10939, 7.34501, -0.228453, 5.77623, 1.47249, 0.0767868, 4.03199, ... ]
