
Lmod is automatically replacing "craype-x86-rome" with "craype-x86-trento".

Lorenz96(k=10000000, F=8, dt=0.01, t_max=1)
 - warming up the simulation for 10
 - running ensemble of size 1 with initial perturbation N(0.0, 0.001)
 - compressing every output on the CPU with ZFP(fixed_rate=16)
 - saving config file to 'output/config_5030266.json'
 - saving performance file to 'performance/perf_5030266'

Initial state:
X at t=0:
[ 6.00049, 0.438965, 2.06494, 1.09717, 2.50781, 6.80469, 3.71094, -8.36719, 1.18262, 2.18848, 7.69824, 5.08691, 2.71826, 0.11377, -4.3501, 0.998535, 3.6748, 8.18066, 3.69824, 2.32129, 2.94141, -5.83203, -0.207031, -0.214844, 1.99707, 8.31152, 8.8877, -2.18066, -0.437988, -4.53467, -0.990723, 2.95947, 6.77344, 3.17188, 4.61133, 6.01367, ... ]

X at t=0.01:
[ 6.11182, 0.501465, 2.10205, 1.21045, 2.61719, 6.875, 3.00781, -8.39062, 1.33691, 2.45215, 7.79004, 5.13184, 2.37988, -0.0478516, -4.22559, 0.90918, 3.83496, 8.28223, 3.61621, 2.18066, 2.77979, -5.76221, 0.0512695, -0.13916, 2.04297, 8.48438, 8.49609, -2.82812, -0.0244141, -4.41309, -1.04395, 2.89551, 6.90869, 3.33545, 4.61377, 5.8374, ... ]
X at t=0.02:
[ 6.20361, 0.583496, 2.1333, 1.32178, 2.73242, 6.92383, 2.29492, -8.37305, 1.40723, 2.72949, 7.8877, 5.13184, 2.03076, -0.171387, -4.104, 0.811035, 3.98535, 8.38574, 3.50879, 2.04199, 2.63623, -5.67529, 0.290527, -0.0444336, 2.0957, 8.6543, 8.04883, -3.4082, 0.446289, -4.28613, -1.06543, 2.82715, 7.04834, 3.50244, 4.60693, 5.64307, ... ]
X at t=0.03:
[ 6.27734, 0.685547, 2.16016, 1.43555, 2.84961, 6.95117, 1.58398, -8.31445, 1.39648, 3.00977, 7.99805, 5.08008, 1.67383, -0.258789, -3.98047, 0.711914, 4.11914, 8.48633, 3.38086, 1.89648, 2.51074, -5.58105, 0.510742, 0.0673828, 2.15332, 8.81152, 7.54785, -3.91895, 0.960938, -4.14453, -1.06641, 2.75781, 7.1875, 3.67578, 4.58203, 5.4375, ... ]
X at t=0.04:
[ 6.33936, 0.805176, 2.18115, 1.54541, 2.97363, 6.95215, 0.875977, -8.22363, 1.30176, 3.28027, 8.11035, 4.97949, 1.31934, -0.30957, -3.8584, 0.610352, 4.24121, 8.59473, 3.22559, 1.75879, 2.40527, -5.47559, 0.713867, 0.192383, 2.22266, 8.96094, 6.98828, -4.35156, 1.49854, -3.98682, -1.03662, 2.69287, 7.32471, 3.85107, 4.54541, 5.22021, ... ]
X at t=0.05:
[ 6.3877, 0.932617, 2.2002, 1.65918, 3.09961, 6.93164, 0.169922, -8.0918, 1.13574, 3.52441, 8.2334, 4.8252, 0.971191, -0.325684, -3.73975, 0.510254, 4.34961, 8.69727, 3.04883, 1.62305, 2.31592, -5.36084, 0.899902, 0.33252, 2.29883, 9.0957, 6.39258, -4.7168, 2.04175, -3.80542, -0.980713, 2.63306, 7.46436, 4.02783, 4.48975, 4.99072, ... ]
X at t=0.06:
[ 6.43213, 1.07373, 2.21143, 1.76709, 3.22559, 6.87988, -0.512695, -7.9209, 0.899414, 3.7373, 8.36426, 4.62402, 0.635986, -0.308838, -3.62085, 0.410889, 4.43945, 8.79883, 2.84961, 1.49805, 2.24609, -5.24219, 1.06641, 0.484375, 2.39062, 9.21484, 5.75, -5.00391, 2.57275, -3.59717, -0.901855, 2.58057, 7.59961, 4.20703, 4.41602, 4.75781, ... ]
X at t=0.07:
[ 6.47021, 1.21924, 2.21436, 1.87744, 3.35938, 6.80469, -1.1875, -7.71094, 0.608398, 3.90332, 8.50293, 4.37598, 0.319336, -0.264648, -3.50488, 0.317383, 4.51953, 8.90234, 2.63672, 1.37891, 2.18848, -5.11621, 1.22363, 0.645508, 2.49121, 9.32129, 5.07324, -5.22168, 3.07935, -3.36157, -0.804443, 2.53979, 7.73535, 4.38379, 4.32129, 4.5166, ... ]
X at t=0.08:
[ 6.50391, 1.36719, 2.21484, 1.98438, 3.49512, 6.7002, -1.83691, -7.45996, 0.268555, 4.0166, 8.64355, 4.08691, 0.0246582, -0.195557, -3.39038, 0.229248, 4.58789, 8.99414, 2.40039, 1.27539, 2.14746, -4.98535, 1.3623, 0.81543, 2.60645, 9.41309, 4.36816, -5.37207, 3.54956, -3.09839, -0.69165, 2.51196, 7.86865, 4.55518, 4.20654, 4.27588, ... ]
X at t=0.09:
[ 6.53711, 1.51367, 2.20898, 2.0918, 3.63086, 6.56055, -2.45508, -7.16602, -0.106445, 4.06738, 8.7959, 3.7666, -0.244629, -0.106934, -3.27783, 0.148926, 4.64355, 9.0791, 2.15527, 1.18457, 2.11768, -4.85205, 1.48682, 0.993652, 2.73047, 9.48047, 3.64453, -5.46484, 3.96899, -2.80884, -0.567139, 2.49878, 8.00195, 4.7168, 4.07227, 4.03711, ... ]
X at t=0.1:
[ 6.56787, 1.65674, 2.19482, 2.19775, 3.76367, 6.39648, -3.04102, -6.83008, -0.499023, 4.05762, 8.94629, 3.41699, -0.480469, -0.00195312, -3.16602, 0.0742188, 4.69336, 9.1543, 1.88867, 1.11523, 2.10059, -4.71777, 1.60059, 1.18066, 2.87012, 9.52051, 2.90527, -5.50684, 4.33398, -2.49414, -0.439453, 2.49805, 8.13184, 4.87207, 3.90918, 3.80566, ... ]
X at t=0.11:
[ 6.60205, 1.79443, 2.17822, 2.30029, 3.89844, 6.20312, -3.58984, -6.44922, -0.901367, 3.9873, 9.09473, 3.0459, -0.684814, 0.114502, -3.05493, 0.0100098, 4.73047, 9.22656, 1.61719, 1.05859, 2.08691, -4.5791, 1.7041, 1.37402, 3.01855, 9.54785, 2.15527, -5.50293, 4.63428, -2.15967, -0.309082, 2.51416, 8.26367, 5.00977, 3.72852, 3.57617, ... ]
X at t=0.12:
[ 6.63623, 1.92822, 2.15771, 2.40283, 4.03125, 5.97266, -4.08984, -6.03125, -1.2959, 3.8623, 9.23535, 2.66699, -0.854248, 0.238037, -2.94312, -0.0461426, 4.76074, 9.28223, 1.33887, 1.02441, 2.08643, -4.43799, 1.7915, 1.57178, 3.18457, 9.53809, 1.39941, -5.4502, 4.87598, -1.81152, -0.182617, 2.54395, 8.39648, 5.13086, 3.52539, 3.36133, ... ]
X at t=0.13:
[ 6.67139, 2.04932, 2.13428, 2.50439, 4.15967, 5.72119, -4.54932, -5.57373, -1.6709, 3.67871, 9.37207, 2.28418, -0.987793, 0.364746, -2.83252, -0.0952148, 4.7832, 9.33008, 1.06055, 1.00586, 2.08643, -4.29932, 1.87354, 1.77686, 3.36035, 9.50293, 0.637695, -5.36035, 5.05029, -1.45264, -0.0610352, 2.58447, 8.52637, 5.22754, 3.30371, 3.16113, ... ]
X at t=0.14:
[ 6.71338, 2.16943, 2.10596, 2.60107, 4.28613, 5.43262, -4.95215, -5.08691, -2.0166, 3.4502, 9.49902, 1.91113, -1.08667, 0.490967, -2.72046, -0.13501, 4.80273, 9.36914, 0.771484, 1.00977, 2.09668, -4.15723, 1.94043, 1.9834, 3.54785, 9.43262, -0.112305, -5.24316, 5.15918, -1.08887, 0.0498047, 2.6377, 8.65723, 5.30762, 3.05957, 2.97559, ... ]
X at t=0.15:
[ 6.75684, 2.28027, 2.07324, 2.69824, 4.40527, 5.12207, -5.30957, -4.57715, -2.32227, 3.18555, 9.61133, 1.54883, -1.15112, 0.61499, -2.60913, -0.167236, 4.81738, 9.38965, 0.493164, 1.03418, 2.10547, -4.01562, 2.00391, 2.19531, 3.74805, 9.32227, -0.853516, -5.0918, 5.2085, -0.726074, 0.151855, 2.70166, 8.79102, 5.35742, 2.80273, 2.81445, ... ]
X at t=0.16:
[ 6.80371, 2.38379, 2.03809, 2.79785, 4.52246, 4.78223, -5.60645, -4.0498, -2.58496, 2.88965, 9.71582, 1.20605, -1.18213, 0.73291, -2.49463, -0.192871, 4.82812, 9.40234, 0.214844, 1.07812, 2.11963, -3.87549, 2.05518, 2.41162, 3.95703, 9.17578, -1.58203, -4.91016, 5.20264, -0.368652, 0.243652, 2.77393, 8.92285, 5.37793, 2.52441, 2.6748, ... ]
X at t=0.17:
[ 6.85547, 2.48828, 2, 2.89062, 4.62988, 4.42871, -5.8584, -3.5127, -2.7998, 2.57715, 9.79785, 0.893555, -1.18506, 0.847168, -2.38428, -0.20752, 4.83594, 9.40234, -0.0585938, 1.14062, 2.13477, -3.7373, 2.09961, 2.62988, 4.16895, 8.9834, -2.28809, -4.70801, 5.14648, -0.0234375, 0.326172, 2.85156, 9.05469, 5.36328, 2.23828, 2.55469, ... ]
X at t=0.18:
[ 6.91016, 2.58594, 1.96484, 2.98438, 4.73145, 4.0459, -6.05371, -2.97363, -2.96289, 2.25586, 9.86523, 0.615234, -1.16089, 0.954834, -2.27222, -0.217041, 4.8418, 9.38867, -0.318359, 1.2207, 2.1543, -3.60059, 2.13672, 2.85059, 4.39453, 8.74609, -2.97266, -4.48047, 5.04932, 0.306152, 0.398926, 2.93701, 9.18848, 5.31934, 1.94238, 2.46387, ... ]
X at t=0.19:
[ 6.9668, 2.68555, 1.91992, 3.07617, 4.82129, 3.65137, -6.19824, -2.44629, -3.07617, 1.93164, 9.92383, 0.369141, -1.11255, 1.05493, -2.1604, -0.219482, 4.84668, 9.36426, -0.571289, 1.32129, 2.17261, -3.46558, 2.16577, 3.07446, 4.62158, 8.45459, -3.61865, -4.23877, 4.9165, 0.622559, 0.465332, 3.02295, 9.32031, 5.23438, 1.64453, 2.39453, ... ]
X at t=0.2:
[ 7.02344, 2.78516, 1.875, 3.16797, 4.90234, 3.23828, -6.30078, -1.93359, -3.14062, 1.62109, 9.96094, 0.160156, -1.04431, 1.14978, -2.04968, -0.216919, 4.85449, 9.3291, -0.80957, 1.43848, 2.19336, -3.33398, 2.19141, 3.30078, 4.84863, 8.11621, -4.2334, -3.98145, 4.75586, 0.916016, 0.525391, 3.11523, 9.45117, 5.11914, 1.3457, 2.34961, ... ]
X at t=0.21:
[ 7.0791, 2.88574, 1.8291, 3.25293, 4.9668, 2.82227, -6.35742, -1.44727, -3.16113, 1.31348, 9.99121, -0.00292969, -0.960938, 1.23828, -1.94043, -0.208008, 4.86133, 9.2832, -1.0332, 1.56836, 2.21582, -3.20605, 2.20996, 3.52637, 5.07227, 7.7207, -4.80273, -3.7168, 4.57227, 1.19336, 0.583984, 3.21289, 9.57812, 4.95703, 1.05078, 2.32812, ... ]
X at t=0.22:
[ 7.13672, 2.99219, 1.77734, 3.33594, 5.02588, 2.39209, -6.37842, -0.98877, -3.13965, 1.03418, 10.0049, -0.133789, -0.86499, 1.32202, -1.83179, -0.193604, 4.86816, 9.22168, -1.2373, 1.70996, 2.24097, -3.08179, 2.22241, 3.75513, 5.29395, 7.27637, -5.33496, -3.44629, 4.37988, 1.44629, 0.641602, 3.30957, 9.7002, 4.76465, 0.766602, 2.33105, ... ]
X at t=0.23:
[ 7.1875, 3.09766, 1.72656, 3.41797, 5.06689, 1.9585, -6.36084, -0.562988, -3.08789, 0.767578, 10.0137, -0.224609, -0.762207, 1.40186, -1.7251, -0.174316, 4.87988, 9.15527, -1.43262, 1.86621, 2.27002, -2.96338, 2.23291, 3.98389, 5.50684, 6.77441, -5.80957, -3.18262, 4.18066, 1.68262, 0.702148, 3.41113, 9.81641, 4.52734, 0.496094, 2.34766, ... ]
X at t=0.24:
[ 7.23633, 3.20898, 1.66992, 3.49414, 5.09912, 1.52393, -6.31299, -0.177246, -3.00293, 0.526367, 10.0088, -0.274414, -0.653076, 1.47729, -1.62085, -0.150635, 4.89258, 9.08008, -1.60352, 2.0293, 2.29736, -2.84424, 2.23682, 4.2124, 5.70703, 6.21875, -6.23047, -2.92188, 3.98242, 1.89844, 0.763672, 3.51562, 9.9248, 4.25879, 0.245117, 2.38379, ... ]
X at t=0.25:
[ 7.27734, 3.32812, 1.61328, 3.57031, 5.11621, 1.09082, -6.23535, 0.168945, -2.89258, 0.306641, 10.0059, -0.294922, -0.54248, 1.55029, -1.51807, -0.122559, 4.91113, 8.99121, -1.75684, 2.19824, 2.33203, -2.73633, 2.23828, 4.44336, 5.89062, 5.62109, -6.60156, -2.68359, 3.78613, 2.09863, 0.831055, 3.62402, 10.0244, 3.95605, 0.00878906, 2.43262, ... ]
X at t=0.26:
[ 7.31348, 3.45215, 1.55176, 3.64355, 5.11768, 0.657715, -6.13428, 0.476074, -2.76172, 0.109375, 9.98828, -0.28125, -0.433838, 1.61938, -1.41724, -0.0905762, 4.93164, 8.89648, -1.89258, 2.37695, 2.36768, -2.62939, 2.23682, 4.66943, 6.04883, 4.9668, -6.9043, -2.4707, 3.59912, 2.28369, 0.901855, 3.73486, 10.1094, 3.62109, -0.199219, 2.49219, ... ]
X at t=0.27:
[ 7.34082, 3.58105, 1.48535, 3.70996, 5.10791, 0.237793, -6.01514, 0.739746, -2.62012, -0.0634766, 9.96973, -0.239258, -0.328125, 1.68848, -1.31934, -0.0546875, 4.95508, 8.79492, -2.01367, 2.56055, 2.40967, -2.52881, 2.23193, 4.89502, 6.18066, 4.28418, -7.14355, -2.29004, 3.4209, 2.45605, 0.979492, 3.85059, 10.1836, 3.25, -0.375, 2.55859, ... ]
X at t=0.28:
[ 7.35938, 3.71484, 1.42578, 3.77344, 5.08154, -0.177246, -5.87744, 0.965332, -2.46094, -0.214844, 9.94531, -0.167969, -0.229004, 1.75342, -1.22217, -0.0151367, 4.98242, 8.68945, -2.11914, 2.74414, 2.45312, -2.43359, 2.22656, 5.12109, 6.28516, 3.55859, -7.32422, -2.14453, 3.25146, 2.61963, 1.06201, 3.96924, 10.2393, 2.85449, -0.526367, 2.62793, ... ]
X at t=0.29:
[ 7.37012, 3.85645, 1.35449, 3.83301, 5.0459, -0.581055, -5.72363, 1.14941, -2.29883, -0.341797, 9.91992, -0.0761719, -0.137207, 1.81787, -1.12744, 0.0268555, 5.01221, 8.57178, -2.20068, 2.9292, 2.50244, -2.34619, 2.21924, 5.33936, 6.35059, 2.81348, -7.44238, -2.04199, 3.0874, 2.77393, 1.15576, 4.09229, 10.2832, 2.43164, -0.638672, 2.69727, ... ]
X at t=0.3:
[ 7.36914, 4.00195, 1.2793, 3.88867, 4.99414, -0.970703, -5.55664, 1.29883, -2.13281, -0.445312, 9.89062, 0.03125, -0.0532227, 1.88037, -1.03369, 0.0717773, 5.04834, 8.45361, -2.27002, 3.11182, 2.55469, -2.26367, 2.20703, 5.56055, 6.37793, 2.04395, -7.49316, -1.9834, 2.93115, 2.92236, 1.25342, 4.22119, 10.3008, 1.99609, -0.722656, 2.76953, ... ]
X at t=0.31:
[ 7.35742, 4.15039, 1.20898, 3.93945, 4.93066, -1.34473, -5.38184, 1.41309, -1.96973, -0.53418, 9.8623, 0.157227, 0.0192871, 1.94165, -0.94165, 0.119385, 5.08398, 8.32617, -2.32227, 3.29492, 2.6123, -2.18848, 2.19824, 5.77246, 6.36523, 1.26758, -7.4707, -1.97461, 2.7749, 3.06494, 1.3667, 4.35205, 10.2969, 1.53516, -0.765625, 2.83203, ... ]
X at t=0.32:
[ 7.34082, 4.30371, 1.13379, 3.9873, 4.85449, -1.70215, -5.19629, 1.49707, -1.7998, -0.610352, 9.8291, 0.299805, 0.0802002, 2.00037, -0.850952, 0.170776, 5.12744, 8.19482, -2.36279, 3.47021, 2.67139, -2.1167, 2.18896, 5.979, 6.30176, 0.495117, -7.38965, -2.00879, 2.61963, 3.20459, 1.48486, 4.4917, 10.2686, 1.07129, -0.774414, 2.8877, ... ]
X at t=0.33:
[ 7.30957, 4.45996, 1.05566, 4.03418, 4.76807, -2.0415, -5.00342, 1.5542, -1.63672, -0.664062, 9.80078, 0.445312, 0.131104, 2.05933, -0.761475, 0.223389, 5.17236, 8.06396, -2.38818, 3.64404, 2.73779, -2.05225, 2.17334, 6.18018, 6.19531, -0.261719, -7.25, -2.08203, 2.45752, 3.34326, 1.61572, 4.63428, 10.2139, 0.598633, -0.750977, 2.94629, ... ]
X at t=0.34:
[ 7.27246, 4.61816, 0.979492, 4.0752, 4.66992, -2.36328, -4.80664, 1.58984, -1.47266, -0.703125, 9.76953, 0.601562, 0.168335, 2.11536, -0.671997, 0.278931, 5.22754, 7.9248, -2.40137, 3.81152, 2.80078, -1.99609, 2.16406, 6.375, 6.03516, -0.996094, -7.04297, -2.19922, 2.28613, 3.47949, 1.75879, 4.78027, 10.1299, 0.120117, -0.686523, 2.99121, ... ]
X at t=0.35:
[ 7.22656, 4.77344, 0.902344, 4.11328, 4.5625, -2.66602, -4.60156, 1.59961, -1.31445, -0.732422, 9.73242, 0.767578, 0.194824, 2.17236, -0.58252, 0.336426, 5.28027, 7.78223, -2.40332, 3.97363, 2.87109, -1.94531, 2.14844, 6.55859, 5.8291, -1.69629, -6.78418, -2.34082, 2.10645, 3.61426, 1.91504, 4.93066, 10.0117, -0.347656, -0.589844, 3.03516, ... ]
X at t=0.36:
[ 7.1709, 4.93457, 0.823242, 4.14941, 4.44434, -2.94434, -4.39551, 1.59082, -1.16113, -0.745117, 9.70215, 0.930664, 0.208984, 2.22754, -0.494141, 0.395508, 5.33496, 7.6416, -2.39551, 4.12988, 2.94336, -1.90039, 2.13477, 6.73633, 5.57812, -2.35547, -6.47656, -2.50391, 1.91699, 3.74707, 2.08496, 5.08691, 9.8623, -0.81543, -0.461914, 3.0791, ... ]
X at t=0.37:
[ 7.10938, 5.08984, 0.75, 4.18359, 4.31885, -3.20361, -4.18701, 1.57178, -1.0127, -0.749023, 9.6709, 1.09082, 0.212402, 2.28174, -0.404785, 0.45752, 5.39746, 7.49316, -2.37988, 4.27832, 3.01172, -1.86328, 2.12109, 6.90234, 5.27539, -2.96289, -6.11523, -2.68164, 1.71533, 3.87646, 2.27197, 5.24561, 9.68164, -1.26758, -0.310547, 3.11523, ... ]
X at t=0.38:
[ 7.04102, 5.24805, 0.669922, 4.21289, 4.18799, -3.44385, -3.97803, 1.53857, -0.875, -0.734375, 9.64062, 1.25, 0.203491, 2.33606, -0.314575, 0.521118, 5.45996, 7.34473, -2.35645, 4.41895, 3.08691, -1.83301, 2.10645, 7.06152, 4.93018, -3.50635, -5.72412, -2.86377, 1.50537, 4.00049, 2.47217, 5.40479, 9.45898, -1.70117, -0.134766, 3.1582, ... ]
X at t=0.39:
[ 6.96484, 5.40039, 0.597656, 4.24414, 4.05078, -3.66406, -3.76562, 1.49609, -0.735352, -0.713867, 9.60449, 1.40723, 0.185059, 2.38916, -0.224121, 0.587402, 5.52539, 7.19727, -2.32617, 4.54883, 3.15625, -1.80859, 2.09375, 7.20703, 4.54492, -3.99023, -5.29883, -3.03711, 1.29102, 4.11719, 2.69336, 5.56641, 9.19824, -2.12012, 0.0615234, 3.21191, ... ]
X at t=0.4:
[ 6.88477, 5.55273, 0.525391, 4.27148, 3.90527, -3.8623, -3.55566, 1.4502, -0.608398, -0.676758, 9.5752, 1.55371, 0.156738, 2.44189, -0.131348, 0.655762, 5.59375, 7.03906, -2.28906, 4.67188, 3.22852, -1.79102, 2.08008, 7.3418, 4.12207, -4.40332, -4.85449, -3.2002, 1.07227, 4.22461, 2.93164, 5.72461, 8.89453, -2.51172, 0.277344, 3.26172, ... ]
X at t=0.41:
[ 6.79639, 5.70166, 0.458496, 4.30127, 3.75977, -4.03711, -3.3457, 1.39648, -0.478516, -0.638672, 9.54492, 1.69727, 0.120117, 2.49512, -0.0371094, 0.726562, 5.66992, 6.88477, -2.25195, 4.79102, 3.29883, -1.7832, 2.06445, 7.4668, 3.67041, -4.74658, -4.40186, -3.34229, 0.852539, 4.32324, 3.18848, 5.88574, 8.55469, -2.88281, 0.5, 3.32812, ... ]
X at t=0.42:
[ 6.70898, 5.8418, 0.392578, 4.33008, 3.60547, -4.19531, -3.13672, 1.34375, -0.360352, -0.584961, 9.51855, 1.8252, 0.0761719, 2.54785, 0.0595703, 0.798828, 5.74316, 6.72168, -2.20605, 4.89746, 3.36816, -1.77832, 2.05176, 7.57715, 3.19434, -5.01855, -3.94629, -3.46387, 0.629883, 4.40918, 3.46191, 6.03809, 8.16895, -3.21582, 0.727539, 3.40527, ... ]
X at t=0.43:
[ 6.61816, 5.9834, 0.333008, 4.35449, 3.44873, -4.33154, -2.93213, 1.2876, -0.246094, -0.523438, 9.48828, 1.94531, 0.0249023, 2.60205, 0.158691, 0.874512, 5.82129, 6.56152, -2.15918, 5.00293, 3.43457, -1.77832, 2.03223, 7.67871, 2.69922, -5.22266, -3.49609, -3.55859, 0.420898, 4.48145, 3.75684, 6.18457, 7.74561, -3.52295, 0.950684, 3.49463, ... ]
X at t=0.44:
[ 6.52295, 6.11768, 0.274902, 4.38525, 3.28857, -4.45068, -2.73291, 1.23877, -0.135742, -0.454102, 9.46191, 2.0498, -0.0317383, 2.65479, 0.26123, 0.95166, 5.89844, 6.39844, -2.10938, 5.09375, 3.49805, -1.78711, 2.02148, 7.76758, 2.18896, -5.35889, -3.06299, -3.62646, 0.216797, 4.54102, 4.06445, 6.31836, 7.27832, -3.79785, 1.16504, 3.60449, ... ]
X at t=0.45:
[ 6.4292, 6.24463, 0.224121, 4.41455, 3.12939, -4.55127, -2.53662, 1.18896, -0.0302734, -0.375977, 9.44238, 2.14355, -0.0939941, 2.70923, 0.365967, 1.03247, 5.97852, 6.23633, -2.06055, 5.18164, 3.55664, -1.80273, 2.00195, 7.8457, 1.67041, -5.43018, -2.65186, -3.6665, 0.0253906, 4.58398, 4.38867, 6.43945, 6.76904, -4.03662, 1.36084, 3.72705, ... ]
X at t=0.46:
[ 6.33447, 6.36865, 0.180176, 4.44092, 2.96484, -4.63281, -2.34375, 1.14453, 0.078125, -0.292969, 9.42188, 2.22266, -0.158691, 2.76416, 0.475098, 1.11475, 6.05859, 6.06641, -2.01172, 5.26172, 3.61328, -1.81641, 1.98047, 7.91016, 1.15039, -5.44141, -2.27148, -3.68359, -0.151367, 4.6123, 4.72754, 6.53809, 6.21826, -4.24365, 1.54053, 3.86768, ... ]
X at t=0.47:
[ 6.23975, 6.48486, 0.140137, 4.47119, 2.80078, -4.69922, -2.16016, 1.10547, 0.179688, -0.199219, 9.39844, 2.28516, -0.226074, 2.81982, 0.587402, 1.20166, 6.14258, 5.89258, -1.95898, 5.33789, 3.66406, -1.83984, 1.96875, 7.96484, 0.633301, -5.39893, -1.92334, -3.67432, -0.319336, 4.62402, 5.07129, 6.61621, 5.62939, -4.41455, 1.68994, 4.021, ... ]
X at t=0.48:
[ 6.14795, 6.59814, 0.106934, 4.50244, 2.6377, -4.75293, -1.9834, 1.07129, 0.277344, -0.0976562, 9.37891, 2.33203, -0.294678, 2.87573, 0.703369, 1.28979, 6.22461, 5.7207, -1.9082, 5.40039, 3.70898, -1.86523, 1.94336, 8.00977, 0.125, -5.30078, -1.60938, -3.64453, -0.467773, 4.62793, 5.42285, 6.66699, 5.01221, -4.54736, 1.80713, 4.18506, ... ]
X at t=0.49:
[ 6.05469, 6.70312, 0.0820312, 4.53516, 2.47119, -4.78955, -1.81201, 1.04443, 0.375, 0.0078125, 9.36719, 2.35938, -0.363525, 2.93188, 0.823975, 1.38306, 6.30762, 5.54395, -1.85254, 5.46191, 3.75391, -1.89844, 1.92578, 8.03906, -0.366699, -5.15674, -1.3335, -3.6001, -0.604492, 4.6084, 5.77832, 6.68652, 4.36475, -4.6499, 1.88623, 4.36377, ... ]
X at t=0.5:
[ 5.96631, 6.80518, 0.0620117, 4.56494, 2.30615, -4.81006, -1.64893, 1.02393, 0.467773, 0.125977, 9.35449, 2.37207, -0.431152, 2.98779, 0.949707, 1.47803, 6.38672, 5.36328, -1.80078, 5.51953, 3.79395, -1.93066, 1.89941, 8.06543, -0.843262, -4.96924, -1.09131, -3.5376, -0.725586, 4.58105, 6.1377, 6.66309, 3.69287, -4.71436, 1.9292, 4.54541, ... ]
X at t=0.51:
[ 5.8833, 6.8999, 0.0493164, 4.59717, 2.13965, -4.81934, -1.49707, 1.0127, 0.561523, 0.243164, 9.34668, 2.37207, -0.496582, 3.04443, 1.07959, 1.57764, 6.46875, 5.17578, -1.75, 5.56641, 3.82617, -1.97461, 1.88086, 8.08008, -1.2998, -4.74512, -0.881836, -3.45996, -0.830078, 4.53711, 6.49414, 6.60352, 3.00537, -4.74561, 1.9292, 4.73291, ... ]
X at t=0.52:
[ 5.80029, 6.99268, 0.0444336, 4.62744, 1.9751, -4.81299, -1.35107, 1.00146, 0.654297, 0.373047, 9.33398, 2.34961, -0.559814, 3.10083, 1.2146, 1.67993, 6.54785, 4.9873, -1.69824, 5.61621, 3.84961, -2.01367, 1.85742, 8.08789, -1.72705, -4.48389, -0.705566, -3.37646, -0.922852, 4.48535, 6.84277, 6.49316, 2.30908, -4.74072, 1.88525, 4.92139, ... ]
X at t=0.53:
[ 5.72266, 7.07812, 0.046875, 4.66016, 1.81152, -4.7998, -1.21582, 1.00098, 0.744141, 0.505859, 9.33008, 2.31055, -0.617432, 3.15454, 1.35425, 1.78638, 6.62305, 4.79102, -1.64648, 5.6543, 3.87012, -2.06152, 1.83496, 8.09082, -2.12842, -4.18994, -0.560059, -3.28564, -1.00195, 4.41992, 7.17773, 6.33398, 1.61621, -4.70215, 1.80371, 5.10254, ... ]
X at t=0.54:
[ 5.65186, 7.15869, 0.0522461, 4.69189, 1.64551, -4.77246, -1.08887, 1.00879, 0.831055, 0.645508, 9.32715, 2.25098, -0.671387, 3.20654, 1.50049, 1.89795, 6.69629, 4.59277, -1.59668, 5.69043, 3.88281, -2.10938, 1.8125, 8.08594, -2.50024, -3.87183, -0.436768, -3.18726, -1.06934, 4.34668, 7.50488, 6.12402, 0.936035, -4.6333, 1.68408, 5.27881, ... ]
X at t=0.55:
[ 5.58545, 7.23682, 0.0678711, 4.71924, 1.48438, -4.73438, -0.972656, 1.01953, 0.920898, 0.790039, 9.32324, 2.17676, -0.720703, 3.25977, 1.65039, 2.01367, 6.76758, 4.39258, -1.54883, 5.72461, 3.89453, -2.15625, 1.77734, 8.07031, -2.8374, -3.52881, -0.335449, -3.08545, -1.125, 4.26562, 7.8125, 5.85938, 0.276367, -4.53418, 1.53027, 5.43848, ... ]
X at t=0.56:
[ 5.52588, 7.31006, 0.0864258, 4.74561, 1.3252, -4.68652, -0.866211, 1.03613, 1.00684, 0.942383, 9.32324, 2.08691, -0.760742, 3.30957, 1.80566, 2.13379, 6.83398, 4.18555, -1.49805, 5.75195, 3.89941, -2.21191, 1.74707, 8.05762, -3.14038, -3.16528, -0.250732, -2.98267, -1.17188, 4.17578, 8.10156, 5.54297, -0.351074, -4.40869, 1.34619, 5.58545, ... ]
X at t=0.57:
[ 5.47119, 7.37842, 0.109863, 4.7749, 1.16504, -4.62988, -0.768555, 1.06152, 1.09668, 1.09863, 9.31934, 1.97754, -0.794434, 3.35889, 1.96533, 2.25928, 6.89355, 3.97363, -1.4502, 5.77832, 3.89844, -2.26562, 1.71875, 8.03906, -3.40796, -2.7854, -0.178467, -2.87622, -1.20801, 4.0791, 8.37402, 5.17676, -0.942383, -4.25684, 1.13965, 5.71582, ... ]
X at t=0.58:
[ 5.42334, 7.44189, 0.140137, 4.79932, 1.00879, -4.56348, -0.682617, 1.08887, 1.18848, 1.26465, 9.30957, 1.85449, -0.820801, 3.40479, 2.13037, 2.38721, 6.94531, 3.75391, -1.39844, 5.80078, 3.8877, -2.3252, 1.68848, 8.02246, -3.63745, -2.39087, -0.11499, -2.77075, -1.23242, 3.98242, 8.61523, 4.75977, -1.47852, -4.08789, 0.919922, 5.82617, ... ]
X at t=0.59:
[ 5.38281, 7.50391, 0.171875, 4.82422, 0.853027, -4.48779, -0.602051, 1.11963, 1.27539, 1.43164, 9.30664, 1.71289, -0.838379, 3.4458, 2.30029, 2.52197, 6.99121, 3.53223, -1.34863, 5.81738, 3.87207, -2.38379, 1.65723, 7.99512, -3.82935, -1.98706, -0.0568848, -2.66382, -1.25098, 3.87988, 8.83496, 4.30176, -1.95752, -3.90381, 0.685059, 5.91846, ... ]
X at t=0.6:
[ 5.34766, 7.5625, 0.214844, 4.83594, 0.700195, -4.40527, -0.53418, 1.15723, 1.36523, 1.60352, 9.30273, 1.55664, -0.844238, 3.48486, 2.47607, 2.66064, 7.02637, 3.30176, -1.29395, 5.83301, 3.84766, -2.44141, 1.62109, 7.97266, -3.98267, -1.57593, 0.000732422, -2.55737, -1.25781, 3.77734, 9.02734, 3.80469, -2.37207, -3.70996, 0.452148, 5.98926, ... ]
X at t=0.61:
[ 5.32227, 7.61523, 0.251953, 4.85742, 0.553223, -4.31689, -0.472168, 1.19678, 1.45898, 1.7793, 9.28711, 1.38867, -0.84082, 3.52051, 2.65723, 2.80371, 7.05469, 3.07031, -1.23828, 5.84766, 3.82129, -2.50098, 1.58301, 7.94824, -4.09961, -1.16016, 0.0605469, -2.45312, -1.25684, 3.6748, 9.19629, 3.27637, -2.71875, -3.51172, 0.21875, 6.03516, ... ]
X at t=0.62:
[ 5.2998, 7.66895, 0.295898, 4.86816, 0.408203, -4.2168, -0.419922, 1.23633, 1.55078, 1.96875, 9.26953, 1.20312, -0.828613, 3.55322, 2.83936, 2.95166, 7.06934, 2.83301, -1.18457, 5.86035, 3.78516, -2.55469, 1.54297, 7.92188, -4.1792, -0.746582, 0.123535, -2.3501, -1.25293, 3.57324, 9.33691, 2.72559, -2.99121, -3.31738, -0.00683594, 6.06543, ... ]
X at t=0.63:
[ 5.28809, 7.71582, 0.338867, 4.87598, 0.26709, -4.11475, -0.375488, 1.28174, 1.64551, 2.15137, 9.25098, 1.00684, -0.803711, 3.58301, 3.02637, 3.10449, 7.07129, 2.58887, -1.12402, 5.87012, 3.74268, -2.61182, 1.49854, 7.90186, -4.21973, -0.336914, 0.19043, -2.24707, -1.23535, 3.46973, 9.45605, 2.16113, -3.18799, -3.12646, -0.221191, 6.07471, ... ]
X at t=0.64:
[ 5.28027, 7.75879, 0.385742, 4.87988, 0.126465, -4.00342, -0.336426, 1.33057, 1.74316, 2.34277, 9.21582, 0.799805, -0.766113, 3.60986, 3.21826, 3.26221, 7.05762, 2.34082, -1.06348, 5.87598, 3.69629, -2.66895, 1.4541, 7.87793, -4.22266, 0.0683594, 0.265625, -2.14648, -1.21289, 3.37305, 9.54492, 1.58398, -3.31152, -2.94238, -0.420898, 6.06543, ... ]
X at t=0.65:
[ 5.2832, 7.80664, 0.431641, 4.87695, -0.00585938, -3.88867, -0.302734, 1.37695, 1.84375, 2.53906, 9.17969, 0.578125, -0.717285, 3.6333, 3.41357, 3.42041, 7.03223, 2.09277, -0.999023, 5.88184, 3.64111, -2.7251, 1.40479, 7.85889, -4.19238, 0.46582, 0.34668, -2.0498, -1.18359, 3.27734, 9.61328, 1.01172, -3.35889, -2.77197, -0.603027, 6.03857, ... ]
X at t=0.66:
[ 5.29199, 7.84473, 0.475586, 4.87207, -0.134277, -3.76611, -0.276855, 1.42725, 1.94629, 2.74121, 9.12598, 0.350586, -0.65625, 3.65625, 3.61133, 3.58398, 6.98828, 1.83984, -0.933594, 5.88672, 3.5791, -2.78223, 1.35645, 7.83887, -4.12769, 0.847412, 0.437744, -1.95825, -1.15039, 3.19336, 9.6543, 0.451172, -3.33691, -2.62012, -0.770508, 5.99316, ... ]
X at t=0.67:
[ 5.30566, 7.87793, 0.512695, 4.86621, -0.255859, -3.63867, -0.253906, 1.47656, 2.05078, 2.94141, 9.06641, 0.113281, -0.582031, 3.67578, 3.8125, 3.75, 6.92578, 1.58594, -0.863281, 5.89062, 3.5127, -2.83301, 1.30176, 7.82324, -4.02979, 1.21729, 0.536621, -1.86865, -1.11035, 3.11035, 9.67871, -0.0927734, -3.24365, -2.48096, -0.91748, 5.93115, ... ]
X at t=0.68:
[ 5.33105, 7.91113, 0.553711, 4.85254, -0.374023, -3.50684, -0.237305, 1.52832, 2.16016, 3.15234, 8.99219, -0.132812, -0.49707, 3.7002, 4.01465, 3.91504, 6.8418, 1.33008, -0.787109, 5.89648, 3.43799, -2.88525, 1.24463, 7.81201, -3.90088, 1.5708, 0.640137, -1.78662, -1.06543, 3.03418, 9.68457, -0.614258, -3.09082, -2.35449, -1.04785, 5.86035, ... ]
X at t=0.69:
[ 5.36133, 7.93945, 0.587891, 4.83789, -0.481689, -3.37085, -0.2229, 1.57935, 2.27051, 3.36621, 8.89941, -0.379883, -0.399414, 3.72363, 4.21777, 4.08301, 6.7373, 1.07129, -0.708008, 5.89941, 3.35596, -2.93604, 1.18604, 7.80029, -3.74072, 1.90479, 0.749512, -1.70654, -1.0127, 2.96582, 9.6748, -1.10449, -2.87646, -2.24658, -1.15967, 5.7749, ... ]
X at t=0.7:
[ 5.40332, 7.95996, 0.618164, 4.81543, -0.586426, -3.23193, -0.211426, 1.63135, 2.38574, 3.5791, 8.79199, -0.631836, -0.286133, 3.74707, 4.4248, 4.24707, 6.60938, 0.820312, -0.632812, 5.90625, 3.26855, -2.9834, 1.12012, 7.79785, -3.55371, 2.21973, 0.864258, -1.63574, -0.961914, 2.90332, 9.65137, -1.56152, -2.60889, -2.14697, -1.25537, 5.67529, ... ]
X at t=0.71:
[ 5.44922, 7.97656, 0.644531, 4.79688, -0.681885, -3.08667, -0.202393, 1.68188, 2.50781, 3.79297, 8.67188, -0.886719, -0.170898, 3.78027, 4.62988, 4.40918, 6.45605, 0.571289, -0.547852, 5.91113, 3.17383, -3.0293, 1.05273, 7.79492, -3.33887, 2.5127, 0.977539, -1.56934, -0.90332, 2.85254, 9.6084, -1.97949, -2.29883, -2.05664, -1.33008, 5.56836, ... ]
X at t=0.72:
[ 5.50049, 7.99561, 0.662598, 4.76709, -0.768311, -2.94165, -0.193115, 1.73511, 2.63281, 4.01172, 8.52344, -1.14453, -0.0400391, 3.81348, 4.83887, 4.56738, 6.28223, 0.331055, -0.467773, 5.91699, 3.0708, -3.06885, 0.979004, 7.79248, -3.09912, 2.78467, 1.09033, -1.51025, -0.841797, 2.81055, 9.55664, -2.35352, -1.94189, -1.97412, -1.38916, 5.45361, ... ]
X at t=0.73:
[ 5.56006, 8.00049, 0.671387, 4.74463, -0.850098, -2.79248, -0.184082, 1.7876, 2.76172, 4.23047, 8.35547, -1.39453, 0.0986328, 3.8584, 5.04395, 4.71777, 6.08105, 0.0947266, -0.383789, 5.92676, 2.96338, -3.10986, 0.902832, 7.79834, -2.83545, 3.03467, 1.20166, -1.45947, -0.77832, 2.77051, 9.49121, -2.67871, -1.55811, -1.89307, -1.43506, 5.33154, ... ]
X at t=0.74:
[ 5.62939, 8.00537, 0.674316, 4.71436, -0.922119, -2.64136, -0.177002, 1.83813, 2.89551, 4.44824, 8.16504, -1.6416, 0.244141, 3.91211, 5.25195, 4.85742, 5.85449, -0.131836, -0.301758, 5.93848, 2.84766, -3.14453, 0.820312, 7.80469, -2.5498, 3.25879, 1.30957, -1.41309, -0.709961, 2.74121, 9.41895, -2.95801, -1.14502, -1.81396, -1.46338, 5.20361, ... ]
X at t=0.75:
[ 5.70312, 8, 0.671875, 4.6875, -0.984863, -2.48975, -0.166504, 1.89111, 3.03418, 4.66504, 7.95215, -1.88574, 0.392578, 3.97461, 5.46289, 4.98242, 5.60254, -0.344727, -0.217773, 5.95215, 2.72656, -3.17969, 0.734375, 7.8125, -2.24316, 3.45801, 1.40918, -1.37402, -0.645508, 2.72363, 9.34277, -3.19434, -0.711426, -1.73193, -1.4751, 5.07471, ... ]
X at t=0.76:
[ 5.78711, 7.99219, 0.658203, 4.66016, -1.0376, -2.3374, -0.156738, 1.94189, 3.17871, 4.87988, 7.70605, -2.12402, 0.547852, 4.0498, 5.66895, 5.09277, 5.32373, -0.546387, -0.13916, 5.96729, 2.60205, -3.20557, 0.643066, 7.81982, -1.9209, 3.63574, 1.50098, -1.34082, -0.575195, 2.71191, 9.25684, -3.37793, -0.265137, -1.64307, -1.47412, 4.94482, ... ]
X at t=0.77:
[ 5.87451, 7.97314, 0.638184, 4.63525, -1.08228, -2.18237, -0.143799, 1.99438, 3.32715, 5.09473, 7.44043, -2.35449, 0.699219, 4.14062, 5.875, 5.18359, 5.02197, -0.730957, -0.0620117, 5.98193, 2.46875, -3.23047, 0.546875, 7.83203, -1.57812, 3.79102, 1.58203, -1.31445, -0.503906, 2.70312, 9.16797, -3.51562, 0.187012, -1.54834, -1.45947, 4.81299, ... ]
X at t=0.78:
[ 5.97119, 7.94287, 0.609863, 4.61279, -1.11938, -2.03003, -0.128174, 2.04712, 3.48242, 5.30273, 7.13867, -2.57227, 0.845703, 4.24023, 6.08398, 5.25195, 4.69824, -0.897461, 0.00683594, 6.00488, 2.33057, -3.25049, 0.445801, 7.84131, -1.22168, 3.91699, 1.64941, -1.29004, -0.4375, 2.71094, 9.07031, -3.60938, 0.640625, -1.44531, -1.42969, 4.6875, ... ]
X at t=0.79:
[ 6.07324, 7.90723, 0.569336, 4.59082, -1.14429, -1.87622, -0.110107, 2.09937, 3.6377, 5.50293, 6.81348, -2.77441, 0.989258, 4.3623, 6.28613, 5.29199, 4.35449, -1.0459, 0.0732422, 6.02441, 2.19141, -3.26562, 0.339844, 7.85156, -0.850586, 4.02246, 1.7002, -1.27051, -0.364258, 2.71973, 8.97559, -3.65918, 1.09131, -1.33154, -1.38721, 4.56494, ... ]
X at t=0.8:
[ 6.18018, 7.85693, 0.525879, 4.57764, -1.1604, -1.72534, -0.0871582, 2.15259, 3.80664, 5.69336, 6.45508, -2.9707, 1.12207, 4.49512, 6.49316, 5.30371, 3.99658, -1.17236, 0.131348, 6.04834, 2.04688, -3.27344, 0.226562, 7.85938, -0.466797, 4.10156, 1.74023, -1.25391, -0.293945, 2.73926, 8.87402, -3.6709, 1.53076, -1.2085, -1.33447, 4.44971, ... ]
X at t=0.81:
[ 6.29346, 7.79834, 0.467285, 4.56592, -1.16577, -1.57349, -0.0612793, 2.20679, 3.96973, 5.87402, 6.0752, -3.14551, 1.24219, 4.64062, 6.69531, 5.28125, 3.62451, -1.2749, 0.181152, 6.0708, 1.8999, -3.27686, 0.112793, 7.86572, -0.0727539, 4.15674, 1.76318, -1.23779, -0.223633, 2.7666, 8.77246, -3.64355, 1.95898, -1.07617, -1.27148, 4.3418, ... ]
X at t=0.82:
[ 6.41064, 7.72412, 0.404785, 4.56201, -1.16431, -1.42456, -0.0324707, 2.26196, 4.15039, 6.04102, 5.6582, -3.31055, 1.34473, 4.80762, 6.8916, 5.22168, 3.24365, -1.35498, 0.226074, 6.09619, 1.74805, -3.27539, -0.00585938, 7.86914, 0.330566, 4.18701, 1.76807, -1.22314, -0.15332, 2.79785, 8.66699, -3.57715, 2.37061, -0.935059, -1.20166, 4.24268, ... ]
X at t=0.83:
[ 6.53418, 7.6377, 0.334961, 4.56348, -1.15112, -1.27856, 0.000244141, 2.31812, 4.32275, 6.19873, 5.21533, -3.45557, 1.42969, 4.98047, 7.08594, 5.12109, 2.8584, -1.41113, 0.260742, 6.12402, 1.59619, -3.26611, -0.128418, 7.86865, 0.739258, 4.19434, 1.75879, -1.20801, -0.0849609, 2.84277, 8.56348, -3.48535, 2.75684, -0.786133, -1.12207, 4.15527, ... ]
X at t=0.84:
[ 6.66016, 7.53711, 0.257812, 4.57227, -1.12866, -1.13501, 0.0383301, 2.37573, 4.50684, 6.3291, 4.74902, -3.57715, 1.49121, 5.16699, 7.27637, 4.97559, 2.47656, -1.44531, 0.289062, 6.14844, 1.44482, -3.25146, -0.252441, 7.86377, 1.15381, 4.17236, 1.72998, -1.18896, -0.0166016, 2.8877, 8.45996, -3.3623, 3.12402, -0.62793, -1.04004, 4.0752, ... ]
X at t=0.85:
[ 6.78906, 7.41992, 0.175781, 4.58789, -1.09692, -0.993896, 0.0817871, 2.43481, 4.69336, 6.44336, 4.25586, -3.68164, 1.52783, 5.36084, 7.46338, 4.78857, 2.10449, -1.45605, 0.307617, 6.17676, 1.29443, -3.22607, -0.379395, 7.8501, 1.57129, 4.12793, 1.68848, -1.16895, 0.0488281, 2.93945, 8.36133, -3.2168, 3.4668, -0.46875, -0.955078, 4.00781, ... ]
X at t=0.86:
[ 6.92139, 7.28369, 0.0913086, 4.60986, -1.05396, -0.856201, 0.126709, 2.49634, 4.88477, 6.5332, 3.74414, -3.76367, 1.53906, 5.55859, 7.63672, 4.55469, 1.74512, -1.44434, 0.323242, 6.2041, 1.14062, -3.19531, -0.507812, 7.82812, 1.98926, 4.05957, 1.62988, -1.14355, 0.112305, 2.99707, 8.26465, -3.05371, 3.78369, -0.303223, -0.866699, 3.95264, ... ]
X at t=0.87:
[ 7.05811, 7.13135, -0.00244141, 4.64111, -1.00269, -0.7229, 0.177979, 2.55933, 5.07617, 6.58789, 3.2168, -3.81836, 1.52148, 5.75977, 7.80273, 4.27539, 1.40381, -1.41357, 0.335449, 6.229, 0.992188, -3.15625, -0.636719, 7.80078, 2.40649, 3.96167, 1.56177, -1.11353, 0.172852, 3.05762, 8.16895, -2.86816, 4.07275, -0.137207, -0.780762, 3.90771, ... ]
X at t=0.88:
[ 7.19238, 6.95996, -0.0966797, 4.67871, -0.94043, -0.592773, 0.231445, 2.62598, 5.26953, 6.625, 2.66797, -3.85156, 1.47461, 5.95703, 7.95898, 3.94922, 1.08984, -1.36719, 0.34375, 6.25391, 0.848145, -3.10791, -0.76709, 7.76123, 2.81885, 3.8374, 1.48096, -1.07861, 0.234375, 3.125, 8.07422, -2.66797, 4.33936, 0.0297852, -0.693848, 3.87158, ... ]
X at t=0.89:
[ 7.33008, 6.76758, -0.185547, 4.7207, -0.870605, -0.467285, 0.291504, 2.69482, 5.46484, 6.62109, 2.11719, -3.85938, 1.39941, 6.14746, 8.09473, 3.58496, 0.808105, -1.30615, 0.345215, 6.27783, 0.706055, -3.0498, -0.891602, 7.71191, 3.22412, 3.68994, 1.39404, -1.03857, 0.298828, 3.19727, 7.98633, -2.45898, 4.57568, 0.193848, -0.605957, 3.84814, ... ]
X at t=0.9:
[ 7.46191, 6.55371, -0.280273, 4.77246, -0.790771, -0.345947, 0.352783, 2.76636, 5.66211, 6.58789, 1.55664, -3.83789, 1.29492, 6.32617, 8.22461, 3.17773, 0.563965, -1.23389, 0.351074, 6.30322, 0.567871, -2.98779, -1.01611, 7.65479, 3.62109, 3.51562, 1.30078, -0.992188, 0.353516, 3.27539, 7.90039, -2.24023, 4.78955, 0.35498, -0.520996, 3.8335, ... ]
X at t=0.91:
[ 7.5918, 6.32617, -0.376953, 4.82617, -0.700195, -0.230469, 0.418945, 2.8418, 5.85547, 6.51172, 0.996094, -3.78516, 1.16406, 6.49219, 8.32812, 2.73438, 0.353516, -1.1543, 0.357422, 6.32617, 0.43457, -2.91504, -1.13574, 7.58496, 4.00513, 3.31812, 1.20337, -0.940674, 0.40918, 3.35645, 7.81934, -2.01465, 4.979, 0.51123, -0.440918, 3.82568, ... ]
X at t=0.92:
[ 7.71777, 6.07129, -0.46582, 4.8877, -0.601807, -0.119873, 0.489014, 2.92017, 6.05078, 6.40234, 0.441406, -3.70703, 1.0166, 6.63965, 8.41895, 2.26074, 0.198242, -1.06934, 0.366211, 6.34863, 0.303223, -2.83252, -1.24951, 7.50537, 4.37524, 3.09839, 1.10864, -0.883057, 0.466797, 3.43945, 7.74023, -1.78711, 5.14502, 0.661621, -0.364746, 3.83154, ... ]
X at t=0.93:
[ 7.83887, 5.79004, -0.547852, 4.9502, -0.494629, -0.0151367, 0.560059, 3.00439, 6.23926, 6.24512, -0.0966797, -3.59863, 0.849609, 6.76367, 8.48633, 1.76758, 0.0844727, -0.980957, 0.379395, 6.36865, 0.179199, -2.74365, -1.35791, 7.41455, 4.729, 2.85889, 1.01611, -0.822754, 0.519531, 3.52734, 7.66797, -1.55859, 5.29004, 0.805664, -0.291992, 3.84082, ... ]
X at t=0.94:
[ 7.9502, 5.49512, -0.62793, 5.01855, -0.379395, 0.0834961, 0.63623, 3.09131, 6.42773, 6.04883, -0.623047, -3.46289, 0.667969, 6.86719, 8.53125, 1.25391, 0.0214844, -0.892578, 0.396484, 6.38867, 0.0644531, -2.64648, -1.45898, 7.31445, 5.06519, 2.5979, 0.931396, -0.754639, 0.576172, 3.61914, 7.59961, -1.32617, 5.41357, 0.937988, -0.221191, 3.85791, ... ]
X at t=0.95:
[ 8.0498, 5.17285, -0.700195, 5.08691, -0.256104, 0.177002, 0.713623, 3.18188, 6.604, 5.80811, -1.12451, -3.30322, 0.477539, 6.94824, 8.55566, 0.737305, 0.00927734, -0.804199, 0.41748, 6.40869, -0.0478516, -2.54199, -1.55176, 7.2041, 5.38086, 2.32031, 0.855469, -0.685547, 0.629883, 3.70996, 7.54004, -1.09863, 5.51855, 1.06543, -0.157227, 3.88184, ... ]
X at t=0.96:
[ 8.13867, 4.83008, -0.759766, 5.15039, -0.125732, 0.262451, 0.793213, 3.27905, 6.77783, 5.5249, -1.59131, -3.11768, 0.289062, 7, 8.55859, 0.214844, 0.0410156, -0.716797, 0.443359, 6.42773, -0.155762, -2.42822, -1.63428, 7.08545, 5.67432, 2.02881, 0.793457, -0.609863, 0.678711, 3.80566, 7.4873, -0.870117, 5.60645, 1.18066, -0.0927734, 3.91113, ... ]
X at t=0.97:
[ 8.21191, 4.46777, -0.811523, 5.21777, 0.012207, 0.341309, 0.875488, 3.38037, 6.94141, 5.19922, -2.02344, -2.91406, 0.0976562, 7.03125, 8.53516, -0.296875, 0.125977, -0.629883, 0.477539, 6.44824, -0.254395, -2.30615, -1.70947, 6.95752, 5.94531, 1.72656, 0.744141, -0.533203, 0.733398, 3.90332, 7.43262, -0.647461, 5.67969, 1.28516, -0.03125, 3.94922, ... ]
X at t=0.98:
[ 8.27197, 4.08936, -0.851074, 5.27881, 0.154541, 0.414795, 0.958252, 3.48804, 7.09131, 4.83252, -2.41455, -2.69678, -0.0820312, 7.04297, 8.49219, -0.796875, 0.253906, -0.542969, 0.515625, 6.46094, -0.349121, -2.18018, -1.77295, 6.82568, 6.19287, 1.4165, 0.716309, -0.45459, 0.792969, 4.00391, 7.38672, -0.433594, 5.73438, 1.38672, 0.0234375, 3.98828, ... ]

Final state:
X at t=0.99:
[ 8.30664, 3.69336, -0.880859, 5.33398, 0.302734, 0.480469, 1.04297, 3.59961, 7.22803, 4.42627, -2.7583, -2.46631, -0.248047, 7.03711, 8.42383, -1.27539, 0.424316, -0.453613, 0.559082, 6.47803, -0.4375, -2.04688, -1.82812, 6.6875, 6.41846, 1.10303, 0.703613, -0.373535, 0.848633, 4.1084, 7.34473, -0.223633, 5.77734, 1.47266, 0.078125, 4.03125, ... ]
