
Lmod is automatically replacing "craype-x86-rome" with "craype-x86-trento".

Lorenz96(k=100, F=8, dt=0.01, t_max=1)
 - warming up the simulation for 10
 - running ensemble of size 1 with initial perturbation N(0.0, 0.001)
 - compressing every 1-th model state online on the GPU with ZFP(fixed_rate=16)
 - saving config file to 'output/config_5030210.json'
 - saving performance file to 'performance/perf_5030210'

Initial state:
X at t=0:
[ 6.97412, 5.05908, 7.35107, -0.103027, -1.12207, 3.73145, 10.2568, -0.202148, 2.35889, 3.45166, -0.588379, 0.98877, 3.12158, 4.6167, 7.05713, 5.67725, -5.19385, 1.26807, 4.78467, 5.84033, -3.76953, 1.13086, -0.296875, -1.77148, 6.32227, 2.94336, -2.99023, 4.27148, 4.29395, 0.823242, 3.69629, 11.1318, -0.328613, -0.181152, 3.73193, 7.61377, ... ]

X at t=0.01:
[ 7.36377, 5.30615, 6.97119, -0.469238, -1.02246, 3.66309, 10.2627, -0.254883, 2.43115, 3.48877, -0.55127, 1.06104, 3.22412, 4.84424, 7.16748, 4.99072, -5.36914, 1.36133, 4.95898, 5.61133, -3.85645, 1.42676, -0.188477, -1.68652, 6.28467, 2.9165, -2.93994, 4.26221, 4.49512, 0.87207, 3.7959, 11.0479, -0.67334, -0.0629883, 3.76611, 7.73584, ... ]
X at t=0.02:
[ 7.73291, 5.55029, 6.53955, -0.814941, -0.913086, 3.60059, 10.2666, -0.290039, 2.50488, 3.52637, -0.514648, 1.13184, 3.33203, 5.07422, 7.24219, 4.27344, -5.50342, 1.40576, 5.13916, 5.36865, -3.92822, 1.70947, -0.0708008, -1.59717, 6.25049, 2.88818, -2.88818, 4.24951, 4.69434, 0.922852, 3.89355, 10.9502, -1.00684, 0.0771484, 3.80957, 7.84668, ... ]
X at t=0.03:
[ 8.08105, 5.78223, 6.05371, -1.13574, -0.798828, 3.54883, 10.2637, -0.310547, 2.58008, 3.56445, -0.478516, 1.20117, 3.44434, 5.30957, 7.27637, 3.53223, -5.59521, 1.39795, 5.31689, 5.11475, -3.98486, 1.979, 0.0561523, -1.50342, 6.22461, 2.85742, -2.83789, 4.23242, 4.8877, 0.979492, 3.99316, 10.835, -1.32764, 0.239746, 3.86572, 7.94092, ... ]
X at t=0.04:
[ 8.40234, 6, 5.51562, -1.42578, -0.683594, 3.50781, 10.2539, -0.320312, 2.65674, 3.60303, -0.442871, 1.26904, 3.56152, 5.54785, 7.26465, 2.77441, -5.646, 1.3374, 5.48877, 4.85498, -4.02905, 2.23315, 0.188721, -1.40454, 6.2041, 2.8252, -2.78809, 4.20801, 5.0791, 1.03809, 4.09082, 10.7061, -1.63574, 0.416992, 3.93848, 8.02246, ... ]
X at t=0.05:
[ 8.69629, 6.19824, 4.92676, -1.68066, -0.572266, 3.47852, 10.2402, -0.318359, 2.73193, 3.64307, -0.410645, 1.33643, 3.68506, 5.7876, 7.20264, 2.0083, -5.65283, 1.22705, 5.646, 4.58838, -4.0603, 2.46948, 0.329346, -1.30103, 6.18701, 2.7915, -2.73682, 4.18018, 5.26611, 1.10303, 4.18604, 10.562, -1.92383, 0.607422, 4.0293, 8.0918, ... ]
X at t=0.06:
[ 8.96045, 6.37354, 4.29053, -1.89795, -0.466797, 3.46289, 10.2246, -0.306641, 2.80518, 3.68506, -0.376465, 1.40186, 3.81348, 6.02637, 7.08691, 1.24512, -5.61328, 1.06641, 5.78516, 4.32422, -4.07959, 2.68896, 0.479004, -1.19385, 6.17725, 2.75439, -2.68799, 4.14697, 5.4541, 1.1748, 4.28223, 10.4014, -2.19238, 0.80957, 4.13965, 8.1416, ... ]
X at t=0.07:
[ 9.19434, 6.5166, 3.61621, -2.06934, -0.374023, 3.45605, 10.2041, -0.286133, 2.87744, 3.72607, -0.343262, 1.46631, 3.9502, 6.26074, 6.91113, 0.495117, -5.53125, 0.859375, 5.90234, 4.06641, -4.08691, 2.88965, 0.635742, -1.08301, 6.16992, 2.71484, -2.63867, 4.10938, 5.6377, 1.25293, 4.37598, 10.2256, -2.44189, 1.02197, 4.2749, 8.17627, ... ]
X at t=0.08:
[ 9.396, 6.62549, 2.91357, -2.19287, -0.295898, 3.45996, 10.1807, -0.258789, 2.9458, 3.76709, -0.313965, 1.53076, 4.0918, 6.49023, 6.67383, -0.232422, -5.40625, 0.615234, 5.99219, 3.81836, -4.08325, 3.07056, 0.798584, -0.969482, 6.16748, 2.66846, -2.58838, 4.06885, 5.82129, 1.34277, 4.46582, 10.0342, -2.66895, 1.23926, 4.43262, 8.19238, ... ]
X at t=0.09:
[ 9.56543, 6.69238, 2.18652, -2.26465, -0.233398, 3.47168, 10.1611, -0.227539, 3.01318, 3.80713, -0.285645, 1.59424, 4.23828, 6.71094, 6.375, -0.925781, -5.23877, 0.338379, 6.05615, 3.58643, -4.0686, 3.23364, 0.969482, -0.853271, 6.16748, 2.61963, -2.5376, 4.02393, 5.99902, 1.43848, 4.55762, 9.8252, -2.87646, 1.45459, 4.61768, 8.19092, ... ]
X at t=0.1:
[ 9.70654, 6.71338, 1.45068, -2.28467, -0.19043, 3.49121, 10.1377, -0.188477, 3.07617, 3.84766, -0.255859, 1.65625, 4.39209, 6.92236, 6.01123, -1.57568, -5.03027, 0.0400391, 6.09082, 3.37207, -4.04395, 3.37793, 1.14746, -0.735352, 6.1748, 2.56738, -2.48926, 3.97363, 6.17871, 1.54395, 4.64355, 9.60254, -3.06445, 1.66602, 4.82617, 8.16602, ... ]
X at t=0.11:
[ 9.81934, 6.68652, 0.713867, -2.25488, -0.163086, 3.51465, 10.1143, -0.145508, 3.13574, 3.88574, -0.227539, 1.71777, 4.54883, 7.11914, 5.58789, -2.16992, -4.78955, -0.270996, 6.09912, 3.18018, -4.01123, 3.50537, 1.33057, -0.61377, 6.18457, 2.5127, -2.44043, 3.91895, 6.35645, 1.65137, 4.72754, 9.36621, -3.23145, 1.86816, 5.05762, 8.11816, ... ]
X at t=0.12:
[ 9.91113, 6.6084, -0.0146484, -2.17676, -0.151367, 3.54199, 10.0908, -0.0986328, 3.19287, 3.92236, -0.199707, 1.77979, 4.71191, 7.2959, 5.10645, -2.7002, -4.52344, -0.582031, 6.08594, 3.01172, -3.96875, 3.61523, 1.51953, -0.490234, 6.1958, 2.45264, -2.39209, 3.86475, 6.53223, 1.77246, 4.80957, 9.1123, -3.37891, 2.0625, 5.30859, 8.04688, ... ]
X at t=0.13:
[ 9.98486, 6.47412, -0.720215, -2.05127, -0.154297, 3.56836, 10.0723, -0.0488281, 3.24463, 3.9585, -0.171387, 1.83936, 4.88086, 7.44727, 4.56836, -3.16211, -4.23438, -0.888672, 6.05078, 2.86523, -3.91846, 3.70947, 1.7124, -0.362793, 6.21045, 2.38721, -2.34619, 3.80713, 6.70508, 1.90039, 4.88477, 8.8457, -3.50488, 2.24316, 5.58105, 7.94629, ... ]
X at t=0.14:
[ 10.0381, 6.28613, -1.39551, -1.88184, -0.164062, 3.59375, 10.0547, 0, 3.29395, 3.99316, -0.143555, 1.89941, 5.05469, 7.57031, 3.98438, -3.54688, -3.93311, -1.18018, 5.99854, 2.74365, -3.86182, 3.78955, 1.90967, -0.23584, 6.22656, 2.31836, -2.30078, 3.74414, 6.87988, 2.03809, 4.9541, 8.56543, -3.61328, 2.40625, 5.87109, 7.8125, ... ]
X at t=0.15:
[ 10.0781, 6.04297, -2.03125, -1.67578, -0.176758, 3.61816, 10.0381, 0.0517578, 3.33838, 4.02881, -0.118652, 1.9585, 5.23633, 7.66211, 3.35352, -3.8457, -3.63281, -1.45117, 5.93359, 2.64648, -3.80127, 3.85791, 2.11084, -0.10498, 6.24316, 2.24316, -2.25684, 3.68066, 7.05078, 2.1875, 5.01172, 8.27344, -3.70703, 2.54688, 6.17578, 7.64844, ... ]
X at t=0.16:
[ 10.1123, 5.74316, -2.61816, -1.44043, -0.186523, 3.63965, 10.0283, 0.104492, 3.38037, 4.06299, -0.0942383, 2.01807, 5.4209, 7.71582, 2.69043, -4.06152, -3.33545, -1.69971, 5.85791, 2.57178, -3.73633, 3.91406, 2.31445, 0.0273438, 6.26123, 2.16455, -2.21338, 3.61182, 7.22363, 2.34668, 5.06348, 7.96777, -3.78613, 2.66895, 6.4873, 7.4502, ... ]
X at t=0.17:
[ 10.1426, 5.38867, -3.14648, -1.18164, -0.189453, 3.66211, 10.0176, 0.158203, 3.41797, 4.0957, -0.0703125, 2.07617, 5.60645, 7.7373, 2.00098, -4.19629, -3.05127, -1.91943, 5.7749, 2.51611, -3.66602, 3.95898, 2.52148, 0.162109, 6.27783, 2.08154, -2.16943, 3.54053, 7.39551, 2.51074, 5.10645, 7.65137, -3.85156, 2.76562, 6.80859, 7.21484, ... ]
X at t=0.18:
[ 10.166, 4.98242, -3.61523, -0.908203, -0.182617, 3.68262, 10.0127, 0.213867, 3.45215, 4.12793, -0.0458984, 2.13379, 5.79297, 7.71094, 1.30078, -4.25, -2.78809, -2.1084, 5.68848, 2.47754, -3.59326, 3.99365, 2.729, 0.300293, 6.29297, 1.99414, -2.125, 3.4668, 7.56836, 2.68555, 5.13477, 7.32227, -3.9043, 2.83789, 7.13086, 6.94336, ... ]
X at t=0.19:
[ 10.1855, 4.52539, -4.01758, -0.630859, -0.15918, 3.70605, 10.0049, 0.268555, 3.48291, 4.15576, -0.019043, 2.19287, 5.98145, 7.64355, 0.594727, -4.22754, -2.54639, -2.27002, 5.6001, 2.45459, -3.51807, 4.02002, 2.93896, 0.441895, 6.30566, 1.90137, -2.08105, 3.38965, 7.73926, 2.87012, 5.14941, 6.9834, -3.94727, 2.88477, 7.44336, 6.63477, ... ]
X at t=0.2:
[ 10.2012, 4.02148, -4.35352, -0.361328, -0.119141, 3.73633, 9.99805, 0.322266, 3.51025, 4.18311, 0.00830078, 2.25146, 6.16895, 7.52637, -0.104492, -4.12988, -2.3335, -2.40283, 5.5083, 2.44678, -3.44189, 4.03955, 3.14795, 0.586426, 6.31445, 1.80078, -2.0332, 3.3125, 7.91016, 3.0625, 5.14844, 6.63672, -3.98047, 2.90234, 7.75391, 6.29297, ... ]
X at t=0.21:
[ 10.2178, 3.47754, -4.62207, -0.112305, -0.0595703, 3.7666, 9.99512, 0.375977, 3.53418, 4.20996, 0.0361328, 2.30957, 6.35352, 7.36133, -0.787109, -3.9668, -2.15137, -2.51074, 5.41895, 2.4502, -3.36328, 4.05078, 3.35938, 0.734375, 6.3208, 1.69482, -1.98584, 3.23193, 8.07812, 3.25781, 5.12891, 6.28516, -4.00488, 2.89551, 8.0459, 5.91504, ... ]
X at t=0.22:
[ 10.2275, 2.88965, -4.82324, 0.120117, 0.0214844, 3.80273, 9.99023, 0.427734, 3.55591, 4.23413, 0.0646973, 2.36792, 6.54004, 7.14355, -1.44043, -3.74316, -1.99512, -2.59473, 5.3291, 2.46387, -3.28369, 4.05713, 3.57178, 0.885254, 6.32275, 1.5835, -1.93701, 3.15186, 8.24512, 3.46191, 5.08496, 5.92676, -4.01855, 2.86621, 8.32129, 5.50293, ... ]
X at t=0.23:
[ 10.2266, 2.26562, -4.95312, 0.320312, 0.118164, 3.85059, 9.98145, 0.479492, 3.57422, 4.25781, 0.09375, 2.42578, 6.72168, 6.87988, -2.05957, -3.47168, -1.86523, -2.6582, 5.24023, 2.48633, -3.20215, 4.05762, 3.78418, 1.04004, 6.31738, 1.46777, -1.88574, 3.06934, 8.41113, 3.66699, 5.02051, 5.56543, -4.03027, 2.81152, 8.58301, 5.06543, ... ]
X at t=0.24:
[ 10.208, 1.6123, -5.01465, 0.483398, 0.232422, 3.9082, 9.97461, 0.525391, 3.59033, 4.28076, 0.125488, 2.48389, 6.89551, 6.56543, -2.63965, -3.15723, -1.75635, -2.70459, 5.15186, 2.51611, -3.12061, 4.0542, 3.99854, 1.19678, 6.30664, 1.3457, -1.83398, 2.98633, 8.57715, 3.87598, 4.92871, 5.2041, -4.03125, 2.73438, 8.82031, 4.60156, ... ]
X at t=0.25:
[ 10.1797, 0.933594, -5.00781, 0.605469, 0.358398, 3.97754, 9.96387, 0.567383, 3.604, 4.30225, 0.156738, 2.54248, 7.06299, 6.20459, -3.16553, -2.81299, -1.66504, -2.73535, 5.06543, 2.5498, -3.03564, 4.04541, 4.2124, 1.35596, 6.28857, 1.21924, -1.77979, 2.90088, 8.74121, 4.08301, 4.81543, 4.84473, -4.02148, 2.63086, 9.0332, 4.12305, ... ]
X at t=0.26:
[ 10.123, 0.236328, -4.93164, 0.681641, 0.492188, 4.05859, 9.94922, 0.601562, 3.61523, 4.32422, 0.189453, 2.60156, 7.22314, 5.79834, -3.63818, -2.4458, -1.5874, -2.75049, 4.98096, 2.59131, -2.95312, 4.0332, 4.42969, 1.51758, 6.26123, 1.08838, -1.72119, 2.81689, 8.90039, 4.29102, 4.67383, 4.48633, -4.00488, 2.50488, 9.22559, 3.62598, ... ]
X at t=0.27:
[ 10.04, -0.46582, -4.79199, 0.717773, 0.628906, 4.14844, 9.92969, 0.628906, 3.62305, 4.34766, 0.224609, 2.66016, 7.37158, 5.34912, -4.05225, -2.06689, -1.51611, -2.75342, 4.896, 2.63525, -2.86865, 4.01904, 4.64502, 1.68115, 6.22314, 0.95459, -1.66162, 2.73389, 9.06152, 4.48926, 4.50293, 4.13379, -3.97754, 2.36035, 9.39355, 3.12207, ... ]
X at t=0.28:
[ 9.92285, -1.17676, -4.58887, 0.717773, 0.766602, 4.24902, 9.90723, 0.647461, 3.63037, 4.37158, 0.26123, 2.72119, 7.50684, 4.86035, -4.40332, -1.69043, -1.44873, -2.74463, 4.81494, 2.68311, -2.78174, 4.00049, 4.86084, 1.84619, 6.17285, 0.817383, -1.59668, 2.64941, 9.21777, 4.68066, 4.2998, 3.79395, -3.94336, 2.20117, 9.5332, 2.61523, ... ]
X at t=0.29:
[ 9.76953, -1.87891, -4.32422, 0.683594, 0.900391, 4.36523, 9.87695, 0.654297, 3.6377, 4.39551, 0.297852, 2.78223, 7.63379, 4.33887, -4.69824, -1.32129, -1.38037, -2.7251, 4.73486, 2.73389, -2.69775, 3.98096, 5.07764, 2.01416, 6.10986, 0.677246, -1.52881, 2.56982, 9.37207, 4.8623, 4.07129, 3.46777, -3.89941, 2.02832, 9.64746, 2.11426, ... ]
X at t=0.3:
[ 9.5752, -2.56738, -3.99902, 0.624023, 1.02637, 4.48926, 9.84277, 0.649414, 3.64502, 4.41748, 0.338379, 2.84521, 7.74121, 3.79004, -4.92676, -0.97168, -1.31104, -2.69482, 4.65576, 2.7876, -2.6123, 3.95605, 5.29395, 2.18262, 6.03174, 0.532715, -1.45459, 2.4917, 9.51953, 5.03125, 3.80859, 3.16406, -3.84668, 1.84277, 9.73926, 1.62402, ... ]
X at t=0.31:
[ 9.33887, -3.22559, -3.62598, 0.543945, 1.14355, 4.62598, 9.7998, 0.633789, 3.65234, 4.44336, 0.382812, 2.9082, 7.83789, 3.2168, -5.09961, -0.642578, -1.23633, -2.6543, 4.58008, 2.8418, -2.52686, 3.93115, 5.51025, 2.35107, 5.93848, 0.389648, -1.37793, 2.41699, 9.66211, 5.17773, 3.51367, 2.88867, -3.78613, 1.64551, 9.81152, 1.14941, ... ]
X at t=0.32:
[ 9.0625, -3.85547, -3.20312, 0.457031, 1.25293, 4.77051, 9.75293, 0.606445, 3.66064, 4.47021, 0.428223, 2.97217, 7.91406, 2.625, -5.21094, -0.34375, -1.1582, -2.60742, 4.50586, 2.90039, -2.43896, 3.90381, 5.72705, 2.51514, 5.83057, 0.245605, -1.29639, 2.34521, 9.80078, 5.30078, 3.19531, 2.64062, -3.71777, 1.44434, 9.86426, 0.698242, ... ]
X at t=0.33:
[ 8.7373, -4.44434, -2.74316, 0.37207, 1.35254, 4.9209, 9.7002, 0.56543, 3.67188, 4.50195, 0.472656, 3.03711, 7.97461, 2.02148, -5.26758, -0.0800781, -1.07422, -2.55273, 4.4375, 2.95898, -2.35205, 3.87549, 5.94287, 2.67822, 5.70557, 0.103027, -1.21045, 2.28076, 9.93262, 5.39551, 2.85059, 2.42285, -3.64453, 1.24219, 9.90234, 0.273438, ... ]
X at t=0.34:
[ 8.36621, -4.9834, -2.24707, 0.293945, 1.44336, 5.08398, 9.63867, 0.513672, 3.68652, 4.53613, 0.518555, 3.10254, 8.01465, 1.41895, -5.27832, 0.141602, -0.983398, -2.49316, 4.37207, 3.01855, -2.26318, 3.84717, 6.15674, 2.8374, 5.5625, -0.0390625, -1.12109, 2.22266, 10.0615, 5.46582, 2.4834, 2.23926, -3.56348, 1.03613, 9.9248, -0.116211, ... ]
X at t=0.35:
[ 7.9585, -5.46826, -1.73486, 0.236816, 1.52637, 5.25098, 9.56934, 0.450195, 3.7041, 4.57324, 0.567383, 3.1709, 8.03125, 0.8125, -5.23438, 0.328125, -0.887695, -2.42676, 4.31152, 3.07715, -2.17383, 3.81836, 6.37305, 2.99023, 5.3999, -0.175293, -1.02783, 2.17041, 10.1816, 5.49805, 2.10352, 2.0918, -3.47754, 0.836914, 9.93262, -0.47168, ... ]
X at t=0.36:
[ 7.51318, -5.896, -1.21143, 0.20752, 1.60449, 5.42285, 9.49121, 0.37207, 3.72656, 4.61328, 0.617188, 3.23828, 8.02539, 0.212891, -5.13867, 0.470703, -0.788086, -2.35449, 4.25488, 3.13379, -2.08691, 3.78613, 6.58887, 3.13379, 5.2207, -0.306641, -0.931641, 2.12695, 10.2998, 5.49707, 1.71387, 1.98145, -3.38672, 0.640625, 9.93359, -0.789062, ... ]
X at t=0.37:
[ 7.0376, -6.26416, -0.690918, 0.210449, 1.68164, 5.59961, 9.4043, 0.283203, 3.75293, 4.65918, 0.666992, 3.30762, 8.00098, -0.37207, -5.00293, 0.577148, -0.685547, -2.2793, 4.20117, 3.19336, -2.00098, 3.75488, 6.80371, 3.27051, 5.02295, -0.431152, -0.830566, 2.09033, 10.4092, 5.46191, 1.31543, 1.90723, -3.29395, 0.446289, 9.92871, -1.06543, ... ]
X at t=0.38:
[ 6.53564, -6.57471, -0.185059, 0.251465, 1.75586, 5.7793, 9.30664, 0.181641, 3.7832, 4.71094, 0.720703, 3.375, 7.95508, -0.943359, -4.82617, 0.650391, -0.582031, -2.19922, 4.15234, 3.25391, -1.91504, 3.72363, 7.01465, 3.39551, 4.80811, -0.54834, -0.729004, 2.06299, 10.5127, 5.38965, 0.915039, 1.87012, -3.19629, 0.262695, 9.91699, -1.2959, ... ]
X at t=0.39:
[ 6.01123, -6.82764, 0.294434, 0.330566, 1.83594, 5.96094, 9.19531, 0.0703125, 3.81738, 4.76855, 0.774414, 3.44434, 7.8877, -1.49512, -4.6123, 0.692383, -0.481445, -2.11426, 4.1084, 3.31152, -1.82715, 3.69434, 7.22363, 3.51074, 4.57666, -0.654785, -0.628418, 2.04639, 10.6084, 5.27832, 0.522461, 1.87207, -3.0957, 0.0878906, 9.89648, -1.48242, ... ]
X at t=0.4:
[ 5.47217, -7.02881, 0.739746, 0.449707, 1.91797, 6.14453, 9.07031, -0.0546875, 3.85742, 4.83008, 0.830078, 3.51367, 7.80029, -2.02295, -4.36182, 0.705566, -0.380371, -2.02783, 4.0708, 3.36865, -1.74316, 3.66504, 7.42871, 3.61035, 4.32715, -0.750977, -0.524414, 2.03809, 10.7002, 5.12402, 0.141602, 1.90918, -2.99121, -0.0751953, 9.87988, -1.62598, ... ]
X at t=0.41:
[ 4.92285, -7.18066, 1.1416, 0.608398, 2.00488, 6.32715, 8.93066, -0.18457, 3.90283, 4.89795, 0.885254, 3.5835, 7.69189, -2.52393, -4.07959, 0.696777, -0.280273, -1.93848, 4.03613, 3.4248, -1.6582, 3.63867, 7.63086, 3.69336, 4.06055, -0.833984, -0.423828, 2.04102, 10.7852, 4.93359, -0.222656, 1.97266, -2.88574, -0.223633, 9.86035, -1.72754, ... ]
X at t=0.42:
[ 4.36523, -7.28711, 1.49414, 0.802734, 2.09961, 6.50977, 8.77539, -0.322266, 3.95166, 4.97412, 0.941895, 3.65186, 7.56348, -2.99121, -3.76855, 0.668945, -0.184082, -1.84717, 4.00537, 3.48291, -1.57422, 3.61328, 7.82812, 3.75781, 3.78125, -0.905273, -0.324219, 2.05566, 10.8613, 4.70117, -0.564453, 2.06445, -2.77539, -0.361328, 9.83398, -1.7832, ... ]
X at t=0.43:
[ 3.80713, -7.35205, 1.78955, 1.02881, 2.2041, 6.69043, 8.60254, -0.46582, 4.00732, 5.05713, 0.997559, 3.71924, 7.41602, -3.42383, -3.43555, 0.630859, -0.0893555, -1.75439, 3.98096, 3.53857, -1.49121, 3.58887, 8.02051, 3.80371, 3.48901, -0.963623, -0.226807, 2.08228, 10.9307, 4.43262, -0.881836, 2.1748, -2.66113, -0.487305, 9.81152, -1.7959, ... ]
X at t=0.44:
[ 3.25488, -7.37988, 2.02441, 1.28027, 2.31738, 6.87012, 8.40332, -0.614258, 4.06494, 5.1499, 1.05127, 3.78467, 7.24756, -3.82178, -3.07861, 0.586426, 0.000976562, -1.65918, 3.95996, 3.59277, -1.41309, 3.56543, 8.20801, 3.82715, 3.18848, -1.00684, -0.133789, 2.12012, 10.9941, 4.12695, -1.16602, 2.30273, -2.5459, -0.598633, 9.78613, -1.7666, ... ]
X at t=0.45:
[ 2.70898, -7.375, 2.19727, 1.55078, 2.43945, 7.04492, 8.18555, -0.763672, 4.125, 5.25, 1.10547, 3.84766, 7.0625, -4.17969, -2.70703, 0.542969, 0.0878906, -1.56055, 3.94336, 3.64648, -1.33496, 3.5459, 8.3916, 3.82715, 2.88135, -1.03564, -0.0444336, 2.16748, 11.0527, 3.78711, -1.41602, 2.44336, -2.42969, -0.695312, 9.76562, -1.70312, ... ]
X at t=0.46:
[ 2.17236, -7.34229, 2.31104, 1.83545, 2.57227, 7.21289, 7.94727, -0.912109, 4.18701, 5.35986, 1.15771, 3.90869, 6.85986, -4.50049, -2.32178, 0.505371, 0.172363, -1.46143, 3.93213, 3.69678, -1.25879, 3.52832, 8.56934, 3.80176, 2.57104, -1.04956, 0.0407715, 2.22485, 11.1035, 3.41602, -1.63086, 2.58789, -2.30566, -0.780273, 9.74512, -1.60449, ... ]
X at t=0.47:
[ 1.65186, -7.28271, 2.36084, 2.12939, 2.72559, 7.37207, 7.68262, -1.06152, 4.24854, 5.47803, 1.21143, 3.96436, 6.64062, -4.78125, -1.92969, 0.476562, 0.254395, -1.35986, 3.92432, 3.74756, -1.18164, 3.51367, 8.74023, 3.74805, 2.2605, -1.04858, 0.12085, 2.29224, 11.1416, 3.02637, -1.80762, 2.7334, -2.18066, -0.84668, 9.72168, -1.47559, ... ]
X at t=0.48:
[ 1.14551, -7.19824, 2.35254, 2.42285, 2.8916, 7.52246, 7.39551, -1.20801, 4.30664, 5.60547, 1.26367, 4.01562, 6.40869, -5.02588, -1.53467, 0.460449, 0.333496, -1.25537, 3.91943, 3.79541, -1.1084, 3.49902, 8.90332, 3.66699, 1.95386, -1.03198, 0.197021, 2.36743, 11.1758, 2.60938, -1.94922, 2.875, -2.05566, -0.901367, 9.69824, -1.31934, ... ]
X at t=0.49:
[ 0.658203, -7.0918, 2.29102, 2.71289, 3.07422, 7.66016, 7.08203, -1.34766, 4.36133, 5.74219, 1.31445, 4.0625, 6.16602, -5.23047, -1.14258, 0.460938, 0.410645, -1.15088, 3.92041, 3.84326, -1.03516, 3.49219, 9.05469, 3.55859, 1.65479, -1.00244, 0.268066, 2.45068, 11.1943, 2.17285, -2.04395, 3.0127, -1.92773, -0.943359, 9.67383, -1.13867, ... ]
X at t=0.5:
[ 0.19043, -6.96387, 2.17871, 2.99316, 3.28027, 7.79395, 6.7373, -1.4834, 4.41162, 5.88721, 1.36279, 4.104, 5.91553, -5.3999, -0.758301, 0.480957, 0.484863, -1.04346, 3.92432, 3.88818, -0.961914, 3.48535, 9.19824, 3.42676, 1.36694, -0.960693, 0.334717, 2.54224, 11.2002, 1.72168, -2.10059, 3.13965, -1.79883, -0.974609, 9.64648, -0.935547, ... ]
X at t=0.51:
[ -0.255371, -6.81299, 2.02002, 3.25928, 3.50684, 7.91113, 6.3623, -1.6084, 4.45557, 6.03662, 1.41064, 4.14014, 5.65625, -5.53516, -0.382812, 0.519531, 0.557617, -0.936523, 3.93262, 3.93066, -0.889648, 3.47949, 9.33301, 3.26465, 1.09253, -0.906982, 0.398193, 2.64087, 11.2012, 1.25977, -2.11914, 3.25195, -1.66895, -0.995117, 9.62402, -0.717773, ... ]
X at t=0.52:
[ -0.679199, -6.63916, 1.82275, 3.50342, 3.75293, 8.0166, 5.95996, -1.72949, 4.49072, 6.19482, 1.45752, 4.16943, 5.39062, -5.63867, -0.0234375, 0.580078, 0.629395, -0.82666, 3.94385, 3.97217, -0.820312, 3.48047, 9.45703, 3.07812, 0.837891, -0.84375, 0.458984, 2.74609, 11.1865, 0.793945, -2.09863, 3.35254, -1.53711, -1.00586, 9.5957, -0.482422, ... ]
X at t=0.53:
[ -1.07861, -6.44287, 1.59131, 3.72705, 4.02344, 8.10156, 5.52344, -1.83594, 4.51465, 6.36035, 1.50293, 4.19238, 5.11963, -5.71338, 0.316895, 0.663574, 0.696777, -0.716309, 3.95654, 4.01221, -0.750977, 3.48145, 9.57324, 2.86816, 0.60376, -0.772705, 0.516846, 2.85522, 11.1543, 0.322266, -2.04102, 3.43945, -1.40918, -1.00488, 9.57129, -0.243164, ... ]
X at t=0.54:
[ -1.45361, -6.22412, 1.3335, 3.92236, 4.31641, 8.16016, 5.05859, -1.92578, 4.52686, 6.52979, 1.54834, 4.20752, 4.84521, -5.75928, 0.63623, 0.766113, 0.760254, -0.605957, 3.9751, 4.05029, -0.68457, 3.48535, 9.6748, 2.63379, 0.394043, -0.696777, 0.57373, 2.97119, 11.1133, -0.144531, -1.94922, 3.51172, -1.2832, -0.998047, 9.54492, 0.00195312, ... ]
X at t=0.55:
[ -1.80176, -5.97949, 1.05762, 4.09082, 4.62988, 8.19043, 4.56348, -2.00098, 4.52441, 6.7041, 1.59082, 4.21582, 4.56787, -5.78271, 0.933105, 0.887207, 0.821289, -0.49707, 3.99707, 4.08496, -0.617188, 3.49609, 9.76562, 2.37891, 0.21167, -0.61499, 0.628662, 3.09106, 11.0508, -0.601562, -1.82422, 3.57031, -1.16016, -0.980469, 9.51172, 0.253906, ... ]
X at t=0.56:
[ -2.12109, -5.71094, 0.769531, 4.22656, 4.96582, 8.19434, 4.04004, -2.05957, 4.50781, 6.88086, 1.63281, 4.2168, 4.29199, -5.78223, 1.20215, 1.02637, 0.878174, -0.386963, 4.02368, 4.11792, -0.551758, 3.50879, 9.84277, 2.10645, 0.057373, -0.531006, 0.685303, 3.21411, 10.9727, -1.05078, -1.66797, 3.62109, -1.04199, -0.954102, 9.47754, 0.50293, ... ]
X at t=0.57:
[ -2.41357, -5.42041, 0.479004, 4.33154, 5.31641, 8.16797, 3.48828, -2.09766, 4.47461, 7.05859, 1.67773, 4.20703, 4.01709, -5.76123, 1.44482, 1.18213, 0.930908, -0.277588, 4.05298, 4.14917, -0.489258, 3.52441, 9.90918, 1.82129, -0.065918, -0.445801, 0.742676, 3.34326, 10.875, -1.48828, -1.47656, 3.66016, -0.927734, -0.923828, 9.44727, 0.748047, ... ]
X at t=0.58:
[ -2.67578, -5.10547, 0.191406, 4.40234, 5.68066, 8.10059, 2.91895, -2.11426, 4.42627, 7.23779, 1.72119, 4.18896, 3.74658, -5.7251, 1.65869, 1.35107, 0.979492, -0.168945, 4.08496, 4.17871, -0.429688, 3.54297, 9.96484, 1.52344, -0.157471, -0.361084, 0.800537, 3.47583, 10.7598, -1.9082, -1.26367, 3.69336, -0.824219, -0.882812, 9.41797, 0.984375, ... ]
X at t=0.59:
[ -2.90771, -4.77002, -0.0854492, 4.44287, 6.05859, 7.99219, 2.33203, -2.10938, 4.3623, 7.41309, 1.76855, 4.16309, 3.48047, -5.67383, 1.84375, 1.5332, 1.02246, -0.0605469, 4.12012, 4.20508, -0.369141, 3.56445, 10.0098, 1.2168, -0.216309, -0.275879, 0.859863, 3.61279, 10.6289, -2.30859, -1.02734, 3.72266, -0.727539, -0.834961, 9.38574, 1.21582, ... ]
X at t=0.6:
[ -3.10889, -4.4126, -0.345215, 4.45264, 6.43848, 7.84277, 1.73145, -2.08301, 4.28369, 7.5874, 1.81689, 4.12842, 3.21729, -5.61182, 2.00049, 1.72607, 1.06104, 0.0454102, 4.15869, 4.229, -0.311523, 3.58887, 10.0361, 0.905273, -0.24292, -0.193604, 0.922119, 3.75269, 10.4814, -2.68457, -0.772461, 3.74902, -0.639648, -0.782227, 9.35645, 1.43262, ... ]
X at t=0.61:
[ -3.27783, -4.03662, -0.584473, 4.43799, 6.81836, 7.64648, 1.12305, -2.0332, 4.19141, 7.75781, 1.86719, 4.08203, 2.96338, -5.53955, 2.12939, 1.92334, 1.09497, 0.150146, 4.19946, 4.25073, -0.251953, 3.61523, 10.0527, 0.591797, -0.236084, -0.112549, 0.985596, 3.89429, 10.3115, -3.03809, -0.49707, 3.77832, -0.55957, -0.729492, 9.32715, 1.6416, ... ]
X at t=0.62:
[ -3.41357, -3.64307, -0.794434, 4.39795, 7.19238, 7.40137, 0.516602, -1.96191, 4.08887, 7.9209, 1.9209, 4.02637, 2.71582, -5.45801, 2.23145, 2.12793, 1.12451, 0.252441, 4.24365, 4.27002, -0.194336, 3.64746, 10.0557, 0.280273, -0.199707, -0.0327148, 1.05225, 4.03955, 10.1182, -3.36426, -0.206055, 3.81152, -0.488281, -0.671875, 9.30078, 1.83594, ... ]
X at t=0.63:
[ -3.51465, -3.23926, -0.975586, 4.33887, 7.55664, 7.10352, -0.0800781, -1.86914, 3.97754, 8.07715, 1.97754, 3.95996, 2.4751, -5.36768, 2.30908, 2.3335, 1.14966, 0.352295, 4.29126, 4.28687, -0.139648, 3.68262, 10.0439, -0.0244141, -0.131348, 0.0454102, 1.12061, 4.18799, 9.91113, -3.66504, 0.0947266, 3.84668, -0.427734, -0.611328, 9.27539, 2.01367, ... ]
X at t=0.64:
[ -3.58447, -2.82568, -1.12158, 4.26221, 7.90332, 6.75293, -0.655273, -1.75879, 3.86377, 8.22412, 2.0376, 3.88232, 2.24316, -5.27051, 2.36035, 2.54199, 1.17114, 0.449951, 4.34009, 4.30249, -0.0878906, 3.7207, 10.0176, -0.322266, -0.0341797, 0.125977, 1.19238, 4.33691, 9.68457, -3.93848, 0.391602, 3.89355, -0.37793, -0.547852, 9.25098, 2.1748, ... ]
X at t=0.65:
[ -3.61963, -2.40576, -1.23486, 4.17432, 8.22656, 6.35156, -1.20703, -1.63672, 3.75, 8.36328, 2.09766, 3.79688, 2.021, -5.16943, 2.39014, 2.74658, 1.1897, 0.545654, 4.39185, 4.31421, -0.0322266, 3.75879, 9.9834, -0.608398, 0.0913086, 0.205566, 1.26514, 4.48877, 9.43164, -4.18555, 0.697266, 3.95508, -0.338867, -0.481445, 9.22754, 2.31934, ... ]
X at t=0.66:
[ -3.62256, -1.98291, -1.31201, 4.07764, 8.52734, 5.90234, -1.72266, -1.50391, 3.63477, 8.49414, 2.16211, 3.70117, 1.80957, -5.06348, 2.39941, 2.94824, 1.20532, 0.638428, 4.44653, 4.32495, 0.0214844, 3.79883, 9.93555, -0.880859, 0.241211, 0.288086, 1.34277, 4.63965, 9.15918, -4.40527, 0.999023, 4.02832, -0.307617, -0.411133, 9.2041, 2.44434, ... ]
X at t=0.67:
[ -3.59033, -1.56396, -1.354, 3.97705, 8.80078, 5.40234, -2.19531, -1.36719, 3.52979, 8.6167, 2.22705, 3.59521, 1.60791, -4.95361, 2.38721, 3.146, 1.22021, 0.729004, 4.50146, 4.33447, 0.0722656, 3.8418, 9.87695, -1.13477, 0.413574, 0.375488, 1.42334, 4.7915, 8.86914, -4.60352, 1.29102, 4.11523, -0.289062, -0.339844, 9.17969, 2.55078, ... ]
X at t=0.68:
[ -3.52637, -1.15332, -1.3623, 3.87793, 9.0459, 4.86426, -2.61426, -1.2334, 3.43262, 8.73145, 2.28809, 3.47754, 1.4209, -4.84277, 2.3584, 3.33691, 1.23584, 0.816895, 4.56006, 4.34033, 0.123047, 3.88867, 9.80664, -1.37305, 0.605957, 0.466309, 1.50635, 4.94482, 8.56055, -4.77539, 1.56836, 4.2168, -0.280273, -0.270508, 9.16113, 2.63965, ... ]
X at t=0.69:
[ -3.43066, -0.753906, -1.33887, 3.7832, 9.26172, 4.28906, -2.98047, -1.10938, 3.34229, 8.83936, 2.34814, 3.35303, 1.24316, -4.72754, 2.31348, 3.52246, 1.25342, 0.902832, 4.62061, 4.34424, 0.172852, 3.93652, 9.72363, -1.59082, 0.81543, 0.561523, 1.59277, 5.09668, 8.23145, -4.92285, 1.8291, 4.33105, -0.28125, -0.199219, 9.14062, 2.70703, ... ]
X at t=0.7:
[ -3.30542, -0.368408, -1.28491, 3.69507, 9.44629, 3.68652, -3.28418, -0.99707, 3.26416, 8.94482, 2.40283, 3.21631, 1.08154, -4.61279, 2.25537, 3.70166, 1.27295, 0.986816, 4.68311, 4.34619, 0.22168, 3.98926, 9.63184, -1.78809, 1.03809, 0.665039, 1.68262, 5.24707, 7.88916, -5.05127, 2.0708, 4.4585, -0.291992, -0.129883, 9.12598, 2.75684, ... ]
X at t=0.71:
[ -3.15161, -0.000732422, -1.20532, 3.61743, 9.60059, 3.05957, -3.52441, -0.901367, 3.19531, 9.04297, 2.44922, 3.07031, 0.935059, -4.49561, 2.18701, 3.87354, 1.29443, 1.06885, 4.74756, 4.34619, 0.266602, 4.04199, 9.52832, -1.96191, 1.27148, 0.78125, 1.77539, 5.39453, 7.52539, -5.16016, 2.29102, 4.59766, -0.31543, -0.0595703, 9.11035, 2.78809, ... ]
X at t=0.72:
[ -2.97021, 0.345215, -1.10107, 3.55029, 9.72559, 2.41504, -3.69629, -0.827148, 3.13477, 9.13477, 2.49023, 2.91992, 0.802734, -4.37695, 2.10742, 4.03711, 1.32031, 1.14844, 4.8125, 4.34375, 0.3125, 4.09766, 9.41406, -2.11328, 1.5127, 0.905273, 1.87207, 5.53809, 7.146, -5.25342, 2.48389, 4.74854, -0.348633, 0.00878906, 9.10059, 2.80176, ... ]
X at t=0.73:
[ -2.76465, 0.668945, -0.977539, 3.49902, 9.81934, 1.7627, -3.80176, -0.780273, 3.08008, 9.22852, 2.51758, 2.75977, 0.681152, -4.25732, 2.02295, 4.19385, 1.35156, 1.22656, 4.87891, 4.33984, 0.358398, 4.15332, 9.2959, -2.24512, 1.75903, 1.04272, 1.97095, 5.67651, 6.75098, -5.3291, 2.64941, 4.90527, -0.386719, 0.0703125, 9.08984, 2.79688, ... ]
X at t=0.74:
[ -2.53613, 0.96582, -0.836914, 3.46191, 9.88281, 1.10547, -3.83594, -0.753906, 3.02832, 9.31543, 2.53613, 2.59668, 0.575195, -4.1377, 1.93066, 4.34277, 1.38721, 1.30225, 4.9458, 4.3335, 0.402344, 4.21094, 9.16797, -2.35156, 2.00635, 1.19287, 2.07471, 5.80811, 6.3418, -5.39258, 2.78711, 5.06836, -0.435547, 0.134766, 9.08008, 2.77539, ... ]
X at t=0.75:
[ -2.28809, 1.23926, -0.68457, 3.44043, 9.91602, 0.462891, -3.80273, -0.755859, 2.97949, 9.40332, 2.54199, 2.42676, 0.483398, -4.01855, 1.83496, 4.48145, 1.42822, 1.37646, 5.01416, 4.32568, 0.446289, 4.26855, 9.03613, -2.43848, 2.25195, 1.35547, 2.18164, 5.93359, 5.91602, -5.44336, 2.89258, 5.23633, -0.490234, 0.193359, 9.07227, 2.74023, ... ]
X at t=0.76:
[ -2.021, 1.48389, -0.520996, 3.43311, 9.91895, -0.168945, -3.70215, -0.774414, 2.92773, 9.49023, 2.53711, 2.25586, 0.407715, -3.90186, 1.73389, 4.61182, 1.47607, 1.44971, 5.0835, 4.31494, 0.490234, 4.32617, 8.90039, -2.50586, 2.49414, 1.5332, 2.29102, 6.04883, 5.47852, -5.48242, 2.96289, 5.4082, -0.549805, 0.25293, 9.07129, 2.68652, ... ]
X at t=0.77:
[ -1.73926, 1.69824, -0.350586, 3.44238, 9.90039, -0.779297, -3.53711, -0.810547, 2.87305, 9.57227, 2.51758, 2.08398, 0.348145, -3.78369, 1.63135, 4.73389, 1.53174, 1.521, 5.15283, 4.30225, 0.533203, 4.38867, 8.75586, -2.55273, 2.72852, 1.72656, 2.4043, 6.15234, 5.02588, -5.51221, 3.00049, 5.57959, -0.616211, 0.311523, 9.06738, 2.62012, ... ]
X at t=0.78:
[ -1.44385, 1.88525, -0.17627, 3.46533, 9.85352, -1.36523, -3.31055, -0.857422, 2.81543, 9.65332, 2.4873, 1.91113, 0.301758, -3.66504, 1.52832, 4.85059, 1.59424, 1.59131, 5.22314, 4.28662, 0.572266, 4.45117, 8.60742, -2.58398, 2.95459, 1.93213, 2.52295, 6.24268, 4.56152, -5.52832, 3.00293, 5.74902, -0.683594, 0.367188, 9.06641, 2.53906, ... ]
X at t=0.79:
[ -1.1377, 2.0459, -0.000976562, 3.50293, 9.78125, -1.91797, -3.02344, -0.910156, 2.75391, 9.73047, 2.44531, 1.74219, 0.26709, -3.55029, 1.42529, 4.95947, 1.66455, 1.65967, 5.29346, 4.26904, 0.612305, 4.50879, 8.45996, -2.59668, 3.1709, 2.15137, 2.64355, 6.31934, 4.08984, -5.53516, 2.96875, 5.91406, -0.75, 0.421875, 9.07031, 2.44531, ... ]
X at t=0.8:
[ -0.82373, 2.1792, 0.172363, 3.5542, 9.68652, -2.43652, -2.68457, -0.963867, 2.68652, 9.80566, 2.39355, 1.5752, 0.244141, -3.43555, 1.32617, 5.06055, 1.74316, 1.72949, 5.3623, 4.25098, 0.651367, 4.56738, 8.30762, -2.59668, 3.37695, 2.38281, 2.76367, 6.37891, 3.60889, -5.53076, 2.8999, 6.07275, -0.811523, 0.47168, 9.0752, 2.34277, ... ]
X at t=0.81:
[ -0.502197, 2.28638, 0.344482, 3.61743, 9.56445, -2.91602, -2.29492, -1.00977, 2.61816, 9.87402, 2.33691, 1.41309, 0.234863, -3.32275, 1.229, 5.15576, 1.82959, 1.79736, 5.43115, 4.23096, 0.691406, 4.62891, 8.15234, -2.58203, 3.56982, 2.62549, 2.88818, 6.42041, 3.12354, -5.51221, 2.79736, 6.22412, -0.870117, 0.526367, 9.0791, 2.22559, ... ]
X at t=0.82:
[ -0.177246, 2.36865, 0.512207, 3.69092, 9.41895, -3.34863, -1.86621, -1.04004, 2.54785, 9.94043, 2.27051, 1.25684, 0.237305, -3.20996, 1.13574, 5.24316, 1.92529, 1.86377, 5.49951, 4.20752, 0.729492, 4.68848, 7.99902, -2.55762, 3.75146, 2.87939, 3.01514, 6.43994, 2.6333, -5.48291, 2.6626, 6.3667, -0.921875, 0.578125, 9.08594, 2.10156, ... ]
X at t=0.83:
[ 0.149414, 2.42676, 0.676758, 3.77441, 9.25293, -3.7334, -1.40723, -1.0498, 2.47949, 10.0049, 2.19434, 1.11035, 0.253418, -3.09912, 1.04443, 5.32471, 2.02832, 1.93066, 5.56543, 4.18262, 0.772461, 4.74707, 7.84668, -2.52246, 3.91602, 3.14648, 3.14258, 6.43555, 2.14014, -5.43896, 2.49756, 6.49658, -0.960938, 0.628906, 9.09375, 1.96484, ... ]
X at t=0.84:
[ 0.475342, 2.46118, 0.83374, 3.86646, 9.06055, -4.07227, -0.916016, -1.0332, 2.41699, 10.0635, 2.1123, 0.969727, 0.27832, -2.98926, 0.958008, 5.40137, 2.13916, 1.99561, 5.63135, 4.15576, 0.810547, 4.81055, 7.69336, -2.47852, 4.06738, 3.42285, 3.27051, 6.40723, 1.64795, -5.38037, 2.30225, 6.61768, -0.984375, 0.675781, 9.10156, 1.82422, ... ]
X at t=0.85:
[ 0.798584, 2.47388, 0.985107, 3.96509, 8.84961, -4.35742, -0.408203, -0.990234, 2.3623, 10.1143, 2.02246, 0.836914, 0.310059, -2.87842, 0.878418, 5.47119, 2.25635, 2.06006, 5.69385, 4.12646, 0.84668, 4.86816, 7.53809, -2.4248, 4.20508, 3.70703, 3.39648, 6.35156, 1.15967, -5.30225, 2.07959, 6.72705, -0.99707, 0.727539, 9.1084, 1.67676, ... ]
X at t=0.86:
[ 1.11743, 2.46558, 1.13013, 4.07202, 8.61914, -4.5957, 0.103516, -0.908203, 2.31836, 10.1621, 1.91992, 0.716797, 0.347656, -2.76953, 0.804688, 5.53906, 2.38086, 2.125, 5.75391, 4.0957, 0.884766, 4.92773, 7.38477, -2.36914, 4.32812, 3.99805, 3.51953, 6.26758, 0.681152, -5.21045, 1.83154, 6.82275, -0.991211, 0.776367, 9.11426, 1.52246, ... ]
X at t=0.87:
[ 1.43018, 2.43896, 1.26807, 4.18311, 8.37305, -4.78711, 0.615234, -0.794922, 2.29102, 10.2051, 1.81055, 0.607422, 0.394043, -2.66162, 0.73584, 5.60205, 2.5127, 2.18848, 5.80957, 4.06348, 0.922852, 4.9834, 7.23145, -2.30176, 4.43799, 4.29639, 3.63916, 6.15381, 0.214355, -5.09912, 1.56396, 6.90674, -0.964844, 0.824219, 9.12109, 1.36328, ... ]
X at t=0.88:
[ 1.73682, 2.39404, 1.39893, 4.29834, 8.10352, -4.93555, 1.12695, -0.646484, 2.28223, 10.2412, 1.69238, 0.510742, 0.446289, -2.55566, 0.672852, 5.66309, 2.65186, 2.25244, 5.86279, 4.02979, 0.960938, 5.03906, 7.07812, -2.23438, 4.53418, 4.60059, 3.75293, 6.00684, -0.235352, -4.96777, 1.28027, 6.97754, -0.916016, 0.873047, 9.13086, 1.20117, ... ]
X at t=0.89:
[ 2.03345, 2.33472, 1.52271, 4.41772, 7.8208, -5.0415, 1.61963, -0.461426, 2.28906, 10.2695, 1.56641, 0.429688, 0.502441, -2.44971, 0.617676, 5.72021, 2.79736, 2.31592, 5.9126, 3.99365, 1.00098, 5.09668, 6.92676, -2.16504, 4.61719, 4.9082, 3.85938, 5.83008, -0.666504, -4.81592, 0.983887, 7.02979, -0.844727, 0.926758, 9.13574, 1.03223, ... ]
X at t=0.9:
[ 2.31885, 2.26123, 1.64111, 4.53662, 7.52393, -5.10986, 2.08838, -0.240723, 2.31445, 10.291, 1.43164, 0.361328, 0.562012, -2.34131, 0.567871, 5.77393, 2.94922, 2.37891, 5.95898, 3.95508, 1.04102, 5.1543, 6.77539, -2.0957, 4.68848, 5.21875, 3.9541, 5.62109, -1.0708, -4.64209, 0.681152, 7.0708, -0.750977, 0.981445, 9.14355, 0.860352, ... ]
X at t=0.91:
[ 2.59521, 2.17627, 1.74951, 4.65869, 7.21533, -5.14697, 2.52979, 0.0112305, 2.36133, 10.2988, 1.29102, 0.306641, 0.625488, -2.23682, 0.521973, 5.82373, 3.10596, 2.43896, 6.00049, 3.91553, 1.08105, 5.21191, 6.62402, -2.02637, 4.74902, 5.53125, 4.03613, 5.38086, -1.44727, -4.45117, 0.376953, 7.09961, -0.631836, 1.03809, 9.14551, 0.69043, ... ]
X at t=0.92:
[ 2.8584, 2.0791, 1.85449, 4.77832, 6.89551, -5.15332, 2.93848, 0.295898, 2.42871, 10.3018, 1.14355, 0.266602, 0.689941, -2.1333, 0.484863, 5.87256, 3.26855, 2.50098, 6.03613, 3.87402, 1.12207, 5.26465, 6.47754, -1.95801, 4.79688, 5.8457, 4.10156, 5.11133, -1.79346, -4.24365, 0.0756836, 7.11768, -0.487305, 1.09668, 9.1416, 0.522461, ... ]
X at t=0.93:
[ 3.10938, 1.9707, 1.95312, 4.90039, 6.56592, -5.13623, 3.31006, 0.60791, 2.51855, 10.2939, 0.983398, 0.243164, 0.75293, -2.03027, 0.452148, 5.91895, 3.43701, 2.56104, 6.06787, 3.83252, 1.16309, 5.31738, 6.33105, -1.88965, 4.83691, 6.15723, 4.14941, 4.81348, -2.10352, -4.02148, -0.216797, 7.12305, -0.320312, 1.15625, 9.14062, 0.351562, ... ]
X at t=0.94:
[ 3.34668, 1.85254, 2.0459, 5.02051, 6.22754, -5.09863, 3.6416, 0.948242, 2.62207, 10.2764, 0.813477, 0.233398, 0.819824, -1.92725, 0.427246, 5.96143, 3.60913, 2.62036, 6.09448, 3.78931, 1.20605, 5.37207, 6.18652, -1.81934, 4.86768, 6.46631, 4.17432, 4.4917, -2.375, -3.78906, -0.5, 7.11719, -0.128906, 1.21875, 9.13672, 0.1875, ... ]
X at t=0.95:
[ 3.56885, 1.72998, 2.1333, 5.13818, 5.88232, -5.04639, 3.93506, 1.31104, 2.74609, 10.2422, 0.636719, 0.242188, 0.887207, -1.82666, 0.404785, 6.00342, 3.78589, 2.67798, 6.11499, 3.74536, 1.24707, 5.4248, 6.04004, -1.75098, 4.8877, 6.77246, 4.17676, 4.14746, -2.60986, -3.54834, -0.76416, 7.10205, 0.0839844, 1.28711, 9.13086, 0.0214844, ... ]
X at t=0.96:
[ 3.77637, 1.60059, 2.21777, 5.25293, 5.53271, -4.97998, 4.18311, 1.69385, 2.8877, 10.1943, 0.446289, 0.268555, 0.952148, -1.72559, 0.389648, 6.04785, 3.96631, 2.73486, 6.13037, 3.69971, 1.28906, 5.47266, 5.89844, -1.68359, 4.90283, 7.06982, 4.15088, 3.78662, -2.80322, -3.30029, -1.01221, 7.07666, 0.318359, 1.36133, 9.11523, -0.138672, ... ]
X at t=0.97:
[ 3.96973, 1.46777, 2.29785, 5.36621, 5.17676, -4.90332, 4.3916, 2.09277, 3.0498, 10.1299, 0.249023, 0.313477, 1.01611, -1.62744, 0.381348, 6.08936, 4.14893, 2.78857, 6.13916, 3.65381, 1.33105, 5.52051, 5.75684, -1.61621, 4.91064, 7.36084, 4.09619, 3.41357, -2.95703, -3.05078, -1.23828, 7.04297, 0.572266, 1.43555, 9.0957, -0.291016, ... ]
X at t=0.98:
[ 4.14844, 1.32812, 2.375, 5.47656, 4.81494, -4.82275, 4.55908, 2.50732, 3.22559, 10.0439, 0.0419922, 0.375977, 1.07861, -1.52979, 0.377441, 6.12842, 4.33594, 2.8418, 6.14062, 3.60742, 1.375, 5.57422, 5.61719, -1.55859, 4.91406, 7.64453, 4.00781, 3.03516, -3.07373, -2.80322, -1.43896, 7.00342, 0.838867, 1.5166, 9.06934, -0.44043, ... ]

Final state:
X at t=0.99:
[ 4.30957, 1.18262, 2.4502, 5.58105, 4.4502, -4.7373, 4.68457, 2.93457, 3.41797, 9.93359, -0.167969, 0.457031, 1.14355, -1.43262, 0.37793, 6.16895, 4.52637, 2.89551, 6.13574, 3.55957, 1.41992, 5.62305, 5.48242, -1.50195, 4.91357, 7.9165, 3.88818, 2.65674, -3.15332, -2.55762, -1.61426, 6.95801, 1.12402, 1.60254, 9.03418, -0.581055, ... ]
