
Lmod is automatically replacing "craype-x86-rome" with "craype-x86-trento".

Lorenz96(k=100, F=8, dt=0.01, t_max=1)
 - warming up the simulation for 10
 - running ensemble of size 1 with initial perturbation N(0.0, 0.001)
 - compressing every 1-th model state online on the GPU with BitRound(bitround_bits=48)
 - saving config file to 'output/config_5030272.json'
 - saving performance file to 'performance/perf_5030272'

Initial state:
X at t=0:
[ 6.97368, 5.05917, 7.35117, -0.100787, -1.12296, 3.73102, 10.2582, -0.203239, 2.35716, 3.45174, -0.586471, 0.987708, 3.12047, 4.6171, 7.05744, 5.67665, -5.19413, 1.26716, 4.785, 5.84075, -3.7711, 1.13113, -0.298447, -1.77111, 6.32255, 2.94267, -2.99086, 4.27347, 4.29248, 0.825151, 3.69935, 11.1333, -0.330422, -0.18355, 3.72995, 7.61531, ... ]

X at t=0.01:
[ 7.36347, 5.30434, 6.97304, -0.466199, -1.02243, 3.66086, 10.2668, -0.254616, 2.42887, 3.48898, -0.548314, 1.05917, 3.22298, 4.84301, 7.16853, 4.99057, -5.37073, 1.35838, 4.96128, 5.61334, -3.85878, 1.42624, -0.189253, -1.68613, 6.28464, 2.91543, -2.94073, 4.26738, 4.4915, 0.873756, 3.79876, 11.0516, -0.67532, -0.0653123, 3.76221, 7.73617, ... ]
X at t=0.02:
[ 7.73389, 5.5455, 6.54086, -0.812047, -0.912779, 3.59897, 10.2693, -0.291345, 2.50275, 3.5276, -0.511124, 1.12946, 3.33029, 5.07377, 7.24363, 4.27444, -5.50627, 1.40176, 5.14214, 5.37164, -3.93115, 1.7097, -0.0725211, -1.59593, 6.25217, 2.88657, -2.88978, 4.25553, 4.68818, 0.925797, 3.89795, 10.9545, -1.01001, 0.0755417, 3.80472, 7.84481, ... ]
X at t=0.03:
[ 8.08166, 5.77818, 6.05459, -1.13305, -0.797726, 3.54709, 10.2663, -0.314267, 2.57777, 3.56733, -0.475009, 1.19861, 3.44261, 5.30841, 7.27783, 3.53464, -5.59966, 1.39399, 5.32129, 5.11855, -3.9892, 1.97946, 0.052152, -1.50095, 6.22513, 2.85581, -2.8383, 4.23825, 4.88247, 0.981928, 3.99676, 10.8415, -1.33169, 0.23679, 3.86048, 7.94042, ... ]
X at t=0.04:
[ 8.40384, 5.99733, 5.51558, -1.42394, -0.68145, 3.50649, 10.2584, -0.324497, 2.653, 3.60787, -0.440039, 1.26668, 3.56015, 5.54571, 7.26626, 2.77868, -5.6499, 1.33362, 5.49248, 4.85768, -4.03371, 2.2338, 0.184987, -1.40162, 6.20347, 2.82286, -2.78658, 4.21582, 5.07436, 1.04279, 4.09497, 10.7126, -1.6379, 0.41579, 3.93235, 8.02219, ... ]
X at t=0.05:
[ 8.69796, 6.19749, 4.92671, -1.67967, -0.568362, 3.47787, 10.2464, -0.323352, 2.72761, 3.64895, -0.406247, 1.33371, 3.68311, 5.78412, 7.20435, 2.01507, -5.65612, 1.22118, 5.64985, 4.5933, -4.06531, 2.47134, 0.326031, -1.29836, 6.18707, 2.78743, -2.73486, 4.18854, 5.26388, 1.10901, 4.19237, 10.5677, -1.92659, 0.609515, 4.02299, 8.08924, ... ]
X at t=0.06:
[ 8.96218, 6.37294, 4.29254, -1.89553, -0.462824, 3.46127, 10.2308, -0.312268, 2.8009, 3.69028, -0.373634, 1.39975, 3.81166, 6.02179, 7.08792, 1.25328, -5.61781, 1.05922, 5.78826, 4.33007, -4.08457, 2.69105, 0.475164, -1.19155, 6.17575, 2.74926, -2.68337, 4.15668, 5.45112, 1.18121, 4.28867, 10.4068, -2.19616, 0.814614, 4.13468, 8.14056, ... ]
X at t=0.07:
[ 9.1954, 6.51789, 3.61931, -2.06734, -0.368824, 3.45608, 10.2124, -0.292716, 2.87227, 3.73162, -0.342173, 1.46483, 3.94596, 6.25652, 6.91342, 0.503501, -5.53501, 0.852295, 5.90366, 4.07284, -4.09202, 2.89228, 0.632123, -1.08152, 6.16927, 2.7081, -2.63227, 4.12049, 5.63618, 1.25997, 4.38355, 10.2299, -2.44544, 1.02748, 4.26922, 8.175, ... ]
X at t=0.08:
[ 9.39741, 6.62673, 2.91483, -2.19168, -0.28964, 3.46106, 10.1921, -0.266114, 2.94126, 3.77274, -0.31181, 1.529, 4.08609, 6.48575, 6.67815, -0.223567, -5.4086, 0.606769, 5.99326, 3.82634, -4.08823, 3.07477, 0.796518, -0.968575, 6.16735, 2.66368, -2.58173, 4.0802, 5.8192, 1.34585, 4.47661, 10.0374, -2.67374, 1.24431, 4.42784, 8.19119, ... ]
X at t=0.09:
[ 9.56889, 6.69427, 2.18833, -2.26604, -0.227528, 3.47447, 10.1705, -0.233757, 3.00751, 3.81342, -0.282471, 1.59231, 4.23211, 6.70658, 6.38047, -0.917058, -5.24056, 0.330508, 6.05563, 3.59489, -4.07383, 3.23861, 0.96786, -0.852951, 6.16963, 2.61577, -2.53186, 4.03602, 6.00036, 1.43936, 4.56738, 9.82941, -2.88083, 1.46127, 4.61112, 8.18756, ... ]
X at t=0.1:
[ 9.71147, 6.71588, 1.45012, -2.28904, -0.183476, 3.49426, 10.1485, -0.196764, 3.07075, 3.85348, -0.254062, 1.6548, 4.384, 6.91577, 6.01997, -1.56631, -5.03416, 0.0324573, 6.09076, 3.3821, -4.04955, 3.38423, 1.14559, -0.734829, 6.1757, 2.56412, -2.48273, 3.98815, 6.17982, 1.54098, 4.65528, 9.60629, -3.06688, 1.67448, 4.81893, 8.1623, ... ]
X at t=0.11:
[ 9.82758, 6.68775, 0.711193, -2.26055, -0.157053, 3.51823, 10.1268, -0.156048, 3.13081, 3.89278, -0.226478, 1.71653, 4.54168, 7.10977, 5.59763, -2.16129, -4.79412, -0.277872, 6.09989, 3.19076, -4.0162, 3.51234, 1.3291, -0.614327, 6.18511, 2.50852, -2.43439, 3.93678, 6.35777, 1.65112, 4.73963, 9.3684, -3.23242, 1.8802, 5.05039, 8.11343, ... ]
X at t=0.12:
[ 9.92034, 6.60692, -0.0172025, -2.18187, -0.146386, 3.54434, 10.1062, -0.112308, 3.18756, 3.93118, -0.199601, 1.77755, 4.70495, 7.2848, 5.11598, -2.69296, -4.52657, -0.590978, 6.0853, 3.02265, -3.97465, 3.62386, 1.51777, -0.491506, 6.19733, 2.44873, -2.38684, 3.88206, 6.5344, 1.77015, 4.81962, 9.11614, -3.37832, 2.07488, 5.30392, 8.03878, ... ]
X at t=0.13:
[ 9.99337, 6.47136, -0.724028, -2.05577, -0.148273, 3.57087, 10.0873, -0.0660568, 3.24091, 3.96856, -0.173302, 1.83791, 4.87355, 7.43687, 4.57909, -3.15368, -4.23884, -0.897933, 6.05007, 2.87861, -3.92581, 3.71987, 1.71099, -0.366372, 6.21181, 2.38455, -2.34003, 3.82415, 6.70989, 1.89832, 4.8943, 8.84996, -3.50568, 2.25524, 5.57722, 7.93614, ... ]
X at t=0.14:
[ 10.0505, 6.27999, -1.39889, -1.88658, -0.15843, 3.59661, 10.0705, -0.0176553, 3.29081, 4.00482, -0.147446, 1.89768, 5.04707, 7.56188, 3.99258, -3.53748, -3.93918, -1.19089, 5.99769, 2.75854, -3.87058, 3.80154, 1.90817, -0.238884, 6.22795, 2.31578, -2.29387, 3.7632, 6.88441, 2.03583, 4.9626, 8.57033, -3.61577, 2.41832, 5.86739, 7.80331, ... ]
X at t=0.15:
[ 10.0954, 6.03255, -2.03241, -1.68007, -0.171839, 3.62096, 10.0561, 0.032626, 3.33723, 4.03989, -0.12189, 1.95691, 5.22501, 7.65574, 3.36352, -3.84026, -3.63623, -1.46348, 5.93179, 2.66161, -3.80984, 3.87007, 2.10877, -0.108962, 6.24508, 2.24221, -2.24826, 3.69934, 7.05812, 2.18275, 5.02326, 8.27781, -3.70994, 2.56155, 6.17094, 7.63825, ... ]
X at t=0.16:
[ 10.1315, 5.72957, -2.6165, -1.44336, -0.183171, 3.64397, 10.0442, 0.0845465, 3.38014, 4.07369, -0.0964846, 2.01567, 5.40674, 7.71445, 2.70026, -4.05991, -3.33847, -1.71103, 5.85582, 2.58639, -3.74439, 3.92665, 2.31229, 0.0235025, 6.26252, 2.16367, -2.20301, 3.63271, 7.23112, 2.33903, 5.07488, 7.97298, -3.78958, 2.68276, 6.48398, 7.43917, ... ]
X at t=0.17:
[ 10.1617, 5.37225, -3.1445, -1.1847, -0.187233, 3.6663, 10.0346, 0.137833, 3.41953, 4.10616, -0.0710759, 2.07405, 5.59149, 7.73427, 2.01219, -4.19625, -3.05369, -1.93065, 5.77286, 2.53109, -3.67498, 3.97244, 2.51829, 0.158636, 6.27951, 2.08002, -2.15792, 3.56346, 7.40352, 2.50445, 5.11592, 7.65656, -3.85602, 2.78024, 6.8023, 7.2047, ... ]
X at t=0.18:
[ 10.1878, 4.96238, -3.61124, -0.913161, -0.179388, 3.68908, 10.0272, 0.192126, 3.45541, 4.13727, -0.0455046, 2.13211, 5.77836, 7.71179, 1.30948, -4.25101, -2.78842, -2.12112, 5.68547, 2.49369, -3.60224, 4.00849, 2.72638, 0.296572, 6.29526, 1.9911, -2.11275, 3.49174, 7.57534, 2.67866, 5.14464, 7.32936, -3.91051, 2.85268, 7.12148, 6.93403, ... ]
X at t=0.19:
[ 10.2108, 4.50225, -4.01298, -0.638293, -0.155916, 3.71381, 10.0213, 0.246943, 3.4878, 4.167, -0.0196079, 2.18994, 5.96635, 7.64409, 0.602683, -4.22765, -2.54758, -2.28265, 5.59564, 2.47212, -3.52674, 4.03582, 2.93623, 0.437438, 6.30895, 1.89682, -2.06721, 3.41772, 7.74661, 2.86108, 5.1592, 6.99235, -3.95412, 2.89923, 7.43712, 6.627, ... ]
X at t=0.2:
[ 10.2305, 3.99466, -4.34724, -0.369701, -0.114279, 3.74214, 10.0165, 0.301653, 3.51676, 4.19535, 0.0067794, 2.24763, 6.1543, 7.52884, -0.0975204, -4.13122, -2.33419, -2.41657, 5.50479, 2.46437, -3.44897, 4.05533, 3.14755, 0.581345, 6.31969, 1.79711, -2.02098, 3.3416, 7.91726, 3.05095, 5.15762, 6.64672, -3.98775, 2.91945, 7.74488, 6.28425, ... ]
X at t=0.21:
[ 10.2459, 3.44292, -4.6126, -0.116618, -0.0532719, 3.77578, 10.0119, 0.355474, 3.54238, 4.22237, 0.0338232, 2.30529, 6.34096, 7.36444, -0.780741, -3.96814, -2.14933, -2.52494, 5.41387, 2.46857, -3.36933, 4.06785, 3.36009, 0.728376, 6.32654, 1.69196, -1.9737, 3.2636, 8.08719, 3.24724, 5.13782, 6.29387, -4.01209, 2.91332, 8.04069, 5.90725, ... ]
X at t=0.22:
[ 10.2545, 2.85089, -4.80845, 0.112532, 0.0269434, 3.81634, 10.0068, 0.407477, 3.56481, 4.24815, 0.0616875, 2.363, 6.525, 7.15005, -1.43719, -3.74602, -1.99224, -2.61022, 5.32345, 2.48303, -3.28814, 4.07413, 3.57366, 0.878571, 6.32852, 1.5814, -1.92502, 3.18398, 8.25623, 3.44868, 5.09769, 5.93551, -4.02765, 2.8812, 8.32087, 5.49837, ... ]
X at t=0.23:
[ 10.2531, 2.22308, -4.93478, 0.310551, 0.124917, 3.86522, 10.0005, 0.456616, 3.58423, 4.2728, 0.0905323, 2.42087, 6.70497, 6.88566, -2.05798, -3.47344, -1.86059, -2.67494, 5.23384, 2.50626, -3.20569, 4.07486, 3.78808, 1.03192, 6.32461, 1.46553, -1.87453, 3.10304, 8.42417, 3.6537, 5.0351, 5.57365, -4.03473, 2.82385, 8.58223, 5.06085, ... ]
X at t=0.24:
[ 10.2378, 1.56472, -4.99201, 0.471832, 0.238086, 3.92359, 9.99222, 0.501752, 3.60091, 4.29651, 0.12051, 2.47902, 6.8794, 6.57216, -2.63536, -3.15978, -1.75082, -2.72149, 5.14519, 2.53695, -3.12219, 4.07065, 4.00321, 1.18834, 6.31373, 1.34452, -1.82182, 3.02116, 8.59073, 3.86045, 4.94803, 5.21065, -4.03348, 2.74237, 8.82216, 4.59877, ... ]
X at t=0.25:
[ 10.2038, 0.88183, -4.98084, 0.592675, 0.363037, 3.99233, 9.98114, 0.541692, 3.61518, 4.3195, 0.151763, 2.53755, 7.04674, 6.21126, -3.16295, -2.81493, -1.6586, -2.75197, 5.05758, 2.57394, -3.03782, 4.06207, 4.21891, 1.34767, 6.29477, 1.21863, -1.76649, 2.93874, 8.75558, 4.06679, 4.83458, 4.84922, -4.02391, 2.6382, 9.03871, 4.11696, ... ]
X at t=0.26:
[ 10.1463, 0.18129, -4.90228, 0.671507, 0.495814, 4.07207, 9.96664, 0.575226, 3.62741, 4.34203, 0.184419, 2.59658, 7.20547, 5.80552, -3.63576, -2.44906, -1.57921, -2.76812, 4.97112, 2.61624, -2.95272, 4.04963, 4.43507, 1.50968, 6.26658, 1.08822, -1.70816, 2.85628, 8.91834, 4.27023, 4.69312, 4.49244, -4.00599, 2.51308, 9.23063, 3.62088, ... ]
X at t=0.27:
[ 10.0603, -0.529196, -4.75767, 0.709018, 0.632266, 4.16314, 9.94808, 0.601164, 3.63808, 4.36442, 0.218591, 2.65622, 7.35404, 5.35823, -4.05029, -2.07233, -1.508, -2.77139, 4.88595, 2.66299, -2.86701, 4.03382, 4.65159, 1.67399, 6.22799, 0.953741, -1.64644, 2.77431, 9.07859, 4.46805, 4.52237, 4.14373, -3.97965, 2.36903, 9.39736, 3.11644, ... ]
X at t=0.28:
[ 9.94106, -1.24119, -4.54888, 0.708168, 0.768394, 4.26562, 9.92491, 0.618372, 3.6477, 4.38703, 0.254369, 2.71656, 7.49093, 4.87338, -4.40445, -1.69461, -1.44072, -2.7629, 4.8023, 2.7134, -2.78079, 4.01507, 4.86836, 1.84015, 6.17782, 0.815762, -1.581, 2.69347, 9.23588, 4.65722, 4.3215, 3.80676, -3.94486, 2.20834, 9.53905, 2.60987, ... ]
X at t=0.29:
[ 9.78436, -1.94569, -4.27852, 0.674071, 0.900673, 4.37937, 9.89663, 0.62581, 3.65684, 4.41026, 0.291824, 2.77771, 7.6147, 4.3555, -4.69743, -1.3252, -1.37374, -2.74363, 4.72047, 2.76678, -2.69415, 3.9938, 5.08525, 2.00755, 6.1149, 0.674969, -1.51158, 2.61444, 9.38976, 4.83452, 4.09026, 3.48544, -3.90167, 2.03346, 9.65643, 2.1075, ... ]
X at t=0.3:
[ 9.58685, -2.63343, -3.95019, 0.613742, 1.02632, 4.504, 9.86275, 0.622559, 3.66611, 4.43455, 0.330999, 2.83974, 7.72394, 3.80958, -4.92953, -0.972491, -1.30423, -2.7144, 4.64082, 2.82254, -2.60715, 3.97039, 5.30216, 2.17545, 6.03807, 0.532169, -1.43797, 2.53798, 9.53976, 4.99653, 3.82906, 3.18372, -3.85028, 1.84702, 9.75082, 1.61562, ... ]
X at t=0.31:
[ 9.34616, -3.29521, -3.56876, 0.535709, 1.14347, 4.63891, 9.82285, 0.607851, 3.67614, 4.46035, 0.371914, 2.90271, 7.81737, 3.24094, -5.10197, -0.643805, -1.23023, -2.67602, 4.56375, 2.88012, -2.51987, 3.94522, 5.51894, 2.34298, 5.94625, 0.388293, -1.36006, 2.46491, 9.68543, 5.13974, 3.53903, 2.90555, -3.79101, 1.65173, 9.82398, 1.14029, ... ]
X at t=0.32:
[ 9.06115, -3.92231, -3.14052, 0.449506, 1.25127, 4.78333, 9.77644, 0.581093, 3.68761, 4.48816, 0.414557, 2.96666, 7.89378, 2.65512, -5.21666, -0.345152, -1.15063, -2.62928, 4.48969, 2.93904, -2.43241, 3.91861, 5.73543, 2.50909, 5.83841, 0.244389, -1.27782, 2.39608, 9.82635, 5.26063, 3.22212, 2.65469, -3.72432, 1.45034, 9.87799, 0.687228, ... ]
X at t=0.33:
[ 8.73195, -4.5069, -2.67325, 0.365092, 1.34988, 4.93633, 9.72302, 0.541885, 3.70115, 4.51848, 0.45889, 3.03161, 7.9521, 2.05779, -5.276, -0.0811158, -1.06509, -2.57497, 4.41903, 2.99888, -2.34482, 3.89091, 5.95144, 2.67259, 5.71365, 0.101619, -1.19138, 2.33241, 9.96212, 5.35574, 2.88109, 2.4345, -3.65081, 1.24558, 9.91518, 0.261635, ... ]
X at t=0.34:
[ 8.35999, -5.04244, -2.17618, 0.292231, 1.44031, 5.09689, 9.662, 0.490032, 3.71738, 4.55182, 0.504846, 3.09753, 7.99139, 1.45459, -5.28269, 0.145221, -0.973907, -2.51391, 4.35213, 3.05929, -2.25721, 3.86243, 6.16677, 2.83212, 5.57123, -0.0387551, -1.10097, 2.27479, 10.0924, 5.42178, 2.5195, 2.24787, -3.57117, 1.04008, 9.93797, -0.131856, ... ]
X at t=0.35:
[ 7.94794, -5.52395, -1.65975, 0.239899, 1.52424, 5.26393, 9.59266, 0.42555, 3.7369, 4.58872, 0.552327, 3.16436, 8.01087, 0.85115, -5.23957, 0.332284, -0.877901, -2.4469, 4.2893, 3.11995, -2.16967, 3.83348, 6.38116, 2.98618, 5.41058, -0.175388, -1.00695, 2.22413, 10.2169, 5.45575, 2.14162, 2.097, -3.48614, 0.836331, 9.94876, -0.489267, ... ]
X at t=0.36:
[ 7.4995, -5.94825, -1.13528, 0.215761, 1.6038, 5.43636, 9.51417, 0.348665, 3.76022, 4.6297, 0.601208, 3.232, 8.0099, 0.2529, -5.14958, 0.479964, -0.77821, -2.37469, 4.23077, 3.18059, -2.0823, 3.80434, 6.59434, 3.1331, 5.23137, -0.306873, -0.909841, 2.1813, 10.3355, 5.45499, 1.75239, 1.98325, -3.39642, 0.636641, 9.94986, -0.807321, ... ]
X at t=0.37:
[ 7.01926, -6.31394, -0.614459, 0.225785, 1.6813, 5.6131, 9.42556, 0.259811, 3.78776, 4.67529, 0.651338, 3.30031, 7.98803, -0.334921, -5.01565, 0.589514, -0.676155, -2.298, 4.17671, 3.24101, -1.99519, 3.77532, 6.80598, 3.2711, 5.03354, -0.43177, -0.810267, 2.1471, 10.4479, 5.41734, 1.35722, 1.90711, -3.30266, 0.443093, 9.9434, -1.08346, ... ]
X at t=0.38:
[ 6.51241, -6.62137, -0.108918, 0.273993, 1.75904, 5.79311, 9.32568, 0.159613, 3.81987, 4.72603, 0.702538, 3.36908, 7.94498, -0.907367, -4.84069, 0.66342, -0.57309, -2.21743, 4.12722, 3.30101, -1.90845, 3.74667, 7.01573, 3.3983, 4.81733, -0.548634, -0.708976, 2.12227, 10.5539, 5.34114, 0.96183, 1.86808, -3.20539, 0.257525, 9.93124, -1.31587, ... ]
X at t=0.39:
[ 5.98447, -6.87238, 0.370329, 0.362376, 1.83913, 5.97535, 9.21329, 0.048882, 3.85673, 4.78242, 0.754608, 3.43806, 7.88066, -1.45983, -4.62769, 0.70522, -0.470285, -2.13351, 4.08236, 3.36045, -1.82218, 3.71869, 7.22318, 3.51269, 4.58333, -0.656058, -0.606807, 2.10741, 10.6535, 5.22533, 0.572092, 1.86469, -3.10497, 0.0815134, 9.91498, -1.50345, ... ]
X at t=0.4:
[ 5.44109, -7.07002, 0.813303, 0.490961, 1.92346, 6.15882, 9.08699, -0.0714004, 3.89839, 4.84498, 0.807325, 3.50697, 7.79517, -1.98811, -4.37967, 0.719319, -0.368833, -2.04665, 4.04211, 3.41918, -1.73648, 3.69162, 7.42789, 3.61227, 4.3325, -0.752704, -0.50466, 2.103, 10.7466, 5.06946, 0.193799, 1.89451, -3.00163, -0.0836298, 9.89593, -1.64578, ... ]
X at t=0.41:
[ 4.88777, -7.21821, 1.21141, 0.657983, 2.01366, 6.34252, 8.94533, -0.200096, 3.94475, 4.91419, 0.86045, 3.57543, 7.68882, -2.48845, -4.09983, 0.710765, -0.269586, -1.95718, 4.00644, 3.4771, -1.65145, 3.66572, 7.62936, 3.69498, 4.06618, -0.837351, -0.40346, 2.10937, 10.833, 4.87376, -0.167501, 1.95429, -2.89546, -0.236852, 9.87509, -1.74316, ... ]
X at t=0.42:
[ 4.32975, -7.32133, 1.55767, 0.860151, 2.11117, 6.52538, 8.78675, -0.335925, 3.9955, 4.99052, 0.913732, 3.64306, 7.56212, -2.95762, -3.79155, 0.685038, -0.173133, -1.86535, 3.9753, 3.53411, -1.56717, 3.64124, 7.82709, 3.75882, 3.78614, -0.908932, -0.304116, 2.12667, 10.9125, 4.63907, -0.506677, 2.04002, -2.78641, -0.377352, 9.85317, -1.79647, ... ]
X at t=0.43:
[ 3.77181, -7.38389, 1.84684, 1.09296, 2.21734, 6.70632, 8.6097, -0.477476, 4.05014, 5.07438, 0.966912, 3.70941, 7.41578, -3.39293, -3.45846, 0.64782, -0.0797991, -1.77132, 3.94861, 3.5901, -1.48374, 3.61841, 8.02049, 3.80186, 3.4945, -0.966575, -0.20748, 2.1549, 10.9849, 4.36684, -0.819143, 2.14715, -2.67442, -0.504569, 9.83067, -1.80723, ... ]
X at t=0.44:
[ 3.21827, -7.41024, 2.07547, 1.35101, 2.33351, 6.8842, 8.41258, -0.623228, 4.10799, 5.16614, 1.01973, 3.77398, 7.25069, -3.79227, -3.10447, 0.604783, 0.0103266, -1.67522, 3.92629, 3.64499, -1.40123, 3.59747, 8.20898, 3.82234, 3.1938, -1.00964, -0.114298, 2.19389, 11.0498, 4.05911, -1.10095, 2.27075, -2.55939, -0.618163, 9.80787, -1.77745, ... ]
X at t=0.45:
[ 2.67289, -7.40432, 2.24175, 1.62834, 2.4611, 7.05778, 8.19383, -0.771559, 4.16811, 5.26613, 1.07192, 3.83626, 7.06795, -4.15416, -2.73375, 0.56139, 0.0973382, -1.57715, 3.90828, 3.69868, -1.31971, 3.57863, 8.39193, 3.81865, 2.8869, -1.03776, -0.0251776, 2.24333, 11.1069, 3.71844, -1.34886, 2.40577, -2.44131, -0.718003, 9.78486, -1.70965, ... ]
X at t=0.46:
[ 2.13894, -7.36951, 2.3455, 1.91865, 2.60167, 7.22576, 7.95189, -0.920766, 4.22939, 5.37456, 1.12326, 3.8957, 6.8688, -4.47773, -2.35072, 0.522716, 0.181451, -1.47719, 3.89451, 3.75111, -1.23924, 3.56209, 8.56869, 3.78947, 2.57699, -1.05084, 0.059451, 2.30274, 11.1555, 3.34786, -1.56034, 2.54717, -2.32027, -0.804145, 9.76164, -1.60675, ... ]
X at t=0.47:
[ 1.6192, -7.3085, 2.38794, 2.21561, 2.75692, 7.3867, 7.68525, -1.06908, 4.29051, 5.49156, 1.17352, 3.95173, 6.65467, -4.76273, -1.95997, 0.493298, 0.262932, -1.3754, 3.88491, 3.80217, -1.15988, 3.54805, 8.73859, 3.73375, 2.26748, -1.04911, 0.139354, 2.37158, 11.195, 2.9508, -1.73355, 2.69018, -2.19649, -0.87681, 9.73811, -1.472, ... ]
X at t=0.48:
[ 1.116, -7.2233, 2.37159, 2.51302, 2.92865, 7.53907, 7.39249, -1.21467, 4.34996, 5.61715, 1.22253, 4.00377, 6.42707, -5.00949, -1.56619, 0.477025, 0.342036, -1.27188, 3.87943, 3.85178, -1.08168, 3.53667, 8.90095, 3.65082, 1.96196, -1.03309, 0.214506, 2.44921, 11.2246, 2.53102, -1.8673, 2.83047, -2.07041, -0.936367, 9.71412, -1.30892, ... ]
X at t=0.49:
[ 0.631338, -7.11525, 2.30007, 2.80496, 3.11866, 7.68112, 7.07224, -1.35566, 4.40606, 5.75118, 1.27015, 4.05127, 6.18765, -5.21889, -1.17406, 0.477053, 0.418944, -1.16673, 3.87803, 3.89986, -1.00466, 3.52813, 9.05509, 3.54038, 1.66413, -1.00361, 0.28509, 2.53496, 11.2437, 2.09253, -1.96101, 2.96427, -1.94262, -0.983303, 9.68951, -1.12122, ... ]
X at t=0.5:
[ 0.166919, -6.98504, 2.17795, 3.08593, 3.32868, 7.81092, 6.72331, -1.49015, 4.45704, 5.89339, 1.3163, 4.09365, 5.93812, -5.39229, -0.788134, 0.495765, 0.493729, -1.0601, 3.88063, 3.94632, -0.928883, 3.52257, 9.20033, 3.40255, 1.37767, -0.961775, 0.351479, 2.62812, 11.2511, 1.63958, -2.01464, 3.08855, -1.81388, -1.0182, 9.66413, -0.912735, ... ]
X at t=0.51:
[ -0.275781, -6.83289, 2.01065, 3.35092, 3.56018, 7.92627, 6.34469, -1.61619, 4.50103, 6.0433, 1.361, 4.1304, 5.68022, -5.53147, -0.412752, 0.534763, 0.566329, -0.952171, 3.88719, 3.99109, -0.854355, 3.52011, 9.33602, 3.23792, 1.10622, -0.908928, 0.414211, 2.72803, 11.246, 1.17648, -2.02859, 3.20103, -1.68511, -1.04171, 9.63784, -0.687324, ... ]
X at t=0.52:
[ -0.695439, -6.65862, 1.80425, 3.59547, 3.81421, 8.02468, 5.93564, -1.73181, 4.53614, 6.20029, 1.40433, 4.161, 5.41573, -5.63853, -0.0519079, 0.594891, 0.636546, -0.843168, 3.89764, 4.03408, -0.781102, 3.52087, 9.46151, 3.04749, 0.853219, -0.846608, 0.473952, 2.83405, 11.2274, 0.707654, -2.0037, 3.30029, -1.55735, -1.05454, 9.61056, -0.448828, ... ]
X at t=0.53:
[ -1.09084, -6.4618, 1.56543, 3.81575, 4.09126, 8.1033, 5.49584, -1.83503, 4.56054, 6.36351, 1.44648, 4.185, 5.14638, -5.71583, 0.290819, 0.676284, 0.70406, -0.733357, 3.91192, 4.07522, -0.709135, 3.52493, 9.57619, 2.83273, 0.6219, -0.776482, 0.531452, 2.94561, 11.1944, 0.237469, -1.94117, 3.38574, -1.43169, -1.05741, 9.58225, -0.201, ... ]
X at t=0.54:
[ -1.46083, -6.24191, 1.30126, 4.00862, 4.39111, 8.15897, 5.02543, -1.92386, 4.57255, 6.53196, 1.48772, 4.20196, 4.87387, -5.76589, 0.612338, 0.77844, 0.768465, -0.623047, 3.92993, 4.11445, -0.638461, 3.53237, 9.6795, 2.59553, 0.415167, -0.70028, 0.587502, 3.06222, 11.1459, -0.229777, -1.84254, 3.45758, -1.30925, -1.05107, 9.5529, 0.052547, ... ]
X at t=0.55:
[ -1.80431, -5.9985, 1.0191, 4.17162, 4.71274, 8.18821, 4.52525, -1.99638, 4.57069, 6.70444, 1.52845, 4.2115, 4.59984, -5.79129, 0.910088, 0.900306, 0.829302, -0.512578, 3.95159, 4.15171, -0.569079, 3.54324, 9.77091, 2.33818, 0.235555, -0.619709, 0.642885, 3.18343, 11.0811, -0.68995, -1.70966, 3.51681, -1.19113, -1.03624, 9.52259, 0.308386, ... ]
X at t=0.56:
[ -2.12019, -5.73129, 0.726445, 4.30307, 5.0542, 8.18725, 3.9969, -2.05075, 4.55381, 6.87962, 1.56916, 4.21328, 4.32583, -5.79465, 1.18206, 1.04037, 0.886114, -0.40231, 3.97681, 4.18694, -0.500983, 3.55756, 9.84996, 2.06332, 0.0851853, -0.536386, 0.698343, 3.30889, 10.9992, -1.13914, -1.54475, 3.56503, -1.0784, -1.01366, 9.49142, 0.563307, ... ]
X at t=0.57:
[ -2.4074, -5.44036, 0.430756, 4.4021, 5.41265, 8.15219, 3.44293, -2.0853, 4.52122, 7.05603, 1.61041, 4.20699, 4.05327, -5.77848, 1.42682, 1.19677, 0.938488, -0.292615, 4.00546, 4.22011, -0.434162, 3.57535, 9.91624, 1.77389, -0.0342783, -0.451751, 0.754542, 3.43828, 10.8993, -1.57374, -1.35029, 3.60443, -0.972006, -0.984021, 9.45954, 0.81435, ... ]
X at t=0.58:
[ -2.66493, -5.12619, 0.139264, 4.46865, 5.78439, 8.07907, 2.86693, -2.09867, 4.47274, 7.23216, 1.65282, 4.19234, 3.78349, -5.74524, 1.64344, 1.36737, 0.9861, -0.183859, 4.03745, 4.25119, -0.368596, 3.59659, 9.96942, 1.47306, -0.121646, -0.367005, 0.81205, 3.57133, 10.7809, -1.99049, -1.12914, 3.63761, -0.872824, -0.948027, 9.42714, 1.05882, ... ]
X at t=0.59:
[ -2.89178, -4.7898, -0.141199, 4.50352, 6.16497, 7.96408, 2.27359, -2.08987, 4.4088, 7.40647, 1.697, 4.16905, 3.51768, -5.69718, 1.83152, 1.54989, 1.02875, -0.0763899, 4.07267, 4.28016, -0.304266, 3.62125, 10.0093, 1.16419, -0.176216, -0.283048, 0.87133, 3.70782, 10.6434, -2.38656, -0.884442, 3.66743, -0.781606, -0.906347, 9.39445, 1.29429, ... ]
X at t=0.6:
[ -3.08706, -4.43277, -0.404384, 4.50832, 6.54939, 7.80376, 1.66872, -2.0585, 4.3305, 7.57747, 1.74355, 4.13688, 3.25694, -5.63641, 1.99111, 1.74195, 1.0664, 0.0294759, 4.111, 4.30702, -0.241146, 3.64928, 10.0355, 0.850742, -0.197776, -0.200438, 0.932738, 3.84751, 10.4863, -2.75959, -0.619685, 3.69687, -0.698995, -0.859643, 9.36171, 1.51862, ... ]
X at t=0.61:
[ -3.24996, -4.05724, -0.644788, 4.48546, 6.93226, 7.5952, 1.05918, -2.00484, 4.23963, 7.74379, 1.79293, 4.09557, 3.00225, -5.56483, 2.12269, 1.94119, 1.09915, 0.133464, 4.15232, 4.33177, -0.179206, 3.68061, 10.0482, 0.536191, -0.186592, -0.119365, 0.99653, 3.99015, 10.3094, -3.10773, -0.338626, 3.72892, -0.625532, -0.808563, 9.32918, 1.72997, ... ]
X at t=0.62:
[ -3.37985, -3.66591, -0.857798, 4.43804, 7.30813, 7.33626, 0.452656, -1.93001, 4.13857, 7.90426, 1.84545, 4.04486, 2.75449, -5.48411, 2.22708, 2.14529, 1.12731, 0.235348, 4.19654, 4.35443, -0.118419, 3.71514, 10.0473, 0.223982, -0.1434, -0.0396462, 1.06288, 4.13546, 10.1125, -3.42963, -0.0452786, 3.76638, -0.561669, -0.753747, 9.29712, 1.92674, ... ]
X at t=0.63:
[ -3.47623, -3.26199, -1.03979, 4.36974, 7.67169, 7.02575, -0.142483, -1.83603, 4.03027, 8.05794, 1.90118, 3.98452, 2.51448, -5.39575, 2.30539, 2.35206, 1.15133, 0.334957, 4.24355, 4.375, -0.0587521, 3.75278, 10.0328, -0.0825604, -0.0693738, 0.0392601, 1.13191, 4.28313, 9.8956, -3.72452, 0.25615, 3.81178, -0.507781, -0.695826, 9.26581, 2.10762, ... ]
X at t=0.64:
[ -3.53886, -2.8491, -1.18819, 4.2847, 8.01804, 6.66359, -0.717551, -1.72591, 3.91797, 8.20417, 1.95993, 3.91432, 2.28295, -5.30104, 2.35899, 2.55947, 1.17182, 0.432173, 4.29323, 4.39352, -0.000175697, 3.7934, 10.0049, -0.380289, 0.0338925, 0.118224, 1.20368, 4.43279, 9.65866, -3.99213, 0.561325, 3.86727, -0.464184, -0.635426, 9.23549, 2.27157, ... ]
X at t=0.65:
[ -3.56769, -2.43118, -1.3015, 4.18729, 8.34286, 6.25089, -1.26386, -1.60356, 3.80507, 8.34261, 2.02116, 3.83408, 2.06061, -5.20108, 2.38944, 2.76567, 1.18953, 0.526933, 4.34549, 4.41002, 0.0573401, 3.83684, 9.96393, -0.6663, 0.164427, 0.198393, 1.27825, 4.58399, 9.40186, -4.2327, 0.865861, 3.93452, -0.431139, -0.573157, 9.20641, 2.41775, ... ]
X at t=0.66:
[ -3.56297, -2.01236, -1.37925, 4.08199, 8.64261, 5.78998, -1.77306, -1.4737, 3.69481, 8.47319, 2.08401, 3.74368, 1.84815, -5.09684, 2.39845, 2.96905, 1.20531, 0.619222, 4.40023, 4.42452, 0.113823, 3.88297, 9.91022, -0.93798, 0.319916, 0.281136, 1.35567, 4.73621, 9.12547, -4.44692, 1.1654, 4.01471, -0.408859, -0.509616, 9.17877, 2.5456, ... ]
X at t=0.67:
[ -3.5252, -1.59683, -1.42192, 3.97316, 8.91453, 5.28439, -2.23743, -1.34162, 3.59003, 8.59616, 2.14732, 3.64308, 1.64621, -4.98912, 2.38783, 3.16817, 1.22009, 0.709064, 4.45732, 4.43706, 0.1693, 3.93161, 9.8442, -1.19305, 0.497753, 0.367969, 1.43599, 4.88885, 8.82983, -4.63589, 1.45571, 4.10846, -0.397497, -0.445379, 9.15278, 2.65472, ... ]
X at t=0.68:
[ -3.45517, -1.18869, -1.43086, 3.86491, 9.15672, 4.73871, -2.65015, -1.21292, 3.49292, 8.71197, 2.20967, 3.53239, 1.45547, -4.8786, 2.35946, 3.36185, 1.23487, 0.796524, 4.51666, 4.44767, 0.223793, 3.98259, 9.76639, -1.42962, 0.69509, 0.460485, 1.51929, 5.04121, 8.51533, -4.801, 1.73273, 4.21588, -0.397133, -0.380985, 9.12858, 2.74495, ... ]
X at t=0.69:
[ -3.35396, -0.791909, -1.40812, 3.76097, 9.36803, 4.15847, -3.00546, -1.09313, 3.40485, 8.82126, 2.26945, 3.41185, 1.27654, -4.76587, 2.31527, 3.54913, 1.25064, 0.881688, 4.57813, 4.45638, 0.277323, 4.0357, 9.67738, -1.64617, 0.908894, 0.560279, 1.60567, 5.1925, 8.18245, -4.9439, 1.99267, 4.33654, -0.407754, -0.316938, 9.1063, 2.81629, ... ]
X at t=0.7:
[ -3.22289, -0.410124, -1.35634, 3.66455, 9.54802, 3.54999, -3.29875, -0.987351, 3.32625, 8.92479, 2.32495, 3.28188, 1.11007, -4.65143, 2.25718, 3.72925, 1.26843, 0.964667, 4.64158, 4.46321, 0.329907, 4.09076, 9.57782, -1.84158, 1.13601, 0.668883, 1.69522, 5.34182, 7.83169, -5.06638, 2.23205, 4.46957, -0.429222, -0.253684, 9.08604, 2.86888, ... ]
X at t=0.71:
[ -3.06356, -0.0466244, -1.27856, 3.57834, 9.69677, 2.92013, -3.52653, -0.89989, 3.25663, 9.02339, 2.37448, 3.14307, 0.956615, -4.53573, 2.1871, 3.90164, 1.28919, 1.04558, 4.70688, 4.4682, 0.381561, 4.14757, 9.46841, -2.01517, 1.37323, 0.7877, 1.78806, 5.48816, 7.46363, -5.17028, 2.44772, 4.61367, -0.461245, -0.191611, 9.06786, 2.90302, ... ]
X at t=0.72:
[ -2.87777, 0.295737, -1.1781, 3.50444, 9.81479, 2.27617, -3.68649, -0.833932, 3.19468, 9.11786, 2.41647, 2.99623, 0.816711, -4.41913, 2.1069, 4.06591, 1.31386, 1.12456, 4.77387, 4.47135, 0.432297, 4.2059, 9.34989, -2.16661, 1.61735, 0.917959, 1.88432, 5.6304, 7.07886, -5.25742, 2.63694, 4.76723, -0.503343, -0.131034, 9.0518, 2.91916, ... ]
X at t=0.73:
[ -2.66753, 0.614579, -1.05841, 3.44439, 9.90287, 1.62557, -3.77731, -0.791286, 3.13844, 9.20894, 2.44955, 2.84231, 0.690791, -4.30198, 2.01838, 4.22184, 1.34331, 1.20174, 4.84236, 4.47268, 0.482127, 4.26556, 9.22306, -2.29597, 1.86523, 1.06068, 1.98409, 5.7673, 6.67806, -5.32948, 2.79732, 4.92839, -0.554818, -0.072188, 9.03785, 2.9178, ... ]
X at t=0.74:
[ -2.43501, 0.908007, -0.922948, 3.39919, 9.96196, 0.97584, -3.79867, -0.772223, 3.08558, 9.29729, 2.47262, 2.68247, 0.579186, -4.18456, 1.92328, 4.36935, 1.37829, 1.27724, 4.91217, 4.4722, 0.531061, 4.32633, 9.0887, -2.40364, 2.11388, 1.21663, 2.08743, 5.89748, 6.26197, -5.38796, 2.92689, 5.09509, -0.614733, -0.0152276, 9.02602, 2.89959, ... ]
X at t=0.75:
[ -2.1825, 1.17462, -0.775096, 3.36938, 9.99306, 0.334387, -3.75118, -0.775423, 3.03368, 9.38338, 2.48494, 2.51798, 0.482096, -4.06716, 1.82324, 4.50846, 1.41949, 1.3512, 4.98308, 4.46993, 0.579109, 4.38799, 8.94762, -2.49034, 2.36048, 1.38635, 2.19441, 6.01946, 5.83139, -5.43412, 3.02406, 5.26518, -0.681887, 0.0397773, 9.01625, 2.86521, ... ]
X at t=0.76:
[ -1.91239, 1.41347, -0.61805, 3.35508, 9.9972, -0.291644, -3.63631, -0.798031, 2.98054, 9.46751, 2.48606, 2.3502, 0.399576, -3.94999, 1.71979, 4.63931, 1.46751, 1.42373, 5.05486, 4.46586, 0.626283, 4.45036, 8.80064, -2.55703, 2.60246, 1.57012, 2.30498, 6.13162, 5.38728, -5.46889, 3.08761, 5.43648, -0.754817, 0.0928369, 9.00849, 2.81544, ... ]
X at t=0.77:
[ -1.62712, 1.62407, -0.45477, 3.35605, 9.97534, -0.895485, -3.45642, -0.83582, 2.92446, 9.5498, 2.47588, 2.18059, 0.331524, -3.83326, 1.61436, 4.7621, 1.52282, 1.49496, 5.12727, 4.45999, 0.672596, 4.51322, 8.64853, -2.60488, 2.83748, 1.76799, 2.41909, 6.2322, 4.93071, -5.49286, 3.11671, 5.60685, -0.831791, 0.144036, 9.00268, 2.75108, ... ]
X at t=0.78:
[ -1.32915, 1.80632, -0.287937, 3.37179, 9.92841, -1.47088, -3.2148, -0.883442, 2.86444, 9.63015, 2.45456, 2.01062, 0.27768, -3.71713, 1.50825, 4.8771, 1.58579, 1.56499, 5.20004, 4.45233, 0.718064, 4.57638, 8.49208, -2.63526, 3.06354, 1.97978, 2.53657, 6.31936, 4.46295, -5.50628, 3.11091, 5.77422, -0.910827, 0.193523, 8.99873, 2.67299, ... ]
X at t=0.79:
[ -1.02095, 1.96046, -0.11992, 3.40157, 9.85728, -2.01219, -2.91562, -0.934746, 2.80031, 9.70831, 2.42249, 1.84174, 0.237629, -3.60175, 1.40264, 4.98463, 1.65671, 1.63394, 5.27289, 4.44286, 0.762707, 4.63965, 8.33201, -2.64962, 3.27893, 2.20512, 2.65718, 6.39112, 3.98547, -5.50902, 3.07013, 5.93667, -0.989716, 0.241501, 8.99654, 2.58205, ... ]
X at t=0.8:
[ -0.704954, 2.08707, 0.0472387, 3.4445, 9.76281, -2.51455, -2.56404, -0.983144, 2.73282, 9.78385, 2.38017, 1.6754, 0.210818, -3.48722, 1.29858, 5.08504, 1.73576, 1.7019, 5.34553, 4.43159, 0.80655, 4.70285, 8.16902, -2.64954, 3.48223, 2.44348, 2.78055, 6.44546, 3.50004, -5.5006, 2.9947, 6.09243, -1.06606, 0.288211, 8.99601, 2.47916, ... ]
X at t=0.81:
[ -0.38352, 2.18695, 0.211821, 3.49958, 9.64583, -2.97392, -2.16608, -1.02198, 2.66351, 9.85627, 2.32816, 1.51297, 0.196562, -3.37361, 1.19701, 5.17871, 1.82303, 1.76897, 5.41764, 4.41851, 0.849626, 4.76582, 8.00377, -2.63659, 3.67237, 2.69418, 2.90619, 6.48026, 3.00869, -5.48025, 2.88536, 6.23993, -1.13731, 0.333921, 8.99702, 2.36524, ... ]
X at t=0.82:
[ -0.0589476, 2.26112, 0.372431, 3.56574, 9.50722, -3.38721, -1.72864, -1.04489, 2.59467, 9.925, 2.26697, 1.35578, 0.194075, -3.261, 1.09873, 5.26601, 1.91853, 1.83526, 5.48889, 4.40361, 0.891971, 4.82841, 7.83685, -2.61237, 3.84855, 2.95642, 3.03348, 6.49343, 2.51379, -5.44693, 2.74331, 6.37783, -1.20084, 0.378914, 8.99942, 2.24122, ... ]
X at t=0.83:
[ 0.266563, 2.31077, 0.527973, 3.64187, 9.34789, -3.75235, -1.2593, -1.0461, 2.52908, 9.98945, 2.19702, 1.20507, 0.202483, -3.1494, 1.00445, 5.34733, 2.0222, 1.90085, 5.55896, 4.38688, 0.933632, 4.89046, 7.6688, -2.57844, 4.01026, 3.22931, 3.16161, 6.48285, 2.01804, -5.39943, 2.57019, 6.50501, -1.25401, 0.423475, 9.00306, 2.10806, ... ]
X at t=0.84:
[ 0.590916, 2.33722, 0.677636, 3.72684, 9.16884, -4.0683, -0.76619, -1.02069, 2.46979, 10.0491, 2.11857, 1.06202, 0.220848, -3.03882, 0.914759, 5.42308, 2.1339, 1.96583, 5.6275, 4.36833, 0.974665, 4.95184, 7.50011, -2.53629, 4.15724, 3.51188, 3.28958, 6.44652, 1.5245, -5.33642, 2.36816, 6.62057, -1.2942, 0.467885, 9.00777, 1.96672, ... ]
X at t=0.85:
[ 0.912133, 2.34186, 0.820861, 3.81955, 8.97114, -4.33507, -0.257729, -0.964747, 2.41992, 10.1034, 2.03171, 0.92776, 0.248188, -2.92927, 0.830132, 5.49364, 2.25345, 2.03028, 5.69414, 4.34796, 1.01513, 5.01243, 7.33121, -2.48736, 4.28944, 3.80311, 3.41617, 6.38258, 1.03658, -5.25663, 2.13991, 6.72387, -1.31894, 0.512416, 9.01335, 1.81815, ... ]
X at t=0.86:
[ 1.22836, 2.32617, 0.957319, 3.91893, 8.75595, -4.55365, 0.257614, -0.875459, 2.38241, 10.1519, 1.93636, 0.80336, 0.283493, -2.82072, 0.750965, 5.55938, 2.38061, 2.09428, 5.75854, 4.32577, 1.05511, 5.07212, 7.16248, -2.43298, 4.40704, 4.10191, 3.53994, 6.28935, 0.557952, -5.1589, 1.88859, 6.81452, -1.32596, 0.557329, 9.01957, 1.66334, ... ]
X at t=0.87:
[ 1.53788, 2.29164, 1.08687, 4.02395, 8.5245, -4.72594, 0.771589, -0.751111, 2.35982, 10.1942, 1.83227, 0.689858, 0.325745, -2.71314, 0.677565, 5.62069, 2.5151, 2.1579, 5.82032, 4.30177, 1.09467, 5.13082, 6.99422, -2.37436, 4.51036, 4.40714, 3.65918, 6.16549, 0.0925626, -5.04232, 1.6179, 6.89234, -1.31325, 0.602877, 9.02619, 1.50329, ... ]
X at t=0.88:
[ 1.83909, 2.23978, 1.20956, 4.13363, 8.27809, -4.85464, 1.2764, -0.591033, 2.35428, 10.2298, 1.7191, 0.588261, 0.373929, -2.60653, 0.610158, 5.67794, 2.65661, 2.22118, 5.87912, 4.27597, 1.13392, 5.18842, 6.82669, -2.31263, 4.59987, 4.71763, 3.77195, 6.01003, -0.355499, -4.90637, 1.33194, 6.95739, -1.27912, 0.64931, 9.03291, 1.339, ... ]
X at t=0.89:
[ 2.13056, 2.17212, 1.32554, 4.24706, 8.01804, -4.9431, 1.76495, -0.395491, 2.36733, 10.2581, 1.59643, 0.499552, 0.427047, -2.50084, 0.548902, 5.73148, 2.8048, 2.28418, 5.93455, 4.24841, 1.17296, 5.24487, 6.6601, -2.24878, 4.67612, 5.03213, 3.87602, 5.82251, -0.78209, -4.751, 1.03521, 7.00994, -1.22229, 0.69688, 9.03942, 1.17147, ... ]
X at t=0.9:
[ 2.41097, 2.09014, 1.4351, 4.36339, 7.74571, -4.99515, 2.23095, -0.165541, 2.4, 10.2787, 1.46384, 0.424692, 0.484137, -2.39609, 0.493891, 5.78167, 2.9593, 2.3469, 5.98625, 4.21913, 1.2119, 5.30008, 6.4946, -2.18369, 4.73979, 5.34935, 3.96895, 5.603, -1.18315, -4.57674, 0.73245, 7.05043, -1.14189, 0.74585, 9.04536, 1.00174, ... ]
X at t=0.91:
[ 2.67916, 1.99531, 1.53859, 4.48187, 7.46241, -5.01497, 2.66908, 0.0971327, 2.45277, 10.2905, 1.32098, 0.36461, 0.544283, -2.29226, 0.445162, 5.82886, 3.11975, 2.40934, 6.03384, 4.18816, 1.25087, 5.354, 6.3303, -2.11812, 4.79159, 5.66793, 4.04808, 5.35227, -1.55483, -4.3847, 0.428532, 7.07947, -1.03749, 0.796499, 9.05035, 0.830818, ... ]
X at t=0.92:
[ 2.93411, 1.88907, 1.63641, 4.60176, 7.16944, -5.00686, 3.07503, 0.390376, 2.5257, 10.2925, 1.1676, 0.320198, 0.606631, -2.18937, 0.402704, 5.87339, 3.28576, 2.47148, 6.07693, 4.15559, 1.28999, 5.40658, 6.16726, -2.05273, 4.83228, 5.98642, 4.11059, 5.07181, -1.89366, -4.17661, 0.128297, 7.09779, -0.909116, 0.849129, 9.05397, 0.659732, ... ]
X at t=0.93:
[ 3.17493, 1.77279, 1.72902, 4.72244, 6.868, -4.97518, 3.44547, 0.711719, 2.61845, 10.2834, 1.00363, 0.292287, 0.67041, -2.08749, 0.366465, 5.9156, 3.45692, 2.53326, 6.11517, 4.12149, 1.3294, 5.45776, 6.0055, -1.98807, 4.86263, 6.30334, 4.15357, 4.76389, -2.19669, -3.95479, -0.163609, 7.10618, -0.757198, 0.904061, 9.05576, 0.489488, ... ]
X at t=0.94:
[ 3.40088, 1.6478, 1.81685, 4.84333, 6.55923, -4.92414, 3.77805, 1.05851, 2.73042, 10.2615, 0.829192, 0.281627, 0.734947, -1.98666, 0.336354, 5.95583, 3.63284, 2.59458, 6.14818, 4.08596, 1.36926, 5.5075, 5.84502, -1.92459, 4.88345, 6.61711, 4.1741, 4.43159, -2.46163, -3.72203, -0.442893, 7.10548, -0.582567, 0.961642, 9.05523, 0.321075, ... ]
X at t=0.95:
[ 3.61137, 1.51538, 1.90036, 4.96388, 6.24416, -4.85773, 4.07127, 1.42802, 2.8608, 10.2249, 0.644641, 0.288857, 0.799688, -1.88698, 0.312251, 5.9944, 3.81312, 2.65529, 6.1756, 4.04914, 1.40971, 5.55576, 5.68577, -1.86264, 4.89551, 6.9261, 4.16937, 4.07877, -2.68693, -3.48146, -0.705764, 7.09653, -0.386388, 1.02223, 9.05185, 0.155452, ... ]
X at t=0.96:
[ 3.80592, 1.37675, 1.97997, 5.08362, 5.92371, -4.77962, 4.32441, 1.81754, 3.00861, 10.1714, 0.450587, 0.314467, 0.864213, -1.78859, 0.29401, 6.03165, 3.99735, 2.71522, 6.19709, 4.01119, 1.45092, 5.60251, 5.52767, -1.80249, 4.89959, 7.22862, 4.13675, 3.71007, -2.87193, -3.23641, -0.949046, 7.08012, -0.170104, 1.08621, 9.04507, -0.00646507, ... ]
X at t=0.97:
[ 3.98418, 1.23304, 2.05607, 5.20212, 5.59867, -4.69311, 4.53737, 2.22439, 3.17279, 10.0984, 0.247898, 0.35876, 0.928259, -1.69162, 0.281464, 6.0679, 4.18511, 2.77413, 6.2123, 3.97229, 1.49305, 5.64771, 5.37063, -1.74435, 4.89644, 7.52295, 4.07397, 3.33077, -3.01681, -2.99021, -1.17025, 7.05695, 0.0646314, 1.15395, 9.0343, -0.16381, ... ]
X at t=0.98:
[ 4.14594, 1.08535, 2.12899, 5.31897, 5.26975, -4.60108, 4.7106, 2.64602, 3.35214, 10.003, 0.037708, 0.421808, 0.991728, -1.59625, 0.274431, 6.10348, 4.37601, 2.83172, 6.22093, 3.93266, 1.53626, 5.6913, 5.21454, -1.68833, 4.88681, 7.80736, 3.97918, 2.9467, -3.12268, -2.74604, -1.36763, 7.02767, 0.316023, 1.22581, 9.0189, -0.31578, ... ]

Final state:
X at t=0.99:
[ 4.29108, 0.934666, 2.19904, 5.43379, 4.93752, -4.50595, 4.84494, 3.07995, 3.54537, 9.88239, -0.178594, 0.503409, 1.0547, -1.50269, 0.272716, 6.13872, 4.56962, 2.88764, 6.22268, 3.89255, 1.58072, 5.73325, 5.05925, -1.63449, 4.87138, 8.08016, 3.85113, 2.5641, -3.19148, -2.50672, -1.54013, 6.99281, 0.582196, 1.30213, 8.9982, -0.461649, ... ]
