
Lmod is automatically replacing "craype-x86-rome" with "craype-x86-trento".

Lorenz96(k=40000000, F=8, dt=0.01, t_max=1)
 - warming up the simulation for 10
 - running ensemble of size 1 with initial perturbation N(0.0, 0.001)
 - compressing every 1-th model state online on the GPU with BitRound(bitround_bits=8)
 - saving config file to 'output/config_5030316.json'
 - saving performance file to 'performance/perf_5030316'

Initial state:
X at t=0:
[ 6, 0.439453, 2.0625, 1.09766, 2.50781, 6.79688, 3.70312, -8.34375, 1.17969, 2.1875, 7.6875, 5.07812, 2.71875, 0.113037, -4.34375, 0.998047, 3.67188, 8.15625, 3.69531, 2.3125, 2.9375, -5.82812, -0.20459, -0.213867, 1.99609, 8.28125, 8.875, -2.17969, -0.4375, -4.53125, -0.990234, 2.96094, 6.76562, 3.16406, 4.60938, 6, ... ]

X at t=0.01:
[ 6.10938, 0.5, 2.09375, 1.20703, 2.60938, 6.85938, 3, -8.34375, 1.33203, 2.44531, 7.76562, 5.125, 2.375, -0.0466309, -4.21875, 0.908203, 3.82812, 8.25, 3.60938, 2.17188, 2.77344, -5.75, 0.0518799, -0.137695, 2.03906, 8.4375, 8.46875, -2.82031, -0.0256348, -4.40625, -1.03906, 2.89062, 6.89062, 3.32031, 4.60938, 5.8125, ... ]
X at t=0.02:
[ 6.1875, 0.582031, 2.125, 1.31641, 2.71875, 6.90625, 2.28906, -8.3125, 1.40234, 2.71875, 7.85938, 5.10938, 2.02344, -0.169922, -4.09375, 0.8125, 3.96875, 8.34375, 3.5, 2.03125, 2.625, -5.65625, 0.289062, -0.043335, 2.08594, 8.59375, 8, -3.39062, 0.443359, -4.26562, -1.0625, 2.82031, 7.01562, 3.48438, 4.59375, 5.60938, ... ]
X at t=0.03:
[ 6.25, 0.681641, 2.14844, 1.42578, 2.83594, 6.92188, 1.58203, -8.25, 1.39062, 2.99219, 7.95312, 5.04688, 1.66797, -0.255859, -3.96875, 0.712891, 4.09375, 8.4375, 3.36719, 1.89062, 2.5, -5.54688, 0.507812, 0.0673828, 2.14062, 8.75, 7.5, -3.89062, 0.951172, -4.125, -1.05859, 2.75, 7.14062, 3.64844, 4.5625, 5.39062, ... ]
X at t=0.04:
[ 6.29688, 0.798828, 2.16406, 1.53516, 2.95312, 6.92188, 0.878906, -8.15625, 1.30078, 3.25781, 8.0625, 4.9375, 1.31641, -0.305664, -3.84375, 0.611328, 4.20312, 8.53125, 3.21094, 1.75, 2.39062, -5.4375, 0.708984, 0.192383, 2.20312, 8.875, 6.9375, -4.3125, 1.48047, -3.96094, -1.02734, 2.67969, 7.26562, 3.82031, 4.51562, 5.17188, ... ]
X at t=0.05:
[ 6.34375, 0.927734, 2.17969, 1.64453, 3.07812, 6.89062, 0.185547, -8, 1.13672, 3.5, 8.15625, 4.78125, 0.972656, -0.321289, -3.71875, 0.511719, 4.29688, 8.625, 3.03125, 1.61719, 2.29688, -5.3125, 0.892578, 0.330078, 2.28125, 9, 6.34375, -4.65625, 2.01562, -3.77344, -0.970703, 2.61719, 7.39062, 3.99219, 4.45312, 4.9375, ... ]
X at t=0.06:
[ 6.375, 1.06641, 2.1875, 1.75391, 3.20312, 6.82812, -0.492188, -7.82812, 0.908203, 3.70312, 8.28125, 4.57812, 0.644531, -0.304688, -3.59375, 0.416016, 4.39062, 8.71875, 2.83594, 1.49219, 2.22656, -5.1875, 1.05859, 0.479492, 2.36719, 9.09375, 5.70312, -4.9375, 2.53125, -3.5625, -0.892578, 2.5625, 7.51562, 4.15625, 4.375, 4.70312, ... ]
X at t=0.07:
[ 6.40625, 1.20703, 2.1875, 1.85938, 3.32812, 6.75, -1.14844, -7.60938, 0.623047, 3.86719, 8.40625, 4.32812, 0.333984, -0.260742, -3.47656, 0.325195, 4.46875, 8.8125, 2.625, 1.375, 2.16406, -5.0625, 1.21094, 0.638672, 2.46094, 9.1875, 5.03125, -5.14062, 3.02344, -3.32812, -0.794922, 2.52344, 7.64062, 4.32812, 4.28125, 4.46875, ... ]
X at t=0.08:
[ 6.4375, 1.35156, 2.1875, 1.96484, 3.45312, 6.64062, -1.78125, -7.35938, 0.293945, 3.97656, 8.53125, 4.04688, 0.0471191, -0.192871, -3.35938, 0.240234, 4.53125, 8.875, 2.39062, 1.26953, 2.11719, -4.92188, 1.34766, 0.806641, 2.57031, 9.25, 4.34375, -5.28125, 3.47656, -3.0625, -0.683594, 2.49219, 7.76562, 4.48438, 4.15625, 4.23438, ... ]
X at t=0.09:
[ 6.46875, 1.49609, 2.17969, 2.07031, 3.58594, 6.5, -2.38281, -7.0625, -0.0671387, 4.03125, 8.65625, 3.73438, -0.212402, -0.105225, -3.24219, 0.162109, 4.57812, 8.9375, 2.14844, 1.17969, 2.08594, -4.78125, 1.46875, 0.982422, 2.6875, 9.3125, 3.64062, -5.35938, 3.88281, -2.77344, -0.560547, 2.47656, 7.89062, 4.64062, 4.01562, 4, ... ]
X at t=0.1:
[ 6.5, 1.63672, 2.16406, 2.17188, 3.71875, 6.32812, -2.95312, -6.73438, -0.447266, 4.01562, 8.78125, 3.39062, -0.442383, -0.00247192, -3.125, 0.0922852, 4.625, 9, 1.89453, 1.10547, 2.0625, -4.64062, 1.57812, 1.16406, 2.82031, 9.34375, 2.92188, -5.39062, 4.23438, -2.46094, -0.433594, 2.47656, 8, 4.78125, 3.85938, 3.77344, ... ]
X at t=0.11:
[ 6.53125, 1.77344, 2.14844, 2.27344, 3.85156, 6.125, -3.48438, -6.35938, -0.832031, 3.95312, 8.90625, 3.03125, -0.638672, 0.111084, -3.00781, 0.0307007, 4.65625, 9.0625, 1.63281, 1.05078, 2.04688, -4.5, 1.67578, 1.35156, 2.96094, 9.34375, 2.19531, -5.375, 4.53125, -2.13281, -0.305664, 2.49219, 8.125, 4.90625, 3.6875, 3.55469, ... ]
X at t=0.12:
[ 6.5625, 1.90234, 2.125, 2.36719, 3.97656, 5.90625, -3.96875, -5.95312, -1.21094, 3.83594, 9.03125, 2.66406, -0.800781, 0.230957, -2.89062, -0.0222778, 4.6875, 9.09375, 1.36328, 1.01172, 2.03906, -4.35938, 1.76172, 1.54297, 3.11719, 9.3125, 1.46875, -5.3125, 4.76562, -1.79297, -0.180664, 2.51562, 8.25, 5.01562, 3.49219, 3.34375, ... ]
X at t=0.13:
[ 6.59375, 2.02344, 2.10156, 2.46094, 4.09375, 5.65625, -4.40625, -5.5, -1.57031, 3.66406, 9.15625, 2.29688, -0.929688, 0.353516, -2.77344, -0.0666504, 4.70312, 9.125, 1.08984, 0.994141, 2.03906, -4.21875, 1.83984, 1.73828, 3.28125, 9.28125, 0.748047, -5.21875, 4.9375, -1.44531, -0.0617676, 2.55469, 8.375, 5.10938, 3.28125, 3.14844, ... ]
X at t=0.14:
[ 6.625, 2.13281, 2.07031, 2.55469, 4.20312, 5.375, -4.79688, -5.03125, -1.90234, 3.45312, 9.28125, 1.93359, -1.02344, 0.476562, -2.65625, -0.102539, 4.71875, 9.15625, 0.818359, 0.996094, 2.04688, -4.07812, 1.90625, 1.9375, 3.46094, 9.21875, 0.0343018, -5.09375, 5.04688, -1.09375, 0.0489502, 2.60156, 8.5, 5.17188, 3.04688, 2.96875, ... ]
X at t=0.15:
[ 6.65625, 2.24219, 2.03906, 2.64844, 4.3125, 5.07812, -5.125, -4.53125, -2.19531, 3.20312, 9.375, 1.58203, -1.08594, 0.595703, -2.53906, -0.130371, 4.73438, 9.15625, 0.548828, 1.01562, 2.05469, -3.9375, 1.96484, 2.14062, 3.64844, 9.09375, -0.667969, -4.9375, 5.09375, -0.744141, 0.150391, 2.66406, 8.625, 5.21875, 2.79688, 2.80469, ... ]
X at t=0.16:
[ 6.6875, 2.34375, 2, 2.74219, 4.42188, 4.75, -5.40625, -4.01562, -2.44531, 2.92969, 9.46875, 1.25391, -1.11719, 0.710938, -2.42188, -0.150391, 4.75, 9.15625, 0.28418, 1.05469, 2.0625, -3.79688, 2.01562, 2.34375, 3.84375, 8.9375, -1.35156, -4.76562, 5.09375, -0.400391, 0.241699, 2.73438, 8.75, 5.23438, 2.53125, 2.66406, ... ]
X at t=0.17:
[ 6.73438, 2.4375, 1.96484, 2.82812, 4.51562, 4.40625, -5.64062, -3.5, -2.64844, 2.64062, 9.53125, 0.949219, -1.12109, 0.820312, -2.30469, -0.163086, 4.75, 9.15625, 0.026001, 1.10938, 2.07812, -3.65625, 2.05469, 2.55469, 4.04688, 8.75, -2.01562, -4.5625, 5.04688, -0.0661621, 0.324219, 2.80469, 8.875, 5.21875, 2.25781, 2.54688, ... ]
X at t=0.18:
[ 6.78125, 2.53125, 1.92578, 2.91406, 4.60938, 4.04688, -5.82812, -2.98438, -2.80469, 2.34375, 9.59375, 0.675781, -1.09766, 0.923828, -2.1875, -0.168457, 4.75, 9.125, -0.223145, 1.18359, 2.09375, -3.51562, 2.08594, 2.76562, 4.25, 8.53125, -2.65625, -4.34375, 4.95312, 0.253906, 0.398438, 2.88281, 9, 5.17188, 1.98047, 2.45312, ... ]
X at t=0.19:
[ 6.82812, 2.625, 1.88672, 3, 4.6875, 3.67188, -5.96875, -2.47656, -2.91406, 2.04688, 9.625, 0.43457, -1.05469, 1.01953, -2.07031, -0.166992, 4.75, 9.09375, -0.460938, 1.27344, 2.10938, -3.375, 2.11719, 2.97656, 4.45312, 8.25, -3.26562, -4.10938, 4.82812, 0.556641, 0.46582, 2.96875, 9.125, 5.09375, 1.69922, 2.38281, ... ]
X at t=0.2:
[ 6.875, 2.71875, 1.84375, 3.08594, 4.76562, 3.28125, -6.0625, -1.98438, -2.97656, 1.75391, 9.65625, 0.228516, -0.992188, 1.10938, -1.96094, -0.159668, 4.75, 9.0625, -0.685547, 1.37891, 2.125, -3.24219, 2.14062, 3.1875, 4.65625, 7.9375, -3.83594, -3.86719, 4.6875, 0.841797, 0.527344, 3.05469, 9.25, 4.98438, 1.41797, 2.33594, ... ]
X at t=0.21:
[ 6.92188, 2.8125, 1.80078, 3.16406, 4.82812, 2.88281, -6.10938, -1.51562, -3, 1.47266, 9.6875, 0.0585938, -0.914062, 1.19531, -1.85156, -0.146484, 4.75, 9, -0.896484, 1.49609, 2.14844, -3.10938, 2.15625, 3.39844, 4.85938, 7.57812, -4.375, -3.61719, 4.51562, 1.10938, 0.585938, 3.14844, 9.34375, 4.84375, 1.14062, 2.30469, ... ]
X at t=0.22:
[ 6.96875, 2.90625, 1.75391, 3.24219, 4.875, 2.47656, -6.125, -1.07422, -2.98438, 1.20703, 9.6875, -0.0754395, -0.824219, 1.27734, -1.74219, -0.128418, 4.76562, 8.9375, -1.08984, 1.625, 2.17188, -2.98438, 2.17188, 3.60938, 5.0625, 7.17188, -4.85938, -3.35938, 4.34375, 1.35547, 0.644531, 3.24219, 9.4375, 4.65625, 0.871094, 2.29688, ... ]
X at t=0.23:
[ 7.01562, 3.00781, 1.70312, 3.32031, 4.92188, 2.07031, -6.10938, -0.664062, -2.92969, 0.962891, 9.6875, -0.174316, -0.724609, 1.35547, -1.63281, -0.105469, 4.78125, 8.875, -1.26953, 1.76562, 2.19531, -2.85938, 2.17969, 3.82812, 5.26562, 6.71875, -5.3125, -3.10938, 4.15625, 1.58594, 0.703125, 3.33594, 9.53125, 4.4375, 0.615234, 2.30469, ... ]
X at t=0.24:
[ 7.0625, 3.10938, 1.65234, 3.39062, 4.95312, 1.66406, -6.0625, -0.289062, -2.85156, 0.738281, 9.6875, -0.239746, -0.619141, 1.42969, -1.52734, -0.078125, 4.79688, 8.78125, -1.43359, 1.91406, 2.22656, -2.74219, 2.1875, 4.04688, 5.45312, 6.21875, -5.70312, -2.85938, 3.97656, 1.79688, 0.763672, 3.4375, 9.625, 4.1875, 0.375977, 2.32812, ... ]
X at t=0.25:
[ 7.09375, 3.21875, 1.59766, 3.46094, 4.96875, 1.25781, -5.98438, 0.0493164, -2.75, 0.535156, 9.65625, -0.273438, -0.511719, 1.5, -1.42188, -0.0467529, 4.8125, 8.6875, -1.58203, 2.07031, 2.25781, -2.625, 2.1875, 4.26562, 5.625, 5.67188, -6.04688, -2.625, 3.79688, 1.99219, 0.828125, 3.53906, 9.71875, 3.91406, 0.15625, 2.36719, ... ]
X at t=0.26:
[ 7.125, 3.32812, 1.54297, 3.53125, 4.96875, 0.857422, -5.89062, 0.349609, -2.625, 0.355469, 9.625, -0.277344, -0.404297, 1.56641, -1.32031, -0.0115967, 4.82812, 8.59375, -1.71484, 2.22656, 2.28906, -2.51562, 2.1875, 4.46875, 5.78125, 5.09375, -6.34375, -2.41406, 3.625, 2.17188, 0.896484, 3.64844, 9.78125, 3.60938, -0.041748, 2.41406, ... ]
X at t=0.27:
[ 7.15625, 3.44531, 1.48438, 3.59375, 4.95312, 0.462891, -5.78125, 0.611328, -2.48438, 0.19873, 9.59375, -0.254883, -0.298828, 1.63281, -1.21875, 0.0270996, 4.85938, 8.5, -1.83203, 2.39062, 2.32812, -2.40625, 2.1875, 4.67188, 5.90625, 4.46875, -6.57812, -2.22656, 3.46094, 2.34375, 0.970703, 3.75781, 9.84375, 3.27344, -0.214355, 2.46875, ... ]
X at t=0.28:
[ 7.17188, 3.5625, 1.42188, 3.65625, 4.9375, 0.0776367, -5.64062, 0.835938, -2.33594, 0.0634766, 9.5625, -0.208496, -0.197754, 1.69531, -1.12109, 0.0688477, 4.89062, 8.375, -1.93359, 2.55469, 2.36719, -2.30469, 2.1875, 4.875, 6.01562, 3.82031, -6.76562, -2.07031, 3.30469, 2.5, 1.05078, 3.86719, 9.875, 2.91406, -0.359375, 2.53125, ... ]
X at t=0.29:
[ 7.1875, 3.6875, 1.35938, 3.71094, 4.90625, -0.296875, -5.5, 1.02344, -2.17969, -0.0512695, 9.53125, -0.141113, -0.102295, 1.75781, -1.02344, 0.11377, 4.92188, 8.25, -2.01562, 2.71875, 2.41406, -2.21094, 2.17969, 5.07812, 6.09375, 3.14844, -6.89062, -1.94922, 3.15625, 2.64844, 1.13672, 3.98438, 9.90625, 2.53125, -0.474609, 2.59375, ... ]
X at t=0.3:
[ 7.1875, 3.8125, 1.29297, 3.76562, 4.85938, -0.658203, -5.34375, 1.17969, -2.01562, -0.146973, 9.5, -0.0559082, -0.0139771, 1.82031, -0.929688, 0.161133, 4.95312, 8.125, -2.08594, 2.88281, 2.46094, -2.11719, 2.17188, 5.28125, 6.14062, 2.45312, -6.95312, -1.86719, 3.01562, 2.78906, 1.23047, 4.09375, 9.90625, 2.13281, -0.558594, 2.65625, ... ]
X at t=0.31:
[ 7.1875, 3.94531, 1.22656, 3.8125, 4.79688, -1.00781, -5.17188, 1.30469, -1.85156, -0.224609, 9.46875, 0.0444336, 0.0661621, 1.87891, -0.837891, 0.211426, 5, 8, -2.14062, 3.04688, 2.51562, -2.03125, 2.16406, 5.48438, 6.14062, 1.75, -6.96875, -1.82422, 2.88281, 2.92969, 1.33203, 4.21875, 9.90625, 1.72266, -0.611328, 2.71875, ... ]
X at t=0.32:
[ 7.17188, 4.07812, 1.16016, 3.85938, 4.73438, -1.33984, -5, 1.39844, -1.6875, -0.285156, 9.4375, 0.157227, 0.137207, 1.9375, -0.746094, 0.263672, 5.04688, 7.875, -2.1875, 3.21094, 2.57031, -1.95312, 2.15625, 5.67188, 6.10938, 1.04688, -6.92188, -1.82422, 2.75, 3.0625, 1.44141, 4.34375, 9.875, 1.30078, -0.632812, 2.77344, ... ]
X at t=0.33:
[ 7.15625, 4.20312, 1.08984, 3.90625, 4.65625, -1.65625, -4.8125, 1.46875, -1.52344, -0.330078, 9.40625, 0.279297, 0.199219, 1.99609, -0.65625, 0.318359, 5.09375, 7.75, -2.21875, 3.36719, 2.63281, -1.88281, 2.14844, 5.85938, 6.03125, 0.350586, -6.82812, -1.85938, 2.61719, 3.19531, 1.55859, 4.46875, 9.8125, 0.871094, -0.623047, 2.82812, ... ]
X at t=0.34:
[ 7.14062, 4.32812, 1.01953, 3.94531, 4.5625, -1.95703, -4.625, 1.51562, -1.36328, -0.360352, 9.375, 0.40918, 0.250977, 2.04688, -0.566406, 0.375, 5.14062, 7.60938, -2.24219, 3.52344, 2.69531, -1.81641, 2.14062, 6.04688, 5.92188, -0.329102, -6.67188, -1.92969, 2.47656, 3.32812, 1.68359, 4.59375, 9.75, 0.44043, -0.582031, 2.875, ... ]
X at t=0.35:
[ 7.10938, 4.45312, 0.949219, 3.98438, 4.46875, -2.23438, -4.42188, 1.54297, -1.20312, -0.376953, 9.34375, 0.542969, 0.292969, 2.10156, -0.477539, 0.43457, 5.1875, 7.46875, -2.25781, 3.67188, 2.75781, -1.75781, 2.13281, 6.21875, 5.76562, -0.986328, -6.46875, -2.03125, 2.32812, 3.46094, 1.82031, 4.73438, 9.65625, 0.0119019, -0.511719, 2.92188, ... ]
X at t=0.36:
[ 7.07812, 4.57812, 0.878906, 4.01562, 4.35938, -2.49219, -4.21875, 1.55078, -1.04688, -0.379883, 9.3125, 0.679688, 0.325195, 2.15625, -0.389648, 0.496094, 5.25, 7.32812, -2.25781, 3.8125, 2.82812, -1.70312, 2.125, 6.39062, 5.5625, -1.60938, -6.21875, -2.14844, 2.17188, 3.59375, 1.96875, 4.875, 9.53125, -0.412109, -0.413086, 2.96094, ... ]
X at t=0.37:
[ 7.03125, 4.70312, 0.808594, 4.04688, 4.25, -2.73438, -4.01562, 1.54688, -0.898438, -0.371094, 9.28125, 0.818359, 0.347656, 2.20312, -0.301758, 0.558594, 5.3125, 7.1875, -2.25, 3.94531, 2.89844, -1.65625, 2.11719, 6.54688, 5.3125, -2.1875, -5.92188, -2.28906, 2.00781, 3.71875, 2.125, 5.01562, 9.375, -0.826172, -0.289062, 3, ... ]
X at t=0.38:
[ 6.98438, 4.82812, 0.738281, 4.07812, 4.14062, -2.95312, -3.82031, 1.53125, -0.753906, -0.350586, 9.25, 0.955078, 0.361328, 2.25, -0.213867, 0.623047, 5.375, 7.03125, -2.24219, 4.07812, 2.96875, -1.61328, 2.10938, 6.70312, 5.03125, -2.71875, -5.59375, -2.4375, 1.83984, 3.84375, 2.29688, 5.15625, 9.1875, -1.22656, -0.14209, 3.03906, ... ]
X at t=0.39:
[ 6.9375, 4.95312, 0.669922, 4.10938, 4.01562, -3.15625, -3.61719, 1.50391, -0.615234, -0.319336, 9.21875, 1.08594, 0.366211, 2.29688, -0.125488, 0.689453, 5.4375, 6.875, -2.22656, 4.20312, 3.03906, -1.57812, 2.10156, 6.84375, 4.70312, -3.20312, -5.23438, -2.58594, 1.66406, 3.96875, 2.48438, 5.29688, 8.96875, -1.60938, 0.0239868, 3.08594, ... ]
X at t=0.4:
[ 6.89062, 5.07812, 0.603516, 4.14062, 3.89062, -3.34375, -3.41406, 1.47266, -0.481445, -0.27832, 9.1875, 1.21484, 0.362305, 2.34375, -0.0362549, 0.757812, 5.5, 6.71875, -2.20312, 4.3125, 3.10938, -1.54688, 2.09375, 6.96875, 4.34375, -3.625, -4.84375, -2.72656, 1.48438, 4.07812, 2.6875, 5.4375, 8.71875, -1.97656, 0.205566, 3.13281, ... ]
X at t=0.41:
[ 6.82812, 5.20312, 0.537109, 4.15625, 3.76562, -3.50781, -3.21875, 1.4375, -0.352539, -0.227539, 9.15625, 1.33594, 0.351562, 2.39062, 0.0539551, 0.830078, 5.5625, 6.5625, -2.17188, 4.42188, 3.17969, -1.51953, 2.08594, 7.09375, 3.96094, -3.99219, -4.4375, -2.85938, 1.30469, 4.1875, 2.90625, 5.57812, 8.4375, -2.32031, 0.398438, 3.1875, ... ]
X at t=0.42:
[ 6.76562, 5.3125, 0.472656, 4.17188, 3.63281, -3.65625, -3.02344, 1.39844, -0.228027, -0.16748, 9.125, 1.44922, 0.333984, 2.4375, 0.145508, 0.904297, 5.64062, 6.40625, -2.14062, 4.51562, 3.25, -1.5, 2.07812, 7.20312, 3.55469, -4.29688, -4.03125, -2.97656, 1.12109, 4.29688, 3.14062, 5.71875, 8.09375, -2.64062, 0.597656, 3.25, ... ]
X at t=0.43:
[ 6.70312, 5.42188, 0.410156, 4.1875, 3.5, -3.78906, -2.82812, 1.35938, -0.107666, -0.098877, 9.09375, 1.55469, 0.310547, 2.48438, 0.23877, 0.980469, 5.71875, 6.23438, -2.10938, 4.60938, 3.32031, -1.48438, 2.07031, 7.29688, 3.125, -4.53125, -3.625, -3.07031, 0.941406, 4.39062, 3.39062, 5.84375, 7.73438, -2.92969, 0.798828, 3.32812, ... ]
X at t=0.44:
[ 6.64062, 5.53125, 0.350586, 4.20312, 3.36719, -3.90625, -2.63281, 1.32031, 0.00863647, -0.0220337, 9.0625, 1.64844, 0.28125, 2.53125, 0.333984, 1.05859, 5.79688, 6.0625, -2.07031, 4.6875, 3.39062, -1.47266, 2.07031, 7.39062, 2.67969, -4.70312, -3.22656, -3.14062, 0.767578, 4.46875, 3.65625, 5.96875, 7.34375, -3.19531, 0.996094, 3.41406, ... ]
X at t=0.45:
[ 6.57812, 5.64062, 0.292969, 4.21875, 3.22656, -4, -2.44531, 1.28125, 0.121094, 0.0627441, 9.03125, 1.73047, 0.248535, 2.57812, 0.430664, 1.13672, 5.875, 5.89062, -2.03125, 4.76562, 3.46094, -1.46875, 2.07031, 7.46875, 2.21875, -4.82812, -2.84375, -3.1875, 0.599609, 4.54688, 3.9375, 6.07812, 6.92188, -3.42969, 1.18359, 3.51562, ... ]
X at t=0.46:
[ 6.51562, 5.73438, 0.238281, 4.23438, 3.08594, -4.07812, -2.25781, 1.24609, 0.230469, 0.155273, 9, 1.80078, 0.212402, 2.625, 0.529297, 1.21875, 5.95312, 5.71875, -1.99219, 4.84375, 3.53125, -1.46875, 2.07031, 7.53125, 1.75781, -4.89062, -2.47656, -3.21875, 0.441406, 4.60938, 4.21875, 6.17188, 6.45312, -3.63281, 1.35938, 3.63281, ... ]
X at t=0.47:
[ 6.45312, 5.82812, 0.186523, 4.26562, 2.94531, -4.14062, -2.07812, 1.21484, 0.335938, 0.254883, 8.96875, 1.85938, 0.173828, 2.67188, 0.630859, 1.30469, 6.03125, 5.54688, -1.95312, 4.90625, 3.59375, -1.47266, 2.07031, 7.59375, 1.29297, -4.90625, -2.13281, -3.22656, 0.292969, 4.65625, 4.51562, 6.25, 5.95312, -3.80469, 1.51562, 3.76562, ... ]
X at t=0.48:
[ 6.39062, 5.90625, 0.138672, 4.29688, 2.80469, -4.1875, -1.90625, 1.19141, 0.439453, 0.361328, 8.9375, 1.90625, 0.133789, 2.71875, 0.734375, 1.39062, 6.10938, 5.35938, -1.91406, 4.96875, 3.65625, -1.48047, 2.07031, 7.64062, 0.830078, -4.875, -1.82031, -3.21094, 0.155762, 4.70312, 4.82812, 6.3125, 5.4375, -3.95312, 1.64844, 3.90625, ... ]
X at t=0.49:
[ 6.32812, 5.98438, 0.0952148, 4.32812, 2.66406, -4.21875, -1.74219, 1.17188, 0.541016, 0.474609, 8.90625, 1.9375, 0.0935059, 2.76562, 0.841797, 1.48047, 6.1875, 5.17188, -1.875, 5.01562, 3.71875, -1.49219, 2.07031, 7.67188, 0.374023, -4.79688, -1.53906, -3.17969, 0.0300903, 4.73438, 5.14062, 6.34375, 4.89062, -4.0625, 1.75781, 4.04688, ... ]
X at t=0.5:
[ 6.28125, 6.0625, 0.0562744, 4.35938, 2.52344, -4.25, -1.58203, 1.15625, 0.640625, 0.59375, 8.875, 1.95312, 0.0535889, 2.8125, 0.953125, 1.57422, 6.26562, 4.98438, -1.83594, 5.0625, 3.77344, -1.50781, 2.07031, 7.70312, -0.0715332, -4.67188, -1.28516, -3.13281, -0.0842285, 4.75, 5.46875, 6.34375, 4.3125, -4.14062, 1.83594, 4.20312, ... ]
X at t=0.51:
[ 6.23438, 6.125, 0.0209351, 4.39062, 2.39062, -4.26562, -1.42969, 1.14844, 0.738281, 0.71875, 8.84375, 1.95703, 0.0151062, 2.85938, 1.06641, 1.67188, 6.34375, 4.79688, -1.79688, 5.10938, 3.82812, -1.52734, 2.0625, 7.71875, -0.501953, -4.51562, -1.0625, -3.07031, -0.187012, 4.76562, 5.79688, 6.3125, 3.72656, -4.1875, 1.88281, 4.35938, ... ]
X at t=0.52:
[ 6.1875, 6.1875, -0.0104065, 4.42188, 2.25781, -4.26562, -1.28516, 1.14453, 0.833984, 0.849609, 8.84375, 1.94531, -0.0212402, 2.90625, 1.18359, 1.77344, 6.40625, 4.59375, -1.75781, 5.14062, 3.875, -1.54688, 2.05469, 7.73438, -0.916016, -4.32812, -0.869141, -3, -0.27832, 4.76562, 6.125, 6.23438, 3.13281, -4.20312, 1.89844, 4.53125, ... ]
X at t=0.53:
[ 6.14062, 6.25, -0.0377197, 4.45312, 2.125, -4.26562, -1.14453, 1.14844, 0.927734, 0.988281, 8.84375, 1.91797, -0.0551758, 2.95312, 1.30469, 1.875, 6.46875, 4.39062, -1.71484, 5.17188, 3.92188, -1.57031, 2.04688, 7.73438, -1.30859, -4.10938, -0.703125, -2.91406, -0.359375, 4.76562, 6.4375, 6.125, 2.53125, -4.1875, 1.88281, 4.70312, ... ]
X at t=0.54:
[ 6.10938, 6.29688, -0.0610352, 4.48438, 1.99219, -4.25, -1.01172, 1.16016, 1.01953, 1.12891, 8.84375, 1.87891, -0.0856934, 3, 1.42969, 1.98047, 6.53125, 4.1875, -1.67188, 5.20312, 3.96094, -1.59766, 2.03906, 7.73438, -1.67969, -3.85938, -0.560547, -2.82031, -0.429688, 4.75, 6.75, 5.96875, 1.93359, -4.15625, 1.83594, 4.875, ... ]
X at t=0.55:
[ 6.07812, 6.34375, -0.0810547, 4.51562, 1.86328, -4.21875, -0.888672, 1.17578, 1.11328, 1.27734, 8.84375, 1.82422, -0.112305, 3.04688, 1.55859, 2.08594, 6.59375, 3.98438, -1.62891, 5.21875, 4, -1.625, 2.03125, 7.71875, -2.02344, -3.58594, -0.44043, -2.72656, -0.490234, 4.73438, 7.04688, 5.76562, 1.34766, -4.09375, 1.75781, 5.03125, ... ]
X at t=0.56:
[ 6.04688, 6.375, -0.0976562, 4.54688, 1.73828, -4.1875, -0.773438, 1.19922, 1.20703, 1.42969, 8.84375, 1.75391, -0.134277, 3.09375, 1.69141, 2.19531, 6.64062, 3.77344, -1.58594, 5.23438, 4.03125, -1.65625, 2.02344, 7.70312, -2.34375, -3.28906, -0.338867, -2.625, -0.541016, 4.70312, 7.34375, 5.51562, 0.78125, -4, 1.65625, 5.1875, ... ]
X at t=0.57:
[ 6.03125, 6.40625, -0.110596, 4.57812, 1.61328, -4.14062, -0.666016, 1.22656, 1.30078, 1.58984, 8.8125, 1.66797, -0.150879, 3.14062, 1.82812, 2.3125, 6.6875, 3.55469, -1.53906, 5.25, 4.0625, -1.6875, 2.01562, 7.6875, -2.63281, -2.97656, -0.25293, -2.52344, -0.582031, 4.67188, 7.625, 5.21875, 0.241211, -3.89844, 1.53125, 5.32812, ... ]
X at t=0.58:
[ 6.01562, 6.4375, -0.121094, 4.60938, 1.49219, -4.09375, -0.566406, 1.25781, 1.39453, 1.75391, 8.78125, 1.57031, -0.160645, 3.1875, 1.96875, 2.42969, 6.73438, 3.33594, -1.49219, 5.26562, 4.07812, -1.72266, 2.00781, 7.65625, -2.89062, -2.64844, -0.178711, -2.42188, -0.615234, 4.64062, 7.89062, 4.875, -0.264648, -3.77344, 1.38672, 5.46875, ... ]
X at t=0.59:
[ 6, 6.45312, -0.128906, 4.64062, 1.375, -4.03125, -0.474609, 1.29297, 1.48828, 1.92188, 8.75, 1.45703, -0.163086, 3.23438, 2.10938, 2.55469, 6.76562, 3.10938, -1.44531, 5.26562, 4.09375, -1.75781, 2, 7.625, -3.11719, -2.30469, -0.112793, -2.32031, -0.640625, 4.59375, 8.125, 4.48438, -0.728516, -3.63281, 1.22656, 5.59375, ... ]
X at t=0.6:
[ 6, 6.46875, -0.133789, 4.67188, 1.25781, -3.97656, -0.389648, 1.33203, 1.58203, 2.09375, 8.71875, 1.33203, -0.157715, 3.27344, 2.25781, 2.67969, 6.79688, 2.88281, -1.39453, 5.26562, 4.10938, -1.79297, 1.99609, 7.59375, -3.3125, -1.95312, -0.052124, -2.21875, -0.658203, 4.54688, 8.34375, 4.0625, -1.14062, -3.48438, 1.05859, 5.70312, ... ]
X at t=0.61:
[ 6, 6.48438, -0.137207, 4.70312, 1.14453, -3.91406, -0.311523, 1.37891, 1.67969, 2.26562, 8.6875, 1.19531, -0.144531, 3.3125, 2.40625, 2.8125, 6.8125, 2.64844, -1.33984, 5.26562, 4.10938, -1.82812, 1.99219, 7.5625, -3.47656, -1.59375, 0.00628662, -2.11719, -0.669922, 4.5, 8.53125, 3.60938, -1.5, -3.32812, 0.886719, 5.79688, ... ]
X at t=0.62:
[ 6, 6.48438, -0.138672, 4.73438, 1.03516, -3.84375, -0.240723, 1.42578, 1.77734, 2.44531, 8.65625, 1.04688, -0.123047, 3.35156, 2.55469, 2.94531, 6.8125, 2.41406, -1.28516, 5.26562, 4.10938, -1.86328, 1.98828, 7.53125, -3.61719, -1.23047, 0.0649414, -2.01562, -0.673828, 4.45312, 8.6875, 3.125, -1.80078, -3.17188, 0.714844, 5.875, ... ]
X at t=0.63:
[ 6.01562, 6.48438, -0.138672, 4.76562, 0.929688, -3.77344, -0.17627, 1.47656, 1.87891, 2.625, 8.625, 0.886719, -0.0927734, 3.39062, 2.71094, 3.07812, 6.8125, 2.17969, -1.22656, 5.26562, 4.10938, -1.89844, 1.98438, 7.5, -3.72656, -0.867188, 0.125977, -1.91406, -0.671875, 4.40625, 8.8125, 2.61719, -2.03906, -3.01562, 0.544922, 5.9375, ... ]
X at t=0.64:
[ 6.03125, 6.48438, -0.137695, 4.79688, 0.828125, -3.69531, -0.118164, 1.53125, 1.98047, 2.8125, 8.5625, 0.716797, -0.0537109, 3.42969, 2.86719, 3.21875, 6.79688, 1.94141, -1.16406, 5.26562, 4.10938, -1.93359, 1.97656, 7.45312, -3.80469, -0.503906, 0.190918, -1.8125, -0.664062, 4.35938, 8.90625, 2.09375, -2.21094, -2.85938, 0.381836, 5.98438, ... ]
X at t=0.65:
[ 6.0625, 6.46875, -0.135742, 4.82812, 0.730469, -3.60938, -0.0656738, 1.58984, 2.08594, 3, 8.5, 0.539062, -0.00541687, 3.46875, 3.03125, 3.35938, 6.76562, 1.69922, -1.09766, 5.26562, 4.09375, -1.96875, 1.96875, 7.40625, -3.85156, -0.144043, 0.261719, -1.71484, -0.648438, 4.3125, 9, 1.5625, -2.32031, -2.71094, 0.227539, 6.01562, ... ]
X at t=0.66:
[ 6.09375, 6.45312, -0.133789, 4.85938, 0.636719, -3.52344, -0.0186768, 1.64844, 2.19531, 3.19531, 8.4375, 0.353516, 0.052002, 3.50781, 3.19531, 3.5, 6.71875, 1.45703, -1.02734, 5.26562, 4.07812, -2, 1.96094, 7.375, -3.875, 0.209473, 0.338867, -1.61719, -0.626953, 4.26562, 9.0625, 1.02734, -2.36719, -2.57031, 0.0842285, 6.04688, ... ]
X at t=0.67:
[ 6.125, 6.42188, -0.131836, 4.89062, 0.546875, -3.42969, 0.0233765, 1.71094, 2.30469, 3.39062, 8.34375, 0.161133, 0.118408, 3.55469, 3.35938, 3.64062, 6.65625, 1.21484, -0.955078, 5.26562, 4.0625, -2.03125, 1.95312, 7.34375, -3.86719, 0.554688, 0.423828, -1.52344, -0.601562, 4.23438, 9.09375, 0.498047, -2.35156, -2.44531, -0.0471191, 6.0625, ... ]
X at t=0.68:
[ 6.17188, 6.39062, -0.129883, 4.92188, 0.461914, -3.33594, 0.0609131, 1.77344, 2.41406, 3.58594, 8.25, -0.036377, 0.193848, 3.60156, 3.53125, 3.78125, 6.57812, 0.976562, -0.878906, 5.26562, 4.03125, -2.0625, 1.94531, 7.3125, -3.83594, 0.890625, 0.515625, -1.43359, -0.570312, 4.20312, 9.09375, -0.0199585, -2.27344, -2.32812, -0.166016, 6.0625, ... ]
X at t=0.69:
[ 6.21875, 6.35938, -0.128418, 4.95312, 0.380859, -3.24219, 0.0944824, 1.83984, 2.53125, 3.78125, 8.125, -0.237793, 0.277344, 3.64844, 3.70312, 3.92188, 6.48438, 0.740234, -0.800781, 5.26562, 4, -2.09375, 1.9375, 7.28125, -3.78125, 1.21484, 0.615234, -1.34766, -0.535156, 4.17188, 9.09375, -0.519531, -2.13281, -2.21875, -0.271484, 6.04688, ... ]
X at t=0.7:
[ 6.26562, 6.3125, -0.12793, 4.98438, 0.304688, -3.14062, 0.124268, 1.90625, 2.64844, 3.97656, 8, -0.441406, 0.368164, 3.70312, 3.875, 4.0625, 6.35938, 0.507812, -0.71875, 5.26562, 3.96875, -2.125, 1.92578, 7.25, -3.70312, 1.52734, 0.720703, -1.26562, -0.495117, 4.15625, 9.0625, -0.994141, -1.94531, -2.125, -0.363281, 6.03125, ... ]
X at t=0.71:
[ 6.32812, 6.26562, -0.12793, 5.01562, 0.233398, -3.03906, 0.150879, 1.97266, 2.77344, 4.17188, 7.85938, -0.644531, 0.466797, 3.75781, 4.04688, 4.1875, 6.21875, 0.280273, -0.634766, 5.26562, 3.92969, -2.14844, 1.91406, 7.21875, -3.60156, 1.82422, 0.832031, -1.1875, -0.451172, 4.14062, 9, -1.44141, -1.71094, -2.03906, -0.442383, 6, ... ]
X at t=0.72:
[ 6.39062, 6.20312, -0.129395, 5.04688, 0.166992, -2.9375, 0.174805, 2.03906, 2.90625, 4.35938, 7.70312, -0.847656, 0.570312, 3.82031, 4.21875, 4.3125, 6.0625, 0.0605469, -0.548828, 5.26562, 3.88281, -2.17188, 1.90234, 7.1875, -3.47656, 2.10156, 0.949219, -1.11719, -0.404297, 4.125, 8.9375, -1.85547, -1.43359, -1.95703, -0.507812, 5.96875, ... ]
X at t=0.73:
[ 6.45312, 6.14062, -0.131836, 5.07812, 0.105957, -2.82812, 0.196777, 2.10156, 3.03906, 4.54688, 7.53125, -1.04688, 0.679688, 3.89062, 4.39062, 4.4375, 5.89062, -0.150879, -0.462891, 5.26562, 3.82812, -2.19531, 1.89062, 7.17188, -3.33594, 2.36719, 1.07031, -1.05078, -0.353516, 4.125, 8.84375, -2.23438, -1.11719, -1.875, -0.560547, 5.9375, ... ]
X at t=0.74:
[ 6.51562, 6.0625, -0.135254, 5.10938, 0.050415, -2.71875, 0.217285, 2.17188, 3.17969, 4.73438, 7.32812, -1.24609, 0.791016, 3.96875, 4.5625, 4.54688, 5.6875, -0.352539, -0.376953, 5.26562, 3.77344, -2.21875, 1.875, 7.15625, -3.17188, 2.61719, 1.19141, -0.992188, -0.300781, 4.125, 8.71875, -2.57031, -0.771484, -1.79297, -0.599609, 5.89062, ... ]
X at t=0.75:
[ 6.59375, 5.98438, -0.139648, 5.14062, 0.000497818, -2.60938, 0.236816, 2.24219, 3.32812, 4.92188, 7.10938, -1.4375, 0.904297, 4.04688, 4.73438, 4.64062, 5.46875, -0.542969, -0.291992, 5.26562, 3.71094, -2.24219, 1.85938, 7.14062, -2.99219, 2.85156, 1.31641, -0.939453, -0.245605, 4.125, 8.59375, -2.86719, -0.401367, -1.70703, -0.625, 5.84375, ... ]
X at t=0.76:
[ 6.67188, 5.89062, -0.145508, 5.17188, -0.0437012, -2.5, 0.254883, 2.3125, 3.47656, 5.10938, 6.85938, -1.625, 1.01562, 4.14062, 4.90625, 4.73438, 5.23438, -0.720703, -0.208984, 5.28125, 3.64844, -2.25781, 1.83984, 7.125, -2.79688, 3.0625, 1.4375, -0.892578, -0.188477, 4.14062, 8.46875, -3.125, -0.0133362, -1.61328, -0.638672, 5.79688, ... ]
X at t=0.77:
[ 6.75, 5.78125, -0.152832, 5.20312, -0.0822754, -2.39062, 0.272461, 2.38281, 3.63281, 5.28125, 6.59375, -1.80469, 1.125, 4.25, 5.07812, 4.79688, 4.98438, -0.884766, -0.128418, 5.29688, 3.57812, -2.27344, 1.82031, 7.125, -2.59375, 3.25781, 1.55859, -0.853516, -0.129883, 4.15625, 8.3125, -3.34375, 0.386719, -1.51172, -0.638672, 5.75, ... ]
X at t=0.78:
[ 6.82812, 5.67188, -0.161133, 5.23438, -0.11499, -2.28125, 0.290039, 2.45312, 3.79688, 5.45312, 6.29688, -1.97266, 1.23047, 4.35938, 5.25, 4.84375, 4.71875, -1.03125, -0.0518799, 5.3125, 3.5, -2.28906, 1.79688, 7.125, -2.375, 3.4375, 1.67578, -0.820312, -0.0700684, 4.17188, 8.15625, -3.52344, 0.792969, -1.39844, -0.626953, 5.70312, ... ]
X at t=0.79:
[ 6.90625, 5.54688, -0.17041, 5.26562, -0.141602, -2.17188, 0.308594, 2.52344, 3.96094, 5.60938, 5.98438, -2.13281, 1.33203, 4.48438, 5.42188, 4.875, 4.4375, -1.16016, 0.0200195, 5.32812, 3.42188, -2.30469, 1.77344, 7.125, -2.14844, 3.60156, 1.78906, -0.792969, -0.00946045, 4.20312, 8, -3.66406, 1.19922, -1.27344, -0.603516, 5.65625, ... ]
X at t=0.8:
[ 6.98438, 5.40625, -0.179688, 5.29688, -0.162598, -2.0625, 0.327148, 2.59375, 4.125, 5.75, 5.64062, -2.28125, 1.42578, 4.625, 5.59375, 4.89062, 4.14062, -1.27344, 0.0864258, 5.34375, 3.33594, -2.32031, 1.74609, 7.125, -1.91016, 3.75, 1.89453, -0.771484, 0.0516357, 4.23438, 7.82812, -3.76562, 1.60156, -1.13672, -0.568359, 5.60938, ... ]
X at t=0.81:
[ 7.0625, 5.26562, -0.188965, 5.32812, -0.177734, -1.95312, 0.34668, 2.66406, 4.29688, 5.89062, 5.28125, -2.41406, 1.50781, 4.76562, 5.76562, 4.875, 3.83594, -1.36719, 0.146973, 5.375, 3.25, -2.33594, 1.71875, 7.14062, -1.66016, 3.88281, 1.99219, -0.755859, 0.113037, 4.26562, 7.65625, -3.83594, 1.99609, -0.986328, -0.521484, 5.57812, ... ]
X at t=0.82:
[ 7.14062, 5.10938, -0.198242, 5.35938, -0.187012, -1.84375, 0.368164, 2.73438, 4.46875, 6.01562, 4.89062, -2.53125, 1.57812, 4.92188, 5.9375, 4.82812, 3.52344, -1.44531, 0.200684, 5.40625, 3.15625, -2.34375, 1.6875, 7.15625, -1.40234, 4, 2.07812, -0.744141, 0.174316, 4.3125, 7.48438, -3.875, 2.375, -0.822266, -0.466797, 5.54688, ... ]
X at t=0.83:
[ 7.21875, 4.9375, -0.207031, 5.39062, -0.19043, -1.73438, 0.390625, 2.80469, 4.65625, 6.10938, 4.48438, -2.63281, 1.63281, 5.07812, 6.10938, 4.75, 3.20312, -1.50391, 0.247559, 5.4375, 3.0625, -2.35156, 1.65234, 7.17188, -1.13672, 4.09375, 2.15625, -0.736328, 0.235352, 4.35938, 7.3125, -3.88281, 2.74219, -0.646484, -0.404297, 5.51562, ... ]
X at t=0.84:
[ 7.29688, 4.75, -0.214355, 5.42188, -0.187988, -1.625, 0.415039, 2.875, 4.84375, 6.1875, 4.0625, -2.71094, 1.67188, 5.25, 6.28125, 4.64062, 2.88281, -1.54297, 0.288086, 5.46875, 2.96875, -2.35938, 1.61719, 7.1875, -0.865234, 4.17188, 2.21875, -0.732422, 0.295898, 4.40625, 7.125, -3.86719, 3.09375, -0.458008, -0.334961, 5.5, ... ]
X at t=0.85:
[ 7.375, 4.5625, -0.220215, 5.45312, -0.179688, -1.51953, 0.441406, 2.95312, 5.03125, 6.25, 3.625, -2.77344, 1.69141, 5.42188, 6.4375, 4.5, 2.57031, -1.5625, 0.321289, 5.5, 2.86719, -2.36719, 1.57812, 7.21875, -0.587891, 4.23438, 2.27344, -0.732422, 0.356445, 4.45312, 6.9375, -3.82812, 3.42188, -0.257812, -0.259766, 5.48438, ... ]
X at t=0.86:
[ 7.4375, 4.35938, -0.224609, 5.48438, -0.166016, -1.41406, 0.469727, 3.03125, 5.21875, 6.28125, 3.17188, -2.82031, 1.69141, 5.59375, 6.59375, 4.32812, 2.26562, -1.5625, 0.348633, 5.53125, 2.76562, -2.375, 1.53516, 7.25, -0.306641, 4.28125, 2.3125, -0.732422, 0.416016, 4.51562, 6.75, -3.76562, 3.72656, -0.0480957, -0.180176, 5.48438, ... ]
X at t=0.87:
[ 7.5, 4.14062, -0.226074, 5.51562, -0.146973, -1.3125, 0.5, 3.10938, 5.42188, 6.28125, 2.70312, -2.84375, 1.67578, 5.76562, 6.75, 4.125, 1.97266, -1.54688, 0.371094, 5.5625, 2.66406, -2.375, 1.48828, 7.28125, -0.0220337, 4.3125, 2.34375, -0.734375, 0.474609, 4.57812, 6.5625, -3.6875, 4, 0.169922, -0.0976562, 5.48438, ... ]
X at t=0.88:
[ 7.5625, 3.91406, -0.224121, 5.54688, -0.122803, -1.21094, 0.533203, 3.1875, 5.625, 6.25, 2.22656, -2.84375, 1.64062, 5.9375, 6.89062, 3.88281, 1.69531, -1.51562, 0.389648, 5.59375, 2.5625, -2.375, 1.44141, 7.3125, 0.265625, 4.32812, 2.35938, -0.736328, 0.53125, 4.64062, 6.375, -3.60156, 4.25, 0.395508, -0.0133057, 5.5, ... ]
X at t=0.89:
[ 7.60938, 3.67969, -0.21875, 5.57812, -0.0939941, -1.11328, 0.568359, 3.26562, 5.82812, 6.1875, 1.75, -2.82031, 1.58984, 6.10938, 7.01562, 3.60938, 1.44141, -1.47266, 0.404297, 5.625, 2.46094, -2.375, 1.39062, 7.34375, 0.554688, 4.34375, 2.35938, -0.736328, 0.587891, 4.70312, 6.1875, -3.5, 4.48438, 0.626953, 0.0720215, 5.51562, ... ]
X at t=0.9:
[ 7.64062, 3.42969, -0.208984, 5.60938, -0.060791, -1.01562, 0.605469, 3.35156, 6.03125, 6.09375, 1.27734, -2.78125, 1.51953, 6.28125, 7.14062, 3.30469, 1.21094, -1.41797, 0.416992, 5.65625, 2.35938, -2.36719, 1.33594, 7.39062, 0.845703, 4.34375, 2.35156, -0.736328, 0.642578, 4.76562, 6, -3.39062, 4.6875, 0.861328, 0.157715, 5.54688, ... ]
X at t=0.91:
[ 7.67188, 3.17188, -0.193848, 5.625, -0.0234985, -0.921875, 0.644531, 3.4375, 6.21875, 5.96875, 0.810547, -2.71875, 1.4375, 6.4375, 7.25, 2.96875, 1.00781, -1.35156, 0.428711, 5.6875, 2.25781, -2.35938, 1.28125, 7.4375, 1.13672, 4.32812, 2.32812, -0.734375, 0.697266, 4.82812, 5.82812, -3.27344, 4.875, 1.09766, 0.243164, 5.57812, ... ]
X at t=0.92:
[ 7.6875, 2.90625, -0.173828, 5.64062, 0.0174561, -0.832031, 0.685547, 3.52344, 6.40625, 5.79688, 0.354492, -2.63281, 1.34375, 6.57812, 7.34375, 2.60938, 0.837891, -1.27734, 0.44043, 5.71875, 2.15625, -2.35156, 1.22266, 7.48438, 1.42969, 4.29688, 2.29688, -0.728516, 0.75, 4.90625, 5.65625, -3.14844, 5.04688, 1.33594, 0.327148, 5.60938, ... ]
X at t=0.93:
[ 7.6875, 2.63281, -0.148438, 5.65625, 0.0615234, -0.744141, 0.730469, 3.61719, 6.59375, 5.59375, -0.0847168, -2.53125, 1.24219, 6.71875, 7.42188, 2.22656, 0.701172, -1.19922, 0.454102, 5.75, 2.05469, -2.34375, 1.16016, 7.53125, 1.72266, 4.25, 2.25, -0.720703, 0.802734, 4.98438, 5.48438, -3.02344, 5.1875, 1.57812, 0.410156, 5.65625, ... ]
X at t=0.94:
[ 7.67188, 2.35156, -0.117188, 5.67188, 0.108398, -0.660156, 0.777344, 3.71094, 6.76562, 5.34375, -0.501953, -2.40625, 1.13281, 6.84375, 7.46875, 1.82812, 0.599609, -1.11719, 0.469727, 5.78125, 1.94922, -2.32812, 1.09766, 7.57812, 2.01562, 4.1875, 2.19531, -0.708984, 0.853516, 5.0625, 5.3125, -2.89844, 5.3125, 1.82031, 0.492188, 5.70312, ... ]
X at t=0.95:
[ 7.64062, 2.0625, -0.079834, 5.6875, 0.157227, -0.580078, 0.826172, 3.8125, 6.9375, 5.0625, -0.892578, -2.27344, 1.02344, 6.95312, 7.5, 1.41406, 0.533203, -1.03125, 0.488281, 5.8125, 1.84766, -2.3125, 1.03125, 7.625, 2.30469, 4.09375, 2.13281, -0.691406, 0.902344, 5.14062, 5.14062, -2.77344, 5.42188, 2.05469, 0.572266, 5.75, ... ]
X at t=0.96:
[ 7.59375, 1.76953, -0.0360107, 5.70312, 0.20752, -0.501953, 0.876953, 3.91406, 7.09375, 4.73438, -1.25391, -2.125, 0.914062, 7.04688, 7.51562, 0.994141, 0.503906, -0.943359, 0.509766, 5.84375, 1.74609, -2.28906, 0.964844, 7.67188, 2.58594, 3.99219, 2.0625, -0.669922, 0.951172, 5.21875, 4.96875, -2.64844, 5.51562, 2.28906, 0.652344, 5.79688, ... ]
X at t=0.97:
[ 7.51562, 1.47266, 0.0140991, 5.71875, 0.258789, -0.427734, 0.929688, 4.01562, 7.23438, 4.375, -1.57812, -1.96875, 0.810547, 7.125, 7.5, 0.570312, 0.511719, -0.855469, 0.535156, 5.875, 1.64453, -2.26562, 0.898438, 7.71875, 2.86719, 3.875, 1.98828, -0.642578, 1, 5.29688, 4.79688, -2.52344, 5.59375, 2.52344, 0.730469, 5.84375, ... ]
X at t=0.98:
[ 7.42188, 1.17188, 0.0705566, 5.73438, 0.310547, -0.356445, 0.984375, 4.125, 7.35938, 3.98438, -1.86328, -1.80859, 0.714844, 7.20312, 7.46875, 0.149414, 0.554688, -0.765625, 0.564453, 5.90625, 1.54297, -2.24219, 0.830078, 7.76562, 3.14062, 3.74219, 1.91016, -0.609375, 1.04688, 5.375, 4.64062, -2.39844, 5.65625, 2.75781, 0.808594, 5.89062, ... ]

Final state:
X at t=0.99:
[ 7.29688, 0.873047, 0.132812, 5.75, 0.362305, -0.289062, 1.03906, 4.23438, 7.46875, 3.5625, -2.10156, -1.64844, 0.626953, 7.26562, 7.40625, -0.264648, 0.632812, -0.673828, 0.599609, 5.9375, 1.44141, -2.21094, 0.761719, 7.79688, 3.40625, 3.58594, 1.82812, -0.570312, 1.09375, 5.45312, 4.48438, -2.28125, 5.71875, 2.98438, 0.886719, 5.9375, ... ]
