
Lmod is automatically replacing "craype-x86-rome" with "craype-x86-trento".

Lorenz96(k=10000000, F=8, dt=0.01, t_max=1)
 - warming up the simulation for 10
 - running ensemble of size 1 with initial perturbation N(0.0, 0.001)
 - compressing every output on the CPU with BitRound(bitround_bits=16)
 - saving config file to 'output/config_5030325.json'
 - saving performance file to 'performance/perf_5030325'

Initial state:
X at t=0:
[ 6, 0.439816, 2.06467, 1.09784, 2.51016, 6.80725, 3.71085, -8.36719, 1.18149, 2.19101, 7.69604, 5.08868, 2.71988, 0.113072, -4.34869, 0.998245, 3.67508, 8.18298, 3.69757, 2.31952, 2.9408, -5.83319, -0.205032, -0.213966, 1.998, 8.31165, 8.8855, -2.18112, -0.43758, -4.53607, -0.99057, 2.96173, 6.77325, 3.17181, 4.61145, 6.01367, ... ]

X at t=0.01:
[ 6.11243, 0.501839, 2.10083, 1.20995, 2.61945, 6.87531, 3.00815, -8.39087, 1.33606, 2.4519, 7.7879, 5.13538, 2.37985, -0.0471306, -4.22632, 0.908928, 3.83701, 8.28223, 3.61688, 2.18039, 2.77936, -5.76172, 0.0517902, -0.138065, 2.04272, 8.48682, 8.49792, -2.82724, -0.0249519, -4.41467, -1.04218, 2.89716, 6.90997, 3.33456, 4.61554, 5.83624, ... ]
X at t=0.02:
[ 6.20404, 0.58445, 2.13318, 1.32248, 2.73325, 6.92334, 2.29822, -8.37354, 1.40762, 2.72968, 7.8869, 5.13379, 2.0293, -0.171209, -4.10315, 0.812729, 3.98553, 8.38477, 3.51099, 2.03864, 2.63638, -5.67694, 0.290176, -0.0437136, 2.0943, 8.65417, 8.05005, -3.4086, 0.447227, -4.28662, -1.06725, 2.82877, 7.04828, 3.50244, 4.60706, 5.64362, ... ]
X at t=0.03:
[ 6.27832, 0.685905, 2.16089, 1.43504, 2.85138, 6.94965, 1.58583, -8.31738, 1.39607, 3.01044, 7.99384, 5.08173, 1.67378, -0.258587, -3.98041, 0.712463, 4.12018, 8.48926, 3.38046, 1.89682, 2.51199, -5.58099, 0.510422, 0.0673265, 2.15393, 8.81226, 7.54602, -3.91879, 0.96106, -4.146, -1.0649, 2.75974, 7.18719, 3.6749, 4.58447, 5.43732, ... ]
X at t=0.04:
[ 6.33881, 0.803543, 2.18332, 1.54724, 2.97354, 6.95239, 0.875778, -8.22351, 1.30402, 3.28043, 8.10901, 4.97845, 1.31908, -0.309742, -3.85883, 0.61071, 4.24078, 8.59436, 3.22623, 1.75748, 2.40601, -5.47559, 0.713043, 0.193344, 2.22272, 8.95959, 6.99066, -4.35449, 1.49835, -3.98715, -1.03537, 2.69327, 7.32587, 3.85083, 4.5462, 5.21924, ... ]
X at t=0.05:
[ 6.38885, 0.934082, 2.20007, 1.65875, 3.09933, 6.93011, 0.173082, -8.09167, 1.13663, 3.52661, 8.23267, 4.82452, 0.971115, -0.326218, -3.73898, 0.509766, 4.34753, 8.69873, 3.04953, 1.62323, 2.31775, -5.36224, 0.89872, 0.332722, 2.30164, 9.09473, 6.38953, -4.71515, 2.04141, -3.80548, -0.980156, 2.63263, 7.46375, 4.02881, 4.49078, 4.99158, ... ]
X at t=0.06:
[ 6.4314, 1.0739, 2.21091, 1.76926, 3.2283, 6.88123, -0.517044, -7.92133, 0.901451, 3.73734, 8.36426, 4.62213, 0.635681, -0.310535, -3.62109, 0.411617, 4.4408, 8.80066, 2.85181, 1.49667, 2.24619, -5.24231, 1.06822, 0.483967, 2.39148, 9.21594, 5.74854, -5.0025, 2.5737, -3.59772, -0.901817, 2.58063, 7.60028, 4.20691, 4.41675, 4.75677, ... ]
X at t=0.07:
[ 6.46887, 1.21933, 2.21576, 1.87857, 3.35983, 6.80444, -1.18924, -7.711, 0.608131, 3.9025, 8.50305, 4.37463, 0.318214, -0.266052, -3.50513, 0.317932, 4.52124, 8.89893, 2.63492, 1.38025, 2.19006, -5.11694, 1.2224, 0.645706, 2.49289, 9.32166, 5.07373, -5.22021, 3.08044, -3.36212, -0.803963, 2.53976, 7.73535, 4.38293, 4.32281, 4.51746, ... ]
X at t=0.08:
[ 6.50323, 1.3669, 2.21472, 1.98651, 3.49326, 6.69867, -1.83806, -7.45929, 0.268101, 4.01422, 8.64758, 4.08685, 0.0236115, -0.196787, -3.39087, 0.230055, 4.58954, 8.9917, 2.40082, 1.27625, 2.14786, -4.98718, 1.36212, 0.816711, 2.60635, 9.40967, 4.37109, -5.37323, 3.54901, -3.0986, -0.690926, 2.5119, 7.86908, 4.5542, 4.20789, 4.27661, ... ]
X at t=0.09:
[ 6.53589, 1.51353, 2.20807, 2.09299, 3.62784, 6.56305, -2.45804, -7.16516, -0.105889, 4.0672, 8.79602, 3.76489, -0.243902, -0.107175, -3.27798, 0.149029, 4.64673, 9.07788, 2.15182, 1.18674, 2.11795, -4.85382, 1.48822, 0.995895, 2.7323, 9.47791, 3.64651, -5.46704, 3.96921, -2.8085, -0.567497, 2.49826, 8.00159, 4.71777, 4.07123, 4.03729, ... ]
X at t=0.1:
[ 6.56824, 1.65672, 2.1962, 2.198, 3.76273, 6.39709, -3.04388, -6.82819, -0.500275, 4.05865, 8.94568, 3.41568, -0.4809, -0.00183411, -3.16602, 0.0756149, 4.69379, 9.15588, 1.89044, 1.11353, 2.09866, -4.71759, 1.60155, 1.18228, 2.87091, 9.52405, 2.90576, -5.50757, 4.33325, -2.4946, -0.438553, 2.4993, 8.13318, 4.87048, 3.91232, 3.80283, ... ]
X at t=0.11:
[ 6.6012, 1.7946, 2.1795, 2.30154, 3.89694, 6.20068, -3.59061, -6.44916, -0.901276, 3.98868, 9.09399, 3.04709, -0.684822, 0.114677, -3.05453, 0.0103121, 4.73187, 9.22473, 1.61931, 1.05807, 2.08826, -4.57916, 1.70291, 1.37505, 3.02222, 9.54553, 2.15424, -5.50037, 4.63605, -2.16077, -0.308685, 2.51489, 8.2644, 5.00909, 3.7312, 3.57642, ... ]
X at t=0.12:
[ 6.6358, 1.92603, 2.15845, 2.40363, 4.02954, 5.974, -4.09375, -6.03015, -1.29553, 3.86008, 9.23779, 2.66757, -0.854034, 0.238085, -2.94321, -0.0466065, 4.76208, 9.28333, 1.3412, 1.02156, 2.08521, -4.43927, 1.79306, 1.57346, 3.18607, 9.53931, 1.39735, -5.45074, 4.87469, -1.81169, -0.181936, 2.54431, 8.39551, 5.13025, 3.52829, 3.36136, ... ]
X at t=0.13:
[ 6.67279, 2.05045, 2.13345, 2.50427, 4.15942, 5.71783, -4.54956, -5.57483, -1.67075, 3.67798, 9.37415, 2.28564, -0.987808, 0.364574, -2.83176, -0.0950642, 4.78564, 9.33105, 1.05893, 1.00478, 2.08801, -4.2984, 1.87273, 1.77684, 3.36209, 9.50244, 0.640228, -5.36316, 5.04852, -1.45267, -0.0615358, 2.58643, 8.52686, 5.23059, 3.3045, 3.16074, ... ]
X at t=0.14:
[ 6.71289, 2.16797, 2.10495, 2.60355, 4.28546, 5.43329, -4.95514, -5.08832, -2.0162, 3.44968, 9.50049, 1.90985, -1.08635, 0.490932, -2.72003, -0.135147, 4.80365, 9.36707, 0.775375, 1.00816, 2.0954, -4.15723, 1.94258, 1.98466, 3.54971, 9.43176, -0.111992, -5.2417, 5.159, -1.08917, 0.05023, 2.6398, 8.65881, 5.30707, 3.0614, 2.97748, ... ]
X at t=0.15:
[ 6.75653, 2.27924, 2.07327, 2.70135, 4.40662, 5.12189, -5.30859, -4.57715, -2.32324, 3.18378, 9.61438, 1.54813, -1.15071, 0.614616, -2.60803, -0.167068, 4.81726, 9.39099, 0.493294, 1.03181, 2.10632, -4.0163, 2.0033, 2.19641, 3.74802, 9.32385, -0.854202, -5.08984, 5.20911, -0.726631, 0.152069, 2.70291, 8.79126, 5.35651, 2.80103, 2.81406, ... ]
X at t=0.16:
[ 6.80396, 2.38522, 2.0387, 2.7977, 4.52167, 4.78564, -5.60913, -4.04901, -2.58545, 2.88983, 9.71423, 1.20764, -1.18272, 0.733788, -2.49585, -0.191137, 4.82751, 9.40283, 0.215393, 1.07552, 2.11996, -3.87619, 2.05548, 2.41168, 3.9559, 9.17554, -1.58125, -4.91058, 5.20355, -0.370136, 0.243649, 2.7742, 8.92432, 5.37628, 2.526, 2.67264, ... ]
X at t=0.17:
[ 6.85498, 2.48724, 2.00143, 2.89249, 4.62952, 4.42676, -5.85699, -3.51215, -2.79883, 2.57748, 9.79907, 0.894577, -1.18491, 0.847252, -2.38364, -0.207729, 4.83551, 9.40222, -0.0557942, 1.1387, 2.13574, -3.73743, 2.09976, 2.63004, 4.17175, 8.9834, -2.28793, -4.70697, 5.14819, -0.0242064, 0.325474, 2.85226, 9.0575, 5.36395, 2.23941, 2.55469, ... ]
X at t=0.18:
[ 6.90912, 2.58676, 1.96159, 2.98553, 4.729, 4.04785, -6.05341, -2.97522, -2.96173, 2.25613, 9.86865, 0.613808, -1.16028, 0.954414, -2.2717, -0.217262, 4.84216, 9.38953, -0.317924, 1.22052, 2.15332, -3.60056, 2.13672, 2.8511, 4.39386, 8.74451, -2.96896, -4.48206, 5.04993, 0.3074, 0.398739, 2.93588, 9.19031, 5.31738, 1.94485, 2.46124, ... ]
X at t=0.19:
[ 6.96539, 2.68527, 1.91924, 3.07675, 4.81915, 3.65186, -6.2005, -2.44675, -3.07449, 1.93422, 9.92334, 0.368965, -1.11234, 1.05515, -2.16031, -0.220169, 4.84827, 9.36487, -0.568886, 1.3199, 2.17255, -3.46613, 2.16696, 3.07452, 4.61987, 8.45618, -3.61914, -4.2392, 4.91608, 0.621788, 0.465122, 3.02411, 9.32214, 5.23499, 1.64626, 2.39249, ... ]
X at t=0.2:
[ 7.02283, 2.78427, 1.87436, 3.16583, 4.89893, 3.2417, -6.30115, -1.93469, -3.13928, 1.61903, 9.96375, 0.16235, -1.04474, 1.1497, -2.04977, -0.216892, 4.85468, 9.32849, -0.806839, 1.43549, 2.19342, -3.33459, 2.19104, 3.29993, 4.84723, 8.11633, -4.23315, -3.98248, 4.75464, 0.917007, 0.526596, 3.11615, 9.45203, 5.11548, 1.34784, 2.34811, ... ]
X at t=0.21:
[ 7.07996, 2.8851, 1.82695, 3.25262, 4.96747, 2.8205, -6.35876, -1.44611, -3.15952, 1.31653, 9.99133, -0.00493979, -0.961342, 1.23857, -1.94038, -0.207863, 4.86206, 9.28113, -1.03021, 1.5658, 2.21619, -3.20645, 2.20953, 3.52695, 5.07294, 7.72321, -4.80609, -3.71667, 4.57336, 1.19205, 0.585236, 3.21155, 9.57874, 4.95819, 1.05397, 2.32697, ... ]
X at t=0.22:
[ 7.13544, 2.98895, 1.77695, 3.33679, 5.02399, 2.39145, -6.37708, -0.987061, -3.13968, 1.03123, 10.0076, -0.132898, -0.865906, 1.32237, -1.83238, -0.193491, 4.87097, 9.22314, -1.23773, 1.70917, 2.24106, -3.08206, 2.22299, 3.75513, 5.29352, 7.27631, -5.33319, -3.44739, 4.3797, 1.44675, 0.643082, 3.31003, 9.70081, 4.763, 0.769119, 2.32739, ... ]
X at t=0.23:
[ 7.18781, 3.09686, 1.7243, 3.41812, 5.06781, 1.95766, -6.36005, -0.562302, -3.08472, 0.766365, 10.0138, -0.222443, -0.762131, 1.40178, -1.72601, -0.17417, 4.88202, 9.15515, -1.42842, 1.86385, 2.26843, -2.96188, 2.23193, 3.98407, 5.50525, 6.77576, -5.81012, -3.18103, 4.18042, 1.68173, 0.702011, 3.4115, 9.81689, 4.53021, 0.497635, 2.34705, ... ]
X at t=0.24:
[ 7.2356, 3.20956, 1.66896, 3.49631, 5.09845, 1.52222, -6.31158, -0.175373, -2.99988, 0.523911, 10.0116, -0.275234, -0.653465, 1.47746, -1.62143, -0.150265, 4.89557, 9.07776, -1.60162, 2.02802, 2.29865, -2.84625, 2.23688, 4.2132, 5.70404, 6.22302, -6.23297, -2.92459, 3.98117, 1.89827, 0.763687, 3.51605, 9.92505, 4.26068, 0.243729, 2.38321, ... ]
X at t=0.25:
[ 7.27759, 3.32761, 1.61089, 3.57117, 5.11548, 1.08806, -6.2356, 0.171486, -2.89041, 0.304871, 10.0026, -0.293514, -0.543091, 1.55002, -1.51874, -0.12212, 4.91205, 8.9917, -1.75694, 2.19983, 2.33209, -2.73547, 2.23837, 4.44214, 5.88556, 5.62067, -6.59839, -2.68555, 3.78641, 2.09808, 0.829506, 3.62387, 10.0237, 3.95599, 0.0113366, 2.43274, ... ]
X at t=0.26:
[ 7.31268, 3.45129, 1.55008, 3.64243, 5.11871, 0.658028, -6.13562, 0.477184, -2.76123, 0.109447, 9.98779, -0.279945, -0.433884, 1.61992, -1.41801, -0.0900469, 4.93176, 8.89758, -1.89424, 2.37741, 2.36905, -2.62982, 2.23682, 4.6701, 6.04535, 4.97253, -6.90369, -2.47125, 3.59906, 2.2832, 0.900627, 3.73517, 10.1106, 3.61813, -0.195971, 2.49234, ... ]
X at t=0.27:
[ 7.3399, 3.58072, 1.48656, 3.70996, 5.10815, 0.234716, -6.01501, 0.741676, -2.61703, -0.0627594, 9.96851, -0.237471, -0.328346, 1.68761, -1.31923, -0.0543365, 4.9549, 8.79602, -2.01367, 2.55902, 2.40979, -2.5296, 2.23273, 4.89661, 6.17865, 4.28381, -7.14667, -2.2887, 3.42056, 2.45587, 0.977997, 3.85025, 10.1837, 3.24966, -0.375053, 2.55869, ... ]
X at t=0.28:
[ 7.35858, 3.71573, 1.42043, 3.77362, 5.08374, -0.17943, -5.87677, 0.965843, -2.46191, -0.212568, 9.9458, -0.169207, -0.228647, 1.75336, -1.22235, -0.0152521, 4.98169, 8.68762, -2.1156, 2.74289, 2.4545, -2.43503, 2.2265, 5.12079, 6.28113, 3.56097, -7.32574, -2.14392, 3.25085, 2.61832, 1.06241, 3.96939, 10.2411, 2.85364, -0.523247, 2.62854, ... ]
X at t=0.29:
[ 7.3681, 3.85605, 1.35179, 3.83334, 5.04584, -0.582199, -5.72357, 1.15128, -2.2995, -0.341057, 9.92017, -0.0783596, -0.136593, 1.81741, -1.12726, 0.0269682, 5.01227, 8.57312, -2.20059, 2.92737, 2.5032, -2.34631, 2.21848, 5.34204, 6.34833, 2.81177, -7.43994, -2.04169, 3.0885, 2.77267, 1.1546, 4.0929, 10.2804, 2.43362, -0.638443, 2.69897, ... ]
X at t=0.3:
[ 7.36823, 4.00116, 1.28085, 3.88913, 4.99469, -0.971619, -5.55768, 1.30022, -2.13293, -0.449451, 9.89233, 0.0318565, -0.0536504, 1.87993, -1.0338, 0.0721111, 5.04675, 8.45312, -2.26935, 3.11099, 2.55588, -2.26367, 2.20901, 5.55951, 6.37628, 2.04495, -7.48871, -1.98494, 2.93109, 2.9209, 1.25525, 4.22095, 10.2994, 1.99355, -0.71907, 2.76752, ... ]
X at t=0.31:
[ 7.35864, 4.15051, 1.20786, 3.94104, 4.93091, -1.34592, -5.38123, 1.41531, -1.9648, -0.539024, 9.86304, 0.158262, 0.0190463, 1.94099, -0.941788, 0.119989, 5.08502, 8.328, -2.32278, 3.29239, 2.61237, -2.18723, 2.19839, 5.77228, 6.36151, 1.27023, -7.47229, -1.97467, 2.77551, 3.0647, 1.36511, 4.35376, 10.296, 1.53763, -0.764145, 2.83224, ... ]
X at t=0.32:
[ 7.33948, 4.30341, 1.1331, 3.9892, 4.85498, -1.70358, -5.19598, 1.49956, -1.79721, -0.611046, 9.8324, 0.29776, 0.0806646, 2.0007, -0.850967, 0.170441, 5.12726, 8.19824, -2.36185, 3.47031, 2.67245, -2.11713, 2.18689, 5.97961, 6.30109, 0.497963, -7.39148, -2.00961, 2.61829, 3.20538, 1.48499, 4.49133, 10.2678, 1.07045, -0.773293, 2.89188, ... ]
X at t=0.33:
[ 7.31079, 4.45905, 1.05696, 4.03381, 4.7677, -2.04333, -5.00348, 1.55614, -1.63184, -0.666718, 9.80078, 0.447353, 0.130655, 2.05914, -0.761078, 0.223326, 5.17334, 8.06445, -2.3876, 3.64368, 2.73578, -2.0535, 2.17468, 6.1806, 6.19293, -0.261189, -7.24792, -2.08643, 2.45618, 3.34381, 1.61581, 4.63367, 10.2126, 0.59668, -0.74678, 2.94592, ... ]
X at t=0.34:
[ 7.27301, 4.61652, 0.979874, 4.07513, 4.6698, -2.36417, -4.80511, 1.58836, -1.46996, -0.707153, 9.76868, 0.604179, 0.16873, 2.11639, -0.671822, 0.278538, 5.22321, 7.92694, -2.40118, 3.81161, 2.80194, -1.99646, 2.16196, 6.37439, 6.03583, -0.996544, -7.04431, -2.19971, 2.28638, 3.48044, 1.75867, 4.78058, 10.1284, 0.12114, -0.685486, 2.9946, ... ]
X at t=0.35:
[ 7.22638, 4.77502, 0.902283, 4.11346, 4.56207, -2.66522, -4.60205, 1.59955, -1.31252, -0.733398, 9.73621, 0.765511, 0.19483, 2.17255, -0.582886, 0.335987, 5.27673, 7.78613, -2.40375, 3.97336, 2.87042, -1.94604, 2.14883, 6.56018, 5.82959, -1.6978, -6.78436, -2.34238, 2.10693, 3.61508, 1.91466, 4.93176, 10.0128, -0.351406, -0.590988, 3.03879, ... ]
X at t=0.36:
[ 7.17157, 4.93359, 0.824722, 4.14917, 4.44531, -2.94592, -4.39551, 1.59294, -1.16011, -0.746368, 9.70361, 0.928787, 0.209114, 2.22772, -0.493919, 0.395611, 5.33386, 7.64221, -2.39645, 4.1283, 2.9407, -1.90228, 2.13541, 6.73712, 5.57501, -2.35544, -6.47302, -2.50623, 1.91693, 3.74722, 2.08499, 5.08673, 9.86389, -0.816269, -0.465519, 3.08011, ... ]
X at t=0.37:
[ 7.10913, 5.09149, 0.747749, 4.18256, 4.3205, -3.20587, -4.1864, 1.57172, -1.01314, -0.746918, 9.67102, 1.09158, 0.21192, 2.2821, -0.404579, 0.457382, 5.39435, 7.49548, -2.38046, 4.276, 3.01221, -1.8652, 2.1217, 6.90454, 5.27374, -2.96103, -6.11646, -2.68234, 1.71657, 3.87576, 2.2709, 5.24481, 9.67969, -1.26897, -0.312023, 3.12067, ... ]
X at t=0.38:
[ 7.03973, 5.2478, 0.671951, 4.21411, 4.18848, -3.44495, -3.97586, 1.53888, -0.871758, -0.735786, 9.63879, 1.25169, 0.203753, 2.33582, -0.314507, 0.521278, 5.45819, 7.34619, -2.35687, 4.41614, 3.08432, -1.83475, 2.10776, 7.06177, 4.92871, -3.50754, -5.72217, -2.86188, 1.50714, 3.99924, 2.47342, 5.40509, 9.45837, -1.70532, -0.134138, 3.16309, ... ]
X at t=0.39:
[ 6.96423, 5.40179, 0.597939, 4.2442, 4.05005, -3.66309, -3.76468, 1.49722, -0.735954, -0.713638, 9.60706, 1.40701, 0.185259, 2.38907, -0.223335, 0.587318, 5.52502, 7.1944, -2.32678, 4.54852, 3.15643, -1.81087, 2.0936, 7.20825, 4.54346, -3.98953, -5.29846, -3.03635, 1.29086, 4.11597, 2.69345, 5.56628, 9.19836, -2.12149, 0.0638247, 3.21008, ... ]
X at t=0.4:
[ 6.88336, 5.55273, 0.526329, 4.27319, 3.90607, -3.8605, -3.55383, 1.44937, -0.605606, -0.681068, 9.57617, 1.55566, 0.157202, 2.44205, -0.130707, 0.65554, 5.59473, 7.04028, -2.2912, 4.67303, 3.22794, -1.79347, 2.07913, 7.34351, 4.12244, -4.40326, -4.85449, -3.19846, 1.07066, 4.22424, 2.93164, 5.72693, 8.89795, -2.51413, 0.27692, 3.2645, ... ]
X at t=0.41:
[ 6.79797, 5.70007, 0.457745, 4.30151, 3.75726, -4.03748, -3.34421, 1.39764, -0.48048, -0.638618, 9.54614, 1.69591, 0.120452, 2.495, -0.0362635, 0.72599, 5.66705, 6.88391, -2.25104, 4.78973, 3.29819, -1.78241, 2.06436, 7.46729, 3.67072, -4.74677, -4.39984, -3.3421, 0.849831, 4.3222, 3.18823, 5.88507, 8.55627, -2.88022, 0.49963, 3.32907, ... ]
X at t=0.42:
[ 6.70898, 5.8432, 0.392769, 4.32947, 3.60443, -4.19446, -3.13669, 1.34416, -0.36026, -0.586754, 9.51746, 1.82617, 0.0759563, 2.54803, 0.0603499, 0.798744, 5.74176, 6.72516, -2.20721, 4.89874, 3.36667, -1.77754, 2.04919, 7.57928, 3.19373, -5.01965, -3.94385, -3.46289, 0.631783, 4.40826, 3.46301, 6.03839, 8.17236, -3.21738, 0.725983, 3.40613, ... ]
X at t=0.43:
[ 6.61719, 5.98175, 0.331993, 4.35742, 3.44818, -4.33197, -2.93216, 1.2908, -0.2446, -0.525909, 9.49023, 1.9451, 0.0247283, 2.60138, 0.159475, 0.873901, 5.8186, 6.56415, -2.16055, 5.00012, 3.43277, -1.77867, 2.0336, 7.67944, 2.69724, -5.22302, -3.49554, -3.55795, 0.419773, 4.48114, 3.75534, 6.18402, 7.74603, -3.52362, 0.949669, 3.49759, ... ]
X at t=0.44:
[ 6.52344, 6.11536, 0.275955, 4.38556, 3.28918, -4.45074, -2.73141, 1.23914, -0.13312, -0.456474, 9.46472, 2.05139, -0.0321698, 2.65515, 0.261448, 0.951569, 5.89722, 6.40076, -2.11169, 5.09412, 3.49603, -1.78557, 2.01743, 7.76776, 2.18719, -5.35895, -3.06305, -3.62604, 0.216648, 4.53979, 4.06403, 6.31879, 7.2774, -3.79739, 1.16422, 3.60468, ... ]
X at t=0.45:
[ 6.42871, 6.24377, 0.225153, 4.41418, 3.12799, -4.55139, -2.53531, 1.19057, -0.0254285, -0.378792, 9.44104, 2.14404, -0.0936451, 2.70947, 0.366592, 1.03186, 5.97736, 6.2348, -2.06131, 5.18097, 3.55594, -1.79799, 2.00067, 7.84442, 1.66946, -5.43079, -2.65332, -3.66724, 0.0247567, 4.5835, 4.38745, 6.43884, 6.7674, -4.03754, 1.36319, 3.72791, ... ]
X at t=0.46:
[ 6.33374, 6.36682, 0.180023, 4.4433, 2.96509, -4.63477, -2.3446, 1.14616, 0.078866, -0.293194, 9.41956, 2.22208, -0.158585, 2.76431, 0.475208, 1.11494, 6.05865, 6.06622, -2.00995, 5.26105, 3.61206, -1.81569, 1.98318, 7.90973, 1.14977, -5.4422, -2.27194, -3.68277, -0.15415, 4.61206, 4.72351, 6.54016, 6.21777, -4.24341, 1.54039, 3.86697, ... ]
X at t=0.47:
[ 6.23932, 6.48438, 0.140947, 4.47308, 2.80096, -4.70154, -2.16003, 1.10687, 0.180143, -0.199976, 9.40015, 2.28473, -0.225872, 2.8197, 0.587585, 1.20093, 6.14075, 5.89478, -1.95804, 5.33453, 3.664, -1.83838, 1.9649, 7.96399, 0.633583, -5.39752, -1.92299, -3.67465, -0.318913, 4.62543, 5.06958, 6.61816, 5.63116, -4.41431, 1.69009, 4.02069, ... ]
X at t=0.48:
[ 6.14624, 6.59644, 0.108234, 4.50342, 2.63599, -4.75256, -1.98232, 1.07333, 0.27877, -0.0994053, 9.38306, 2.33133, -0.294392, 2.87555, 0.704002, 1.29001, 6.22321, 5.72028, -1.90594, 5.40179, 3.71143, -1.86575, 1.94576, 8.00769, 0.12606, -5.30103, -1.60901, -3.64551, -0.468918, 4.6239, 5.42285, 6.66815, 5.01123, -4.55005, 1.80724, 4.18726, ... ]
X at t=0.49:
[ 6.05524, 6.70306, 0.0821152, 4.53436, 2.47055, -4.7887, -1.81206, 1.04605, 0.375099, 0.00826168, 9.36841, 2.36136, -0.363049, 2.9317, 0.824707, 1.38232, 6.30554, 5.54248, -1.85397, 5.4632, 3.75403, -1.89751, 1.92564, 8.0415, -0.368034, -5.15723, -1.33107, -3.59824, -0.603996, 4.60809, 5.78009, 6.68518, 4.36273, -4.65051, 1.88773, 4.36401, ... ]
X at t=0.5:
[ 5.96692, 6.80432, 0.0627441, 4.56573, 2.30496, -4.81067, -1.64983, 1.02534, 0.46946, 0.122788, 9.35608, 2.37439, -0.430767, 2.98798, 0.949921, 1.47806, 6.38733, 5.36121, -1.80231, 5.51898, 3.7915, -1.9333, 1.9045, 8.06604, -0.844353, -4.97034, -1.08891, -3.53574, -0.724365, 4.57874, 6.13788, 6.66449, 3.69153, -4.7157, 1.92857, 4.54773, ... ]
X at t=0.51:
[ 5.88196, 6.90039, 0.0501876, 4.59735, 2.13953, -4.81927, -1.49609, 1.01134, 0.562164, 0.243954, 9.34595, 2.37021, -0.496498, 3.04413, 1.07983, 1.57741, 6.46802, 5.17615, -1.75107, 5.56946, 3.82367, -1.97281, 1.88225, 8.08191, -1.29898, -4.74457, -0.881088, -3.46091, -0.83049, 4.53668, 6.4928, 6.60156, 3.00473, -4.74597, 1.92807, 4.7348, ... ]
X at t=0.52:
[ 5.80096, 6.99139, 0.0444288, 4.62891, 1.97453, -4.81525, -1.35129, 1.00407, 0.653511, 0.371552, 9.33789, 2.34854, -0.559235, 3.09982, 1.21463, 1.68053, 6.547, 4.987, -1.7003, 5.61505, 3.85028, -2.01569, 1.85881, 8.09009, -1.72845, -4.48389, -0.705193, -3.37631, -0.923004, 4.48303, 6.84119, 6.49231, 2.31042, -4.74188, 1.88594, 4.92133, ... ]
X at t=0.53:
[ 5.72443, 7.07758, 0.0453634, 4.66022, 1.81021, -4.79932, -1.2157, 1.0034, 0.743782, 0.505379, 9.33167, 2.30939, -0.618004, 3.15469, 1.35445, 1.7876, 6.62366, 4.79358, -1.64999, 5.65594, 3.87119, -2.06161, 1.83412, 8.09106, -2.12973, -4.19208, -0.558044, -3.2843, -1.00262, 4.41882, 7.17969, 6.3335, 1.61763, -4.70441, 1.80338, 5.10333, ... ]
X at t=0.54:
[ 5.65277, 7.15912, 0.0528002, 4.6908, 1.64685, -4.77222, -1.08958, 1.00914, 0.833267, 0.645271, 9.3269, 2.25272, -0.671875, 3.2084, 1.49936, 1.8988, 6.69727, 4.59564, -1.60004, 5.69244, 3.88623, -2.11026, 1.80811, 8.08594, -2.50024, -3.87283, -0.435921, -3.18683, -1.07011, 4.34521, 7.50488, 6.1228, 0.936028, -4.63495, 1.68301, 5.2771, ... ]
X at t=0.55:
[ 5.58649, 7.23627, 0.0664635, 4.72046, 1.4847, -4.7345, -0.973076, 1.02095, 0.922226, 0.791039, 9.32324, 2.17868, -0.719948, 3.26053, 1.64943, 2.01428, 6.76703, 4.39294, -1.55028, 5.72485, 3.89532, -2.16122, 1.78069, 8.07556, -2.8378, -3.52966, -0.334755, -3.08548, -1.12621, 4.26349, 7.81372, 5.85919, 0.275688, -4.53564, 1.52882, 5.43909, ... ]
X at t=0.56:
[ 5.52594, 7.3092, 0.0859928, 4.74866, 1.32399, -4.68677, -0.866219, 1.0385, 1.01093, 0.942528, 9.32019, 2.08749, -0.761383, 3.31067, 1.80466, 2.13422, 6.83215, 4.1853, -1.50052, 5.75348, 3.89835, -2.2142, 1.75177, 8.06067, -3.14066, -3.16605, -0.250328, -2.9816, -1.17157, 4.17487, 8.10339, 5.54279, -0.353298, -4.40918, 1.34592, 5.58636, ... ]
X at t=0.57:
[ 5.4715, 7.37811, 0.11095, 4.77502, 1.16502, -4.62964, -0.768959, 1.06133, 1.09966, 1.09958, 9.31689, 1.97945, -0.795357, 3.35849, 1.96504, 2.25873, 6.89166, 3.97256, -1.45047, 5.7785, 3.8952, -2.26883, 1.72128, 8.04224, -3.40741, -2.78543, -0.178438, -2.87616, -1.20685, 4.08069, 8.37146, 5.17523, -0.941185, -4.25903, 1.14021, 5.71643, ... ]
X at t=0.58:
[ 5.42334, 7.4433, 0.14082, 4.79919, 1.00806, -4.56354, -0.681175, 1.089, 1.18869, 1.26205, 9.31287, 1.85495, -0.821114, 3.40363, 2.13046, 2.38794, 6.94464, 3.75458, -1.39984, 5.80023, 3.88583, -2.3248, 1.68913, 8.02087, -3.63712, -2.39124, -0.115052, -2.76993, -1.2326, 3.98224, 8.61621, 4.7597, -1.47896, -4.08954, 0.918198, 5.82751, ... ]
X at t=0.59:
[ 5.38177, 7.50482, 0.175016, 4.8208, 0.853416, -4.48901, -0.602638, 1.12102, 1.27831, 1.42981, 9.30725, 1.71451, -0.837936, 3.4458, 2.30081, 2.52188, 6.98999, 3.53137, -1.3483, 5.81891, 3.87018, -2.38171, 1.6552, 7.99774, -3.8291, -1.98691, -0.0564218, -2.6636, -1.24934, 3.8808, 8.83606, 4.30066, -1.95869, -3.90533, 0.686424, 5.9184, ... ]
X at t=0.6:
[ 5.34705, 7.56293, 0.212887, 4.83942, 0.701416, -4.40643, -0.533035, 1.15691, 1.36879, 1.60271, 9.29895, 1.55875, -0.845131, 3.48483, 2.47592, 2.66058, 7.02655, 3.30295, -1.29546, 5.83478, 3.84814, -2.43933, 1.61937, 7.97333, -3.98306, -1.57584, 0.00080514, -2.55765, -1.25751, 3.77771, 9.03003, 3.80383, -2.37378, -3.71161, 0.451256, 5.98846, ... ]
X at t=0.61:
[ 5.31934, 7.61768, 0.253723, 4.85468, 0.552406, -4.31635, -0.471977, 1.19615, 1.46045, 1.78061, 9.28699, 1.38834, -0.842087, 3.5206, 2.65555, 2.80402, 7.05304, 3.06943, -1.24098, 5.84821, 3.8197, -2.49728, 1.58151, 7.94849, -4.099, -1.16141, 0.059514, -2.45261, -1.25754, 3.67422, 9.19775, 3.27603, -2.71915, -3.5137, 0.218458, 6.03772, ... ]
X at t=0.62:
[ 5.29871, 7.66919, 0.296761, 4.86633, 0.406761, -4.21912, -0.419003, 1.23828, 1.55357, 1.96338, 9.27014, 1.20412, -0.828224, 3.5531, 2.83945, 2.95206, 7.06824, 2.83105, -1.18448, 5.85931, 3.78479, -2.55524, 1.54147, 7.92389, -4.17725, -0.746964, 0.122066, -2.34888, -1.2498, 3.57159, 9.33936, 2.72485, -2.99139, -3.31671, -0.00699067, 6.06647, ... ]
X at t=0.63:
[ 5.2854, 7.71747, 0.341194, 4.87421, 0.264881, -4.11511, -0.373577, 1.28285, 1.64848, 2.15085, 9.24744, 1.007, -0.803047, 3.58252, 3.02731, 3.10452, 7.07068, 2.58817, -1.12563, 5.86847, 3.74338, -2.61292, 1.4991, 7.90021, -4.21838, -0.335724, 0.190264, -2.24701, -1.23473, 3.47101, 9.4552, 2.15842, -3.18872, -3.12537, -0.221083, 6.07538, ... ]
X at t=0.64:
[ 5.27942, 7.76263, 0.386181, 4.87799, 0.127186, -4.00476, -0.335106, 1.32942, 1.74548, 2.3429, 9.21716, 0.798019, -0.766129, 3.60913, 3.21878, 3.26105, 7.05908, 2.34125, -1.0641, 5.87604, 3.69534, -2.67001, 1.45419, 7.87793, -4.22308, 0.0692129, 0.265339, -2.14755, -1.21269, 3.37357, 9.54614, 1.5851, -3.31088, -2.94363, -0.420815, 6.06549, ... ]
X at t=0.65:
[ 5.28082, 7.80457, 0.430855, 4.87762, -0.00589371, -3.88843, -0.302948, 1.37761, 1.84488, 2.53928, 9.17822, 0.578308, -0.71714, 3.63342, 3.41351, 3.4212, 7.0318, 2.09094, -0.999672, 5.88226, 3.64072, -2.72623, 1.40659, 7.8576, -4.1925, 0.464935, 0.347958, -2.05109, -1.18411, 3.28024, 9.6134, 1.01324, -3.35907, -2.77451, -0.604149, 6.03784, ... ]
X at t=0.66:
[ 5.28973, 7.8432, 0.474331, 4.87311, -0.133904, -3.76651, -0.276405, 1.42703, 1.94699, 2.73984, 9.12878, 0.349125, -0.655869, 3.65604, 3.61111, 3.58441, 6.98743, 1.83798, -0.932152, 5.88751, 3.57941, -2.78128, 1.35606, 7.83966, -4.12762, 0.84874, 0.438244, -1.95824, -1.14944, 3.19199, 9.65857, 0.450916, -3.33575, -2.61993, -0.769897, 5.99359, ... ]
X at t=0.67:
[ 5.30615, 7.87842, 0.515717, 4.8645, -0.25639, -3.63943, -0.254761, 1.47739, 2.05212, 2.94431, 9.0675, 0.111817, -0.582237, 3.67783, 3.81119, 3.74985, 6.92444, 1.58334, -0.861458, 5.89215, 3.51138, -2.8349, 1.30241, 7.8244, -4.02991, 1.2182, 0.535805, -1.86966, -1.10913, 3.10959, 9.68298, -0.0943193, -3.24442, -2.48074, -0.917519, 5.93402, ... ]
X at t=0.68:
[ 5.33002, 7.91003, 0.554138, 4.85199, -0.372883, -3.50763, -0.237259, 1.5284, 2.16055, 3.15237, 8.99268, -0.132154, -0.496342, 3.69977, 4.01337, 3.9165, 6.84137, 1.32811, -0.787643, 5.89661, 3.43661, -2.88681, 1.24541, 7.81213, -3.90073, 1.57117, 0.639809, -1.786, -1.06366, 3.03372, 9.6886, -0.61554, -3.08951, -2.35663, -1.04698, 5.86041, ... ]
X at t=0.69:
[ 5.36145, 7.93781, 0.588722, 4.83582, -0.482937, -3.37149, -0.223139, 1.57985, 2.27261, 3.36368, 8.90247, -0.381245, -0.398457, 3.72311, 4.21735, 4.08319, 6.73682, 1.07358, -0.710884, 5.90118, 3.35507, -2.93677, 1.1848, 7.80298, -3.74155, 1.90576, 0.748985, -1.70784, -1.01353, 2.965, 9.677, -1.10663, -2.87616, -2.2464, -1.15854, 5.77411, ... ]
X at t=0.7:
[ 5.40033, 7.96143, 0.618637, 4.81628, -0.586098, -3.23148, -0.211634, 1.63156, 2.38855, 3.57776, 8.79541, -0.633827, -0.289089, 3.74915, 4.42267, 4.24847, 6.6095, 0.821205, -0.6315, 5.90625, 3.26678, -2.98447, 1.12038, 7.797, -3.55392, 2.22043, 0.861763, -1.63571, -0.959259, 2.90378, 9.65015, -1.56232, -2.61008, -2.14795, -1.25259, 5.67651, ... ]
X at t=0.71:
[ 5.44666, 7.98053, 0.643097, 4.79388, -0.681938, -3.08807, -0.201982, 1.6834, 2.50858, 3.79416, 8.6698, -0.888222, -0.169001, 3.77939, 4.62903, 4.41064, 6.45825, 0.572624, -0.549995, 5.91229, 3.17181, -3.02969, 1.05191, 7.79425, -3.33945, 2.51392, 0.97628, -1.57004, -0.901329, 2.85046, 9.6095, -1.97829, -2.29742, -2.05865, -1.32962, 5.56915, ... ]
X at t=0.72:
[ 5.50031, 7.99469, 0.661354, 4.76917, -0.770065, -2.94174, -0.193438, 1.73526, 2.63297, 4.01215, 8.5238, -1.14267, -0.0392294, 3.81546, 4.83612, 4.56757, 6.28223, 0.329628, -0.467003, 5.91956, 3.07019, -3.07211, 0.979179, 7.79456, -3.09976, 2.78522, 1.09048, -1.51106, -0.840248, 2.8053, 9.55701, -2.35117, -1.94467, -1.97554, -1.39005, 5.45361, ... ]
X at t=0.73:
[ 5.56128, 8.00342, 0.672752, 4.7428, -0.850098, -2.79297, -0.18528, 1.78711, 2.76193, 4.23114, 8.35583, -1.39545, 0.0988865, 3.85895, 5.04376, 4.71704, 6.08075, 0.0941229, -0.383339, 5.92841, 2.96204, -3.11151, 0.901985, 7.79773, -2.83646, 3.03363, 1.20224, -1.45889, -0.776505, 2.7684, 9.49414, -2.67853, -1.55847, -1.89548, -1.43427, 5.33154, ... ]
X at t=0.74:
[ 5.62939, 8.00623, 0.676704, 4.71545, -0.921707, -2.64227, -0.176825, 1.83893, 2.89566, 4.45007, 8.16431, -1.64474, 0.243689, 3.91156, 5.25165, 4.85645, 5.85364, -0.131857, -0.299961, 5.93903, 2.84753, -3.14755, 0.82016, 7.80341, -2.55112, 3.25858, 1.3093, -1.41344, -0.710571, 2.73984, 9.42236, -2.95886, -1.1456, -1.81543, -1.46269, 5.20471, ... ]
X at t=0.75:
[ 5.70459, 8.00232, 0.672722, 4.68793, -0.984589, -2.49011, -0.167425, 1.89076, 3.03424, 4.66809, 7.948, -1.88882, 0.393192, 3.97485, 5.45953, 4.98291, 5.60095, -0.346214, -0.217941, 5.95178, 2.72693, -3.17999, 0.733559, 7.81128, -2.24539, 3.45972, 1.40947, -1.37444, -0.642876, 2.7196, 9.3429, -3.19147, -0.712769, -1.73257, -1.47574, 5.07501, ... ]
X at t=0.76:
[ 5.78668, 7.99115, 0.660423, 4.66107, -1.03848, -2.33701, -0.156485, 1.94264, 3.17786, 4.88391, 7.70538, -2.12592, 0.54509, 4.05029, 5.66724, 5.09326, 5.3233, -0.546822, -0.138426, 5.96667, 2.60052, -3.20844, 0.642097, 7.82074, -1.92085, 3.63681, 1.50069, -1.34142, -0.57386, 2.70761, 9.2572, -3.37656, -0.266552, -1.6445, -1.47392, 4.94446, ... ]
X at t=0.77:
[ 5.87549, 7.97192, 0.639549, 4.63574, -1.08318, -2.18347, -0.143463, 1.99467, 3.32654, 5.09619, 7.43549, -2.3544, 0.696777, 4.13916, 5.87451, 5.1842, 5.02197, -0.731598, -0.062602, 5.9837, 2.46869, -3.23264, 0.545738, 7.83118, -1.57909, 3.78973, 1.58099, -1.31375, -0.503914, 2.70377, 9.16638, -3.51501, 0.186728, -1.54927, -1.4579, 4.81482, ... ]
X at t=0.78:
[ 5.97076, 7.94379, 0.609947, 4.61279, -1.1185, -2.02997, -0.127874, 2.04697, 3.48035, 5.30341, 7.13739, -2.57254, 0.845367, 4.24243, 6.08112, 5.25208, 4.69861, -0.898537, 0.00837958, 6.00293, 2.33194, -3.25217, 0.444508, 7.84192, -1.22173, 3.9184, 1.64864, -1.29062, -0.433407, 2.70786, 9.07141, -3.60834, 0.641113, -1.44547, -1.42848, 4.68811, ... ]
X at t=0.79:
[ 6.07227, 7.90582, 0.571625, 4.5932, -1.14432, -1.87698, -0.109294, 2.0997, 3.63928, 5.50385, 6.81055, -2.77878, 0.987755, 4.36078, 6.28668, 5.2934, 4.35571, -1.04582, 0.0734606, 6.02417, 2.1908, -3.26669, 0.338509, 7.85211, -0.850372, 4.02264, 1.70218, -1.27109, -0.362701, 2.7197, 8.97327, -3.6586, 1.09113, -1.33221, -1.3867, 4.5661, ... ]
X at t=0.8:
[ 6.17969, 7.85718, 0.524719, 4.57776, -1.16052, -1.72496, -0.0873594, 2.15298, 3.80325, 5.69556, 6.45465, -2.97159, 1.12065, 4.49432, 6.49072, 5.30438, 3.99637, -1.17188, 0.13175, 6.04712, 2.0459, -3.27582, 0.22794, 7.8609, -0.466713, 4.10248, 1.74042, -1.25412, -0.29213, 2.73904, 8.87292, -3.66833, 1.53181, -1.20921, -1.33377, 4.45038, ... ]
X at t=0.81:
[ 6.29266, 7.79688, 0.469517, 4.56726, -1.16705, -1.57434, -0.0617723, 2.20703, 3.97217, 5.8764, 6.06982, -3.14944, 1.24072, 4.64276, 6.69269, 5.28149, 3.62424, -1.27547, 0.182585, 6.07159, 1.89801, -3.27917, 0.113084, 7.86737, -0.0724745, 4.15765, 1.76254, -1.2386, -0.22201, 2.76566, 8.77112, -3.64047, 1.95886, -1.07664, -1.2711, 4.34253, ... ]
X at t=0.82:
[ 6.41077, 7.72382, 0.406445, 4.56244, -1.16388, -1.42557, -0.0322967, 2.26205, 4.14587, 6.04407, 5.65649, -3.31088, 1.34462, 4.8053, 6.89178, 5.22131, 3.24374, -1.35577, 0.225597, 6.09717, 1.74786, -3.27631, -0.00566643, 7.87048, 0.330532, 4.18811, 1.76811, -1.22336, -0.152634, 2.79919, 8.6687, -3.57816, 2.36853, -0.935135, -1.20021, 4.24359, ... ]
X at t=0.83:
[ 6.53351, 7.63702, 0.336082, 4.56396, -1.15096, -1.27901, 0.00124292, 2.31827, 4.32404, 6.19611, 5.2157, -3.45441, 1.42915, 4.98047, 7.0871, 5.12085, 2.85983, -1.41243, 0.260746, 6.12354, 1.5963, -3.26685, -0.127811, 7.8692, 0.740402, 4.19348, 1.75708, -1.20726, -0.0842705, 2.83936, 8.56628, -3.48471, 2.75787, -0.78569, -1.12271, 4.15454, ... ]
X at t=0.84:
[ 6.66028, 7.53534, 0.259155, 4.57227, -1.12828, -1.13507, 0.0389628, 2.37592, 4.50647, 6.32983, 4.74884, -3.57855, 1.49136, 5.16626, 7.27734, 4.9776, 2.47794, -1.44566, 0.288353, 6.15027, 1.4442, -3.25043, -0.252743, 7.86249, 1.15514, 4.17365, 1.72981, -1.18918, -0.017154, 2.88583, 8.46448, -3.36359, 3.12448, -0.629616, -1.04024, 4.07611, ... ]
X at t=0.85:
[ 6.79053, 7.41779, 0.176523, 4.58771, -1.09589, -0.994133, 0.0809221, 2.43524, 4.69275, 6.44244, 4.25793, -3.68188, 1.52869, 5.35999, 7.46124, 4.78955, 2.10385, -1.45628, 0.309078, 6.17706, 1.29242, -3.22668, -0.379745, 7.84937, 1.57263, 4.12823, 1.68713, -1.16814, 0.0485201, 2.9382, 8.36401, -3.21817, 3.46671, -0.468452, -0.954407, 4.00867, ... ]
X at t=0.86:
[ 6.92334, 7.28333, 0.0891733, 4.61047, -1.05379, -0.856537, 0.127129, 2.49652, 4.88226, 6.53107, 3.74557, -3.76288, 1.53906, 5.55859, 7.63715, 4.55566, 1.74368, -1.44563, 0.323914, 6.20361, 1.14182, -3.19528, -0.508003, 7.82874, 1.99063, 4.05719, 1.63026, -1.1432, 0.112607, 2.99619, 8.26538, -3.05191, 3.78339, -0.303867, -0.866714, 3.9523, ... ]
X at t=0.87:
[ 7.05798, 7.1308, -0.00178206, 4.64056, -1.00203, -0.722626, 0.177536, 2.56, 5.07465, 6.59277, 3.21494, -3.8201, 1.52112, 5.75848, 7.80328, 4.27582, 1.40346, -1.41568, 0.334103, 6.22968, 0.99321, -3.15594, -0.636604, 7.7998, 2.40683, 3.96033, 1.56085, -1.11366, 0.175018, 3.05936, 8.16919, -2.86807, 4.07397, -0.137613, -0.778534, 3.90695, ... ]
X at t=0.88:
[ 7.19336, 6.95941, -0.09513, 4.67786, -0.940681, -0.592751, 0.232059, 2.62598, 5.26904, 6.62469, 2.6698, -3.85214, 1.47424, 5.95569, 7.9577, 3.95099, 1.08917, -1.36884, 0.34108, 6.25507, 0.847351, -3.10849, -0.764557, 7.76166, 2.81879, 3.83774, 1.48093, -1.07895, 0.235733, 3.12738, 8.07593, -2.6698, 4.33844, 0.0285604, -0.691055, 3.87231, ... ]
X at t=0.89:
[ 7.32849, 6.76825, -0.189566, 4.72192, -0.869812, -0.467243, 0.290562, 2.69479, 5.46472, 6.62402, 2.11459, -3.85767, 1.39873, 6.14618, 8.09839, 3.58322, 0.806496, -1.30791, 0.346367, 6.27966, 0.704926, -3.0527, -0.890816, 7.71375, 3.22406, 3.68964, 1.39291, -1.0387, 0.294804, 3.19986, 7.98615, -2.46002, 4.57709, 0.192957, -0.605278, 3.84796, ... ]
X at t=0.9:
[ 7.46198, 6.55646, -0.283707, 4.77216, -0.789558, -0.346428, 0.352871, 2.76666, 5.66077, 6.58795, 1.55423, -3.83566, 1.29579, 6.32593, 8.22363, 3.17575, 0.560555, -1.23592, 0.351479, 6.30341, 0.566536, -2.98849, -1.01428, 7.65546, 3.62012, 3.51657, 1.29945, -0.992737, 0.352352, 3.27646, 7.90015, -2.24149, 4.79059, 0.353977, -0.521988, 3.83334, ... ]
X at t=0.91:
[ 7.59247, 6.32355, -0.376122, 4.82788, -0.700073, -0.230637, 0.418789, 2.84195, 5.85614, 6.51422, 0.994148, -3.78528, 1.16765, 6.49097, 8.33118, 2.73312, 0.355816, -1.15585, 0.357834, 6.32623, 0.432686, -2.91583, -1.13387, 7.58649, 4.00452, 3.31946, 1.20349, -0.941124, 0.408581, 3.3569, 7.8183, -2.01675, 4.97992, 0.51017, -0.441772, 3.82785, ... ]
X at t=0.92:
[ 7.71844, 6.06891, -0.465336, 4.88812, -0.601593, -0.120189, 0.488075, 2.9209, 6.04968, 6.40063, 0.440212, -3.70624, 1.0175, 6.638, 8.41968, 2.26083, 0.195906, -1.07059, 0.366684, 6.34827, 0.303802, -2.83475, -1.24843, 7.50677, 4.37494, 3.09946, 1.10808, -0.884079, 0.463745, 3.44083, 7.74103, -1.78812, 5.14618, 0.66024, -0.365005, 3.83075, ... ]
X at t=0.93:
[ 7.83813, 5.79242, -0.549858, 4.95178, -0.494411, -0.0153955, 0.560471, 3.00385, 6.24005, 6.24561, -0.101471, -3.59872, 0.84938, 6.76416, 8.48743, 1.7654, 0.083499, -0.982605, 0.37907, 6.36938, 0.180237, -2.74536, -1.35692, 7.41638, 4.72913, 2.85818, 1.01637, -0.822006, 0.518173, 3.52798, 7.66858, -1.55763, 5.29065, 0.803101, -0.291878, 3.84137, ... ]
X at t=0.94:
[ 7.94965, 5.49396, -0.628227, 5.01776, -0.378918, 0.0834446, 0.635689, 3.09103, 6.4259, 6.04791, -0.624664, -3.46375, 0.668053, 6.86749, 8.53357, 1.25398, 0.0202329, -0.893791, 0.395802, 6.38971, 0.0622649, -2.64777, -1.45828, 7.31573, 5.06494, 2.59769, 0.93145, -0.755394, 0.572212, 3.61819, 7.60126, -1.32719, 5.41473, 0.937851, -0.222433, 3.85904, ... ]
X at t=0.95:
[ 8.0509, 5.17377, -0.698975, 5.08478, -0.255592, 0.176056, 0.713448, 3.18274, 6.60559, 5.80701, -1.12317, -3.30298, 0.478825, 6.9469, 8.55713, 0.734283, 0.00666058, -0.805351, 0.417454, 6.40918, -0.0498962, -2.54227, -1.55156, 7.20538, 5.38068, 2.32037, 0.856316, -0.68483, 0.626266, 3.71121, 7.53918, -1.0985, 5.51971, 1.06378, -0.156555, 3.88312, ... ]
X at t=0.96:
[ 8.13977, 4.8324, -0.760712, 5.15155, -0.125036, 0.262192, 0.793427, 3.27921, 6.77747, 5.52301, -1.59106, -3.11899, 0.287239, 7.00226, 8.55786, 0.21414, 0.0422444, -0.717728, 0.444427, 6.4278, -0.156076, -2.42908, -1.63586, 7.08606, 5.67487, 2.02899, 0.793716, -0.610909, 0.680717, 3.80692, 7.48248, -0.873009, 5.60706, 1.18042, -0.0940332, 3.91296, ... ]
X at t=0.97:
[ 8.21375, 4.4707, -0.812141, 5.2168, 0.01204, 0.341648, 0.875328, 3.38062, 6.93964, 5.19678, -2.02277, -2.91525, 0.0988379, 7.03436, 8.53577, -0.298733, 0.125383, -0.630547, 0.476967, 6.44556, -0.256149, -2.30862, -1.71043, 6.95886, 5.94629, 1.7267, 0.746124, -0.534187, 0.735962, 3.90524, 7.43121, -0.652069, 5.67804, 1.28746, -0.0345569, 3.94803, ... ]
X at t=0.98:
[ 8.27026, 4.0899, -0.852066, 5.27924, 0.154806, 0.414272, 0.958839, 3.48715, 7.09015, 4.82977, -2.41333, -2.69598, -0.0811558, 7.04492, 8.49133, -0.797028, 0.253475, -0.542686, 0.515221, 6.46246, -0.350029, -2.18127, -1.7746, 6.82495, 6.19409, 1.41676, 0.715622, -0.455147, 0.792366, 4.00604, 7.38544, -0.436855, 5.73401, 1.3848, 0.0222423, 3.98785, ... ]

Final state:
X at t=0.99:
[ 8.30688, 3.69159, -0.879448, 5.33789, 0.302319, 0.479969, 1.04366, 3.59891, 7.22711, 4.42432, -2.75851, -2.466, -0.248098, 7.03619, 8.42542, -1.27409, 0.423012, -0.452358, 0.559296, 6.47827, -0.43766, -2.04749, -1.8278, 6.68555, 6.41791, 1.10271, 0.703873, -0.374107, 0.850273, 4.10931, 7.34503, -0.228424, 5.77618, 1.47246, 0.0767775, 4.03192, ... ]
