
Lmod is automatically replacing "craype-x86-rome" with "craype-x86-trento".

Lorenz96(k=100, F=8, dt=0.01, t_max=1)
 - warming up the simulation for 10
 - running ensemble of size 1 with initial perturbation N(0.0, 0.001)
 - compressing every 1-th model state online on the GPU with BitRound(bitround_bits=12)
 - saving config file to 'output/config_5030268.json'
 - saving performance file to 'performance/perf_5030268'

Initial state:
X at t=0:
[ 6.97363, 5.05859, 7.35059, -0.100784, -1.1228, 3.73096, 10.2578, -0.203217, 2.35693, 3.45166, -0.586426, 0.987671, 3.12012, 4.61621, 7.05664, 5.67578, -5.19336, 1.26709, 4.78418, 5.83984, -3.771, 1.1311, -0.298401, -1.771, 6.32227, 2.94238, -2.99072, 4.27344, 4.29199, 0.825073, 3.69922, 11.1328, -0.330383, -0.183533, 3.72949, 7.61523, ... ]

X at t=0.01:
[ 7.36328, 5.30371, 6.97168, -0.466064, -1.02222, 3.66064, 10.2656, -0.254578, 2.42822, 3.48877, -0.548218, 1.05908, 3.22217, 4.8418, 7.16699, 4.98926, -5.36914, 1.35815, 4.95996, 5.6123, -3.8584, 1.42603, -0.189178, -1.68579, 6.28418, 2.91504, -2.94043, 4.2666, 4.49023, 0.873657, 3.79834, 11.0508, -0.675171, -0.0652924, 3.76172, 7.73535, ... ]
X at t=0.02:
[ 7.7334, 5.54395, 6.53906, -0.811768, -0.912476, 3.59863, 10.2676, -0.291321, 2.50195, 3.52734, -0.510986, 1.12915, 3.3291, 5.07227, 7.24121, 4.27344, -5.50391, 1.40137, 5.14062, 5.37012, -3.93066, 1.70923, -0.0724487, -1.59546, 6.25098, 2.88574, -2.88916, 4.25391, 4.68652, 0.925659, 3.89746, 10.9531, -1.00977, 0.075531, 3.8042, 7.84375, ... ]
X at t=0.03:
[ 8.08008, 5.77637, 6.05273, -1.13232, -0.797363, 3.54639, 10.2637, -0.31427, 2.57666, 3.56689, -0.474792, 1.19824, 3.44092, 5.30664, 7.27539, 3.53418, -5.59668, 1.39355, 5.31934, 5.11621, -3.98828, 1.97876, 0.0522079, -1.50024, 6.22363, 2.85498, -2.8374, 4.23633, 4.87988, 0.981812, 3.99609, 10.8398, -1.3313, 0.236725, 3.85986, 7.93848, ... ]
X at t=0.04:
[ 8.40039, 5.99512, 5.51367, -1.42285, -0.68103, 3.50586, 10.2539, -0.324463, 2.65186, 3.60742, -0.439758, 1.26611, 3.55811, 5.54297, 7.26367, 2.77881, -5.64648, 1.33325, 5.49023, 4.85547, -4.03223, 2.23291, 0.184998, -1.40088, 6.20117, 2.82178, -2.78564, 4.21387, 5.07129, 1.04272, 4.09375, 10.7109, -1.63721, 0.415649, 3.93164, 8.01953, ... ]
X at t=0.05:
[ 8.69336, 6.19434, 4.9248, -1.67822, -0.567871, 3.47705, 10.2402, -0.323303, 2.72607, 3.64844, -0.405884, 1.33301, 3.68066, 5.78027, 7.20117, 2.01562, -5.65234, 1.22095, 5.64746, 4.59082, -4.06348, 2.47021, 0.325989, -1.29761, 6.18457, 2.78613, -2.73389, 4.18652, 5.25977, 1.10889, 4.19043, 10.5645, -1.92554, 0.609253, 4.02148, 8.08594, ... ]
X at t=0.06:
[ 8.95703, 6.36914, 4.29102, -1.8938, -0.462341, 3.46045, 10.2246, -0.312256, 2.79932, 3.68945, -0.37323, 1.39893, 3.80908, 6.01758, 7.08496, 1.25464, -5.61328, 1.05933, 5.78516, 4.32715, -4.08203, 2.68945, 0.475037, -1.19067, 6.17285, 2.74756, -2.68213, 4.1543, 5.44629, 1.18091, 4.28613, 10.4023, -2.19482, 0.814209, 4.13281, 8.13672, ... ]
X at t=0.07:
[ 9.18945, 6.51367, 3.61865, -2.06494, -0.368347, 3.45508, 10.2051, -0.292725, 2.87061, 3.73047, -0.341675, 1.46387, 3.94287, 6.25195, 6.91016, 0.505737, -5.53027, 0.852783, 5.90039, 4.06934, -4.08887, 2.89014, 0.631836, -1.08057, 6.16602, 2.70605, -2.63086, 4.11816, 5.63086, 1.25952, 4.38086, 10.2246, -2.44336, 1.02686, 4.2666, 8.16992, ... ]
X at t=0.08:
[ 9.39062, 6.62207, 2.91504, -2.18896, -0.289124, 3.45996, 10.1836, -0.266113, 2.93945, 3.77148, -0.311218, 1.52783, 4.08203, 6.48047, 6.6748, -0.220367, -5.40332, 0.607788, 5.98926, 3.82275, -4.08496, 3.07227, 0.796021, -0.967529, 6.16406, 2.66162, -2.58008, 4.07715, 5.81348, 1.34521, 4.47363, 10.0312, -2.6709, 1.24341, 4.4248, 8.18555, ... ]
X at t=0.09:
[ 9.56055, 6.68945, 2.18945, -2.26318, -0.226929, 3.47314, 10.1602, -0.233765, 3.00537, 3.81201, -0.281799, 1.59106, 4.22754, 6.7002, 6.37695, -0.912842, -5.23535, 0.332214, 6.05078, 3.59131, -4.07031, 3.23584, 0.967163, -0.851929, 6.16602, 2.61377, -2.52979, 4.03223, 5.99414, 1.43848, 4.56348, 9.82227, -2.87744, 1.45996, 4.60742, 8.18164, ... ]
X at t=0.1:
[ 9.70117, 6.71094, 1.45239, -2.28613, -0.182739, 3.49268, 10.1367, -0.196808, 3.06836, 3.85205, -0.253296, 1.65356, 4.37891, 6.9082, 6.0166, -1.56104, -5.0293, 0.034996, 6.08594, 3.37842, -4.0459, 3.38086, 1.14453, -0.733765, 6.17188, 2.56201, -2.48047, 3.98438, 6.17285, 1.54004, 4.65137, 9.59766, -3.06299, 1.67285, 4.81445, 8.15625, ... ]
X at t=0.11:
[ 9.81641, 6.68262, 0.714844, -2.25781, -0.156128, 3.5166, 10.1133, -0.156128, 3.12842, 3.89111, -0.225647, 1.71509, 4.53613, 7.10156, 5.59473, -2.15479, -4.78906, -0.274475, 6.09473, 3.18701, -4.01172, 3.50879, 1.32764, -0.613281, 6.18066, 2.50635, -2.43164, 3.93311, 6.35059, 1.6499, 4.73535, 9.35938, -3.22803, 1.87817, 5.04492, 8.10742, ... ]
X at t=0.12:
[ 9.9082, 6.60156, -0.0120926, -2.1792, -0.145233, 3.54248, 10.0918, -0.112411, 3.18506, 3.9292, -0.1987, 1.77612, 4.69824, 7.27637, 5.11426, -2.68555, -4.52148, -0.586548, 6.08008, 3.01904, -3.96973, 3.62012, 1.51587, -0.490479, 6.19238, 2.44629, -2.38379, 3.87842, 6.52637, 1.7688, 4.81445, 9.10742, -3.37305, 2.07227, 5.29785, 8.03125, ... ]
X at t=0.13:
[ 9.98047, 6.46582, -0.717407, -2.05322, -0.146851, 3.56885, 10.0723, -0.0661774, 3.23828, 3.96631, -0.172333, 1.83643, 4.86621, 7.42773, 4.5791, -3.14551, -4.23438, -0.892456, 6.04492, 2.875, -3.92041, 3.71582, 1.70874, -0.365417, 6.20605, 2.38232, -2.33691, 3.8208, 6.70117, 1.89673, 4.88867, 8.8418, -3.5, 2.25195, 5.57031, 7.92871, ... ]
X at t=0.14:
[ 10.0371, 6.27539, -1.39062, -1.88452, -0.156708, 3.59473, 10.0547, -0.0177956, 3.28809, 4.00195, -0.146393, 1.896, 5.03906, 7.55273, 3.99414, -3.52881, -3.93506, -1.18433, 5.99219, 2.75488, -3.86475, 3.79736, 1.90552, -0.238007, 6.22168, 2.31348, -2.29053, 3.75977, 6.875, 2.03369, 4.95605, 8.5625, -3.60938, 2.41455, 5.85938, 7.7959, ... ]
X at t=0.15:
[ 10.082, 6.02832, -2.02246, -1.67847, -0.16983, 3.61914, 10.0391, 0.0324326, 3.33447, 4.03613, -0.120758, 1.95508, 5.21582, 7.64648, 3.3667, -3.83105, -3.63232, -1.45605, 5.92676, 2.65771, -3.80371, 3.86572, 2.10547, -0.1082, 6.23828, 2.23975, -2.24463, 3.6958, 7.04785, 2.18018, 5.0166, 8.26953, -3.70312, 2.55762, 6.16211, 7.63086, ... ]
X at t=0.16:
[ 10.1172, 5.72656, -2.60498, -1.44238, -0.180908, 3.64209, 10.0254, 0.0842896, 3.37695, 4.06934, -0.0952759, 2.01367, 5.39648, 7.70508, 2.70557, -4.05078, -3.33496, -1.70264, 5.85059, 2.58252, -3.73779, 3.92188, 2.30859, 0.0241203, 6.25488, 2.16113, -2.19922, 3.62939, 7.21973, 2.33594, 5.06738, 7.96484, -3.78223, 2.67871, 6.47363, 7.43262, ... ]
X at t=0.17:
[ 10.1465, 5.37012, -3.13184, -1.18433, -0.184753, 3.66455, 10.0156, 0.137482, 3.41602, 4.10156, -0.0697632, 2.07178, 5.58008, 7.72461, 2.01953, -4.1875, -3.05029, -1.92139, 5.76758, 2.52686, -3.66797, 3.96729, 2.51416, 0.159088, 6.27148, 2.07764, -2.15381, 3.56055, 7.3916, 2.50049, 5.1084, 7.64941, -3.84814, 2.77588, 6.79102, 7.19922, ... ]
X at t=0.18:
[ 10.1719, 4.96191, -3.59766, -0.913574, -0.176758, 3.6875, 10.0078, 0.19162, 3.45166, 4.13184, -0.0440903, 2.12988, 5.7666, 7.70215, 1.31909, -4.24219, -2.78516, -2.11084, 5.68066, 2.48926, -3.59521, 4.00293, 2.72168, 0.296814, 6.28711, 1.98901, -2.1084, 3.48926, 7.5625, 2.67383, 5.13672, 7.32324, -3.90186, 2.84814, 7.10938, 6.92969, ... ]
X at t=0.19:
[ 10.1934, 4.50391, -3.99854, -0.639404, -0.153229, 3.7124, 10.002, 0.246246, 3.48389, 4.16113, -0.018074, 2.1875, 5.9541, 7.63477, 0.614624, -4.21973, -2.54443, -2.27148, 5.59082, 2.46729, -3.51953, 4.03027, 2.93066, 0.437439, 6.30078, 1.89502, -2.0625, 3.41553, 7.7334, 2.85547, 5.15137, 6.9873, -3.94482, 2.89502, 7.42383, 6.62402, ... ]
X at t=0.2:
[ 10.2129, 3.99854, -4.33203, -0.371399, -0.111649, 3.74072, 9.99609, 0.30072, 3.5127, 4.18945, 0.00843048, 2.24512, 6.1416, 7.52051, -0.083313, -4.12402, -2.33105, -2.40479, 5.5, 2.45898, -3.44141, 4.0498, 3.14111, 0.581055, 6.31152, 1.79565, -2.01611, 3.33984, 7.90332, 3.04443, 5.14941, 6.64258, -3.97803, 2.91553, 7.73047, 6.28223, ... ]
X at t=0.21:
[ 10.2266, 3.44971, -4.59668, -0.118744, -0.0507812, 3.77441, 9.99023, 0.354309, 3.53809, 4.21582, 0.0355911, 2.30273, 6.32715, 7.35742, -0.764404, -3.9624, -2.146, -2.5127, 5.40918, 2.46289, -3.36133, 4.06152, 3.35303, 0.727783, 6.31836, 1.69092, -1.96851, 3.26221, 8.07227, 3.23975, 5.12988, 6.29102, -4.00195, 2.90967, 8.02539, 5.90625, ... ]
X at t=0.22:
[ 10.2344, 2.86084, -4.79297, 0.110214, 0.0292168, 3.81494, 9.98438, 0.406067, 3.56055, 4.24121, 0.0635834, 2.36035, 6.51074, 7.14453, -1.41895, -3.7417, -1.98877, -2.59717, 5.31934, 2.47705, -3.27979, 4.06738, 3.56592, 0.877686, 6.32031, 1.58081, -1.91968, 3.18311, 8.24023, 3.44043, 5.08984, 5.93359, -4.0166, 2.87793, 8.30469, 5.49902, ... ]
X at t=0.23:
[ 10.2324, 2.23633, -4.91992, 0.308289, 0.126923, 3.86377, 9.97656, 0.454956, 3.58008, 4.26562, 0.0925446, 2.41797, 6.69043, 6.88184, -2.03809, -3.4707, -1.85693, -2.66113, 5.23047, 2.5, -3.19727, 4.06738, 3.7793, 1.03076, 6.31641, 1.46533, -1.8689, 3.10254, 8.40625, 3.64453, 5.02734, 5.57324, -4.02344, 2.82129, 8.56445, 5.06348, ... ]
X at t=0.24:
[ 10.2168, 1.58154, -4.97754, 0.469971, 0.239807, 3.92188, 9.9668, 0.499878, 3.59668, 4.28906, 0.12262, 2.47607, 6.86426, 6.57031, -2.61426, -3.15869, -1.74683, -2.70703, 5.14258, 2.53027, -3.11377, 4.0625, 3.99365, 1.18677, 6.30566, 1.34497, -1.81592, 3.021, 8.57227, 3.8501, 4.94043, 5.21094, -4.02148, 2.74072, 8.80273, 4.60352, ... ]
X at t=0.25:
[ 10.1836, 0.902466, -4.96777, 0.591553, 0.364502, 3.99023, 9.95508, 0.539673, 3.61084, 4.31152, 0.153961, 2.53467, 7.03125, 6.21191, -3.14062, -2.81543, -1.6543, -2.73682, 5.05566, 2.56689, -3.0293, 4.05371, 4.20801, 1.3457, 6.28613, 1.21973, -1.7605, 2.93896, 8.73633, 4.05469, 4.82812, 4.85059, -4.01172, 2.6377, 9.01758, 4.12305, ... ]
X at t=0.26:
[ 10.127, 0.205719, -4.89062, 0.671387, 0.49707, 4.06934, 9.93945, 0.57312, 3.62305, 4.33398, 0.186707, 2.59375, 7.18945, 5.80859, -3.61279, -2.45117, -1.57471, -2.75244, 4.96973, 2.60889, -2.94434, 4.04102, 4.42285, 1.50732, 6.25781, 1.08984, -1.70215, 2.85693, 8.89844, 4.25684, 4.6875, 4.49512, -3.99365, 2.51367, 9.20898, 3.62891, ... ]
X at t=0.27:
[ 10.041, -0.500977, -4.74805, 0.710083, 0.633423, 4.16016, 9.91992, 0.598999, 3.63379, 4.35645, 0.220978, 2.65332, 7.33789, 5.36328, -4.02637, -2.07568, -1.50317, -2.75537, 4.88477, 2.65527, -2.8584, 4.02539, 4.63867, 1.67114, 6.21875, 0.956055, -1.64038, 2.77539, 9.05664, 4.45312, 4.51758, 4.14746, -3.9668, 2.37109, 9.375, 3.12646, ... ]
X at t=0.28:
[ 9.92188, -1.20923, -4.54199, 0.710571, 0.769531, 4.26172, 9.89648, 0.616211, 3.64355, 4.37891, 0.256836, 2.71338, 7.47461, 4.88086, -4.37988, -1.69922, -1.43579, -2.74658, 4.80176, 2.70508, -2.77197, 4.00684, 4.85449, 1.83691, 6.16895, 0.818848, -1.57495, 2.69531, 9.21289, 4.64062, 4.31836, 3.81201, -3.93164, 2.21191, 9.51562, 2.62207, ... ]
X at t=0.29:
[ 9.76758, -1.91016, -4.27441, 0.677979, 0.901978, 4.375, 9.86719, 0.623779, 3.65283, 4.40234, 0.294373, 2.77441, 7.59766, 4.36523, -4.67285, -1.33081, -1.36865, -2.72705, 4.7207, 2.75781, -2.68555, 3.98584, 5.07031, 2.00391, 6.10645, 0.678833, -1.50562, 2.6167, 9.36523, 4.81641, 4.08887, 3.4917, -3.88818, 2.03857, 9.63281, 2.12158, ... ]
X at t=0.3:
[ 9.57227, -2.59473, -3.94971, 0.619019, 1.02783, 4.49902, 9.83203, 0.620728, 3.66211, 4.42676, 0.333557, 2.83643, 7.70703, 3.82227, -4.90527, -0.979004, -1.29907, -2.69775, 4.6416, 2.81299, -2.59863, 3.9624, 5.28613, 2.17139, 6.03027, 0.536865, -1.43213, 2.54102, 9.51367, 4.97754, 3.83008, 3.19092, -3.83643, 1.854, 9.72656, 1.63135, ... ]
X at t=0.31:
[ 9.33398, -3.25342, -3.57227, 0.542236, 1.14526, 4.63281, 9.79102, 0.606323, 3.67236, 4.45215, 0.374512, 2.89941, 7.80078, 3.25684, -5.07812, -0.650879, -1.2251, -2.65918, 4.56543, 2.87012, -2.51123, 3.9375, 5.50195, 2.33838, 5.93848, 0.393799, -1.35425, 2.46875, 9.6582, 5.12012, 3.54297, 2.91357, -3.77686, 1.66064, 9.79883, 1.15747, ... ]
X at t=0.32:
[ 9.05078, -3.87793, -3.14795, 0.457031, 1.25342, 4.77637, 9.74414, 0.580078, 3.68359, 4.47949, 0.417175, 2.96338, 7.87695, 2.67383, -5.19336, -0.352417, -1.14551, -2.6123, 4.49219, 2.92871, -2.42383, 3.91113, 5.7168, 2.50391, 5.83105, 0.250671, -1.27222, 2.40039, 9.79883, 5.24023, 3.229, 2.66309, -3.70996, 1.46118, 9.85352, 0.705566, ... ]
X at t=0.33:
[ 8.72461, -4.45996, -2.68506, 0.37323, 1.35254, 4.92871, 9.68945, 0.541504, 3.69727, 4.50977, 0.461548, 3.02832, 7.93555, 2.07959, -5.25391, -0.0882874, -1.06006, -2.55762, 4.42188, 2.98828, -2.33643, 3.88379, 5.93164, 2.66699, 5.70703, 0.108719, -1.18604, 2.3374, 9.93359, 5.33496, 2.89111, 2.44287, -3.63623, 1.25854, 9.89062, 0.280762, ... ]
X at t=0.34:
[ 8.35547, -4.99414, -2.19238, 0.300476, 1.44336, 5.08887, 9.62695, 0.490417, 3.71338, 4.54297, 0.507446, 3.09424, 7.97559, 1.47925, -5.26172, 0.138489, -0.969116, -2.49658, 4.35547, 3.04834, -2.24902, 3.85547, 6.14551, 2.82617, 5.56543, -0.0308762, -1.0957, 2.28027, 10.0625, 5.40137, 2.53271, 2.25586, -3.55664, 1.05493, 9.91406, -0.11235, ... ]
X at t=0.35:
[ 7.94727, -5.47461, -1.67993, 0.247681, 1.52783, 5.25488, 9.55664, 0.426819, 3.73291, 4.5791, 0.554932, 3.16113, 7.99512, 0.878662, -5.2207, 0.326294, -0.873291, -2.4292, 4.29297, 3.1084, -2.16162, 3.82666, 6.3584, 2.97998, 5.40527, -0.166748, -1.00195, 2.23047, 10.1855, 5.43555, 2.1582, 2.104, -3.47168, 0.853149, 9.92383, -0.469788, ... ]
X at t=0.36:
[ 7.50293, -5.89844, -1.15918, 0.222473, 1.60767, 5.42676, 9.47656, 0.350952, 3.75586, 4.62012, 0.60376, 3.22852, 7.99512, 0.28302, -5.13281, 0.475037, -0.773682, -2.35693, 4.23535, 3.16846, -2.07422, 3.79785, 6.57031, 3.12646, 5.22656, -0.297546, -0.905151, 2.18799, 10.3027, 5.43555, 1.77222, 1.98901, -3.38184, 0.655396, 9.92383, -0.78833, ... ]
X at t=0.37:
[ 7.02734, -6.26465, -0.641479, 0.230835, 1.6853, 5.60254, 9.38672, 0.263184, 3.7832, 4.66504, 0.653931, 3.29688, 7.97363, -0.302368, -5.00098, 0.585815, -0.671753, -2.28027, 4.18164, 3.22852, -1.9873, 3.76904, 6.78125, 3.26416, 5.03027, -0.421753, -0.805908, 2.1543, 10.4141, 5.39941, 1.38037, 1.91138, -3.28809, 0.463806, 9.91797, -1.06543, ... ]
X at t=0.38:
[ 6.52441, -6.57324, -0.138397, 0.276794, 1.76318, 5.78223, 9.28711, 0.164246, 3.81494, 4.71484, 0.7052, 3.36572, 7.93164, -0.872559, -4.82812, 0.661133, -0.568726, -2.19971, 4.13281, 3.28809, -1.90088, 3.74072, 6.99023, 3.39111, 4.81543, -0.537964, -0.704956, 2.12988, 10.5195, 5.3252, 0.988159, 1.87036, -3.19092, 0.28009, 9.90625, -1.29932, ... ]
X at t=0.39:
[ 6.00098, -6.8252, 0.339172, 0.362488, 1.84326, 5.96387, 9.17383, 0.0547943, 3.85156, 4.77051, 0.757324, 3.43457, 7.86816, -1.4231, -4.61719, 0.704468, -0.465942, -2.11572, 4.08887, 3.34717, -1.81494, 3.71289, 7.19629, 3.50537, 4.58301, -0.644897, -0.603149, 2.11523, 10.6191, 5.21191, 0.601196, 1.86475, -3.09033, 0.105804, 9.89062, -1.48877, ... ]
X at t=0.4:
[ 5.46191, -7.02441, 0.781372, 0.488037, 1.92749, 6.14648, 9.04688, -0.0641174, 3.89258, 4.83203, 0.810059, 3.50342, 7.7832, -1.94971, -4.37207, 0.720093, -0.364441, -2.02881, 4.04883, 3.40527, -1.72949, 3.68604, 7.40039, 3.60498, 4.33398, -0.741089, -0.501343, 2.11133, 10.7109, 5.05859, 0.225342, 1.89209, -2.98682, -0.057724, 9.87109, -1.6333, ... ]
X at t=0.41:
[ 4.91211, -7.17383, 1.17969, 0.651733, 2.01709, 6.3291, 8.9043, -0.191376, 3.93848, 4.90039, 0.863281, 3.57178, 7.67773, -2.44873, -4.09473, 0.713013, -0.265076, -1.93921, 4.01367, 3.46289, -1.64478, 3.66064, 7.60059, 3.68799, 4.06934, -0.825439, -0.400452, 2.11816, 10.7969, 4.86621, -0.133881, 1.94922, -2.88086, -0.209412, 9.84961, -1.7334, ... ]
X at t=0.42:
[ 4.35742, -7.27832, 1.52686, 0.850464, 2.11426, 6.51074, 8.74609, -0.325623, 3.98877, 4.97559, 0.916626, 3.63916, 7.55176, -2.9165, -3.78955, 0.688721, -0.168488, -1.84717, 3.9834, 3.51953, -1.56079, 3.63672, 7.79785, 3.75244, 3.79102, -0.896851, -0.301392, 2.13574, 10.877, 4.63477, -0.471436, 2.03223, -2.77197, -0.348511, 9.82812, -1.78979, ... ]
X at t=0.43:
[ 3.80273, -7.34277, 1.81787, 1.07983, 2.21973, 6.69141, 8.57031, -0.465515, 4.04297, 5.05859, 0.969971, 3.70557, 7.40625, -3.35107, -3.45947, 0.65271, -0.0749969, -1.75293, 3.95752, 3.5752, -1.47778, 3.61426, 7.99023, 3.7959, 3.50098, -0.954468, -0.204987, 2.16406, 10.9492, 4.36621, -0.782837, 2.13672, -2.66016, -0.474487, 9.80469, -1.80396, ... ]
X at t=0.44:
[ 3.25195, -7.37109, 2.04932, 1.33447, 2.33496, 6.86816, 8.37305, -0.609619, 4.09961, 5.14941, 1.02295, 3.77002, 7.24219, -3.75, -3.1084, 0.610718, 0.0152969, -1.65674, 3.93604, 3.62939, -1.39575, 3.59375, 8.17773, 3.81738, 3.20215, -0.997681, -0.111984, 2.20312, 11.0137, 4.0625, -1.06396, 2.25781, -2.54541, -0.586914, 9.78125, -1.77783, ... ]
X at t=0.45:
[ 2.70898, -7.36719, 2.21875, 1.60864, 2.46143, 7.04102, 8.1543, -0.756348, 4.15918, 5.24805, 1.0752, 3.83203, 7.06055, -4.11133, -2.74072, 0.568115, 0.102478, -1.55859, 3.91846, 3.68262, -1.3147, 3.5752, 8.35938, 3.81494, 2.89697, -1.02588, -0.0229797, 2.25244, 11.0703, 3.72559, -1.31177, 2.39014, -2.42725, -0.685669, 9.75781, -1.71387, ... ]
X at t=0.46:
[ 2.17725, -7.33398, 2.32666, 1.89624, 2.60059, 7.20801, 7.91406, -0.903931, 4.21973, 5.35547, 1.12671, 3.8916, 6.8623, -4.43457, -2.36084, 0.529907, 0.186737, -1.4585, 3.90527, 3.73438, -1.23462, 3.55908, 8.53516, 3.78711, 2.58887, -1.03931, 0.0615845, 2.31201, 11.1191, 3.35889, -1.52368, 2.5293, -2.30615, -0.770874, 9.73438, -1.61499, ... ]
X at t=0.47:
[ 1.65942, -7.27441, 2.37354, 2.19092, 2.75439, 7.36816, 7.64941, -1.05054, 4.28027, 5.47168, 1.17725, 3.94775, 6.64941, -4.71973, -1.97314, 0.50061, 0.268372, -1.35669, 3.89648, 3.78467, -1.15576, 3.54541, 8.70312, 3.73291, 2.28076, -1.03784, 0.141479, 2.38086, 11.1582, 2.96582, -1.69775, 2.67041, -2.18262, -0.842651, 9.71094, -1.48438, ... ]
X at t=0.48:
[ 1.15771, -7.19141, 2.3623, 2.48633, 2.92432, 7.51953, 7.35938, -1.19458, 4.33887, 5.5957, 1.22656, 4, 6.42285, -4.9668, -1.58228, 0.484131, 0.347595, -1.25293, 3.8916, 3.8335, -1.07788, 3.53418, 8.86523, 3.65186, 1.97681, -1.02222, 0.216675, 2.4585, 11.1875, 2.5498, -1.83276, 2.80908, -2.05664, -0.901367, 9.6875, -1.32544, ... ]
X at t=0.49:
[ 0.674194, -7.08496, 2.2959, 2.77686, 3.1123, 7.66113, 7.04199, -1.33398, 4.39453, 5.72852, 1.27441, 4.04688, 6.18457, -5.17676, -1.19287, 0.483582, 0.424622, -1.14771, 3.89062, 3.88086, -1.00122, 3.52588, 9.01953, 3.54346, 1.68018, -0.993286, 0.287354, 2.54395, 11.207, 2.11523, -1.92798, 2.94141, -1.92896, -0.947632, 9.66211, -1.14185, ... ]
X at t=0.5:
[ 0.210602, -6.95703, 2.1792, 3.05713, 3.31982, 7.79004, 6.69629, -1.46704, 4.44434, 5.86914, 1.3208, 4.08887, 5.93652, -5.35059, -0.809448, 0.501343, 0.499512, -1.04102, 3.89355, 3.92676, -0.925903, 3.52051, 9.16406, 3.40771, 1.39453, -0.952026, 0.353882, 2.63672, 11.2148, 1.66602, -1.98364, 3.06445, -1.80029, -0.981812, 9.63672, -0.937378, ... ]
X at t=0.51:
[ -0.231598, -6.80664, 2.01758, 3.32178, 3.54883, 7.90527, 6.32129, -1.5918, 4.48828, 6.01758, 1.36597, 4.125, 5.67969, -5.49023, -0.436279, 0.539062, 0.572144, -0.932983, 3.90088, 3.9707, -0.851929, 3.51807, 9.29883, 3.24512, 1.12354, -0.89978, 0.416748, 2.73633, 11.209, 1.20654, -2, 3.17627, -1.67163, -1.00464, 9.61133, -0.71582, ... ]
X at t=0.52:
[ -0.651123, -6.63477, 1.81689, 3.56689, 3.7998, 8.00195, 5.91602, -1.7063, 4.52344, 6.17285, 1.40967, 4.15527, 5.41699, -5.59863, -0.0773773, 0.597656, 0.642456, -0.823853, 3.91162, 4.0127, -0.779175, 3.51904, 9.42383, 3.05713, 0.87085, -0.838013, 0.476685, 2.84229, 11.1914, 0.741211, -1.97778, 3.27539, -1.5437, -1.01685, 9.58398, -0.481079, ... ]
X at t=0.53:
[ -1.04663, -6.44043, 1.5835, 3.78809, 4.07324, 8.08008, 5.48047, -1.80859, 4.54785, 6.33496, 1.45215, 4.17969, 5.14844, -5.67676, 0.263794, 0.677246, 0.710083, -0.713867, 3.92627, 4.05273, -0.707764, 3.52295, 9.53906, 2.84473, 0.639526, -0.768433, 0.534302, 2.95361, 11.1582, 0.27417, -1.91797, 3.36084, -1.41772, -1.01904, 9.55664, -0.236755, ... ]
X at t=0.54:
[ -1.41699, -6.22363, 1.32446, 3.98242, 4.36914, 8.13477, 5.01465, -1.89648, 4.56055, 6.50195, 1.4939, 4.19629, 4.87695, -5.72754, 0.584106, 0.777466, 0.774658, -0.603394, 3.94482, 4.09082, -0.637573, 3.53027, 9.64258, 2.61035, 0.432434, -0.692627, 0.590576, 3.06982, 11.1094, -0.190186, -1.82227, 3.43262, -1.29492, -1.01221, 9.52734, 0.0135651, ... ]
X at t=0.55:
[ -1.76123, -5.9834, 1.04712, 4.14746, 4.68652, 8.16406, 4.51953, -1.96826, 4.55957, 6.67285, 1.53491, 4.20605, 4.60449, -5.75391, 0.880981, 0.897217, 0.835815, -0.492737, 3.9668, 4.12695, -0.568726, 3.54102, 9.73438, 2.35547, 0.252014, -0.612427, 0.646118, 3.19092, 11.0449, -0.647705, -1.69263, 3.49219, -1.17627, -0.996826, 9.49805, 0.266479, ... ]
X at t=0.56:
[ -2.07812, -5.71973, 0.758789, 4.28125, 5.02344, 8.16406, 3.99707, -2.02197, 4.54395, 6.84668, 1.57593, 4.20801, 4.33203, -5.75879, 1.15234, 1.03491, 0.893066, -0.382263, 3.99219, 4.16113, -0.501221, 3.55518, 9.8125, 2.08301, 0.100494, -0.529419, 0.701782, 3.31592, 10.9629, -1.09473, -1.53101, 3.54102, -1.06274, -0.973633, 9.4668, 0.518799, ... ]
X at t=0.57:
[ -2.3667, -5.43262, 0.466797, 4.38379, 5.37793, 8.12891, 3.44971, -2.05615, 4.5127, 7.02148, 1.61743, 4.20215, 4.06055, -5.74414, 1.39697, 1.18896, 0.945923, -0.272339, 4.02051, 4.19336, -0.434998, 3.57275, 9.87891, 1.79614, -0.0204506, -0.445007, 0.758179, 3.44531, 10.8633, -1.52734, -1.34009, 3.58105, -0.955566, -0.943359, 9.43555, 0.767578, ... ]
X at t=0.58:
[ -2.62646, -5.12207, 0.178253, 4.4541, 5.74609, 8.05664, 2.88037, -2.06934, 4.46582, 7.19629, 1.65991, 4.1875, 3.79199, -5.71191, 1.61377, 1.35718, 0.994141, -0.16333, 4.05273, 4.22363, -0.370056, 3.59375, 9.93164, 1.4978, -0.109665, -0.360413, 0.815796, 3.57812, 10.7461, -1.94263, -1.12256, 3.61475, -0.855347, -0.906738, 9.4043, 1.01025, ... ]
X at t=0.59:
[ -2.85596, -4.78906, -0.100006, 4.49316, 6.12305, 7.94434, 2.29395, -2.06104, 4.4043, 7.36914, 1.7041, 4.16406, 3.52734, -5.66504, 1.80249, 1.53735, 1.0376, -0.0555725, 4.08789, 4.25098, -0.306335, 3.61816, 9.97266, 1.19141, -0.166412, -0.276489, 0.875244, 3.71436, 10.6094, -2.3374, -0.88147, 3.64502, -0.762939, -0.86438, 9.37305, 1.24438, ... ]
X at t=0.6:
[ -3.0542, -4.43555, -0.361755, 4.50195, 6.50391, 7.78711, 1.6958, -2.03027, 4.32812, 7.53906, 1.75049, 4.13184, 3.26758, -5.60547, 1.96313, 1.72705, 1.07617, 0.0506134, 4.12598, 4.27637, -0.243835, 3.646, 10, 0.880127, -0.190521, -0.193909, 0.936768, 3.854, 10.4531, -2.70996, -0.620361, 3.6748, -0.678955, -0.816895, 9.3418, 1.46777, ... ]
X at t=0.61:
[ -3.22021, -4.06348, -0.60144, 4.4834, 6.88379, 7.58203, 1.09277, -1.97754, 4.24023, 7.7041, 1.79956, 4.09082, 3.01367, -5.53418, 2.0957, 1.92407, 1.10986, 0.154938, 4.16699, 4.2998, -0.182495, 3.67676, 10.0137, 0.567505, -0.18219, -0.112823, 1.00073, 3.99658, 10.2773, -3.05762, -0.342896, 3.70703, -0.603882, -0.765015, 9.31055, 1.67847, ... ]
X at t=0.62:
[ -3.35352, -3.67627, -0.814453, 4.44043, 7.25684, 7.32715, 0.492554, -1.90405, 4.1416, 7.86328, 1.85132, 4.04004, 2.7666, -5.4541, 2.20166, 2.12598, 1.13916, 0.257202, 4.21094, 4.32129, -0.122314, 3.71094, 10.0137, 0.256897, -0.14209, -0.0331039, 1.06714, 4.1416, 10.082, -3.37988, -0.053009, 3.74414, -0.538208, -0.709351, 9.2793, 1.875, ... ]
X at t=0.63:
[ -3.4541, -3.27637, -0.99707, 4.37695, 7.61816, 7.02148, -0.0968475, -1.81152, 4.03613, 8.01562, 1.90625, 3.97998, 2.52734, -5.36621, 2.28174, 2.33057, 1.16431, 0.357178, 4.25781, 4.34082, -0.0632477, 3.74805, 10, -0.0483246, -0.0713806, 0.0457611, 1.13623, 4.28906, 9.86523, -3.67529, 0.245178, 3.78906, -0.4823, -0.650513, 9.24805, 2.05615, ... ]
X at t=0.64:
[ -3.521, -2.86719, -1.14673, 4.2959, 7.96387, 6.66406, -0.66687, -1.70288, 3.92725, 8.16016, 1.96387, 3.91016, 2.29688, -5.27148, 2.3374, 2.53613, 1.18604, 0.454834, 4.30762, 4.3584, -0.00529099, 3.78809, 9.97266, -0.345032, 0.0283928, 0.124603, 1.20801, 4.43848, 9.62891, -3.94385, 0.547241, 3.84424, -0.436462, -0.589111, 9.21875, 2.2207, ... ]
X at t=0.65:
[ -3.55469, -2.45264, -1.26172, 4.20312, 8.28711, 6.25684, -1.20898, -1.58203, 3.81787, 8.29688, 2.02344, 3.83057, 2.0752, -5.17188, 2.37012, 2.74072, 1.20508, 0.550049, 4.35938, 4.37305, 0.0515823, 3.83105, 9.93359, -0.630371, 0.155304, 0.204529, 1.28271, 4.58887, 9.37305, -4.18555, 0.848999, 3.91064, -0.40094, -0.525757, 9.19141, 2.36768, ... ]
X at t=0.66:
[ -3.55518, -2.03662, -1.34155, 4.10156, 8.58594, 5.80176, -1.71484, -1.45361, 3.71094, 8.42578, 2.08447, 3.74121, 1.86377, -5.06836, 2.38135, 2.94287, 1.22217, 0.642822, 4.41406, 4.38574, 0.107437, 3.87646, 9.88086, -0.901733, 0.307129, 0.286865, 1.36035, 4.74023, 9.09766, -4.40039, 1.146, 3.98975, -0.375977, -0.46106, 9.16406, 2.49658, ... ]
X at t=0.67:
[ -3.52295, -1.62329, -1.38672, 3.99658, 8.85742, 5.30176, -2.17676, -1.32275, 3.60938, 8.54883, 2.146, 3.6416, 1.66284, -4.96094, 2.37305, 3.14062, 1.23828, 0.733154, 4.4707, 4.39648, 0.162262, 3.9248, 9.81641, -1.15674, 0.481262, 0.373108, 1.44092, 4.89258, 8.80273, -4.59082, 1.43408, 4.08203, -0.361633, -0.395569, 9.13867, 2.60742, ... ]
X at t=0.68:
[ -3.45898, -1.2168, -1.39819, 3.8916, 9.09961, 4.76172, -2.58838, -1.19507, 3.51514, 8.66406, 2.20605, 3.53223, 1.4729, -4.85059, 2.34717, 3.3335, 1.25439, 0.821045, 4.5293, 4.40527, 0.216125, 3.9751, 9.74023, -1.3938, 0.674927, 0.464844, 1.52441, 5.04395, 8.48828, -4.75684, 1.70923, 4.18848, -0.358032, -0.329834, 9.11523, 2.69922, ... ]
X at t=0.69:
[ -3.36377, -0.821045, -1.37817, 3.79053, 9.3125, 4.1875, -2.94336, -1.07593, 3.42969, 8.77344, 2.26367, 3.41309, 1.29468, -4.73828, 2.30566, 3.52002, 1.27148, 0.906616, 4.59082, 4.41211, 0.269043, 4.02734, 9.65234, -1.61108, 0.885254, 0.563599, 1.61084, 5.19434, 8.15625, -4.90137, 1.96753, 4.30762, -0.365173, -0.264343, 9.09375, 2.77246, ... ]
X at t=0.7:
[ -3.23926, -0.439636, -1.32886, 3.69678, 9.49414, 3.58496, -3.23779, -0.970337, 3.35352, 8.87695, 2.31689, 3.28467, 1.12891, -4.62402, 2.25049, 3.69971, 1.29053, 0.98999, 4.6543, 4.41699, 0.320984, 4.08203, 9.55469, -1.80762, 1.10889, 0.671021, 1.70044, 5.34277, 7.80664, -5.02539, 2.20557, 4.43945, -0.382874, -0.199585, 9.07422, 2.82715, ... ]
X at t=0.71:
[ -3.08643, -0.0758057, -1.25342, 3.61279, 9.64453, 2.96094, -3.46777, -0.88269, 3.28662, 8.97461, 2.36426, 3.14795, 0.976074, -4.50879, 2.18311, 3.87158, 1.3125, 1.07129, 4.71875, 4.41992, 0.372009, 4.1377, 9.44727, -1.98267, 1.34302, 0.78833, 1.79346, 5.48828, 7.44043, -5.13086, 2.42041, 4.58203, -0.410889, -0.135925, 9.05664, 2.86377, ... ]
X at t=0.72:
[ -2.90723, 0.267578, -1.15479, 3.54102, 9.76367, 2.32227, -3.63086, -0.81604, 3.22705, 9.06836, 2.40381, 3.00342, 0.83667, -4.39258, 2.10596, 4.03516, 1.33813, 1.15063, 4.78516, 4.4209, 0.422119, 4.19531, 9.33008, -2.13574, 1.58423, 0.91687, 1.88989, 5.62988, 7.05762, -5.21875, 2.60938, 4.73438, -0.44873, -0.0737, 9.04102, 2.88281, ... ]
X at t=0.73:
[ -2.70361, 0.588135, -1.03662, 3.48291, 9.85352, 1.67627, -3.72559, -0.772339, 3.17334, 9.1582, 2.43457, 2.85205, 0.71106, -4.27539, 2.02051, 4.19043, 1.36865, 1.22827, 4.85254, 4.41992, 0.471375, 4.25391, 9.20508, -2.26709, 1.82959, 1.05762, 1.98975, 5.7666, 6.6582, -5.29199, 2.76953, 4.89453, -0.495667, -0.0131607, 9.02734, 2.88428, ... ]
X at t=0.74:
[ -2.47803, 0.883911, -0.902222, 3.43945, 9.91406, 1.03027, -3.75195, -0.751953, 3.12305, 9.24609, 2.45557, 2.69482, 0.599609, -4.1582, 1.92847, 4.33789, 1.40454, 1.3042, 4.92188, 4.41797, 0.519653, 4.31445, 9.07227, -2.37646, 2.07568, 1.21143, 2.09326, 5.89648, 6.24414, -5.35156, 2.89941, 5.06055, -0.550781, 0.0455399, 9.01758, 2.86914, ... ]
X at t=0.75:
[ -2.23242, 1.15332, -0.754883, 3.41113, 9.94727, 0.391846, -3.70996, -0.753662, 3.07422, 9.33203, 2.46582, 2.5332, 0.502441, -4.04102, 1.8313, 4.47754, 1.44653, 1.37842, 4.99219, 4.41406, 0.567139, 4.375, 8.93164, -2.46533, 2.32031, 1.37891, 2.2002, 6.01758, 5.81543, -5.39844, 2.99707, 5.23047, -0.612915, 0.10231, 9.00977, 2.83789, ... ]
X at t=0.76:
[ -1.96899, 1.39575, -0.597778, 3.39795, 9.95312, -0.232056, -3.60156, -0.774658, 3.02393, 9.41602, 2.46484, 2.36865, 0.419739, -3.92383, 1.73071, 4.6084, 1.49512, 1.45117, 5.06348, 4.4082, 0.61377, 4.43652, 8.78516, -2.53418, 2.56055, 1.5603, 2.31055, 6.12891, 5.37305, -5.43359, 3.06152, 5.40137, -0.680664, 0.157135, 9.00391, 2.7915, ... ]
X at t=0.77:
[ -1.69043, 1.61035, -0.433899, 3.3999, 9.93164, -0.834717, -3.42871, -0.811035, 2.97119, 9.49805, 2.45264, 2.20215, 0.351257, -3.80713, 1.62817, 4.73145, 1.55078, 1.52271, 5.13477, 4.40039, 0.659546, 4.49902, 8.63477, -2.58447, 2.79395, 1.75562, 2.4248, 6.22949, 4.91797, -5.45801, 3.0918, 5.57129, -0.752319, 0.210114, 9, 2.73047, ... ]
X at t=0.78:
[ -1.39893, 1.79712, -0.26593, 3.41699, 9.88477, -1.40967, -3.19434, -0.857422, 2.91455, 9.57812, 2.4292, 2.03564, 0.296814, -3.69092, 1.5249, 4.84668, 1.61401, 1.59302, 5.20605, 4.39062, 0.704468, 4.56152, 8.47852, -2.61719, 3.01904, 1.96484, 2.54248, 6.31641, 4.45215, -5.47168, 3.0874, 5.73926, -0.825928, 0.261353, 8.99805, 2.65576, ... ]
X at t=0.79:
[ -1.09692, 1.9563, -0.0962067, 3.44775, 9.81445, -1.95166, -2.90283, -0.907959, 2.85352, 9.65625, 2.39502, 1.87061, 0.25592, -3.57568, 1.42188, 4.95508, 1.68506, 1.66211, 5.27734, 4.37891, 0.748657, 4.62402, 8.32031, -2.63379, 3.23389, 2.1875, 2.66309, 6.3877, 3.97656, -5.47461, 3.04834, 5.90234, -0.899292, 0.311035, 8.99609, 2.56836, ... ]
X at t=0.8:
[ -0.786743, 2.08838, 0.0731812, 3.4917, 9.71875, -2.45557, -2.55908, -0.955933, 2.78906, 9.73242, 2.35107, 1.70825, 0.228058, -3.46143, 1.32031, 5.05664, 1.76392, 1.73022, 5.34863, 4.36523, 0.792114, 4.68652, 8.1582, -2.63574, 3.43652, 2.42334, 2.78662, 6.44238, 3.49316, -5.4668, 2.9751, 6.05859, -0.970093, 0.359436, 8.99609, 2.46875, ... ]
X at t=0.81:
[ -0.470825, 2.19385, 0.240479, 3.54785, 9.60156, -2.91748, -2.16895, -0.994873, 2.72266, 9.80469, 2.29736, 1.5498, 0.212494, -3.34814, 1.22119, 5.15137, 1.85083, 1.79761, 5.41895, 4.34961, 0.834839, 4.74902, 7.99414, -2.625, 3.62646, 2.67139, 2.9126, 6.47754, 3.00342, -5.44629, 2.86816, 6.20703, -1.03589, 0.40686, 8.99805, 2.3584, ... ]
X at t=0.82:
[ -0.151398, 2.27393, 0.404236, 3.61523, 9.46094, -3.33398, -1.73926, -1.01855, 2.65674, 9.87305, 2.23486, 1.39673, 0.208496, -3.23584, 1.12524, 5.24023, 1.94604, 1.86401, 5.48828, 4.33301, 0.876953, 4.81152, 7.82812, -2.60303, 3.80273, 2.93115, 3.04004, 6.49121, 2.51025, -5.41309, 2.72852, 6.3457, -1.09399, 0.453491, 9.00195, 2.23779, ... ]
X at t=0.83:
[ 0.169373, 2.33008, 0.563232, 3.69287, 9.29883, -3.70312, -1.27759, -1.021, 2.59375, 9.9375, 2.16357, 1.25, 0.215179, -3.12451, 1.03296, 5.32324, 2.04883, 1.92969, 5.55664, 4.31445, 0.918457, 4.87305, 7.66113, -2.57129, 3.96484, 3.20117, 3.16846, 6.48047, 2.01611, -5.36523, 2.55811, 6.47461, -1.14185, 0.499695, 9.00586, 2.10791, ... ]
X at t=0.84:
[ 0.489502, 2.36328, 0.716797, 3.7793, 9.11719, -4.02344, -0.79187, -0.997437, 2.53662, 9.99805, 2.08398, 1.11108, 0.231628, -3.01416, 0.945312, 5.40039, 2.15967, 1.99463, 5.62305, 4.29395, 0.959473, 4.93457, 7.49414, -2.53125, 4.1123, 3.48145, 3.29688, 6.44434, 1.52441, -5.30176, 2.35889, 6.5918, -1.17676, 0.545654, 9.01172, 1.96997, ... ]
X at t=0.85:
[ 0.807007, 2.375, 0.864136, 3.87354, 8.91602, -4.29492, -0.290466, -0.943726, 2.48828, 10.0527, 1.99634, 0.980957, 0.256897, -2.90479, 0.862549, 5.47266, 2.27832, 2.05908, 5.6875, 4.27148, 1, 4.99512, 7.32617, -2.48389, 4.24512, 3.77051, 3.42383, 6.38086, 1.03833, -5.22168, 2.13379, 6.69629, -1.19629, 0.591797, 9.01758, 1.82446, ... ]
X at t=0.86:
[ 1.11987, 2.3667, 1.00488, 3.97412, 8.69727, -4.51953, 0.218231, -0.857056, 2.45215, 10.1016, 1.90063, 0.860596, 0.289978, -2.79639, 0.785034, 5.54004, 2.4043, 2.12305, 5.75, 4.24707, 1.04004, 5.05469, 7.1582, -2.43115, 4.36328, 4.06641, 3.54834, 6.28809, 0.561401, -5.12402, 1.88599, 6.78809, -1.19824, 0.638306, 9.02539, 1.67261, ... ]
X at t=0.87:
[ 1.42676, 2.33936, 1.13892, 4.08008, 8.46094, -4.69824, 0.726074, -0.735596, 2.43018, 10.1445, 1.79639, 0.750977, 0.329895, -2.68896, 0.713135, 5.60254, 2.5376, 2.18652, 5.80957, 4.2207, 1.07983, 5.11328, 6.99121, -2.37402, 4.46777, 4.36914, 3.66846, 6.16504, 0.0976257, -5.00781, 1.6189, 6.86719, -1.18066, 0.685425, 9.0332, 1.51538, ... ]
X at t=0.88:
[ 1.72583, 2.29492, 1.26611, 4.19043, 8.20898, -4.83301, 1.22534, -0.578613, 2.4248, 10.1797, 1.68359, 0.653076, 0.375671, -2.58252, 0.647095, 5.66113, 2.67773, 2.24951, 5.86621, 4.19238, 1.11938, 5.1709, 6.82422, -2.31396, 4.55762, 4.67773, 3.78223, 6.01074, -0.348999, -4.87207, 1.33667, 6.93359, -1.14209, 0.733398, 9.04102, 1.35376, ... ]
X at t=0.89:
[ 2.01562, 2.23486, 1.38647, 4.30469, 7.94434, -4.92871, 1.70874, -0.386292, 2.43799, 10.207, 1.56152, 0.567871, 0.426331, -2.47705, 0.587036, 5.7168, 2.82471, 2.31201, 5.91895, 4.16309, 1.15894, 5.22754, 6.6582, -2.25146, 4.63477, 4.99023, 3.8877, 5.82422, -0.774414, -4.7168, 1.0437, 6.9873, -1.08105, 0.782593, 9.04688, 1.18872, ... ]
X at t=0.9:
[ 2.29492, 2.16064, 1.50049, 4.42188, 7.66602, -4.9873, 2.16992, -0.159546, 2.47021, 10.2266, 1.43018, 0.496399, 0.480957, -2.37256, 0.533081, 5.76855, 2.97803, 2.37402, 5.96777, 4.13184, 1.19849, 5.2832, 6.49316, -2.1875, 4.69922, 5.30566, 3.98193, 5.60547, -1.17432, -4.54297, 0.744873, 7.0293, -0.996704, 0.833252, 9.05273, 1.02124, ... ]
X at t=0.91:
[ 2.56299, 2.07373, 1.6084, 4.54102, 7.37598, -5.01465, 2.604, 0.0999603, 2.52246, 10.2383, 1.28882, 0.439392, 0.538574, -2.26904, 0.485352, 5.81738, 3.13721, 2.43555, 6.0127, 4.09863, 1.23828, 5.33789, 6.3291, -2.12305, 4.75195, 5.62305, 4.0625, 5.35547, -1.54517, -4.35156, 0.444885, 7.05957, -0.88855, 0.88562, 9.05664, 0.852295, ... ]
X at t=0.92:
[ 2.81836, 1.97534, 1.71045, 4.66113, 7.07617, -5.01367, 3.00586, 0.390198, 2.59473, 10.2402, 1.13745, 0.397766, 0.598511, -2.1665, 0.443726, 5.86328, 3.30176, 2.49707, 6.05273, 4.06445, 1.27832, 5.39062, 6.16602, -2.05859, 4.79395, 5.94043, 4.12695, 5.0752, -1.8833, -4.14453, 0.14856, 7.07812, -0.756714, 0.940063, 9.06055, 0.682983, ... ]
X at t=0.93:
[ 3.06006, 1.8667, 1.80688, 4.78125, 6.76758, -4.98926, 3.37256, 0.708618, 2.68652, 10.2305, 0.975952, 0.372253, 0.660034, -2.06494, 0.408203, 5.90723, 3.47119, 2.55762, 6.08789, 4.0293, 1.31885, 5.44238, 6.00488, -1.99512, 4.8252, 6.25586, 4.17188, 4.76758, -2.18604, -3.92383, -0.139465, 7.08691, -0.601562, 0.996826, 9.06055, 0.51416, ... ]
X at t=0.94:
[ 3.2876, 1.74927, 1.89844, 4.90137, 6.45117, -4.94531, 3.70166, 1.05273, 2.79736, 10.207, 0.804321, 0.363647, 0.722412, -1.9646, 0.378723, 5.94922, 3.64551, 2.61768, 6.11816, 3.99268, 1.35986, 5.49316, 5.84473, -1.93262, 4.84668, 6.56836, 4.19434, 4.43555, -2.45068, -3.69238, -0.414978, 7.08594, -0.423889, 1.0564, 9.05859, 0.346863, ... ]
X at t=0.95:
[ 3.50049, 1.62427, 1.98535, 5.02051, 6.12793, -4.88574, 3.9917, 1.41968, 2.92676, 10.1699, 0.622925, 0.372498, 0.785156, -1.86523, 0.355164, 5.98926, 3.82422, 2.67676, 6.14258, 3.95508, 1.40161, 5.54199, 5.68555, -1.87183, 4.85938, 6.87695, 4.19238, 4.08301, -2.67578, -3.45312, -0.674194, 7.07715, -0.224915, 1.1189, 9.05273, 0.181976, ... ]
X at t=0.96:
[ 3.69775, 1.49292, 2.06787, 5.13867, 5.79883, -4.81445, 4.24121, 1.80688, 3.07373, 10.1152, 0.432373, 0.399292, 0.8479, -1.76733, 0.337341, 6.02832, 4.00684, 2.73486, 6.16113, 3.9165, 1.44409, 5.58984, 5.52734, -1.81274, 4.86426, 7.17871, 4.16211, 3.71436, -2.86084, -3.20947, -0.914062, 7.06055, -0.00606346, 1.18506, 9.04297, 0.0204544, ... ]
X at t=0.97:
[ 3.87939, 1.3562, 2.14648, 5.25488, 5.46387, -4.73438, 4.4502, 2.21143, 3.23682, 10.041, 0.233459, 0.444336, 0.9104, -1.6709, 0.325134, 6.06641, 4.19238, 2.79199, 6.17383, 3.87744, 1.48779, 5.63574, 5.37012, -1.75562, 4.86133, 7.47266, 4.10254, 3.33447, -3.00586, -2.96484, -1.13208, 7.03711, 0.231049, 1.25488, 9.0293, -0.136871, ... ]
X at t=0.98:
[ 4.04492, 1.21509, 2.22168, 5.36914, 5.125, -4.64844, 4.61914, 2.63086, 3.41553, 9.94336, 0.027256, 0.50769, 0.972656, -1.57593, 0.318359, 6.10449, 4.38086, 2.84766, 6.17969, 3.83789, 1.53247, 5.68066, 5.21387, -1.70068, 4.85254, 7.75684, 4.01074, 2.94922, -3.11182, -2.72217, -1.32642, 7.00684, 0.484619, 1.32886, 9.00977, -0.289246, ... ]

Final state:
X at t=0.99:
[ 4.19434, 1.0708, 2.29395, 5.48047, 4.78223, -4.55859, 4.74902, 3.0625, 3.60791, 9.82031, -0.184906, 0.589111, 1.03467, -1.48291, 0.316833, 6.1416, 4.57227, 2.90137, 6.17871, 3.79785, 1.57861, 5.72363, 5.05762, -1.64771, 4.83789, 8.0293, 3.88623, 2.56494, -3.18066, -2.48438, -1.49609, 6.9707, 0.752808, 1.40747, 8.98633, -0.435913, ... ]
