
Lmod is automatically replacing "craype-x86-rome" with "craype-x86-trento".

Lorenz96(k=10000000, F=8, dt=0.01, t_max=1)
 - warming up the simulation for 10
 - running ensemble of size 1 with initial perturbation N(0.0, 0.001)
 - compressing every 1-th model state online on the GPU with ZFP(fixed_rate=12)
 - saving config file to 'output/config_5030244.json'
 - saving performance file to 'performance/perf_5030244'

Initial state:
X at t=0:
[ 5.98438, 0.421875, 2.04688, 1.10938, 2.5, 6.8125, 3.6875, -8.375, 1.17188, 2.20312, 7.67188, 5.07812, 2.69531, 0.148438, -4.33594, 0.992188, 3.65625, 8.15625, 3.71875, 2.34375, 2.92188, -5.82812, -0.203125, -0.203125, 1.96875, 8.28125, 8.90625, -2.15625, -0.445312, -4.52344, -0.976562, 2.94531, 6.75781, 3.17969, 4.60156, 6.02344, ... ]

X at t=0.01:
[ 6.08594, 0.507812, 2.05469, 1.22656, 2.59375, 6.90625, 2.90625, -8.40625, 1.375, 2.5, 7.75, 5.125, 2.35156, -0.0078125, -4.24219, 0.898438, 3.78125, 8.28125, 3.59375, 2.21875, 2.75781, -5.75781, 0.0390625, -0.101562, 2, 8.4375, 8.5, -2.8125, -0.0390625, -4.39844, -1.00781, 2.88281, 6.89844, 3.35156, 4.58594, 5.85156, ... ]
X at t=0.02:
[ 6.1875, 0.59375, 2.0625, 1.34375, 2.70312, 6.98438, 2.14062, -8.32812, 1.4375, 2.8125, 7.875, 5.125, 1.99219, -0.117188, -4.10156, 0.789062, 3.90625, 8.40625, 3.46875, 2.09375, 2.59375, -5.6875, 0.28125, 0, 2, 8.625, 8, -3.375, 0.429688, -4.24219, -1.03906, 2.78906, 7.02344, 3.50781, 4.55469, 5.66406, ... ]
X at t=0.03:
[ 6.25, 0.6875, 2.09375, 1.46875, 2.82812, 6.98438, 1.45312, -8.26562, 1.4375, 3.125, 8, 5.0625, 1.63672, -0.199219, -3.97266, 0.691406, 4.03125, 8.53125, 3.34375, 1.96875, 2.48438, -5.54688, 0.484375, 0.078125, 2.03125, 8.84375, 7.53125, -3.90625, 0.914062, -4.07031, -1.05469, 2.71094, 7.14844, 3.66406, 4.52344, 5.47656, ... ]
X at t=0.04:
[ 6.32812, 0.828125, 2.07812, 1.57812, 2.9375, 6.9375, 0.75, -8.125, 1.3125, 3.40625, 8.125, 4.96875, 1.28516, -0.253906, -3.85547, 0.605469, 4.125, 8.625, 3.1875, 1.8125, 2.40625, -5.4375, 0.65625, 0.1875, 2.07812, 8.98438, 7.01562, -4.32812, 1.45312, -3.90625, -1.01562, 2.625, 7.29688, 3.82812, 4.48438, 5.26562, ... ]
X at t=0.05:
[ 6.39062, 0.984375, 2.07812, 1.67188, 3.10938, 6.89062, 0.046875, -7.92188, 1.09375, 3.65625, 8.21875, 4.78125, 0.945312, -0.257812, -3.74219, 0.492188, 4.21875, 8.71875, 3.03125, 1.65625, 2.32812, -5.32812, 0.828125, 0.296875, 2.17188, 9.14062, 6.35938, -4.67188, 2.00781, -3.72656, -0.960938, 2.55469, 7.41406, 3.99219, 4.44531, 5.02344, ... ]
X at t=0.06:
[ 6.45312, 1.14062, 2.07812, 1.76562, 3.20312, 6.85938, -0.609375, -7.70312, 0.859375, 3.89062, 8.29688, 4.57812, 0.625, -0.21875, -3.625, 0.40625, 4.34375, 8.78125, 2.84375, 1.53125, 2.26562, -5.20312, 1.01562, 0.421875, 2.21875, 9.28125, 5.71875, -4.96875, 2.52734, -3.51172, -0.894531, 2.50391, 7.52344, 4.19531, 4.36719, 4.78906, ... ]
X at t=0.07:
[ 6.5, 1.28125, 2.0625, 1.84375, 3.35938, 6.76562, -1.20312, -7.54688, 0.53125, 4.03125, 8.46875, 4.34375, 0.304688, -0.179688, -3.50781, 0.320312, 4.40625, 8.90625, 2.59375, 1.46875, 2.19531, -5.03906, 1.16406, 0.554688, 2.32812, 9.35938, 5.01562, -5.20312, 3.01562, -3.28125, -0.796875, 2.46875, 7.63281, 4.39844, 4.28906, 4.55469, ... ]
X at t=0.08:
[ 6.54688, 1.42188, 2.04688, 1.92188, 3.5, 6.625, -1.8125, -7.3125, 0.171875, 4.14062, 8.60938, 4.07812, 0.0195312, -0.0976562, -3.40234, 0.230469, 4.46875, 9.03125, 2.34375, 1.40625, 2.15625, -4.90625, 1.28125, 0.71875, 2.42188, 9.45312, 4.35938, -5.35938, 3.46875, -3.01562, -0.6875, 2.45312, 7.72656, 4.58594, 4.19531, 4.30469, ... ]
X at t=0.09:
[ 6.59375, 1.5625, 2.03125, 2, 3.67188, 6.51562, -2.39062, -7.04688, -0.21875, 4.21875, 8.71875, 3.78125, -0.25, 0, -3.28125, 0.15625, 4.46875, 9.15625, 2.09375, 1.28125, 2.11719, -4.77344, 1.39844, 0.882812, 2.51562, 9.54688, 3.70312, -5.51562, 3.87891, -2.72266, -0.574219, 2.44922, 7.85156, 4.74219, 4.07031, 4.08594, ... ]
X at t=0.1:
[ 6.64062, 1.70312, 2.01562, 2.07812, 3.79688, 6.39062, -2.95312, -6.73438, -0.625, 4.1875, 8.875, 3.4375, -0.464844, 0.105469, -3.16797, 0.0898438, 4.46875, 9.28125, 1.84375, 1.15625, 2.07812, -4.64062, 1.51562, 1.04688, 2.625, 9.5625, 3, -5.5625, 4.22656, -2.41406, -0.429688, 2.42969, 7.96094, 4.88281, 3.92969, 3.85156, ... ]
X at t=0.11:
[ 6.6875, 1.84375, 2, 2.15625, 3.92188, 6.14062, -3.45312, -6.35938, -1.0625, 4.125, 9, 3.0625, -0.664062, 0.210938, -3.05469, 0.0390625, 4.48438, 9.32812, 1.54688, 1.14062, 2.03906, -4.50781, 1.63281, 1.21094, 2.73438, 9.57812, 2.29688, -5.60938, 4.51562, -2.10938, -0.296875, 2.45312, 8.09375, 5.03125, 3.71875, 3.65625, ... ]
X at t=0.12:
[ 6.73438, 1.98438, 1.98438, 2.23438, 4.07812, 5.92188, -3.92188, -5.95312, -1.45312, 3.95312, 9.17188, 2.70312, -0.828125, 0.328125, -2.9375, 0, 4.5, 9.375, 1.25, 1.125, 2, -4.375, 1.75, 1.375, 2.85938, 9.51562, 1.54688, -5.54688, 4.76562, -1.73438, -0.171875, 2.45312, 8.23438, 5.14062, 3.54688, 3.45312, ... ]
X at t=0.13:
[ 6.76562, 2.10938, 1.95312, 2.29688, 4.1875, 5.6875, -4.375, -5.5, -1.84375, 3.71875, 9.28125, 2.34375, -0.953125, 0.453125, -2.82812, -0.046875, 4.51562, 9.42188, 0.953125, 1.10938, 1.98438, -4.23438, 1.79688, 1.57812, 3.01562, 9.48438, 0.828125, -5.45312, 4.95312, -1.39062, -0.046875, 2.48438, 8.34375, 5.21875, 3.34375, 3.21875, ... ]
X at t=0.14:
[ 6.79688, 2.23438, 1.92188, 2.35938, 4.33594, 5.44531, -4.75781, -5.02344, -2.23438, 3.48438, 9.39062, 1.98438, -1.03906, 0.570312, -2.69531, -0.0859375, 4.53125, 9.46875, 0.65625, 1.09375, 1.96875, -4.09375, 1.84375, 1.78125, 3.17188, 9.45312, 0.109375, -5.35938, 5.03906, -1.00781, 0.0703125, 2.52344, 8.48438, 5.26562, 3.10938, 3.01562, ... ]
X at t=0.15:
[ 6.82812, 2.35938, 1.89062, 2.42188, 4.48438, 5.07812, -5.07812, -4.48438, -2.54688, 3.23438, 9.45312, 1.60938, -1.10938, 0.671875, -2.57812, -0.109375, 4.5, 9.5, 0.375, 1.125, 1.98828, -3.95703, 1.91016, 1.96484, 3.32812, 9.42188, -0.609375, -5.26562, 5.10938, -0.640625, 0.171875, 2.54688, 8.57812, 5.29688, 2.89062, 2.85938, ... ]
X at t=0.16:
[ 6.85938, 2.48438, 1.85938, 2.48438, 4.59375, 4.78125, -5.40625, -3.96875, -2.78125, 2.90625, 9.59375, 1.28125, -1.14062, 0.796875, -2.45312, -0.140625, 4.5, 9.5, 0.0625, 1.1875, 2.00391, -3.80078, 1.95703, 2.15234, 3.5, 9.3125, -1.375, -5.0625, 5.10938, -0.265625, 0.234375, 2.60938, 8.70312, 5.29688, 2.64062, 2.73438, ... ]
X at t=0.17:
[ 6.92188, 2.57812, 1.79688, 2.57812, 4.75, 4.4375, -5.625, -3.4375, -2.98438, 2.54688, 9.70312, 0.984375, -1.14062, 0.921875, -2.32812, -0.140625, 4.53125, 9.53125, -0.21875, 1.28125, 2.01953, -3.64453, 2.00391, 2.33984, 3.6875, 9.125, -2.0625, -4.875, 5.04688, 0.078125, 0.296875, 2.70312, 8.82812, 5.29688, 2.39062, 2.60938, ... ]
X at t=0.18:
[ 6.98438, 2.67188, 1.73438, 2.67188, 4.90625, 4.09375, -5.84375, -2.90625, -3.15625, 2.15625, 9.78125, 0.71875, -1.125, 1.03125, -2.21875, -0.125, 4.51562, 9.54688, -0.484375, 1.42188, 2.05078, -3.50391, 2.03516, 2.54297, 3.875, 8.9375, -2.75, -4.6875, 4.9375, 0.4375, 0.375, 2.75, 8.98438, 5.26562, 2.10938, 2.51562, ... ]
X at t=0.19:
[ 7.04688, 2.76562, 1.67188, 2.76562, 5.03125, 3.65625, -5.96875, -2.34375, -3.28125, 1.84375, 9.78125, 0.53125, -1.08594, 1.14844, -2.11719, -0.132812, 4.51562, 9.48438, -0.671875, 1.54688, 2.07422, -3.37109, 2.05859, 2.73828, 4.07812, 8.73438, -3.42188, -4.39062, 4.76562, 0.765625, 0.453125, 2.82812, 9.09375, 5.21875, 1.84375, 2.46875, ... ]
X at t=0.2:
[ 7.125, 2.875, 1.625, 2.875, 5.15625, 3.21875, -6.09375, -1.78125, -3.29688, 1.54688, 9.76562, 0.359375, -1.03125, 1.23438, -2, -0.109375, 4.51562, 9.42188, -0.859375, 1.67188, 2.09766, -3.23828, 2.08203, 2.93359, 4.29688, 8.45312, -4.01562, -4.10938, 4.57812, 1.07812, 0.515625, 2.89062, 9.20312, 5.10938, 1.51562, 2.42188, ... ]
X at t=0.21:
[ 7.20312, 2.98438, 1.57812, 2.98438, 5.20312, 2.82812, -6.17188, -1.29688, -3.34375, 1.28125, 9.78125, 0.15625, -0.964844, 1.32422, -1.88672, -0.0976562, 4.51562, 9.35938, -1.04688, 1.79688, 2.12109, -3.10547, 2.10547, 3.12891, 4.52344, 8.13281, -4.57031, -3.83594, 4.42188, 1.35938, 0.546875, 2.98438, 9.3125, 5, 1.1875, 2.375, ... ]
X at t=0.22:
[ 7.25, 3.0625, 1.5, 3.0625, 5.25781, 2.39844, -6.21094, -0.820312, -3.29688, 0.984375, 9.76562, 0.046875, -0.882812, 1.41406, -1.77344, -0.0703125, 4.51562, 9.29688, -1.23438, 1.92188, 2.14453, -2.97266, 2.12891, 3.32422, 4.76562, 7.73438, -5.04688, -3.57812, 4.23828, 1.60547, 0.597656, 3.08984, 9.375, 4.875, 0.875, 2.375, ... ]
X at t=0.23:
[ 7.29688, 3.14062, 1.42188, 3.14062, 5.33594, 1.97656, -6.19531, -0.429688, -3.21875, 0.71875, 9.78125, -0.03125, -0.792969, 1.49609, -1.66797, -0.0351562, 4.54688, 9.26562, -1.39062, 2.07812, 2.18359, -2.85547, 2.13672, 3.53516, 5.04688, 7.26562, -5.51562, -3.29688, 4.05078, 1.82422, 0.660156, 3.18359, 9.48438, 4.64062, 0.609375, 2.39062, ... ]
X at t=0.24:
[ 7.34375, 3.21875, 1.34375, 3.21875, 5.36719, 1.57031, -6.16406, -0.0859375, -3.14062, 0.453125, 9.79688, -0.109375, -0.703125, 1.57812, -1.5625, 0, 4.57812, 9.23438, -1.54688, 2.23438, 2.24219, -2.77344, 2.14844, 3.75781, 5.28125, 6.78125, -5.96875, -2.96875, 3.85938, 2.01562, 0.734375, 3.26562, 9.59375, 4.40625, 0.34375, 2.40625, ... ]
X at t=0.25:
[ 7.35938, 3.32812, 1.29688, 3.26562, 5.40625, 1.125, -6.09375, 0.25, -3.04688, 0.296875, 9.76562, -0.140625, -0.613281, 1.66016, -1.45703, 0.0351562, 4.60938, 9.20312, -1.70312, 2.39062, 2.28125, -2.65625, 2.15625, 3.96875, 5.53125, 6.21875, -6.34375, -2.65625, 3.67188, 2.23438, 0.796875, 3.35938, 9.65625, 4.15625, 0.09375, 2.46875, ... ]
X at t=0.26:
[ 7.375, 3.4375, 1.25, 3.3125, 5.41406, 0.710938, -5.99219, 0.554688, -2.95312, 0.140625, 9.73438, -0.171875, -0.515625, 1.73438, -1.35938, 0.078125, 4.60938, 9.07812, -1.76562, 2.57812, 2.32031, -2.53906, 2.16406, 4.17969, 5.75, 5.625, -6.75, -2.375, 3.50781, 2.39844, 0.882812, 3.46094, 9.71875, 3.90625, -0.15625, 2.53125, ... ]
X at t=0.27:
[ 7.39062, 3.54688, 1.20312, 3.35938, 5.40625, 0.28125, -5.90625, 0.84375, -2.82812, 0.015625, 9.73438, -0.171875, -0.417969, 1.80859, -1.26172, 0.121094, 4.60938, 8.95312, -1.82812, 2.76562, 2.38281, -2.41406, 2.16406, 4.36719, 5.92188, 5.01562, -7.01562, -2.17188, 3.34375, 2.5625, 0.96875, 3.5625, 9.79688, 3.57812, -0.328125, 2.57812, ... ]
X at t=0.28:
[ 7.40625, 3.65625, 1.15625, 3.40625, 5.42188, -0.140625, -5.76562, 1.04688, -2.70312, -0.109375, 9.73438, -0.171875, -0.320312, 1.88281, -1.16406, 0.164062, 4.65625, 8.84375, -1.90625, 2.90625, 2.44531, -2.28906, 2.16406, 4.55469, 6.10938, 4.32812, -7.20312, -1.98438, 3.17969, 2.72656, 1.05469, 3.66406, 9.82812, 3.23438, -0.484375, 2.67188, ... ]
X at t=0.29:
[ 7.42188, 3.76562, 1.10938, 3.45312, 5.39062, -0.546875, -5.60938, 1.20312, -2.57812, -0.234375, 9.73438, -0.171875, -0.222656, 1.95703, -1.06641, 0.207031, 4.70312, 8.73438, -1.98438, 3.04688, 2.49219, -2.17969, 2.14844, 4.72656, 6.26562, 3.60938, -7.42188, -1.82812, 3.04688, 2.89062, 1.14062, 3.79688, 9.85938, 2.89062, -0.640625, 2.76562, ... ]
X at t=0.3:
[ 7.4375, 3.875, 1.0625, 3.5, 5.35938, -0.953125, -5.45312, 1.35938, -2.40625, -0.40625, 9.71875, -0.03125, -0.130859, 2.00586, -0.966797, 0.263672, 4.75781, 8.58594, -2.02344, 3.17969, 2.53906, -2.07031, 2.13281, 4.89844, 6.32812, 2.85938, -7.48438, -1.70312, 2.91016, 3.02734, 1.23828, 3.91797, 9.95312, 2.48438, -0.734375, 2.79688, ... ]
X at t=0.31:
[ 7.45312, 3.98438, 1.01562, 3.54688, 5.29688, -1.32812, -5.26562, 1.48438, -2.25, -0.5, 9.625, 0.125, -0.0488281, 2.07227, -0.869141, 0.314453, 4.8125, 8.4375, -2.0625, 3.3125, 2.58594, -1.96094, 2.11719, 5.07031, 6.39062, 2.10938, -7.54688, -1.57812, 2.75781, 3.17969, 1.35156, 4.02344, 10.0156, 2.10938, -0.796875, 2.79688, ... ]
X at t=0.32:
[ 7.46875, 4.09375, 0.96875, 3.59375, 5.23438, -1.70312, -5.07812, 1.60938, -2.09375, -0.59375, 9.53125, 0.28125, 0.0175781, 2.13086, -0.771484, 0.373047, 4.89844, 8.32031, -2.07031, 3.47656, 2.64062, -1.89062, 2.14062, 5.23438, 6.375, 1.3125, -7.5, -1.5625, 2.63281, 3.30469, 1.47656, 4.14844, 9.98438, 1.70312, -0.828125, 2.89062, ... ]
X at t=0.33:
[ 7.48438, 4.20312, 0.921875, 3.64062, 5.17188, -2.04688, -4.89062, 1.64062, -1.96875, -0.59375, 9.53125, 0.40625, 0.0644531, 2.17773, -0.677734, 0.435547, 4.98438, 8.20312, -2.07812, 3.64062, 2.69531, -1.82031, 2.16406, 5.39844, 6.35938, 0.515625, -7.45312, -1.54688, 2.50781, 3.42969, 1.60156, 4.27344, 9.92188, 1.26562, -0.890625, 2.95312, ... ]
X at t=0.34:
[ 7.5, 4.3125, 0.875, 3.6875, 5.10938, -2.39062, -4.70312, 1.67188, -1.84375, -0.59375, 9.53125, 0.53125, 0.111328, 2.22461, -0.583984, 0.498047, 5.07031, 8.08594, -2.08594, 3.80469, 2.75, -1.75, 2.1875, 5.5625, 6.28125, -0.21875, -7.34375, -1.59375, 2.38281, 3.55469, 1.72656, 4.39844, 9.85938, 0.828125, -0.953125, 3.01562, ... ]
X at t=0.35:
[ 7.48438, 4.45312, 0.859375, 3.70312, 5.01562, -2.70312, -4.48438, 1.67188, -1.71875, -0.59375, 9.53125, 0.65625, 0.150391, 2.2793, -0.482422, 0.552734, 5.15625, 7.96875, -2.09375, 3.96875, 2.80469, -1.67969, 2.21094, 5.72656, 6.15625, -0.96875, -7.09375, -1.71875, 2.23438, 3.67188, 1.85938, 4.54688, 9.75, 0.375, -0.875, 3, ... ]
X at t=0.36:
[ 7.45312, 4.67188, 0.765625, 3.73438, 4.92188, -3.01562, -4.26562, 1.67188, -1.59375, -0.59375, 9.53125, 0.78125, 0.167969, 2.33203, -0.394531, 0.613281, 5.28125, 7.78125, -2.09375, 4.15625, 2.89062, -1.64062, 2.20312, 5.92188, 6.03125, -1.71875, -6.84375, -1.84375, 2.10156, 3.80469, 2.00781, 4.71094, 9.64062, -0.078125, -0.796875, 2.98438, ... ]
X at t=0.37:
[ 7.39062, 4.85938, 0.640625, 3.73438, 4.78906, -3.25781, -4.05469, 1.64844, -1.46875, -0.59375, 9.53125, 0.90625, 0.185547, 2.38477, -0.306641, 0.673828, 5.40625, 7.59375, -2.09375, 4.34375, 2.97656, -1.60156, 2.19531, 6.11719, 5.84375, -2.40625, -6.53125, -2.03125, 1.96875, 3.9375, 2.15625, 4.875, 9.53125, -0.53125, -0.71875, 2.96875, ... ]
X at t=0.38:
[ 7.32812, 5.04688, 0.515625, 3.73438, 4.65625, -3.5, -3.84375, 1.625, -1.34375, -0.59375, 9.53125, 1.03125, 0.191406, 2.43359, -0.214844, 0.746094, 5.53125, 7.40625, -2.09375, 4.53125, 3.04688, -1.57812, 2.17188, 6.29688, 5.53906, -3.00781, -6.17969, -2.22656, 1.78125, 4.09375, 2.34375, 5.03125, 9.42188, -0.984375, -0.640625, 2.95312, ... ]
X at t=0.39:
[ 7.26562, 5.23438, 0.390625, 3.73438, 4.53906, -3.72656, -3.61719, 1.61719, -1.21875, -0.59375, 9.53125, 1.15625, 0.195312, 2.49219, -0.132812, 0.820312, 5.59375, 7.28125, -2.03125, 4.65625, 3.11719, -1.55469, 2.14844, 6.47656, 5.23438, -3.54688, -5.76562, -2.42188, 1.59375, 4.25, 2.53125, 5.1875, 9.15625, -1.40625, -0.46875, 2.96875, ... ]
X at t=0.4:
[ 7.21094, 5.38281, 0.304688, 3.72656, 4.39062, -3.92188, -3.35938, 1.57812, -1.09375, -0.59375, 9.53125, 1.28125, 0.179688, 2.55469, -0.0390625, 0.898438, 5.70312, 7.17188, -1.98438, 4.73438, 3.15625, -1.5, 2.15625, 6.625, 4.89062, -4.01562, -5.35938, -2.64062, 1.41406, 4.36719, 2.75781, 5.33594, 8.89062, -1.82812, -0.296875, 2.98438, ... ]
X at t=0.41:
[ 7.10938, 5.51562, 0.234375, 3.76562, 4.23438, -4.07812, -3.14062, 1.54688, -0.96875, -0.59375, 9.53125, 1.40625, 0.15625, 2.60938, 0.046875, 0.96875, 5.8125, 7.0625, -1.9375, 4.8125, 3.21875, -1.46875, 2.21875, 6.78125, 4.5, -4.4375, -4.875, -2.8125, 1.21094, 4.47656, 2.99219, 5.50781, 8.625, -2.25, -0.125, 3, ... ]
X at t=0.42:
[ 7.00781, 5.64844, 0.164062, 3.80469, 4.07812, -4.23438, -2.92188, 1.51562, -0.84375, -0.59375, 9.53125, 1.53125, 0.132812, 2.66406, 0.132812, 1.03906, 5.92188, 6.95312, -1.89062, 4.89062, 3.29688, -1.48438, 2.23438, 6.95312, 4.07031, -4.78906, -4.39844, -3.00781, 1.00781, 4.58594, 3.22656, 5.67969, 8.29688, -2.60938, 0.109375, 2.95312, ... ]
X at t=0.43:
[ 6.89062, 5.76562, 0.078125, 3.82812, 3.92188, -4.39062, -2.70312, 1.48438, -0.71875, -0.59375, 9.53125, 1.65625, 0.0976562, 2.71484, 0.222656, 1.12109, 6.03125, 6.84375, -1.84375, 4.96875, 3.42188, -1.48438, 2.23438, 7.07812, 3.61719, -5.08594, -3.91406, -3.11719, 0.796875, 4.70312, 3.54688, 5.82812, 7.92969, -2.92969, 0.335938, 2.97656, ... ]
X at t=0.44:
[ 6.77344, 5.88281, -0.0078125, 3.85156, 3.82031, -4.47656, -2.52344, 1.42969, -0.609375, -0.515625, 9.45312, 1.79688, 0.0546875, 2.77344, 0.320312, 1.19531, 6.14062, 6.73438, -1.79688, 5.04688, 3.54688, -1.48438, 2.23438, 7.20312, 3.125, -5.3125, -3.4375, -3.25, 0.585938, 4.82031, 3.86719, 5.97656, 7.50781, -3.22656, 0.539062, 3.05469, ... ]
X at t=0.45:
[ 6.65625, 6, -0.09375, 3.875, 3.71875, -4.5625, -2.34375, 1.375, -0.5, -0.4375, 9.375, 1.9375, 0, 2.82812, 0.421875, 1.28125, 6.21875, 6.59375, -1.78125, 5.09375, 3.64062, -1.51562, 2.20312, 7.29688, 2.64844, -5.42969, -3.00781, -3.33594, 0.429688, 4.91406, 4.21094, 6.07031, 7.08594, -3.52344, 0.742188, 3.13281, ... ]
X at t=0.46:
[ 6.53906, 6.11719, -0.179688, 3.89844, 3.61719, -4.64844, -2.16406, 1.32031, -0.390625, -0.359375, 9.29688, 2.07812, -0.0546875, 2.88281, 0.523438, 1.36719, 6.29688, 6.45312, -1.76562, 5.14062, 3.73438, -1.54688, 2.17188, 7.39062, 2.16406, -5.50781, -2.61719, -3.41406, 0.28125, 4.96875, 4.59375, 6.15625, 6.57812, -3.76562, 0.953125, 3.23438, ... ]
X at t=0.47:
[ 6.46875, 6.21875, -0.28125, 3.96875, 3.51562, -4.73438, -1.98438, 1.26562, -0.34375, -0.21875, 9.28125, 2.15625, -0.109375, 2.9375, 0.625, 1.45312, 6.375, 6.3125, -1.75, 5.1875, 3.82812, -1.57812, 2.14062, 7.48438, 1.65625, -5.53125, -2.21875, -3.40625, 0.09375, 5.03125, 4.90625, 6.21875, 6.0625, -3.96875, 1.125, 3.34375, ... ]
X at t=0.48:
[ 6.40625, 6.28125, -0.34375, 4.03125, 3.38281, -4.82031, -1.77344, 1.27344, -0.328125, -0.109375, 9.23438, 2.20312, -0.175781, 2.98828, 0.730469, 1.55078, 6.53125, 6.03125, -1.71875, 5.28125, 3.92188, -1.60938, 2.10938, 7.57812, 1.14062, -5.51562, -1.85938, -3.39062, -0.078125, 5.01562, 5.29688, 6.26562, 5.53906, -4.13281, 1.25781, 3.46094, ... ]
X at t=0.49:
[ 6.34375, 6.34375, -0.40625, 4.09375, 3.24219, -4.86719, -1.60156, 1.28906, -0.25, -0.0625, 9.25, 2.1875, -0.234375, 3.04688, 0.84375, 1.65625, 6.625, 5.8125, -1.625, 5.3125, 4.01562, -1.64062, 2.07812, 7.67188, 0.617188, -5.46094, -1.53906, -3.36719, -0.203125, 5.01562, 5.67188, 6.26562, 4.92969, -4.24219, 1.39844, 3.60156, ... ]
X at t=0.5:
[ 6.28125, 6.40625, -0.46875, 4.15625, 3.10156, -4.91406, -1.42969, 1.30469, -0.1875, 0.0625, 9.1875, 2.1875, -0.285156, 3.09766, 0.980469, 1.73828, 6.71875, 5.59375, -1.53125, 5.34375, 4.10938, -1.67188, 2.04688, 7.76562, 0.101562, -5.35156, -1.24219, -3.32031, -0.328125, 5.01562, 6.04688, 6.26562, 4.3125, -4.3125, 1.5, 3.75, ... ]
X at t=0.51:
[ 6.21875, 6.46875, -0.53125, 4.21875, 2.96094, -4.96094, -1.25781, 1.32031, -0.109375, 0.109375, 9.20312, 2.17188, -0.328125, 3.14062, 1.10938, 1.82812, 6.8125, 5.375, -1.4375, 5.375, 4.17188, -1.73438, 1.98438, 7.82812, -0.421875, -5.20312, -0.984375, -3.26562, -0.40625, 5.03125, 6.40625, 6.21875, 3.6875, -4.34375, 1.5625, 3.90625, ... ]
X at t=0.52:
[ 6.15625, 6.53125, -0.59375, 4.28125, 2.82031, -5.00781, -1.08594, 1.33594, -0.03125, 0.15625, 9.21875, 2.15625, -0.363281, 3.19141, 1.24609, 1.92578, 6.90625, 5.15625, -1.34375, 5.40625, 4.23438, -1.79688, 1.92188, 7.89062, -0.890625, -4.98438, -0.765625, -3.23438, -0.515625, 5.01562, 6.73438, 6.14062, 3.03906, -4.35156, 1.57031, 4.05469, ... ]
X at t=0.53:
[ 6.09375, 6.59375, -0.65625, 4.34375, 2.67188, -5.01562, -0.953125, 1.35938, 0.03125, 0.28125, 9.15625, 2.15625, -0.398438, 3.24219, 1.38281, 2.02344, 7, 4.9375, -1.25, 5.4375, 4.23438, -1.79688, 1.92188, 7.89062, -1.32031, -4.74219, -0.601562, -3.14844, -0.609375, 5.04688, 7.07812, 5.98438, 2.39062, -4.35938, 1.57812, 4.20312, ... ]
X at t=0.54:
[ 6.03906, 6.61719, -0.679688, 4.39844, 2.52344, -5.02344, -0.820312, 1.38281, 0.109375, 0.328125, 9.17188, 2.14062, -0.429688, 3.27344, 1.53906, 2.11719, 7.09375, 4.71875, -1.15625, 5.46875, 4.23438, -1.79688, 1.92188, 7.89062, -1.75, -4.5, -0.4375, -3.0625, -0.71875, 4.96875, 7.46875, 5.78125, 1.75, -4.3125, 1.5625, 4.375, ... ]
X at t=0.55:
[ 5.98438, 6.64062, -0.703125, 4.45312, 2.375, -5.03125, -0.6875, 1.40625, 0.171875, 0.453125, 9.10938, 2.14062, -0.445312, 3.32031, 1.71094, 2.22656, 7.15625, 4.46875, -1.09375, 5.46875, 4.23438, -1.79688, 1.92188, 7.89062, -2.125, -4.1875, -0.3125, -3, -0.78125, 4.90625, 7.84375, 5.53125, 1.16406, -4.19531, 1.50781, 4.52344, ... ]
X at t=0.56:
[ 5.92969, 6.66406, -0.726562, 4.50781, 2.22656, -5.03906, -0.554688, 1.42969, 0.25, 0.5, 9.125, 2.125, -0.484375, 3.35938, 1.89062, 2.35938, 7.21875, 4.21875, -1.03125, 5.46875, 4.23438, -1.79688, 1.92188, 7.89062, -2.48047, -3.86328, -0.214844, -2.91016, -0.890625, 4.89062, 8.10938, 5.26562, 0.578125, -4.07812, 1.45312, 4.67188, ... ]
X at t=0.57:
[ 5.89062, 6.70312, -0.734375, 4.57812, 2.08594, -4.99219, -0.445312, 1.47656, 0.328125, 0.546875, 9.14062, 2.10938, -0.523438, 3.39844, 2.07031, 2.49219, 7.28125, 3.96875, -0.96875, 5.46875, 4.23438, -1.79688, 1.92188, 7.89062, -2.82812, -3.53125, -0.109375, -2.8125, -0.96875, 4.78125, 8.40625, 4.90625, 0.0625, -3.9375, 1.3125, 4.8125, ... ]
X at t=0.58:
[ 5.85156, 6.74219, -0.742188, 4.64844, 1.94531, -4.94531, -0.335938, 1.52344, 0.390625, 0.671875, 9.07812, 2.10938, -0.5625, 3.4375, 2.25, 2.625, 7.34375, 3.71875, -0.90625, 5.46875, 4.20312, -1.82812, 1.89062, 7.85938, -3.13281, -3.17969, -0.0390625, -2.71094, -1, 4.6875, 8.6875, 4.5, -0.453125, -3.79688, 1.17188, 4.95312, ... ]
X at t=0.59:
[ 5.82031, 6.74219, -0.710938, 4.71094, 1.80469, -4.89844, -0.226562, 1.57031, 0.515625, 0.734375, 9.07812, 2.04688, -0.601562, 3.47656, 2.42969, 2.75781, 7.40625, 3.46875, -0.84375, 5.46875, 4.17188, -1.85938, 1.85938, 7.82812, -3.41016, -2.79297, 0.0117188, -2.62109, -1.0625, 4.5625, 8.9375, 4.0625, -0.890625, -3.60938, 1.04688, 5.07812, ... ]
X at t=0.6:
[ 5.78906, 6.74219, -0.679688, 4.77344, 1.66406, -4.85156, -0.117188, 1.61719, 0.5625, 0.9375, 9.0625, 1.9375, -0.625, 3.53125, 2.625, 2.90625, 7.46875, 3.21875, -0.78125, 5.46875, 4.14062, -1.89062, 1.82812, 7.79688, -3.63281, -2.39844, 0.0546875, -2.52344, -1.07812, 4.45312, 9.17188, 3.57812, -1.25, -3.4375, 0.875, 5.1875, ... ]
X at t=0.61:
[ 5.75781, 6.74219, -0.648438, 4.83594, 1.51562, -4.76562, -0.046875, 1.67188, 0.625, 1.0625, 9.125, 1.8125, -0.632812, 3.57031, 2.80469, 3.07031, 7.53125, 2.96875, -0.71875, 5.46875, 4.10938, -1.92188, 1.79688, 7.76562, -3.84766, -1.99609, 0.105469, -2.41797, -1.14062, 4.39062, 9.29688, 3.07812, -1.55469, -3.28906, 0.726562, 5.24219, ... ]
X at t=0.62:
[ 5.72656, 6.74219, -0.617188, 4.89844, 1.36719, -4.67969, 0.0234375, 1.72656, 0.6875, 1.1875, 9.1875, 1.6875, -0.640625, 3.60938, 2.98438, 3.23438, 7.54688, 2.70312, -0.640625, 5.51562, 4.07812, -1.95312, 1.76562, 7.73438, -4.00781, -1.58594, 0.148438, -2.30469, -1.17188, 4.29688, 9.39062, 2.60938, -1.82812, -3.10938, 0.609375, 5.32812, ... ]
X at t=0.63:
[ 5.74219, 6.75781, -0.601562, 4.91406, 1.21875, -4.59375, 0.09375, 1.78125, 0.75, 1.3125, 9.25, 1.5625, -0.648438, 3.64844, 3.16406, 3.39844, 7.5625, 2.4375, -0.5625, 5.5625, 4.04688, -1.98438, 1.73438, 7.70312, -4.13281, -1.17969, 0.210938, -2.21094, -1.15625, 4.21875, 9.46875, 2.09375, -2.02344, -2.94531, 0.445312, 5.39844, ... ]
X at t=0.64:
[ 5.75781, 6.77344, -0.585938, 4.92969, 1.07031, -4.50781, 0.164062, 1.83594, 0.796875, 1.51562, 9.23438, 1.45312, -0.640625, 3.70312, 3.35938, 3.57812, 7.51562, 2.17188, -0.484375, 5.54688, 4.01562, -2.01562, 1.70312, 7.67188, -4.25781, -0.773438, 0.273438, -2.11719, -1.14062, 4.14062, 9.54688, 1.57812, -2.13281, -2.77344, 0.335938, 5.44531, ... ]
X at t=0.65:
[ 5.77344, 6.78906, -0.570312, 4.94531, 0.921875, -4.42188, 0.234375, 1.89062, 0.828125, 1.60938, 9.26562, 1.29688, -0.625, 3.71875, 3.59375, 3.75, 7.46875, 1.90625, -0.40625, 5.53125, 3.98438, -2.04688, 1.67188, 7.64062, -4.34375, -0.34375, 0.34375, -2.03125, -1.125, 4.0625, 9.625, 1.0625, -2.16406, -2.61719, 0.179688, 5.47656, ... ]
X at t=0.66:
[ 5.78906, 6.80469, -0.554688, 4.96094, 0.796875, -4.32812, 0.234375, 1.98438, 0.90625, 1.71875, 9.28125, 1.09375, -0.609375, 3.73438, 3.82812, 3.92188, 7.42188, 1.64062, -0.328125, 5.51562, 3.95312, -2.07812, 1.64062, 7.60938, -4.35156, 0.0390625, 0.429688, -1.92969, -1.10938, 3.98438, 9.70312, 0.546875, -2.15625, -2.46875, 0.09375, 5.53125, ... ]
X at t=0.67:
[ 5.83594, 6.78906, -0.570312, 5.00781, 0.671875, -4.23438, 0.234375, 2.07812, 0.96875, 1.90625, 9.21875, 0.90625, -0.546875, 3.79688, 4.01562, 4.10938, 7.32812, 1.35938, -0.234375, 5.54688, 3.92188, -2.10938, 1.60938, 7.57812, -4.33594, 0.429688, 0.507812, -1.85156, -1.0625, 3.875, 9.75, 0.0625, -2.07031, -2.33594, -0.0390625, 5.57031, ... ]
X at t=0.68:
[ 5.89062, 6.73438, -0.546875, 5.04688, 0.59375, -4.125, 0.21875, 2.125, 1.03125, 2.09375, 9.15625, 0.71875, -0.5, 3.8125, 4.25, 4.3125, 7.23438, 1.07812, -0.140625, 5.57812, 3.89062, -2.14062, 1.57812, 7.54688, -4.30078, 0.785156, 0.589844, -1.76172, -1.03125, 3.84375, 9.71875, -0.40625, -1.92969, -2.22656, -0.148438, 5.55469, ... ]
X at t=0.69:
[ 5.94531, 6.67969, -0.523438, 5.08594, 0.515625, -4.01562, 0.203125, 2.17188, 1.125, 2.25, 9.0625, 0.5625, -0.453125, 3.82812, 4.48438, 4.51562, 7.10938, 0.828125, -0.015625, 5.57812, 3.85938, -2.17188, 1.54688, 7.51562, -4.22266, 1.14453, 0.699219, -1.68359, -1, 3.8125, 9.6875, -0.875, -1.75781, -2.08594, -0.226562, 5.57031, ... ]
X at t=0.7:
[ 6, 6.625, -0.5, 5.125, 0.414062, -3.91406, 0.195312, 2.24219, 1.21875, 2.40625, 8.96875, 0.40625, -0.359375, 3.85938, 4.70312, 4.67188, 6.98438, 0.578125, 0.109375, 5.57812, 3.82812, -2.20312, 1.51562, 7.48438, -4.125, 1.46875, 0.8125, -1.59375, -0.984375, 3.73438, 9.64062, -1.26562, -1.53125, -1.96875, -0.28125, 5.53125, ... ]
X at t=0.71:
[ 6.05469, 6.57031, -0.476562, 5.16406, 0.3125, -3.8125, 0.1875, 2.3125, 1.3125, 2.5625, 8.875, 0.25, -0.265625, 3.89062, 4.92188, 4.82812, 6.78125, 0.28125, 0.21875, 5.59375, 3.71875, -2.21875, 1.53125, 7.46875, -3.98438, 1.79688, 0.953125, -1.51562, -0.96875, 3.65625, 9.59375, -1.65625, -1.24219, -1.85156, -0.335938, 5.55469, ... ]
X at t=0.72:
[ 6.10938, 6.51562, -0.453125, 5.20312, 0.210938, -3.71094, 0.179688, 2.38281, 1.40625, 2.71875, 8.78125, 0.09375, -0.171875, 3.92188, 5.14062, 4.98438, 6.5625, 0.0625, 0.25, 5.625, 3.60938, -2.23438, 1.54688, 7.45312, -3.82031, 2.13281, 1.08594, -1.46094, -0.890625, 3.57812, 9.54688, -1.98438, -0.945312, -1.77344, -0.351562, 5.57031, ... ]
X at t=0.73:
[ 6.1875, 6.4375, -0.375, 5.25, 0.132812, -3.60156, 0.164062, 2.42969, 1.5, 2.875, 8.6875, -0.0625, -0.078125, 3.95312, 5.35938, 5.14062, 6.3125, -0.125, 0.3125, 5.625, 3.5, -2.25, 1.5625, 7.4375, -3.63281, 2.38281, 1.21094, -1.39844, -0.8125, 3.5, 9.5, -2.3125, -0.601562, -1.67969, -0.382812, 5.53906, ... ]
X at t=0.74:
[ 6.26562, 6.35938, -0.296875, 5.29688, 0.0546875, -3.49219, 0.148438, 2.47656, 1.59375, 3.03125, 8.59375, -0.21875, 0.015625, 3.98438, 5.57812, 5.29688, 6.01562, -0.328125, 0.390625, 5.67188, 3.39062, -2.26562, 1.57812, 7.42188, -3.44531, 2.63281, 1.33594, -1.33594, -0.796875, 3.48438, 9.39062, -2.57812, -0.226562, -1.55469, -0.382812, 5.53906, ... ]
X at t=0.75:
[ 6.34375, 6.28125, -0.21875, 5.34375, -0.0234375, -3.38281, 0.132812, 2.52344, 1.6875, 3.1875, 8.5, -0.375, 0.078125, 4.04688, 5.82812, 5.42188, 5.71875, -0.53125, 0.46875, 5.71875, 3.28125, -2.28125, 1.59375, 7.40625, -3.23438, 2.89062, 1.45312, -1.29688, -0.71875, 3.46875, 9.28125, -2.78125, 0.148438, -1.42969, -0.382812, 5.53906, ... ]
X at t=0.76:
[ 6.42188, 6.20312, -0.140625, 5.39062, -0.101562, -3.27344, 0.117188, 2.57031, 1.82812, 3.35938, 8.39062, -0.578125, 0.1875, 4.125, 6.0625, 5.5, 5.39062, -0.703125, 0.578125, 5.73438, 3.16406, -2.25781, 1.57031, 7.39844, -3.01562, 3.10938, 1.60938, -1.26562, -0.6875, 3.4375, 9.1875, -2.9375, 0.523438, -1.30469, -0.382812, 5.53906, ... ]
X at t=0.77:
[ 6.5, 6.125, -0.0625, 5.4375, -0.164062, -3.14844, 0.117188, 2.63281, 1.96875, 3.53125, 8.28125, -0.78125, 0.296875, 4.20312, 6.29688, 5.57812, 5.03906, -0.851562, 0.632812, 5.74219, 3.04688, -2.23438, 1.54688, 7.39062, -2.74219, 3.30469, 1.72656, -1.22656, -0.65625, 3.40625, 9.09375, -3.09375, 0.898438, -1.17969, -0.382812, 5.53906, ... ]
X at t=0.78:
[ 6.625, 6.0625, 0, 5.4375, -0.226562, -3.02344, 0.117188, 2.69531, 2.14062, 3.67188, 8.14062, -0.953125, 0.40625, 4.28125, 6.53125, 5.65625, 4.64062, -1.01562, 0.703125, 5.79688, 2.92969, -2.21094, 1.52344, 7.38281, -2.48438, 3.48438, 1.82812, -1.20312, -0.5625, 3.375, 9, -3.1875, 1.27344, -1.05469, -0.382812, 5.53906, ... ]
X at t=0.79:
[ 6.71875, 5.96875, 0.03125, 5.40625, -0.289062, -2.89844, 0.117188, 2.75781, 2.3125, 3.8125, 8, -1.125, 0.5625, 4.375, 6.75, 5.6875, 4.23438, -1.14062, 0.734375, 5.85938, 2.8125, -2.1875, 1.5, 7.375, -2.22656, 3.66406, 1.92969, -1.17969, -0.515625, 3.32812, 8.92188, -3.23438, 1.63281, -0.882812, -0.335938, 5.52344, ... ]
X at t=0.8:
[ 6.84375, 5.84375, 0.03125, 5.40625, -0.351562, -2.77344, 0.117188, 2.82031, 2.48438, 3.95312, 7.85938, -1.29688, 0.6875, 4.5, 7, 5.6875, 3.79688, -1.23438, 0.796875, 5.89062, 2.69531, -2.16406, 1.47656, 7.36719, -1.94531, 3.85156, 2.02344, -1.17969, -0.484375, 3.35938, 8.76562, -3.26562, 1.99219, -0.710938, -0.289062, 5.50781, ... ]
X at t=0.81:
[ 6.96875, 5.71875, 0.03125, 5.40625, -0.414062, -2.64844, 0.117188, 2.88281, 2.64844, 4.13281, 7.67969, -1.46094, 0.828125, 4.60938, 7.20312, 5.60938, 3.35156, -1.28906, 0.820312, 5.92969, 2.57812, -2.14062, 1.45312, 7.35938, -1.64062, 3.95312, 2.10938, -1.17188, -0.390625, 3.39062, 8.60938, -3.23438, 2.35156, -0.539062, -0.242188, 5.49219, ... ]
X at t=0.82:
[ 7.09375, 5.59375, 0.03125, 5.40625, -0.476562, -2.52344, 0.117188, 2.94531, 2.8125, 4.3125, 7.5, -1.625, 0.9375, 4.75, 7.4375, 5.5, 2.90625, -1.34375, 0.84375, 5.96875, 2.46094, -2.11719, 1.42969, 7.35156, -1.35938, 4.07812, 2.14062, -1.17188, -0.34375, 3.40625, 8.46875, -3.15625, 2.71094, -0.367188, -0.195312, 5.47656, ... ]
X at t=0.83:
[ 7.21875, 5.46875, 0.03125, 5.40625, -0.515625, -2.39062, 0.109375, 2.98438, 2.97656, 4.49219, 7.32031, -1.78906, 1.04688, 4.89062, 7.67188, 5.39062, 2.47656, -1.38281, 0.882812, 6.02344, 2.34375, -2.09375, 1.40625, 7.34375, -1.07031, 4.16406, 2.21094, -1.17969, -0.296875, 3.42188, 8.32812, -3.07812, 3.02344, -0.210938, -0.132812, 5.50781, ... ]
X at t=0.84:
[ 7.34375, 5.34375, 0.03125, 5.40625, -0.554688, -2.25781, 0.101562, 3.02344, 3.17188, 4.64062, 7.10938, -1.92188, 1.14062, 5.04688, 7.89062, 5.17188, 2.03906, -1.38281, 0.882812, 6.08594, 2.22656, -2.07031, 1.38281, 7.33594, -0.765625, 4.23438, 2.26562, -1.17188, -0.25, 3.4375, 8.1875, -3, 3.30469, -0.0234375, -0.0390625, 5.50781, ... ]
X at t=0.85:
[ 7.46875, 5.21875, 0.03125, 5.40625, -0.578125, -2.10938, 0.109375, 3.07812, 3.35938, 4.82812, 6.85938, -2.04688, 1.23438, 5.20312, 8.10938, 4.95312, 1.67969, -1.33594, 0.898438, 6.13281, 2.10938, -2.04688, 1.35938, 7.32812, -0.476562, 4.28906, 2.30469, -1.17969, -0.171875, 3.48438, 8.07812, -2.89062, 3.58594, 0.164062, 0.0546875, 5.50781, ... ]
X at t=0.86:
[ 7.5625, 5.0625, 0, 5.375, -0.601562, -1.96094, 0.117188, 3.13281, 3.54688, 5.01562, 6.60938, -2.17188, 1.34375, 5.34375, 8.28125, 4.65625, 1.32031, -1.28906, 0.914062, 6.17969, 1.99219, -2.02344, 1.33594, 7.32031, -0.171875, 4.32812, 2.32812, -1.17188, -0.0625, 3.5, 7.9375, -2.75, 3.86719, 0.351562, 0.148438, 5.50781, ... ]
X at t=0.87:
[ 7.60938, 4.89062, -0.015625, 5.39062, -0.625, -1.8125, 0.125, 3.1875, 3.73438, 5.20312, 6.35938, -2.29688, 1.45312, 5.48438, 8.45312, 4.35938, 0.960938, -1.24219, 0.929688, 6.22656, 1.875, -2, 1.3125, 7.3125, 0.117188, 4.35156, 2.33594, -1.17969, 0.015625, 3.54688, 7.82812, -2.64062, 4.09375, 0.5625, 0.21875, 5.5625, ... ]
X at t=0.88:
[ 7.6875, 4.6875, -0.0625, 5.4375, -0.648438, -1.66406, 0.132812, 3.24219, 3.92188, 5.32812, 6.04688, -2.42188, 1.48438, 5.70312, 8.54688, 4.01562, 0.601562, -1.19531, 0.945312, 6.27344, 1.75781, -1.97656, 1.28906, 7.30469, 0.421875, 4.35938, 2.32812, -1.17188, 0.125, 3.625, 7.75, -2.5, 4.32812, 0.734375, 0.328125, 5.60938, ... ]
X at t=0.89:
[ 7.76562, 4.48438, -0.109375, 5.48438, -0.644531, -1.52734, 0.152344, 3.26953, 4.10938, 5.45312, 5.73438, -2.54688, 1.5625, 5.9375, 8.625, 3.625, 0.320312, -1.10156, 0.976562, 6.30469, 1.64062, -1.95312, 1.26562, 7.29688, 0.710938, 4.35156, 2.30469, -1.17969, 0.1875, 3.6875, 7.6875, -2.3125, 4.54688, 0.890625, 0.421875, 5.64062, ... ]
X at t=0.9:
[ 7.85938, 4.20312, -0.078125, 5.51562, -0.609375, -1.39062, 0.171875, 3.32812, 4.32031, 5.58594, 5.35156, -2.63281, 1.57812, 6.17188, 8.70312, 3.17188, 0.0390625, -1.00781, 1.00781, 6.33594, 1.51562, -1.89062, 1.20312, 7.29688, 1.01562, 4.32812, 2.26562, -1.17188, 0.25, 3.75, 7.625, -2.125, 4.76562, 1.04688, 0.515625, 5.67188, ... ]
X at t=0.91:
[ 7.95312, 3.92188, -0.046875, 5.54688, -0.574219, -1.25391, 0.191406, 3.38672, 4.53125, 5.71875, 4.96875, -2.71875, 1.5625, 6.375, 8.75, 2.6875, -0.132812, -0.898438, 1.02344, 6.38281, 1.39062, -1.82812, 1.14062, 7.29688, 1.32031, 4.30469, 2.22656, -1.16406, 0.3125, 3.8125, 7.5625, -1.9375, 4.90625, 1.21875, 0.65625, 5.71875, ... ]
X at t=0.92:
[ 8.02344, 3.66406, -0.0703125, 5.57031, -0.539062, -1.11719, 0.210938, 3.44531, 4.74219, 5.85156, 4.58594, -2.80469, 1.59375, 6.59375, 8.78125, 2.15625, -0.304688, -0.789062, 1.03906, 6.42969, 1.26562, -1.76562, 1.07812, 7.29688, 1.60938, 4.26562, 2.17188, -1.17188, 0.375, 3.875, 7.5, -1.75, 5.04688, 1.39062, 0.796875, 5.76562, ... ]
X at t=0.93:
[ 8.04688, 3.39062, -0.078125, 5.64062, -0.5, -1, 0.25, 3.5, 4.98438, 5.95312, 4.17188, -2.85938, 1.59375, 6.78125, 8.78125, 1.59375, -0.398438, -0.632812, 1.07031, 6.46094, 1.17188, -1.67188, 1.04688, 7.32812, 1.89844, 4.22656, 2.11719, -1.17969, 0.4375, 3.9375, 7.4375, -1.5625, 5.1875, 1.5625, 0.9375, 5.8125, ... ]
X at t=0.94:
[ 8.0625, 3.0625, -0.0625, 5.6875, -0.460938, -0.882812, 0.289062, 3.55469, 5.20312, 5.98438, 3.76562, -2.95312, 1.5625, 6.9375, 8.75, 1, -0.40625, -0.53125, 1.09375, 6.46875, 1.07812, -1.57812, 1.01562, 7.35938, 2.14844, 4.16406, 2.05469, -1.17969, 0.5, 4, 7.375, -1.375, 5.32812, 1.73438, 1.07812, 5.85938, ... ]
X at t=0.95:
[ 8.09375, 2.78125, -0.03125, 5.65625, -0.421875, -0.765625, 0.328125, 3.60938, 5.48438, 5.95312, 3.29688, -2.98438, 1.51562, 7.17188, 8.64062, 0.421875, -0.382812, -0.398438, 1.14844, 6.50781, 0.984375, -1.48438, 0.984375, 7.39062, 2.42969, 4.07031, 1.96094, -1.14844, 0.515625, 4.04688, 7.32812, -1.14062, 5.42188, 1.89062, 1.23438, 5.95312, ... ]
X at t=0.96:
[ 8.125, 2.5, 0, 5.625, -0.382812, -0.648438, 0.367188, 3.66406, 5.76562, 5.92188, 2.82812, -3.01562, 1.4375, 7.375, 8.5, -0.1875, -0.273438, -0.320312, 1.19531, 6.52344, 0.890625, -1.39062, 0.953125, 7.42188, 2.71094, 3.97656, 1.86719, -1.11719, 0.53125, 4.09375, 7.28125, -0.90625, 5.5, 2.125, 1.3125, 6.0625, ... ]
X at t=0.97:
[ 8.125, 2.1875, 0, 5.5625, -0.328125, -0.515625, 0.421875, 3.73438, 6, 5.875, 2.375, -3, 1.34375, 7.53125, 8.34375, -0.71875, -0.164062, -0.242188, 1.24219, 6.53906, 0.796875, -1.29688, 0.921875, 7.45312, 2.99219, 3.88281, 1.77344, -1.08594, 0.546875, 4.14062, 7.23438, -0.671875, 5.5625, 2.25, 1.4375, 6.125, ... ]
X at t=0.98:
[ 8.03125, 1.84375, 0.03125, 5.59375, -0.269531, -0.402344, 0.496094, 3.80078, 6.23438, 5.82812, 1.92188, -2.98438, 1.21875, 7.65625, 8.15625, -1.28125, 0.0234375, -0.117188, 1.30469, 6.53906, 0.703125, -1.20312, 0.890625, 7.48438, 3.26562, 3.73438, 1.70312, -1.07812, 0.5625, 4.1875, 7.1875, -0.4375, 5.625, 2.375, 1.5625, 6.1875, ... ]

Final state:
X at t=0.99:
[ 7.9375, 1.5, 0.0625, 5.625, -0.195312, -0.304688, 0.554688, 3.88281, 6.46875, 5.71875, 1.40625, -2.96875, 1.07812, 7.79688, 8.01562, -1.76562, 0.210938, 0.0078125, 1.36719, 6.53906, 0.617188, -1.14844, 0.898438, 7.50781, 3.54688, 3.54688, 1.60938, -1.01562, 0.578125, 4.23438, 7.14062, -0.203125, 5.6875, 2.5, 1.6875, 6.25, ... ]
