
Lmod is automatically replacing "craype-x86-rome" with "craype-x86-trento".

Lorenz96(k=100, F=8, dt=0.01, t_max=1)
 - warming up the simulation for 10
 - running ensemble of size 1 with initial perturbation N(0.0, 0.001)
 - compressing every 1-th model state online on the GPU with BitRound(bitround_bits=16)
 - saving config file to 'output/config_5030269.json'
 - saving performance file to 'performance/perf_5030269'

Initial state:
X at t=0:
[ 6.97363, 5.05914, 7.35114, -0.100787, -1.12296, 3.73102, 10.2582, -0.203238, 2.35715, 3.45172, -0.586464, 0.987701, 3.12045, 4.61707, 7.05743, 5.67664, -5.19409, 1.26715, 4.78497, 5.8407, -3.77109, 1.13112, -0.298443, -1.7711, 6.32251, 2.94266, -2.99084, 4.27344, 4.29248, 0.82515, 3.69934, 11.1332, -0.330421, -0.183548, 3.72995, 7.6153, ... ]

X at t=0.01:
[ 7.3634, 5.30426, 6.97296, -0.466194, -1.02242, 3.66083, 10.2667, -0.254612, 2.42883, 3.48895, -0.548302, 1.05916, 3.22296, 4.84296, 7.16852, 4.99054, -5.37067, 1.35837, 4.96124, 5.61328, -3.85873, 1.42622, -0.189249, -1.68611, 6.28455, 2.91541, -2.9407, 4.26733, 4.49146, 0.873749, 3.79874, 11.0514, -0.675308, -0.0653114, 3.76218, 7.73615, ... ]
X at t=0.02:
[ 7.73376, 5.54541, 6.54077, -0.812027, -0.912758, 3.59894, 10.2692, -0.29134, 2.50269, 3.52756, -0.511108, 1.12944, 3.33026, 5.07367, 7.24359, 4.27441, -5.50616, 1.40173, 5.14209, 5.37158, -3.93109, 1.70967, -0.0725183, -1.5959, 6.25208, 2.88654, -2.88974, 4.25543, 4.68811, 0.925789, 3.89792, 10.9542, -1.00998, 0.0755396, 3.80469, 7.84473, ... ]
X at t=0.03:
[ 8.08142, 5.77808, 6.0545, -1.13301, -0.797699, 3.54706, 10.2661, -0.314262, 2.5777, 3.56726, -0.474991, 1.19859, 3.44257, 5.30829, 7.27777, 3.53464, -5.59955, 1.39397, 5.32123, 5.11847, -3.98914, 1.97942, 0.0521531, -1.50092, 6.22504, 2.85577, -2.83826, 4.2381, 4.88239, 0.981918, 3.9967, 10.8412, -1.33163, 0.236782, 3.86041, 7.94031, ... ]
X at t=0.04:
[ 8.40356, 5.99719, 5.5155, -1.42389, -0.681419, 3.50644, 10.2582, -0.324493, 2.65292, 3.60779, -0.440018, 1.26666, 3.56009, 5.54553, 7.26617, 2.77869, -5.64978, 1.3336, 5.49237, 4.8576, -4.03363, 2.23373, 0.184986, -1.40158, 6.20337, 2.82281, -2.78653, 4.21564, 5.07422, 1.04277, 4.09491, 10.7123, -1.63782, 0.415771, 3.93228, 8.02197, ... ]
X at t=0.05:
[ 8.69763, 6.19733, 4.92664, -1.6796, -0.568329, 3.47781, 10.2461, -0.323349, 2.72751, 3.64886, -0.406219, 1.33368, 3.68304, 5.78394, 7.20422, 2.01511, -5.65594, 1.22116, 5.64972, 4.5932, -4.06519, 2.47125, 0.326023, -1.29831, 6.18695, 2.78738, -2.7348, 4.18835, 5.26373, 1.10899, 4.19226, 10.5673, -1.92648, 0.609482, 4.02289, 8.08899, ... ]
X at t=0.06:
[ 8.96179, 6.37274, 4.29248, -1.89543, -0.462791, 3.46121, 10.2305, -0.312267, 2.80078, 3.69019, -0.3736, 1.3997, 3.81158, 6.02155, 7.08777, 1.25334, -5.61761, 1.0592, 5.78809, 4.32996, -4.08441, 2.69095, 0.475151, -1.19148, 6.1756, 2.74921, -2.68329, 4.15649, 5.45093, 1.18118, 4.28851, 10.4062, -2.19601, 0.81456, 4.13452, 8.14026, ... ]
X at t=0.07:
[ 9.19495, 6.51764, 3.61929, -2.06723, -0.36879, 3.45602, 10.212, -0.292717, 2.87213, 3.73151, -0.342133, 1.46478, 3.94586, 6.25623, 6.91327, 0.503609, -5.53479, 0.852303, 5.90344, 4.07269, -4.0918, 2.89215, 0.632103, -1.08145, 6.16907, 2.70804, -2.63217, 4.1203, 5.63593, 1.25993, 4.38336, 10.2294, -2.44525, 1.02739, 4.26904, 8.17468, ... ]
X at t=0.08:
[ 9.39685, 6.62646, 2.91486, -2.19156, -0.2896, 3.461, 10.1917, -0.266121, 2.9411, 3.77261, -0.311764, 1.52895, 4.08594, 6.48541, 6.67798, -0.22341, -5.40839, 0.606804, 5.99298, 3.8262, -4.08795, 3.07462, 0.796486, -0.968506, 6.16711, 2.6636, -2.5816, 4.08002, 5.81891, 1.34579, 4.47638, 10.0367, -2.67352, 1.2442, 4.42761, 8.1908, ... ]
X at t=0.09:
[ 9.56824, 6.69397, 2.18842, -2.2659, -0.227484, 3.4744, 10.17, -0.23377, 3.00732, 3.81329, -0.282417, 1.59225, 4.23193, 6.70618, 6.38031, -0.916847, -5.2403, 0.330578, 6.05536, 3.59476, -4.07349, 3.23843, 0.967812, -0.852882, 6.16937, 2.61569, -2.53171, 4.03583, 6, 1.4393, 4.56714, 9.82874, -2.88055, 1.46112, 4.61084, 8.18713, ... ]
X at t=0.1:
[ 9.71069, 6.71558, 1.45029, -2.28888, -0.183424, 3.49417, 10.1479, -0.196785, 3.07056, 3.85336, -0.254002, 1.65474, 4.38379, 6.91534, 6.01984, -1.56604, -5.03387, 0.0325708, 6.09045, 3.38199, -4.04919, 3.38403, 1.14552, -0.734756, 6.17542, 2.56406, -2.48257, 3.98795, 6.17944, 1.54091, 4.65503, 9.60559, -3.06656, 1.6743, 4.8186, 8.16187, ... ]
X at t=0.11:
[ 9.82678, 6.68744, 0.711449, -2.26038, -0.15699, 3.51813, 10.1262, -0.156076, 3.13062, 3.89264, -0.22641, 1.71646, 4.54144, 7.10931, 5.59753, -2.16095, -4.79382, -0.277706, 6.09955, 3.19064, -4.01581, 3.51212, 1.32901, -0.614258, 6.18481, 2.50845, -2.4342, 3.93658, 6.35736, 1.65105, 4.73932, 9.36768, -3.23206, 1.87999, 5.04999, 8.11292, ... ]
X at t=0.12:
[ 9.91956, 6.60663, -0.0168507, -2.1817, -0.146309, 3.54422, 10.1056, -0.112345, 3.18735, 3.93103, -0.199526, 1.77747, 4.70465, 7.2843, 5.11591, -2.69257, -4.52625, -0.590752, 6.08496, 3.02255, -3.97424, 3.62363, 1.51765, -0.49144, 6.19702, 2.44867, -2.38663, 3.88187, 6.53394, 1.77005, 4.81927, 9.11536, -3.37793, 2.07465, 5.30347, 8.03821, ... ]
X at t=0.13:
[ 9.99255, 6.47107, -0.723579, -2.05563, -0.14818, 3.57074, 10.0865, -0.0661001, 3.24069, 3.96841, -0.17322, 1.83781, 4.87323, 7.43634, 4.5791, -3.15323, -4.23853, -0.897644, 6.04974, 2.87851, -3.92538, 3.7196, 1.71085, -0.36631, 6.21149, 2.38449, -2.33978, 3.82397, 6.70941, 1.89821, 4.89392, 8.84912, -3.50525, 2.25497, 5.57672, 7.93555, ... ]
X at t=0.14:
[ 10.0496, 6.27972, -1.39835, -1.88647, -0.158319, 3.59647, 10.0697, -0.0177054, 3.29059, 4.00464, -0.147356, 1.89757, 5.04669, 7.56134, 3.99268, -3.53699, -3.93887, -1.19054, 5.99738, 2.75845, -3.87015, 3.80127, 1.908, -0.238827, 6.2276, 2.3157, -2.29361, 3.76303, 6.88391, 2.03568, 4.96216, 8.56946, -3.6153, 2.41803, 5.86682, 7.80273, ... ]
X at t=0.15:
[ 10.0945, 6.03235, -2.03177, -1.67999, -0.171711, 3.62082, 10.0552, 0.0325694, 3.33701, 4.03967, -0.121793, 1.95679, 5.22461, 7.65515, 3.36371, -3.83975, -3.63593, -1.46306, 5.93146, 2.66153, -3.80939, 3.86978, 2.10858, -0.108911, 6.24469, 2.24216, -2.24799, 3.69919, 7.05756, 2.18256, 5.02277, 8.27698, -3.70941, 2.56122, 6.17029, 7.6377, ... ]
X at t=0.16:
[ 10.1306, 5.72943, -2.61578, -1.44333, -0.183027, 3.64383, 10.0432, 0.0844831, 3.37991, 4.07343, -0.0963812, 2.01553, 5.40631, 7.71387, 2.70056, -4.05939, -3.3382, -1.71056, 5.85547, 2.5863, -3.74393, 3.92636, 2.31207, 0.0235462, 6.26208, 2.16364, -2.20273, 3.63257, 7.23053, 2.33878, 5.07434, 7.97217, -3.789, 2.6824, 6.48322, 7.43866, ... ]
X at t=0.17:
[ 10.1606, 5.37219, -3.14371, -1.18471, -0.187078, 3.66617, 10.0336, 0.137762, 3.41931, 4.1059, -0.0709658, 2.07388, 5.591, 7.7337, 2.0126, -4.19574, -3.05344, -1.93011, 5.77252, 2.53101, -3.6745, 3.97214, 2.51804, 0.15867, 6.27905, 2.07999, -2.15762, 3.56332, 7.40289, 2.50415, 5.11536, 7.65582, -3.85541, 2.77988, 6.80145, 7.20422, ... ]
X at t=0.18:
[ 10.1866, 4.9624, -3.61038, -0.913216, -0.179226, 3.68896, 10.026, 0.192049, 3.45517, 4.13696, -0.0453897, 2.13193, 5.77783, 7.71124, 1.31, -4.25049, -2.78818, -2.12051, 5.68512, 2.49359, -3.60175, 4.00818, 2.72607, 0.296593, 6.2948, 1.99109, -2.11243, 3.49161, 7.57465, 2.67831, 5.14404, 7.32867, -3.90985, 2.85233, 7.12054, 6.93359, ... ]
X at t=0.19:
[ 10.2096, 4.50238, -4.01208, -0.63839, -0.155752, 3.71368, 10.0201, 0.246857, 3.48755, 4.16669, -0.0194879, 2.18976, 5.96576, 7.64355, 0.603325, -4.22717, -2.54733, -2.28198, 5.59528, 2.47202, -3.52625, 4.03546, 2.93588, 0.437447, 6.30847, 1.89684, -2.06686, 3.4176, 7.74585, 2.86069, 5.15857, 6.99176, -3.95343, 2.89886, 7.4361, 6.62665, ... ]
X at t=0.2:
[ 10.2294, 3.99493, -4.34631, -0.369831, -0.11412, 3.74203, 10.0153, 0.301556, 3.51651, 4.19501, 0.00690484, 2.24744, 6.15369, 7.52838, -0.096755, -4.1308, -2.33395, -2.41586, 5.50446, 2.46423, -3.44846, 4.05493, 3.14716, 0.581337, 6.31921, 1.79715, -2.02063, 3.34149, 7.91644, 3.05048, 5.15698, 6.64618, -3.98703, 2.9191, 7.74377, 6.284, ... ]
X at t=0.21:
[ 10.2446, 3.44336, -4.61163, -0.116773, -0.053124, 3.7757, 10.0106, 0.355362, 3.54211, 4.22198, 0.0339532, 2.30508, 6.34027, 7.36401, -0.779861, -3.96777, -2.14908, -2.5242, 5.41357, 2.46841, -3.3688, 4.06744, 3.35965, 0.728355, 6.32605, 1.69203, -1.97334, 3.26352, 8.0863, 3.2467, 5.13721, 6.2934, -4.01135, 2.91299, 8.03943, 5.9071, ... ]
X at t=0.22:
[ 10.2532, 2.85153, -4.8075, 0.112368, 0.0270762, 3.81625, 10.0055, 0.407349, 3.56454, 4.24774, 0.0618234, 2.36279, 6.52423, 7.14972, -1.4362, -3.74573, -1.99199, -2.60944, 5.32318, 2.48285, -3.2876, 4.07373, 3.57318, 0.878532, 6.328, 1.5815, -1.92465, 3.18393, 8.25525, 3.44806, 5.09705, 5.93512, -4.02686, 2.88092, 8.31946, 5.49835, ... ]
X at t=0.23:
[ 10.2518, 2.22394, -4.93384, 0.310394, 0.125031, 3.86514, 9.99915, 0.456474, 3.58395, 4.2724, 0.0906734, 2.42065, 6.70416, 6.88544, -2.05688, -3.47324, -1.86032, -2.6741, 5.23358, 2.50604, -3.20514, 4.07446, 3.78754, 1.03186, 6.3241, 1.46565, -1.87415, 3.10303, 8.4231, 3.65302, 5.03448, 5.57336, -4.03387, 2.82364, 8.58069, 5.06097, ... ]
X at t=0.24:
[ 10.2365, 1.5658, -4.99109, 0.471703, 0.238182, 3.92349, 9.99072, 0.501595, 3.60065, 4.29608, 0.120656, 2.47879, 6.87854, 6.57202, -2.63419, -3.15967, -1.75053, -2.72061, 5.14496, 2.53668, -3.12164, 4.07025, 4.00262, 1.18826, 6.31317, 1.34468, -1.82143, 3.02118, 8.5896, 3.85968, 4.94745, 5.21045, -4.03259, 2.74222, 8.82056, 4.59906, ... ]
X at t=0.25:
[ 10.2025, 0.883148, -4.97998, 0.59259, 0.363117, 3.99222, 9.97961, 0.541519, 3.6149, 4.31903, 0.151913, 2.53732, 7.04584, 6.21124, -3.16171, -2.81491, -1.65829, -2.75107, 5.05737, 2.57364, -3.03726, 4.06165, 4.21826, 1.34756, 6.29419, 1.21883, -1.7661, 2.93881, 8.75439, 4.06592, 4.83405, 4.84912, -4.02301, 2.63812, 9.03699, 4.11743, ... ]
X at t=0.26:
[ 10.145, 0.182858, -4.90155, 0.671486, 0.49588, 4.0719, 9.96509, 0.575043, 3.62714, 4.34155, 0.184574, 2.59634, 7.20453, 5.8056, -3.63446, -2.44913, -1.57889, -2.76718, 4.97095, 2.61591, -2.95215, 4.04919, 4.43439, 1.50954, 6.26599, 1.08846, -1.70776, 2.85638, 8.91711, 4.26929, 4.69263, 4.49243, -4.00507, 2.51309, 9.22888, 3.62152, ... ]
X at t=0.27:
[ 10.0591, -0.527374, -4.75708, 0.709076, 0.632324, 4.16296, 9.94653, 0.600975, 3.63782, 4.36395, 0.21875, 2.65598, 7.35309, 5.35846, -4.04895, -2.07248, -1.50768, -2.77042, 4.8858, 2.66263, -2.86642, 4.03339, 4.65082, 1.67383, 6.22742, 0.954025, -1.64604, 2.77444, 9.07727, 4.46698, 4.52197, 4.1438, -3.9787, 2.36914, 9.39563, 3.11725, ... ]
X at t=0.28:
[ 9.93994, -1.23912, -4.54846, 0.708313, 0.768456, 4.26544, 9.92334, 0.618179, 3.64743, 4.38654, 0.254532, 2.71631, 7.48993, 4.87378, -4.40308, -1.69484, -1.44038, -2.7619, 4.80219, 2.71301, -2.78021, 4.01465, 4.86749, 1.83995, 6.17725, 0.816093, -1.58061, 2.69363, 9.2345, 4.65607, 4.32123, 3.80695, -3.94388, 2.20856, 9.53723, 2.61084, ... ]
X at t=0.29:
[ 9.78333, -1.94341, -4.27832, 0.674309, 0.900742, 4.37915, 9.89502, 0.625618, 3.65659, 4.40973, 0.291988, 2.77744, 7.61365, 4.35608, -4.69604, -1.32549, -1.3734, -2.74261, 4.7204, 2.76636, -2.69357, 3.99341, 5.08429, 2.00732, 6.11432, 0.675346, -1.5112, 2.61465, 9.38831, 4.83331, 4.09009, 3.48572, -3.90067, 2.03378, 9.65454, 2.10861, ... ]
X at t=0.3:
[ 9.58594, -2.63095, -3.95023, 0.614067, 1.0264, 4.50372, 9.86108, 0.622375, 3.66586, 4.43402, 0.331165, 2.83945, 7.7229, 3.81033, -4.92816, -0.972832, -1.30389, -2.71338, 4.64081, 2.82208, -2.60657, 3.97003, 5.30115, 2.1752, 6.03754, 0.532593, -1.43759, 2.53824, 9.53821, 4.99524, 3.82904, 3.18408, -3.84927, 1.84747, 9.7489, 1.61688, ... ]
X at t=0.31:
[ 9.34534, -3.29257, -3.56903, 0.53611, 1.14357, 4.63861, 9.82117, 0.607689, 3.6759, 4.45984, 0.372078, 2.9024, 7.81635, 3.24188, -5.10065, -0.644173, -1.22989, -2.67499, 4.56378, 2.87964, -2.51929, 3.94489, 5.51788, 2.34268, 5.94574, 0.388767, -1.35968, 2.46521, 9.68384, 5.13837, 3.53918, 2.90598, -3.78998, 1.65233, 9.82202, 1.14169, ... ]
X at t=0.32:
[ 9.06055, -3.91953, -3.14105, 0.449966, 1.2514, 4.78296, 9.77466, 0.580956, 3.68738, 4.48761, 0.414719, 2.96634, 7.89276, 2.65625, -5.21539, -0.345531, -1.15028, -2.62823, 4.48975, 2.93854, -2.43182, 3.9183, 5.73431, 2.50876, 5.83795, 0.244915, -1.27745, 2.39642, 9.82471, 5.25922, 3.22247, 2.65515, -3.72327, 1.4511, 9.87598, 0.688736, ... ]
X at t=0.33:
[ 8.73157, -4.50397, -2.67404, 0.365585, 1.35004, 4.93591, 9.72119, 0.541779, 3.70093, 4.51788, 0.459049, 3.03128, 7.95111, 2.05908, -5.27478, -0.0814867, -1.06474, -2.57391, 4.41913, 2.99835, -2.34424, 3.89062, 5.95026, 2.67221, 5.71326, 0.102196, -1.19102, 2.33279, 9.96045, 5.35431, 2.88165, 2.435, -3.64975, 1.24649, 9.91321, 0.263218, ... ]
X at t=0.34:
[ 8.35986, -5.03943, -2.17722, 0.292728, 1.44049, 5.09644, 9.66016, 0.489967, 3.71716, 4.55121, 0.504997, 3.0972, 7.99042, 1.45607, -5.28156, 0.144876, -0.973572, -2.51285, 4.35223, 3.05872, -2.25662, 3.86215, 6.16553, 2.8317, 5.57086, -0.0381289, -1.10063, 2.27521, 10.0907, 5.42035, 2.52026, 2.24835, -3.5701, 1.04114, 9.93604, -0.13023, ... ]
X at t=0.35:
[ 7.94806, -5.52094, -1.66104, 0.240364, 1.52444, 5.26343, 9.59082, 0.425533, 3.73666, 4.58807, 0.552475, 3.16403, 8.00989, 0.852798, -5.23853, 0.331985, -0.877571, -2.44583, 4.28943, 3.11935, -2.16907, 3.83322, 6.37982, 2.98572, 5.41028, -0.174713, -1.00664, 2.22458, 10.2152, 5.45435, 2.14261, 2.09744, -3.48508, 0.83754, 9.94678, -0.487637, ... ]
X at t=0.36:
[ 7.49988, -5.94525, -1.13678, 0.216158, 1.60402, 5.43579, 9.51233, 0.348701, 3.75998, 4.62903, 0.601349, 3.23166, 8.00891, 0.254715, -5.14862, 0.479725, -0.777885, -2.37363, 4.23096, 3.17996, -2.0817, 3.80411, 6.59296, 3.1326, 5.23114, -0.306152, -0.909546, 2.18179, 10.3337, 5.45367, 1.75359, 1.98363, -3.39536, 0.638, 9.94788, -0.805717, ... ]
X at t=0.37:
[ 7.0199, -6.31097, -0.616142, 0.226076, 1.68153, 5.61249, 9.42371, 0.259911, 3.78751, 4.67462, 0.651474, 3.29996, 7.98706, -0.332947, -5.01483, 0.589348, -0.675835, -2.29691, 4.17694, 3.24036, -1.9946, 3.77512, 6.8045, 3.27057, 5.03339, -0.431007, -0.809998, 2.14764, 10.446, 5.41608, 1.35861, 1.90739, -3.30161, 0.444599, 9.94141, -1.08192, ... ]
X at t=0.38:
[ 6.51331, -6.61847, -0.110738, 0.274147, 1.75928, 5.79248, 9.32385, 0.159779, 3.81958, 4.72534, 0.702667, 3.36871, 7.94403, -0.905243, -4.84003, 0.663338, -0.572769, -2.21634, 4.1275, 3.30032, -1.90787, 3.74649, 7.01416, 3.39774, 4.81726, -0.547836, -0.708733, 2.12283, 10.552, 5.33997, 0.963417, 1.86826, -3.20432, 0.259171, 9.9292, -1.31444, ... ]
X at t=0.39:
[ 5.9856, -6.86957, 0.368423, 0.362366, 1.83937, 5.97467, 9.21143, 0.0491147, 3.85641, 4.78168, 0.75473, 3.43768, 7.87976, -1.45758, -4.62714, 0.705231, -0.469963, -2.13242, 4.08264, 3.35974, -1.82161, 3.71854, 7.22156, 3.51212, 4.58337, -0.655228, -0.60659, 2.108, 10.6516, 5.2243, 0.57386, 1.86473, -3.10388, 0.0832939, 9.91296, -1.50215, ... ]
X at t=0.4:
[ 5.44244, -7.06732, 0.811363, 0.490765, 1.92369, 6.15808, 9.08508, -0.0710955, 3.89807, 4.84418, 0.807442, 3.50659, 7.79431, -1.98575, -4.37927, 0.719421, -0.368507, -2.04553, 4.04242, 3.41846, -1.73592, 3.6915, 7.42621, 3.61169, 4.33264, -0.751846, -0.504463, 2.10361, 10.7446, 5.0686, 0.195728, 1.89441, -3.00055, -0.0817204, 9.89392, -1.64467, ... ]
X at t=0.41:
[ 4.88934, -7.21564, 1.20949, 0.657585, 2.01385, 6.34174, 8.94336, -0.199713, 3.9444, 4.91333, 0.860565, 3.57504, 7.68805, -2.48599, -4.09961, 0.71096, -0.269253, -1.95605, 4.00677, 3.47635, -1.65089, 3.66562, 7.62762, 3.6944, 4.06641, -0.836472, -0.403286, 2.10999, 10.8309, 4.87305, -0.165434, 1.95403, -2.89438, -0.234821, 9.87305, -1.74225, ... ]
X at t=0.42:
[ 4.33148, -7.31885, 1.55582, 0.859543, 2.11133, 6.52454, 8.78479, -0.335457, 3.99512, 4.98962, 0.913841, 3.64267, 7.5614, -2.95508, -3.7915, 0.685318, -0.172791, -1.86421, 3.97568, 3.53333, -1.56664, 3.64117, 7.82532, 3.75824, 3.7865, -0.908043, -0.303963, 2.12729, 10.9104, 4.63855, -0.504494, 2.03958, -2.78534, -0.37521, 9.85107, -1.79581, ... ]
X at t=0.43:
[ 3.77374, -7.38153, 1.84512, 1.09215, 2.21747, 6.70544, 8.60779, -0.476921, 4.04974, 5.07343, 0.967018, 3.70901, 7.41516, -3.39032, -3.45862, 0.64817, -0.0794458, -1.77017, 3.94904, 3.58929, -1.48322, 3.61838, 8.01868, 3.8013, 3.495, -0.965683, -0.207342, 2.15552, 10.9828, 4.36652, -0.816872, 2.14651, -2.67334, -0.502319, 9.82861, -1.80684, ... ]
X at t=0.44:
[ 3.22037, -7.40796, 2.07391, 1.35001, 2.33359, 6.8833, 8.41064, -0.622581, 4.10754, 5.16516, 1.01984, 3.77359, 7.25018, -3.78961, -3.10483, 0.605194, 0.0106909, -1.67407, 3.92676, 3.64417, -1.40071, 3.59747, 8.20703, 3.82181, 3.19443, -1.00876, -0.114172, 2.19452, 11.0477, 4.05902, -1.09862, 2.26996, -2.55832, -0.615814, 9.80579, -1.77736, ... ]
X at t=0.45:
[ 2.67514, -7.40216, 2.24042, 1.62714, 2.46112, 7.05682, 8.19189, -0.770828, 4.1676, 5.26508, 1.07204, 3.83588, 7.0675, -4.15149, -2.73428, 0.561844, 0.0977135, -1.57599, 3.90878, 3.69785, -1.3192, 3.57864, 8.38989, 3.81818, 2.88766, -1.03688, -0.0250587, 2.24396, 11.1047, 3.7186, -1.3465, 2.40482, -2.44025, -0.715569, 9.78271, -1.70987, ... ]
X at t=0.46:
[ 2.1413, -7.36743, 2.34442, 1.91728, 2.60162, 7.22479, 7.95001, -0.919945, 4.22882, 5.37347, 1.12338, 3.89532, 6.86847, -4.47504, -2.35144, 0.523193, 0.181835, -1.47601, 3.89505, 3.75024, -1.23874, 3.56213, 8.56653, 3.78906, 2.57788, -1.04999, 0.0595665, 2.30338, 11.1533, 3.34827, -1.55797, 2.54605, -2.31921, -0.801628, 9.75952, -1.60728, ... ]
X at t=0.47:
[ 1.62164, -7.30652, 2.38715, 2.21411, 2.75677, 7.38568, 7.68347, -1.06818, 4.28992, 5.49042, 1.17365, 3.95135, 6.65442, -4.76007, -1.96088, 0.493778, 0.263325, -1.37422, 3.8855, 3.80127, -1.15939, 3.54813, 8.73633, 3.73343, 2.26849, -1.04828, 0.139469, 2.37219, 11.1929, 2.95145, -1.7312, 2.68893, -2.19543, -0.874222, 9.73596, -1.47287, ... ]
X at t=0.48:
[ 1.11852, -7.22144, 2.37109, 2.51141, 2.92841, 7.53802, 7.39081, -1.21368, 4.3493, 5.61591, 1.22266, 4.00336, 6.42694, -5.00684, -1.56728, 0.477486, 0.342434, -1.27069, 3.88007, 3.85086, -1.08121, 3.53677, 8.89868, 3.6506, 1.9631, -1.03229, 0.214626, 2.4498, 11.2225, 2.53192, -1.86502, 2.8291, -2.06934, -0.933708, 9.71191, -1.31013, ... ]
X at t=0.49:
[ 0.633911, -7.11346, 2.2999, 2.80328, 3.11832, 7.68005, 7.07068, -1.3546, 4.4054, 5.74988, 1.27028, 4.05084, 6.18762, -5.21625, -1.17531, 0.477474, 0.41935, -1.16553, 3.87869, 3.8989, -1.00421, 3.52826, 9.05273, 3.54028, 1.66537, -1.00284, 0.285217, 2.53552, 11.2416, 2.09369, -1.95882, 2.9628, -1.94154, -0.980576, 9.68726, -1.12277, ... ]
X at t=0.5:
[ 0.169533, -6.9834, 2.1781, 3.0842, 3.32822, 7.80981, 6.72192, -1.48901, 4.45636, 5.89203, 1.31645, 4.0932, 5.93817, -5.38971, -0.789536, 0.496124, 0.494141, -1.05888, 3.88132, 3.94531, -0.928452, 3.52271, 9.19788, 3.40259, 1.37901, -0.961044, 0.35162, 2.62866, 11.249, 1.64098, -2.01254, 3.08701, -1.81281, -1.01541, 9.66187, -0.914619, ... ]
X at t=0.51:
[ -0.273148, -6.83136, 2.01114, 3.34918, 3.55954, 7.92517, 6.34344, -1.61499, 4.50031, 6.04187, 1.36116, 4.12994, 5.68036, -5.52893, -0.414284, 0.535042, 0.566742, -0.950951, 3.88791, 3.99005, -0.853943, 3.52026, 9.3335, 3.2381, 1.10764, -0.908241, 0.414368, 2.72855, 11.2439, 1.17812, -2.02661, 3.19943, -1.68404, -1.03886, 9.63562, -0.689537, ... ]
X at t=0.52:
[ -0.692802, -6.65723, 1.80508, 3.59375, 3.81339, 8.02356, 5.93457, -1.73055, 4.5354, 6.19879, 1.4045, 4.16052, 5.41595, -5.63605, -0.0535498, 0.59507, 0.636963, -0.841942, 3.89841, 4.03302, -0.780708, 3.52103, 9.45898, 3.04782, 0.854691, -0.845963, 0.474125, 2.83456, 11.2253, 0.709518, -2.00186, 3.29865, -1.55626, -1.05164, 9.6084, -0.451351, ... ]
X at t=0.53:
[ -1.08821, -6.46057, 1.56659, 3.81412, 4.09021, 8.10217, 5.495, -1.83371, 4.55981, 6.36194, 1.44666, 4.18451, 5.14673, -5.71344, 0.289089, 0.676346, 0.704491, -0.732124, 3.91272, 4.0741, -0.708763, 3.52512, 9.57361, 2.83325, 0.623398, -0.775879, 0.531639, 2.94611, 11.1923, 0.239553, -1.9395, 3.38406, -1.43057, -1.05446, 9.58008, -0.203815, ... ]
X at t=0.54:
[ -1.45825, -6.24084, 1.30272, 4.00708, 4.38983, 8.15784, 5.02484, -1.9225, 4.57184, 6.53027, 1.48792, 4.20148, 4.87433, -5.76355, 0.610542, 0.778374, 0.768906, -0.621803, 3.93076, 4.11328, -0.638107, 3.53256, 9.67688, 2.59622, 0.416668, -0.699715, 0.587708, 3.06271, 11.1438, -0.227489, -1.84103, 3.4559, -1.30811, -1.04807, 9.55078, 0.0494614, ... ]
X at t=0.55:
[ -1.80179, -5.99762, 1.02084, 4.17023, 4.71124, 8.18701, 4.5249, -1.995, 4.57001, 6.70264, 1.52866, 4.211, 4.6004, -5.789, 0.908257, 0.900101, 0.829765, -0.511322, 3.95245, 4.15045, -0.568748, 3.54343, 9.76831, 2.33905, 0.237036, -0.619179, 0.643105, 3.18393, 11.079, -0.687477, -1.70836, 3.51514, -1.18996, -1.03319, 9.52051, 0.305054, ... ]
X at t=0.56:
[ -2.11774, -5.73059, 0.728439, 4.30182, 5.05249, 8.18604, 3.99686, -2.04935, 4.55316, 6.87775, 1.56937, 4.21277, 4.32648, -5.79242, 1.18022, 1.04002, 0.886604, -0.401039, 3.97769, 4.18561, -0.500679, 3.55777, 9.84741, 2.06436, 0.0866175, -0.535881, 0.698578, 3.30939, 10.9971, -1.13651, -1.54364, 3.56339, -1.07716, -1.01054, 9.48938, 0.559761, ... ]
X at t=0.57:
[ -2.40506, -5.43988, 0.432964, 4.40106, 5.41071, 8.151, 3.44321, -2.08389, 4.52063, 7.05408, 1.61063, 4.20648, 4.05402, -5.77631, 1.42499, 1.19627, 0.939011, -0.291328, 4.00635, 4.21875, -0.43388, 3.57556, 9.9137, 1.77512, -0.0329204, -0.451267, 0.754791, 3.43875, 10.8972, -1.57097, -1.3494, 3.60281, -0.970711, -0.980858, 9.45752, 0.810616, ... ]
X at t=0.58:
[ -2.66272, -5.12592, 0.141642, 4.46783, 5.78223, 8.07788, 2.86755, -2.09726, 4.47223, 7.2301, 1.65303, 4.19183, 3.78433, -5.7431, 1.64165, 1.36673, 0.986664, -0.182556, 4.03833, 4.24976, -0.36834, 3.5968, 9.96692, 1.47447, -0.120389, -0.366535, 0.812317, 3.57181, 10.7788, -1.98761, -1.12845, 3.63602, -0.871452, -0.944809, 9.42517, 1.05492, ... ]
X at t=0.59:
[ -2.88971, -4.78973, -0.138695, 4.50293, 6.1626, 7.96301, 2.27457, -2.08847, 4.40839, 7.40436, 1.6972, 4.16858, 3.51862, -5.69513, 1.82979, 1.5491, 1.02936, -0.0750685, 4.07355, 4.27869, -0.304031, 3.62146, 10.0067, 1.16577, -0.175087, -0.282585, 0.871613, 3.70828, 10.6414, -2.38361, -0.883972, 3.66586, -0.780151, -0.903076, 9.39258, 1.29025, ... ]
X at t=0.6:
[ -3.08514, -4.43292, -0.401794, 4.508, 6.54681, 7.80286, 1.67007, -2.05713, 4.3302, 7.57526, 1.74373, 4.13641, 3.25797, -5.6344, 1.98947, 1.74103, 1.06705, 0.0308177, 4.11188, 4.30548, -0.240934, 3.64948, 10.0331, 0.852478, -0.196796, -0.199978, 0.933029, 3.84796, 10.4844, -2.75656, -0.619431, 3.69534, -0.697441, -0.856316, 9.35986, 1.5145, ... ]
X at t=0.61:
[ -3.24826, -4.05762, -0.642159, 4.48541, 6.9295, 7.59448, 1.06088, -2.00351, 4.23944, 7.74152, 1.79309, 4.09515, 3.00336, -5.56287, 2.12115, 1.94014, 1.09987, 0.134827, 4.1532, 4.33014, -0.179018, 3.68079, 10.0458, 0.538071, -0.185785, -0.118903, 0.996834, 3.9906, 10.3075, -3.10464, -0.338585, 3.72739, -0.623863, -0.805176, 9.32739, 1.72578, ... ]
X at t=0.62:
[ -3.37836, -3.66653, -0.855171, 4.43829, 7.30524, 7.33575, 0.454704, -1.92874, 4.13855, 7.90192, 1.84558, 4.04449, 2.75568, -5.48218, 2.22565, 2.1441, 1.1281, 0.236734, 4.19739, 4.35272, -0.118255, 3.71533, 10.0448, 0.225986, -0.142784, -0.0391817, 1.0632, 4.13586, 10.1107, -3.42654, -0.0454469, 3.76486, -0.559875, -0.75029, 9.29541, 1.92253, ... ]
X at t=0.63:
[ -3.47498, -3.26285, -1.0372, 4.3703, 7.6687, 7.02545, -0.140121, -1.83484, 4.0304, 8.05554, 1.90128, 3.98419, 2.51572, -5.39386, 2.30408, 2.35077, 1.15219, 0.336369, 4.24438, 4.37323, -0.05861, 3.75296, 10.0303, -0.080451, -0.0689678, 0.0397267, 1.13223, 4.28351, 9.8938, -3.72144, 0.255783, 3.81024, -0.505844, -0.692299, 9.26416, 2.10342, ... ]
X at t=0.64:
[ -3.53787, -2.85016, -1.18568, 4.28552, 8.01501, 6.66357, -0.714912, -1.72479, 3.91827, 8.20166, 1.95998, 3.91403, 2.28424, -5.29919, 2.35782, 2.55807, 1.17276, 0.433609, 4.29407, 4.39166, -5.53178e-05, 3.79358, 10.0024, -0.378098, 0.0340748, 0.11869, 1.20401, 4.43317, 9.65686, -3.98907, 0.560768, 3.86572, -0.462093, -0.631821, 9.23389, 2.2674, ... ]
X at t=0.65:
[ -3.56702, -2.43243, -1.2991, 4.18835, 8.33984, 6.25116, -1.26099, -1.60252, 3.80554, 8.34009, 2.02112, 3.83386, 2.06195, -5.19928, 2.38843, 2.76419, 1.19055, 0.528397, 4.34631, 4.40808, 0.0574393, 3.83701, 9.96155, -0.664047, 0.164373, 0.198853, 1.27859, 4.58435, 9.40015, -4.22968, 0.865128, 3.93295, -0.428883, -0.569466, 9.20496, 2.41364, ... ]
X at t=0.66:
[ -3.56262, -2.01376, -1.37698, 4.08325, 8.63953, 5.79053, -1.77, -1.47273, 3.69543, 8.47058, 2.08389, 3.74353, 1.84955, -5.09503, 2.39758, 2.9675, 1.20641, 0.620712, 4.40106, 4.42249, 0.113902, 3.88312, 9.90784, -0.935692, 0.319618, 0.281582, 1.35602, 4.73651, 9.12378, -4.44397, 1.16451, 4.01306, -0.406418, -0.505836, 9.17737, 2.54156, ... ]
X at t=0.67:
[ -3.52518, -1.59834, -1.4198, 3.97464, 8.9115, 5.28522, -2.23425, -1.34071, 3.59082, 8.59351, 2.14713, 3.64301, 1.64767, -4.9873, 2.38715, 3.16656, 1.22127, 0.710579, 4.45813, 4.43494, 0.169357, 3.93173, 9.84192, -1.19075, 0.497208, 0.368389, 1.43636, 4.8891, 8.82825, -4.633, 1.45467, 4.10675, -0.394855, -0.441505, 9.15149, 2.65082, ... ]
X at t=0.68:
[ -3.45551, -1.19029, -1.42889, 3.86661, 9.15369, 4.73981, -2.64691, -1.21205, 3.49387, 8.70923, 2.20938, 3.53241, 1.45699, -4.87677, 2.35895, 3.3602, 1.23611, 0.798065, 4.51746, 4.4455, 0.223829, 3.9827, 9.76416, -1.42734, 0.694298, 0.460869, 1.51967, 5.04144, 8.51379, -4.79816, 1.73157, 4.21411, -0.394276, -0.377014, 9.12744, 2.74118, ... ]
X at t=0.69:
[ -3.35468, -0.793556, -1.40631, 3.76285, 9.36511, 4.15985, -3.0022, -1.09229, 3.40594, 8.81848, 2.26907, 3.41199, 1.27811, -4.76404, 2.31494, 3.54745, 1.25197, 0.883255, 4.57892, 4.4541, 0.277336, 4.03577, 9.67517, -1.64392, 0.90786, 0.560616, 1.60605, 5.19269, 8.18103, -4.9411, 1.99141, 4.33472, -0.404663, -0.312862, 9.10522, 2.81268, ... ]
X at t=0.7:
[ -3.224, -0.411781, -1.35468, 3.6666, 9.54517, 3.55167, -3.2955, -0.986511, 3.32748, 8.922, 2.32446, 3.28214, 1.11166, -4.6496, 2.25705, 3.72754, 1.26982, 0.966255, 4.64233, 4.46088, 0.329899, 4.09082, 9.57568, -1.8394, 1.13474, 0.669151, 1.69562, 5.34198, 7.83038, -5.06366, 2.23071, 4.46765, -0.42588, -0.249502, 9.08508, 2.86548, ... ]
X at t=0.71:
[ -3.06506, -0.0482507, -1.27702, 3.58054, 9.69397, 2.92209, -3.52338, -0.899033, 3.258, 9.02051, 2.3739, 3.14346, 0.958244, -4.53387, 2.18716, 3.8999, 1.29065, 1.0472, 4.70758, 4.46576, 0.381535, 4.14758, 9.46631, -2.01306, 1.37173, 0.787888, 1.78847, 5.48828, 7.4624, -5.16766, 2.44635, 4.61169, -0.457634, -0.187317, 9.06702, 2.89984, ... ]
X at t=0.72:
[ -2.87967, 0.294182, -1.17667, 3.50674, 9.81201, 2.27835, -3.68347, -0.833038, 3.19617, 9.11499, 2.4158, 2.99677, 0.818359, -4.4173, 2.10715, 4.06415, 1.31538, 1.12619, 4.77454, 4.46881, 0.432251, 4.20587, 9.3479, -2.16461, 1.61565, 0.918053, 1.88474, 5.63049, 7.07776, -5.25488, 2.63553, 4.7652, -0.499447, -0.126623, 9.05103, 2.9162, ... ]
X at t=0.73:
[ -2.66983, 0.613129, -1.05705, 3.44681, 9.90015, 1.62798, -3.77448, -0.790337, 3.14008, 9.20605, 2.44879, 2.84299, 0.692451, -4.30017, 2.01883, 4.22009, 1.34486, 1.20338, 4.84302, 4.47003, 0.482063, 4.2655, 9.22107, -2.2941, 1.86334, 1.06065, 1.98451, 5.76733, 6.67706, -5.32703, 2.7959, 4.92633, -0.550613, -0.0676584, 9.03723, 2.9151, ... ]
X at t=0.74:
[ -2.43771, 0.906708, -0.921646, 3.4017, 9.95935, 0.978439, -3.79608, -0.771202, 3.08734, 9.29431, 2.47177, 2.68329, 0.580849, -4.18274, 1.92392, 4.36761, 1.37988, 1.2789, 4.91278, 4.46948, 0.530975, 4.32623, 9.08679, -2.40192, 2.11182, 1.21649, 2.08786, 5.89752, 6.26105, -5.38556, 2.92551, 5.09302, -0.610207, -0.0105773, 9.02551, 2.89713, ... ]
X at t=0.75:
[ -2.18561, 1.17349, -0.773819, 3.37198, 9.99048, 0.337128, -3.74887, -0.774315, 3.03558, 9.38037, 2.48401, 2.51895, 0.483749, -4.06531, 1.82407, 4.50677, 1.42111, 1.35287, 4.98364, 4.4671, 0.579002, 4.38788, 8.9458, -2.48877, 2.35825, 1.38608, 2.19482, 6.01947, 5.83057, -5.43176, 3.02271, 5.26312, -0.677032, 0.0445499, 9.01587, 2.86301, ... ]
X at t=0.76:
[ -1.91589, 1.41257, -0.61676, 3.35776, 9.99463, -0.288799, -3.63431, -0.796837, 2.9826, 9.46448, 2.48505, 2.35135, 0.401211, -3.94815, 1.72081, 4.63763, 1.46915, 1.42543, 5.05536, 4.46295, 0.62616, 4.4502, 8.79883, -2.5556, 2.60007, 1.5697, 2.30542, 6.13159, 5.38654, -5.46655, 3.0863, 5.43445, -0.749619, 0.0977325, 9.00818, 2.81351, ... ]
X at t=0.77:
[ -1.63101, 1.62341, -0.453434, 3.3588, 9.97278, -0.892578, -3.45477, -0.834541, 2.9267, 9.54675, 2.47479, 2.18192, 0.333126, -3.83142, 1.61557, 4.76044, 1.52446, 1.49667, 5.12775, 4.45697, 0.672462, 4.513, 8.64673, -2.60364, 2.83496, 1.76743, 2.41953, 6.23218, 4.93005, -5.49054, 3.11548, 5.60486, -0.826241, 0.149054, 9.00244, 2.74942, ... ]
X at t=0.78:
[ -1.33342, 1.80594, -0.286518, 3.3746, 9.92578, -1.46796, -3.2135, -0.882095, 2.86685, 9.62708, 2.4534, 2.01212, 0.279236, -3.7153, 1.50964, 4.87549, 1.58743, 1.56673, 5.20044, 4.44922, 0.717918, 4.57611, 8.49036, -2.63419, 3.06091, 1.97906, 2.53702, 6.31934, 4.4624, -5.50397, 3.10977, 5.77228, -0.904915, 0.198664, 8.99866, 2.6716, ... ]
X at t=0.79:
[ -1.02559, 1.96039, -0.118387, 3.40445, 9.85461, -2.00928, -2.9147, -0.93335, 2.80289, 9.7052, 2.42126, 1.84344, 0.23913, -3.59991, 1.40421, 4.98309, 1.65834, 1.63568, 5.27325, 4.43964, 0.76255, 4.63934, 8.33032, -2.64871, 3.27621, 2.20425, 2.65762, 6.39111, 3.98505, -5.50671, 3.06909, 5.93475, -0.983437, 0.246761, 8.99658, 2.58093, ... ]
X at t=0.8:
[ -0.70993, 2.08731, 0.0489159, 3.44745, 9.76013, -2.51169, -2.56351, -0.981712, 2.73557, 9.78076, 2.37888, 1.67731, 0.21225, -3.48538, 1.30031, 5.08356, 1.73737, 1.70366, 5.34583, 4.42828, 0.806381, 4.70251, 8.16736, -2.6488, 3.47946, 2.44244, 2.78101, 6.44543, 3.49973, -5.49829, 2.9938, 6.09058, -1.0594, 0.293587, 8.99622, 2.47833, ... ]
X at t=0.81:
[ -0.388821, 2.18753, 0.213671, 3.50262, 9.64307, -2.97116, -2.16595, -1.02054, 2.66641, 9.85315, 2.32681, 1.51509, 0.197912, -3.3718, 1.1989, 5.17731, 1.8246, 1.77075, 5.41785, 4.4151, 0.849449, 4.76544, 8.00208, -2.63602, 3.66956, 2.69299, 2.90668, 6.48022, 3.00848, -5.47797, 2.88461, 6.23816, -1.13028, 0.339413, 8.99731, 2.36469, ... ]
X at t=0.82:
[ -0.0645504, 2.26208, 0.374477, 3.56888, 9.50439, -3.38461, -1.72891, -1.04346, 2.59772, 9.92188, 2.26559, 1.35811, 0.195332, -3.25919, 1.10077, 5.26471, 1.92006, 1.83705, 5.48901, 4.40009, 0.891792, 4.828, 7.83521, -2.61197, 3.8457, 2.95508, 3.034, 6.49341, 2.51367, -5.44464, 2.74271, 6.37616, -1.19344, 0.384518, 8.99976, 2.24094, ... ]
X at t=0.83:
[ 0.260685, 2.31213, 0.530243, 3.64508, 9.34497, -3.74997, -1.25998, -1.04471, 2.53226, 9.98633, 2.19562, 1.2076, 0.203634, -3.14758, 1.00664, 5.34613, 2.02368, 1.90265, 5.55902, 4.38324, 0.933456, 4.89001, 7.66718, -2.57819, 4.00739, 3.22781, 3.16217, 6.48285, 2.01804, -5.39716, 2.56976, 6.50342, -1.24623, 0.429192, 9.00354, 2.10803, ... ]
X at t=0.84:
[ 0.584793, 2.33899, 0.680145, 3.73013, 9.16577, -4.06616, -0.767258, -1.01938, 2.47308, 10.0459, 2.11716, 1.06474, 0.221886, -3.03702, 0.917076, 5.422, 2.13531, 1.96764, 5.62744, 4.36456, 0.974495, 4.95135, 7.49854, -2.53619, 4.15436, 3.51022, 3.29019, 6.44653, 1.5246, -5.33417, 2.36792, 6.61908, -1.28607, 0.473709, 9.0083, 1.96695, ... ]
X at t=0.85:
[ 0.9058, 2.34406, 0.823624, 3.82294, 8.9679, -4.33319, -0.259167, -0.963539, 2.42331, 10.1002, 2.0303, 0.930672, 0.249104, -2.92746, 0.832573, 5.49268, 2.25479, 2.03207, 5.69397, 4.34412, 1.01497, 5.01196, 7.32965, -2.48743, 4.28656, 3.8013, 3.41684, 6.38263, 1.03676, -5.25439, 2.13986, 6.72247, -1.31047, 0.518349, 9.01392, 1.81863, ... ]
X at t=0.86:
[ 1.22185, 2.3288, 0.96035, 3.92239, 8.75244, -4.55206, 0.255825, -0.874367, 2.38586, 10.1487, 1.93497, 0.806458, 0.284279, -2.81891, 0.753525, 5.55853, 2.38187, 2.09607, 5.75824, 4.32184, 1.05495, 5.07166, 7.16089, -2.4332, 4.40417, 4.09998, 3.54065, 6.28943, 0.55822, -5.15668, 1.88875, 6.81323, -1.31715, 0.56337, 9.02026, 1.66408, ... ]
X at t=0.87:
[ 1.53122, 2.29471, 1.09018, 4.02747, 8.52075, -4.72467, 0.76947, -0.750153, 2.36334, 10.1909, 1.8309, 0.69313, 0.326397, -2.71133, 0.680229, 5.61993, 2.51627, 2.15967, 5.81995, 4.29773, 1.09453, 5.13037, 6.99261, -2.37473, 4.50751, 4.40509, 3.65997, 6.16559, 0.0929079, -5.0401, 1.61827, 6.89117, -1.30411, 0.609024, 9.02698, 1.50426, ... ]
X at t=0.88:
[ 1.83232, 2.24332, 1.21313, 4.13721, 8.27405, -4.8537, 1.27397, -0.590218, 2.35782, 10.2266, 1.71777, 0.591698, 0.374443, -2.60474, 0.612923, 5.67731, 2.65768, 2.22293, 5.87866, 4.27185, 1.1338, 5.18799, 6.82507, -2.31314, 4.59705, 4.71545, 3.77283, 6.01013, -0.355083, -4.90417, 1.33253, 6.9563, -1.26965, 0.655563, 9.03369, 1.34018, ... ]
X at t=0.89:
[ 2.12372, 2.17612, 1.32939, 4.25067, 8.01367, -4.9425, 1.76222, -0.394825, 2.37088, 10.255, 1.59515, 0.503136, 0.427425, -2.49905, 0.551758, 5.73096, 2.80579, 2.28589, 5.93396, 4.2442, 1.17287, 5.24445, 6.65845, -2.24942, 4.67334, 5.02985, 3.87698, 5.82263, -0.781609, -4.74884, 1.03603, 7.00891, -1.21251, 0.703239, 9.04028, 1.17285, ... ]
X at t=0.9:
[ 2.40408, 2.0946, 1.43921, 4.36707, 7.74097, -4.99493, 2.22794, -0.165026, 2.40353, 10.2755, 1.46265, 0.42841, 0.484379, -2.39429, 0.49683, 5.78125, 2.96021, 2.34857, 5.98553, 4.21484, 1.21184, 5.29968, 6.49292, -2.18445, 4.73706, 5.34698, 3.97, 5.60315, -1.18262, -4.57458, 0.73349, 7.0495, -1.13182, 0.752319, 9.04626, 1.0033, ... ]
X at t=0.91:
[ 2.67227, 2.00024, 1.54295, 4.48553, 7.45728, -5.01514, 2.6658, 0.097497, 2.4563, 10.2874, 1.31987, 0.368446, 0.544388, -2.29047, 0.448177, 5.82855, 3.12054, 2.41098, 6.03302, 4.18378, 1.25084, 5.35364, 6.32855, -2.11899, 4.78888, 5.66547, 4.04926, 5.35242, -1.55426, -4.38257, 0.429802, 7.07861, -1.02715, 0.803085, 9.05127, 0.832542, ... ]
X at t=0.92:
[ 2.92725, 1.89447, 1.64102, 4.60547, 7.16388, -5.00745, 3.0715, 0.390594, 2.52921, 10.2893, 1.1666, 0.324135, 0.606606, -2.18759, 0.405788, 5.87323, 3.28644, 2.47308, 6.07599, 4.15112, 1.29001, 5.40619, 6.16547, -2.05371, 4.82959, 5.98389, 4.11188, 5.07196, -1.89307, -4.1745, 0.129797, 7.09698, -0.898499, 0.855835, 9.05481, 0.661598, ... ]
X at t=0.93:
[ 3.16815, 1.77866, 1.73386, 4.72614, 6.86194, -4.97614, 3.44171, 0.7118, 2.62192, 10.2802, 1.00275, 0.296307, 0.670265, -2.08572, 0.36961, 5.91559, 3.45749, 2.53479, 6.11407, 4.11694, 1.32947, 5.4574, 6.00366, -1.98917, 4.85999, 6.30078, 4.15497, 4.76404, -2.19608, -3.95276, -0.161879, 7.10541, -0.746323, 0.910889, 9.05652, 0.491474, ... ]
X at t=0.94:
[ 3.39423, 1.65413, 1.8219, 4.84698, 6.55267, -4.92548, 3.77408, 1.05846, 2.73386, 10.2582, 0.828453, 0.285709, 0.734688, -1.98491, 0.33955, 5.95593, 3.6333, 2.59604, 6.14697, 4.08136, 1.36938, 5.50714, 5.84314, -1.92578, 4.8808, 6.6145, 4.17566, 4.4317, -2.461, -3.72006, -0.440941, 7.10474, -0.571449, 0.968597, 9.05591, 0.323158, ... ]
X at t=0.95:
[ 3.60486, 1.52216, 1.90561, 4.96747, 6.23706, -4.85944, 4.06708, 1.42784, 2.8642, 10.2216, 0.644058, 0.29298, 0.799324, -1.88525, 0.315495, 5.99463, 3.81345, 2.65668, 6.17426, 4.04449, 1.4099, 5.55542, 5.68378, -1.86394, 4.89288, 6.92346, 4.17108, 4.07886, -2.68628, -3.47958, -0.70359, 7.09576, -0.375038, 1.02933, 9.05237, 0.157602, ... ]
X at t=0.96:
[ 3.79959, 1.38396, 1.9854, 5.0871, 5.91602, -4.78168, 4.31995, 1.81723, 3.01196, 10.168, 0.450172, 0.318611, 0.863754, -1.78688, 0.297295, 6.03204, 3.99756, 2.71652, 6.19562, 4.00653, 1.45117, 5.60217, 5.52557, -1.80389, 4.89697, 7.22595, 4.13861, 3.71008, -2.87128, -3.23462, -0.946663, 7.07935, -0.158535, 1.09344, 9.04541, -0.0042749, ... ]
X at t=0.97:
[ 3.97806, 1.24066, 2.06165, 5.20544, 5.59039, -4.6955, 4.53265, 2.22397, 3.17609, 10.0948, 0.247663, 0.3629, 0.927719, -1.68993, 0.284782, 6.06842, 4.18518, 2.77533, 6.21069, 3.96762, 1.49336, 5.6474, 5.36847, -1.74583, 4.8938, 7.52026, 4.07599, 3.33069, -3.01617, -2.98853, -1.16766, 7.05615, 0.0764074, 1.16133, 9.03442, -0.161612, ... ]
X at t=0.98:
[ 4.14001, 1.09337, 2.1347, 5.32214, 5.26086, -4.60376, 4.70563, 2.64548, 3.35541, 9.99939, 0.0376606, 0.425922, 0.991119, -1.59457, 0.277782, 6.10419, 4.37592, 2.83279, 6.21918, 3.92798, 1.53664, 5.69098, 5.21228, -1.6899, 4.88416, 7.80469, 3.98141, 2.9465, -3.12204, -2.74448, -1.36485, 7.02679, 0.327995, 1.23334, 9.0188, -0.313606, ... ]

Final state:
X at t=0.99:
[ 4.2854, 0.943069, 2.20486, 5.43677, 4.92804, -4.50891, 4.83966, 3.07928, 3.54858, 9.87866, -0.17845, 0.507469, 1.05403, -1.50102, 0.276093, 6.13959, 4.5694, 2.88858, 6.22076, 3.88788, 1.58116, 5.73297, 5.05688, -1.63614, 4.86871, 8.07751, 3.85358, 2.56375, -3.19083, -2.50528, -1.53719, 6.99182, 0.594353, 1.30981, 8.9978, -0.459534, ... ]
