
Lmod is automatically replacing "craype-x86-rome" with "craype-x86-trento".

Lorenz96(k=100, F=8, dt=0.01, t_max=1)
 - warming up the simulation for 10
 - running ensemble of size 1 with initial perturbation N(0.0, 0.001)
 - compressing every 1-th model state online on the GPU with BitRound(bitround_bits=8)
 - saving config file to 'output/config_5030267.json'
 - saving performance file to 'performance/perf_5030267'

Initial state:
X at t=0:
[ 6.96875, 5.04688, 7.34375, -0.100586, -1.12109, 3.72656, 10.25, -0.203125, 2.35156, 3.44531, -0.585938, 0.986328, 3.11719, 4.60938, 7.04688, 5.67188, -5.1875, 1.26562, 4.78125, 5.82812, -3.76562, 1.12891, -0.297852, -1.76953, 6.3125, 2.9375, -2.98438, 4.26562, 4.28125, 0.824219, 3.69531, 11.125, -0.330078, -0.183105, 3.72656, 7.60938, ... ]

X at t=0.01:
[ 7.34375, 5.28125, 6.95312, -0.463867, -1.01953, 3.65625, 10.25, -0.253906, 2.42188, 3.47656, -0.546875, 1.05469, 3.21875, 4.82812, 7.15625, 4.98438, -5.35938, 1.35547, 4.95312, 5.59375, -3.85156, 1.42188, -0.188477, -1.68359, 6.26562, 2.90625, -2.92969, 4.25, 4.46875, 0.873047, 3.78906, 11.0312, -0.673828, -0.0649414, 3.75781, 7.71875, ... ]
X at t=0.02:
[ 7.70312, 5.51562, 6.51562, -0.806641, -0.908203, 3.59375, 10.25, -0.290039, 2.49219, 3.50781, -0.507812, 1.12109, 3.32031, 5.04688, 7.21875, 4.26562, -5.48438, 1.39844, 5.125, 5.34375, -3.92188, 1.70312, -0.0717773, -1.58984, 6.21875, 2.875, -2.875, 4.23438, 4.65625, 0.923828, 3.88281, 10.9062, -1.00391, 0.0754395, 3.79688, 7.8125, ... ]
X at t=0.03:
[ 8.03125, 5.73438, 6.03125, -1.12109, -0.792969, 3.53906, 10.2188, -0.3125, 2.5625, 3.54688, -0.470703, 1.1875, 3.42969, 5.26562, 7.25, 3.53125, -5.5625, 1.39062, 5.29688, 5.07812, -3.97656, 1.96875, 0.0526123, -1.49219, 6.1875, 2.84375, -2.82031, 4.20312, 4.84375, 0.978516, 3.97656, 10.7812, -1.32031, 0.235352, 3.85156, 7.90625, ... ]
X at t=0.04:
[ 8.34375, 5.9375, 5.5, -1.40625, -0.675781, 3.49219, 10.1875, -0.322266, 2.63281, 3.58594, -0.43457, 1.25391, 3.53906, 5.5, 7.23438, 2.78125, -5.60938, 1.33203, 5.45312, 4.8125, -4.01562, 2.21875, 0.18457, -1.39062, 6.15625, 2.80469, -2.76562, 4.17188, 5.03125, 1.03906, 4.0625, 10.625, -1.62109, 0.412109, 3.92188, 7.98438, ... ]
X at t=0.05:
[ 8.625, 6.125, 4.92188, -1.65625, -0.5625, 3.46094, 10.1562, -0.320312, 2.70312, 3.625, -0.399414, 1.32031, 3.65625, 5.73438, 7.17188, 2.02344, -5.60938, 1.22266, 5.60938, 4.54688, -4.03125, 2.45312, 0.324219, -1.28516, 6.14062, 2.76562, -2.71094, 4.14062, 5.20312, 1.10547, 4.15625, 10.4688, -1.90234, 0.601562, 4, 8.03125, ... ]
X at t=0.06:
[ 8.875, 6.29688, 4.29688, -1.86719, -0.456055, 3.44531, 10.125, -0.308594, 2.77344, 3.66406, -0.365234, 1.38281, 3.78125, 5.96875, 7.04688, 1.26953, -5.5625, 1.0625, 5.73438, 4.28125, -4.04688, 2.66406, 0.47168, -1.17578, 6.125, 2.72656, -2.65625, 4.10938, 5.375, 1.17578, 4.25, 10.2812, -2.16406, 0.802734, 4.10938, 8.0625, ... ]
X at t=0.07:
[ 9.09375, 6.4375, 3.63281, -2.03125, -0.361328, 3.4375, 10.0938, -0.289062, 2.84375, 3.70312, -0.333008, 1.44531, 3.90625, 6.1875, 6.875, 0.53125, -5.46875, 0.861328, 5.84375, 4.01562, -4.04688, 2.85938, 0.626953, -1.0625, 6.10938, 2.67969, -2.60156, 4.0625, 5.54688, 1.25391, 4.34375, 10.0938, -2.40625, 1.00781, 4.23438, 8.09375, ... ]
X at t=0.08:
[ 9.28125, 6.54688, 2.94531, -2.14844, -0.28125, 3.4375, 10.0625, -0.262695, 2.90625, 3.74219, -0.301758, 1.50781, 4.03125, 6.40625, 6.64062, -0.182617, -5.34375, 0.623047, 5.92188, 3.77344, -4.03125, 3.03125, 0.789062, -0.949219, 6.09375, 2.63281, -2.54688, 4.01562, 5.71875, 1.33984, 4.42188, 9.875, -2.625, 1.21875, 4.375, 8.09375, ... ]
X at t=0.09:
[ 9.4375, 6.60938, 2.23438, -2.21875, -0.217285, 3.44531, 10.0312, -0.230957, 2.96875, 3.78125, -0.271484, 1.57031, 4.17188, 6.60938, 6.34375, -0.863281, -5.17188, 0.356445, 5.98438, 3.54688, -4, 3.1875, 0.957031, -0.833984, 6.09375, 2.58594, -2.49219, 3.96875, 5.89062, 1.42969, 4.5, 9.65625, -2.82031, 1.42969, 4.54688, 8.0625, ... ]
X at t=0.1:
[ 9.5625, 6.625, 1.51562, -2.24219, -0.17041, 3.46094, 10, -0.194336, 3.03125, 3.82031, -0.241699, 1.63281, 4.3125, 6.8125, 5.98438, -1.49609, -4.96875, 0.0693359, 6.01562, 3.33594, -3.96875, 3.32812, 1.12891, -0.714844, 6.09375, 2.53125, -2.4375, 3.92188, 6.0625, 1.52734, 4.57812, 9.4375, -2.99219, 1.63672, 4.73438, 8.03125, ... ]
X at t=0.11:
[ 9.65625, 6.59375, 0.798828, -2.21094, -0.140137, 3.48438, 9.96875, -0.15332, 3.08594, 3.85938, -0.212891, 1.69141, 4.45312, 7, 5.57812, -2.07812, -4.73438, -0.229004, 6.01562, 3.14844, -3.92969, 3.45312, 1.30469, -0.59375, 6.09375, 2.47656, -2.38281, 3.86719, 6.23438, 1.63281, 4.65625, 9.1875, -3.14844, 1.83594, 4.95312, 7.98438, ... ]
X at t=0.12:
[ 9.75, 6.51562, 0.0942383, -2.13281, -0.125, 3.50781, 9.9375, -0.110107, 3.14062, 3.89844, -0.18457, 1.75, 4.60938, 7.17188, 5.10938, -2.59375, -4.46875, -0.529297, 6, 2.98438, -3.88281, 3.5625, 1.48828, -0.47168, 6.09375, 2.41406, -2.32812, 3.8125, 6.40625, 1.74609, 4.73438, 8.9375, -3.28125, 2.02344, 5.1875, 7.90625, ... ]
X at t=0.13:
[ 9.8125, 6.39062, -0.587891, -2.01562, -0.12207, 3.53125, 9.90625, -0.0644531, 3.1875, 3.92969, -0.156738, 1.80859, 4.76562, 7.3125, 4.59375, -3.04688, -4.1875, -0.822266, 5.96875, 2.84375, -3.82812, 3.65625, 1.67578, -0.347656, 6.10938, 2.35156, -2.27344, 3.75781, 6.5625, 1.87109, 4.79688, 8.65625, -3.39844, 2.19531, 5.4375, 7.79688, ... ]
X at t=0.14:
[ 9.84375, 6.20312, -1.23828, -1.85547, -0.126953, 3.55469, 9.875, -0.0170288, 3.23438, 3.96094, -0.129395, 1.86719, 4.92188, 7.4375, 4.03125, -3.42188, -3.89062, -1.10156, 5.92188, 2.72656, -3.76562, 3.73438, 1.86719, -0.22168, 6.125, 2.28125, -2.21875, 3.70312, 6.71875, 2, 4.85938, 8.375, -3.5, 2.35156, 5.70312, 7.67188, ... ]
X at t=0.15:
[ 9.875, 5.96875, -1.85156, -1.66016, -0.135254, 3.57812, 9.84375, 0.0321045, 3.28125, 3.99219, -0.102295, 1.92578, 5.09375, 7.53125, 3.42969, -3.71875, -3.59375, -1.36328, 5.85938, 2.625, -3.70312, 3.79688, 2.05469, -0.0935059, 6.14062, 2.21094, -2.17188, 3.64062, 6.875, 2.14062, 4.90625, 8.09375, -3.58594, 2.48438, 5.98438, 7.51562, ... ]
X at t=0.16:
[ 9.90625, 5.6875, -2.41406, -1.43359, -0.142578, 3.60156, 9.8125, 0.0830078, 3.32031, 4.01562, -0.0754395, 1.98438, 5.26562, 7.59375, 2.78906, -3.9375, -3.29688, -1.60156, 5.78125, 2.54688, -3.63281, 3.85156, 2.25, 0.0367432, 6.15625, 2.13281, -2.125, 3.57812, 7.03125, 2.28906, 4.95312, 7.79688, -3.65625, 2.60156, 6.28125, 7.32812, ... ]
X at t=0.17:
[ 9.9375, 5.34375, -2.92188, -1.1875, -0.143555, 3.625, 9.78125, 0.134766, 3.35938, 4.04688, -0.0482178, 2.03906, 5.4375, 7.60938, 2.125, -4.07812, -3.01562, -1.8125, 5.70312, 2.49219, -3.5625, 3.89844, 2.44531, 0.169434, 6.17188, 2.05469, -2.07812, 3.51562, 7.1875, 2.44531, 4.98438, 7.48438, -3.71094, 2.69531, 6.57812, 7.10938, ... ]
X at t=0.18:
[ 9.9375, 4.95312, -3.375, -0.929688, -0.133789, 3.64844, 9.75, 0.1875, 3.39062, 4.07812, -0.0210571, 2.09375, 5.60938, 7.59375, 1.45312, -4.14062, -2.75, -1.99219, 5.60938, 2.45312, -3.48438, 3.92969, 2.64062, 0.303711, 6.1875, 1.97266, -2.03125, 3.44531, 7.34375, 2.60938, 5.01562, 7.17188, -3.75781, 2.76562, 6.875, 6.85938, ... ]
X at t=0.19:
[ 9.9375, 4.51562, -3.76562, -0.666016, -0.110107, 3.67188, 9.71875, 0.240234, 3.42188, 4.10938, 0.00640869, 2.14844, 5.78125, 7.53125, 0.775391, -4.125, -2.50781, -2.14062, 5.51562, 2.42969, -3.40625, 3.95312, 2.84375, 0.441406, 6.1875, 1.88281, -1.98438, 3.375, 7.5, 2.78125, 5.03125, 6.84375, -3.78906, 2.8125, 7.17188, 6.57812, ... ]
X at t=0.2:
[ 9.9375, 4.04688, -4.09375, -0.408203, -0.0698242, 3.70312, 9.6875, 0.292969, 3.44531, 4.125, 0.0341797, 2.20312, 5.95312, 7.42188, 0.104736, -4.04688, -2.28906, -2.26562, 5.42188, 2.41406, -3.32812, 3.96875, 3.04688, 0.580078, 6.1875, 1.78906, -1.93359, 3.30469, 7.65625, 2.95312, 5.03125, 6.51562, -3.8125, 2.83594, 7.45312, 6.26562, ... ]
X at t=0.21:
[ 9.9375, 3.53906, -4.35938, -0.162598, -0.0119324, 3.73438, 9.65625, 0.34375, 3.46875, 4.14062, 0.0627441, 2.25781, 6.125, 7.26562, -0.548828, -3.89844, -2.10156, -2.36719, 5.32812, 2.41406, -3.24219, 3.98438, 3.25, 0.722656, 6.1875, 1.69141, -1.88281, 3.23438, 7.8125, 3.13281, 5.01562, 6.17188, -3.82812, 2.83594, 7.73438, 5.92188, ... ]
X at t=0.22:
[ 9.9375, 2.99219, -4.54688, 0.0625, 0.0637207, 3.77344, 9.625, 0.392578, 3.49219, 4.15625, 0.0922852, 2.3125, 6.29688, 7.0625, -1.17578, -3.69531, -1.94141, -2.44531, 5.23438, 2.42188, -3.15625, 3.99219, 3.45312, 0.867188, 6.1875, 1.58984, -1.83203, 3.16406, 7.96875, 3.32031, 4.98438, 5.82812, -3.83594, 2.8125, 8, 5.54688, ... ]
X at t=0.23:
[ 9.9375, 2.41406, -4.67188, 0.260742, 0.15625, 3.82031, 9.59375, 0.439453, 3.50781, 4.17188, 0.122559, 2.36719, 6.46875, 6.82812, -1.76953, -3.44531, -1.80469, -2.5, 5.14062, 2.4375, -3.07031, 3.99219, 3.65625, 1.01562, 6.17188, 1.48438, -1.77734, 3.09375, 8.125, 3.50781, 4.92188, 5.48438, -3.83594, 2.76562, 8.25, 5.14062, ... ]
X at t=0.24:
[ 9.90625, 1.80859, -4.73438, 0.426758, 0.263672, 3.875, 9.5625, 0.482422, 3.52344, 4.1875, 0.153809, 2.42188, 6.625, 6.54688, -2.32812, -3.15625, -1.69141, -2.53906, 5.0625, 2.46094, -2.98438, 3.99219, 3.85938, 1.16406, 6.15625, 1.37109, -1.72266, 3.02344, 8.28125, 3.69531, 4.84375, 5.14062, -3.82812, 2.69531, 8.46875, 4.71875, ... ]
X at t=0.25:
[ 9.875, 1.18359, -4.73438, 0.556641, 0.382812, 3.9375, 9.53125, 0.519531, 3.53906, 4.20312, 0.186523, 2.47656, 6.78125, 6.21875, -2.83594, -2.83594, -1.59375, -2.5625, 4.98438, 2.49219, -2.89844, 3.98438, 4.0625, 1.31641, 6.14062, 1.25391, -1.66406, 2.95312, 8.4375, 3.88281, 4.73438, 4.79688, -3.8125, 2.60938, 8.65625, 4.26562, ... ]
X at t=0.26:
[ 9.8125, 0.542969, -4.67188, 0.648438, 0.509766, 4.01562, 9.5, 0.552734, 3.55469, 4.21875, 0.220215, 2.53125, 6.9375, 5.84375, -3.29688, -2.49219, -1.50781, -2.57031, 4.90625, 2.53125, -2.8125, 3.97656, 4.26562, 1.46875, 6.10938, 1.13281, -1.60547, 2.88281, 8.59375, 4.0625, 4.60938, 4.45312, -3.78906, 2.5, 8.84375, 3.80469, ... ]
X at t=0.27:
[ 9.71875, -0.105713, -4.5625, 0.705078, 0.642578, 4.09375, 9.46875, 0.578125, 3.5625, 4.23438, 0.254883, 2.58594, 7.07812, 5.4375, -3.70312, -2.13281, -1.43359, -2.57031, 4.82812, 2.57031, -2.72656, 3.96094, 4.46875, 1.625, 6.0625, 1.01172, -1.54297, 2.8125, 8.75, 4.23438, 4.45312, 4.125, -3.75781, 2.375, 9, 3.33594, ... ]
X at t=0.28:
[ 9.625, -0.755859, -4.39062, 0.726562, 0.777344, 4.1875, 9.4375, 0.597656, 3.57031, 4.25, 0.291016, 2.64062, 7.20312, 5, -4.04688, -1.77344, -1.36328, -2.55469, 4.75, 2.61719, -2.64062, 3.94531, 4.67188, 1.78125, 6.01562, 0.886719, -1.47656, 2.74219, 8.875, 4.40625, 4.26562, 3.8125, -3.71875, 2.23438, 9.125, 2.86719, ... ]
X at t=0.29:
[ 9.5, -1.40234, -4.17188, 0.716797, 0.910156, 4.29688, 9.40625, 0.607422, 3.57812, 4.26562, 0.329102, 2.70312, 7.32812, 4.53125, -4.34375, -1.41797, -1.29297, -2.53125, 4.67188, 2.66406, -2.55469, 3.92969, 4.875, 1.9375, 5.95312, 0.759766, -1.40625, 2.67188, 9, 4.5625, 4.0625, 3.50781, -3.67188, 2.08594, 9.25, 2.39844, ... ]
X at t=0.3:
[ 9.3125, -2.03906, -3.89844, 0.679688, 1.03906, 4.40625, 9.375, 0.607422, 3.58594, 4.28125, 0.369141, 2.76562, 7.4375, 4.03125, -4.57812, -1.07422, -1.22266, -2.5, 4.59375, 2.71094, -2.46875, 3.90625, 5.07812, 2.09375, 5.875, 0.630859, -1.33203, 2.60938, 9.125, 4.70312, 3.83594, 3.22656, -3.61719, 1.92578, 9.34375, 1.9375, ... ]
X at t=0.31:
[ 9.09375, -2.65625, -3.57812, 0.623047, 1.16016, 4.53125, 9.3125, 0.597656, 3.59375, 4.29688, 0.410156, 2.82812, 7.53125, 3.50781, -4.76562, -0.751953, -1.14844, -2.45312, 4.51562, 2.76562, -2.375, 3.88281, 5.28125, 2.25, 5.78125, 0.501953, -1.25391, 2.54688, 9.25, 4.82812, 3.58594, 2.96094, -3.55469, 1.75781, 9.40625, 1.48828, ... ]
X at t=0.32:
[ 8.84375, -3.24219, -3.21094, 0.554688, 1.27344, 4.65625, 9.25, 0.578125, 3.60156, 4.3125, 0.453125, 2.89062, 7.60938, 2.96875, -4.89062, -0.455078, -1.07031, -2.39844, 4.45312, 2.82031, -2.28125, 3.85938, 5.48438, 2.40625, 5.6875, 0.374023, -1.17578, 2.49219, 9.375, 4.9375, 3.3125, 2.71875, -3.48438, 1.58594, 9.46875, 1.05859, ... ]
X at t=0.33:
[ 8.5625, -3.79688, -2.80469, 0.483398, 1.37891, 4.79688, 9.1875, 0.548828, 3.61719, 4.34375, 0.498047, 2.95312, 7.67188, 2.41406, -4.96875, -0.187988, -0.986328, -2.33594, 4.39062, 2.875, -2.1875, 3.83594, 5.6875, 2.55469, 5.57812, 0.246582, -1.09375, 2.4375, 9.5, 5.03125, 3.01562, 2.5, -3.40625, 1.41016, 9.5, 0.650391, ... ]
X at t=0.34:
[ 8.25, -4.3125, -2.375, 0.416016, 1.47656, 4.9375, 9.125, 0.507812, 3.63281, 4.375, 0.544922, 3.01562, 7.71875, 1.85547, -5, 0.0462646, -0.898438, -2.27344, 4.32812, 2.92969, -2.10156, 3.8125, 5.89062, 2.70312, 5.45312, 0.121338, -1.00781, 2.39062, 9.625, 5.09375, 2.70312, 2.3125, -3.32812, 1.23438, 9.53125, 0.267578, ... ]
X at t=0.35:
[ 7.89062, -4.78125, -1.92188, 0.361328, 1.56641, 5.09375, 9.03125, 0.457031, 3.64844, 4.40625, 0.591797, 3.07812, 7.75, 1.29688, -4.98438, 0.246094, -0.804688, -2.20312, 4.26562, 2.98438, -2.01562, 3.78906, 6.09375, 2.84375, 5.3125, -0.0007267, -0.919922, 2.35156, 9.75, 5.125, 2.375, 2.15625, -3.24219, 1.0625, 9.53125, -0.0859375, ... ]
X at t=0.36:
[ 7.5, -5.20312, -1.45703, 0.326172, 1.65234, 5.25, 8.9375, 0.395508, 3.67188, 4.4375, 0.640625, 3.14062, 7.75, 0.740234, -4.92188, 0.410156, -0.707031, -2.125, 4.21875, 3.03906, -1.92969, 3.76562, 6.28125, 2.98438, 5.15625, -0.118408, -0.828125, 2.32031, 9.84375, 5.14062, 2.03125, 2.03125, -3.14844, 0.892578, 9.53125, -0.407227, ... ]
X at t=0.37:
[ 7.07812, -5.5625, -0.988281, 0.316406, 1.73438, 5.42188, 8.84375, 0.324219, 3.69531, 4.46875, 0.689453, 3.20312, 7.73438, 0.191406, -4.8125, 0.539062, -0.605469, -2.04688, 4.17188, 3.09375, -1.84375, 3.74219, 6.46875, 3.11719, 4.98438, -0.230957, -0.734375, 2.29688, 9.9375, 5.10938, 1.68359, 1.9375, -3.05469, 0.728516, 9.53125, -0.695312, ... ]
X at t=0.38:
[ 6.64062, -5.875, -0.525391, 0.335938, 1.81641, 5.59375, 8.75, 0.242676, 3.71875, 4.51562, 0.740234, 3.27344, 7.70312, -0.344727, -4.67188, 0.634766, -0.501953, -1.96484, 4.125, 3.14844, -1.75781, 3.71875, 6.65625, 3.23438, 4.79688, -0.336914, -0.638672, 2.28125, 10.0312, 5.04688, 1.33594, 1.875, -2.96094, 0.572266, 9.5, -0.947266, ... ]
X at t=0.39:
[ 6.17188, -6.14062, -0.0783691, 0.388672, 1.89844, 5.76562, 8.625, 0.150879, 3.75, 4.5625, 0.792969, 3.34375, 7.65625, -0.865234, -4.5, 0.699219, -0.399414, -1.87891, 4.09375, 3.20312, -1.67188, 3.69531, 6.84375, 3.34375, 4.59375, -0.43457, -0.542969, 2.27344, 10.125, 4.95312, 0.992188, 1.84375, -2.85938, 0.423828, 9.46875, -1.16016, ... ]
X at t=0.4:
[ 5.6875, -6.35938, 0.34375, 0.474609, 1.98047, 5.9375, 8.5, 0.0510254, 3.78125, 4.60938, 0.845703, 3.41406, 7.59375, -1.36719, -4.29688, 0.736328, -0.296875, -1.78906, 4.0625, 3.25781, -1.58594, 3.67188, 7.03125, 3.4375, 4.375, -0.523438, -0.447266, 2.27344, 10.2188, 4.82812, 0.654297, 1.83984, -2.75781, 0.285156, 9.4375, -1.33594, ... ]
X at t=0.41:
[ 5.1875, -6.53125, 0.734375, 0.59375, 2.0625, 6.10938, 8.34375, -0.0566406, 3.82031, 4.67188, 0.900391, 3.48438, 7.5, -1.84766, -4.0625, 0.751953, -0.195801, -1.69922, 4.03125, 3.3125, -1.5, 3.64844, 7.21875, 3.52344, 4.14062, -0.601562, -0.351562, 2.28125, 10.3125, 4.67188, 0.329102, 1.86328, -2.64844, 0.157227, 9.40625, -1.47266, ... ]
X at t=0.42:
[ 4.6875, -6.65625, 1.08594, 0.746094, 2.15625, 6.28125, 8.1875, -0.17041, 3.85938, 4.73438, 0.955078, 3.54688, 7.39062, -2.29688, -3.79688, 0.748047, -0.097168, -1.60547, 4, 3.35938, -1.41797, 3.63281, 7.40625, 3.59375, 3.89062, -0.669922, -0.256836, 2.30469, 10.375, 4.48438, 0.019165, 1.91016, -2.53906, 0.0411377, 9.375, -1.57422, ... ]
X at t=0.43:
[ 4.17188, -6.75, 1.39453, 0.927734, 2.25, 6.45312, 8, -0.289062, 3.90625, 4.8125, 1.00781, 3.60938, 7.26562, -2.71875, -3.50781, 0.730469, -0.00113297, -1.50781, 3.98438, 3.40625, -1.33594, 3.61719, 7.57812, 3.64062, 3.63281, -0.726562, -0.164551, 2.33594, 10.4375, 4.25, -0.269531, 1.97656, -2.42969, -0.0632324, 9.34375, -1.64062, ... ]
X at t=0.44:
[ 3.66406, -6.79688, 1.65234, 1.13281, 2.35156, 6.625, 7.8125, -0.411133, 3.95312, 4.89062, 1.0625, 3.67188, 7.125, -3.10938, -3.20312, 0.703125, 0.0917969, -1.41016, 3.96875, 3.45312, -1.25391, 3.60156, 7.75, 3.67188, 3.36719, -0.769531, -0.074707, 2.375, 10.5, 3.99219, -0.533203, 2.0625, -2.3125, -0.155762, 9.3125, -1.67188, ... ]
X at t=0.45:
[ 3.15625, -6.8125, 1.85938, 1.35938, 2.46875, 6.78125, 7.60938, -0.535156, 4, 4.96875, 1.11719, 3.73438, 6.96875, -3.46875, -2.88281, 0.671875, 0.181641, -1.30859, 3.96094, 3.5, -1.17188, 3.58594, 7.92188, 3.67969, 3.09375, -0.800781, 0.0121155, 2.42188, 10.5625, 3.71094, -0.769531, 2.15625, -2.19531, -0.23584, 9.28125, -1.66797, ... ]
X at t=0.46:
[ 2.65625, -6.79688, 2.01562, 1.60547, 2.59375, 6.9375, 7.39062, -0.660156, 4.04688, 5.0625, 1.17188, 3.79688, 6.79688, -3.79688, -2.54688, 0.638672, 0.268555, -1.20703, 3.95312, 3.54688, -1.09375, 3.57812, 8.09375, 3.67188, 2.8125, -0.818359, 0.095459, 2.47656, 10.5938, 3.39844, -0.978516, 2.25781, -2.07812, -0.303711, 9.25, -1.63281, ... ]
X at t=0.47:
[ 2.16406, -6.76562, 2.11719, 1.86328, 2.72656, 7.09375, 7.15625, -0.785156, 4.09375, 5.15625, 1.22656, 3.85156, 6.60938, -4.07812, -2.19531, 0.611328, 0.352539, -1.10156, 3.95312, 3.59375, -1.01562, 3.57031, 8.25, 3.64062, 2.53125, -0.824219, 0.175293, 2.54688, 10.625, 3.0625, -1.15625, 2.36719, -1.95703, -0.359375, 9.21875, -1.57031, ... ]
X at t=0.48:
[ 1.6875, -6.70312, 2.16406, 2.125, 2.875, 7.23438, 6.89062, -0.910156, 4.14062, 5.26562, 1.28125, 3.90625, 6.40625, -4.32812, -1.84375, 0.591797, 0.433594, -0.996094, 3.95312, 3.63281, -0.939453, 3.5625, 8.40625, 3.58594, 2.25, -0.816406, 0.250977, 2.625, 10.6562, 2.70312, -1.30078, 2.47656, -1.83594, -0.404297, 9.1875, -1.48047, ... ]
X at t=0.49:
[ 1.22266, -6.625, 2.16406, 2.39062, 3.03906, 7.35938, 6.60938, -1.03125, 4.1875, 5.375, 1.33203, 3.95312, 6.1875, -4.54688, -1.49219, 0.582031, 0.511719, -0.890625, 3.96094, 3.67188, -0.863281, 3.5625, 8.53125, 3.5, 1.97656, -0.796875, 0.323242, 2.71094, 10.6875, 2.32812, -1.41016, 2.58594, -1.71094, -0.4375, 9.15625, -1.36719, ... ]
X at t=0.5:
[ 0.775391, -6.51562, 2.11719, 2.64844, 3.21875, 7.48438, 6.29688, -1.14453, 4.23438, 5.5, 1.38281, 4, 5.95312, -4.73438, -1.14062, 0.585938, 0.587891, -0.783203, 3.96875, 3.71094, -0.789062, 3.5625, 8.65625, 3.39062, 1.71094, -0.765625, 0.391602, 2.79688, 10.6875, 1.93359, -1.48438, 2.6875, -1.58594, -0.459961, 9.125, -1.23047, ... ]
X at t=0.51:
[ 0.344727, -6.39062, 2.03125, 2.89844, 3.41406, 7.59375, 5.96875, -1.25391, 4.26562, 5.625, 1.43359, 4.03125, 5.71875, -4.89062, -0.796875, 0.605469, 0.662109, -0.673828, 3.98438, 3.75, -0.716797, 3.5625, 8.78125, 3.25781, 1.45703, -0.722656, 0.457031, 2.89062, 10.6875, 1.52734, -1.52344, 2.78906, -1.46094, -0.47168, 9.09375, -1.07812, ... ]
X at t=0.52:
[ -0.0673828, -6.25, 1.90625, 3.14062, 3.625, 7.6875, 5.60938, -1.35547, 4.29688, 5.76562, 1.48438, 4.0625, 5.46875, -5.01562, -0.462891, 0.642578, 0.734375, -0.5625, 4, 3.78906, -0.644531, 3.57031, 8.90625, 3.10156, 1.21875, -0.669922, 0.519531, 2.99219, 10.6562, 1.11328, -1.53125, 2.875, -1.33594, -0.473633, 9.0625, -0.910156, ... ]
X at t=0.53:
[ -0.459961, -6.09375, 1.75, 3.36719, 3.85938, 7.76562, 5.23438, -1.44531, 4.3125, 5.90625, 1.53516, 4.09375, 5.21875, -5.10938, -0.142578, 0.697266, 0.804688, -0.451172, 4.01562, 3.82031, -0.574219, 3.57812, 9, 2.92969, 0.996094, -0.609375, 0.580078, 3.10156, 10.625, 0.697266, -1.50391, 2.95312, -1.21094, -0.466797, 9.03125, -0.730469, ... ]
X at t=0.54:
[ -0.832031, -5.90625, 1.5625, 3.57812, 4.10938, 7.82812, 4.82812, -1.52344, 4.32812, 6.04688, 1.58594, 4.10938, 4.96875, -5.17188, 0.161621, 0.769531, 0.873047, -0.338867, 4.03125, 3.85156, -0.503906, 3.59375, 9.09375, 2.73438, 0.792969, -0.542969, 0.640625, 3.21094, 10.5938, 0.280273, -1.44531, 3.02344, -1.08594, -0.451172, 9, -0.541016, ... ]
X at t=0.55:
[ -1.17969, -5.70312, 1.35547, 3.76562, 4.375, 7.85938, 4.40625, -1.58984, 4.32812, 6.1875, 1.63281, 4.125, 4.71875, -5.21875, 0.447266, 0.859375, 0.9375, -0.226562, 4.04688, 3.88281, -0.435547, 3.60938, 9.1875, 2.51562, 0.611328, -0.470703, 0.699219, 3.32812, 10.5312, -0.134277, -1.35547, 3.08594, -0.964844, -0.426758, 8.96875, -0.345703, ... ]
X at t=0.56:
[ -1.50781, -5.48438, 1.12891, 3.92969, 4.65625, 7.875, 3.96094, -1.64062, 4.32812, 6.34375, 1.68359, 4.125, 4.45312, -5.23438, 0.712891, 0.964844, 1, -0.114258, 4.07812, 3.91406, -0.368164, 3.625, 9.25, 2.28125, 0.453125, -0.394531, 0.757812, 3.45312, 10.4688, -0.542969, -1.23438, 3.14062, -0.847656, -0.395508, 8.9375, -0.145996, ... ]
X at t=0.57:
[ -1.8125, -5.23438, 0.894531, 4.0625, 4.95312, 7.85938, 3.49219, -1.67578, 4.3125, 6.5, 1.73047, 4.125, 4.1875, -5.23438, 0.957031, 1.08594, 1.05859, -0.00202179, 4.10938, 3.9375, -0.302734, 3.64844, 9.3125, 2.03125, 0.320312, -0.31543, 0.818359, 3.57812, 10.375, -0.943359, -1.08594, 3.1875, -0.734375, -0.356445, 8.90625, 0.0552979, ... ]
X at t=0.58:
[ -2.08594, -4.96875, 0.65625, 4.17188, 5.26562, 7.8125, 3, -1.69141, 4.28125, 6.65625, 1.77734, 4.10938, 3.9375, -5.21875, 1.17578, 1.21875, 1.11328, 0.109619, 4.14062, 3.96094, -0.238281, 3.67188, 9.375, 1.77344, 0.214355, -0.235352, 0.878906, 3.71094, 10.25, -1.32812, -0.914062, 3.22656, -0.625, -0.311523, 8.875, 0.255859, ... ]
X at t=0.59:
[ -2.33594, -4.6875, 0.418945, 4.25, 5.59375, 7.73438, 2.49219, -1.6875, 4.25, 6.8125, 1.82812, 4.09375, 3.6875, -5.1875, 1.37109, 1.36328, 1.16406, 0.220215, 4.17188, 3.98438, -0.174805, 3.70312, 9.40625, 1.50391, 0.134766, -0.154297, 0.941406, 3.84375, 10.125, -1.69922, -0.71875, 3.26562, -0.521484, -0.260742, 8.84375, 0.453125, ... ]
X at t=0.6:
[ -2.5625, -4.39062, 0.189453, 4.3125, 5.92188, 7.60938, 1.97656, -1.66406, 4.20312, 6.96875, 1.87891, 4.0625, 3.4375, -5.14062, 1.54297, 1.51953, 1.21484, 0.330078, 4.20312, 4, -0.112305, 3.73438, 9.4375, 1.22656, 0.0830078, -0.0734863, 1.00391, 3.97656, 9.96875, -2.05469, -0.503906, 3.29688, -0.423828, -0.20459, 8.8125, 0.646484, ... ]
X at t=0.61:
[ -2.76562, -4.07812, -0.0278931, 4.34375, 6.25, 7.45312, 1.45312, -1.625, 4.14062, 7.125, 1.92969, 4.01562, 3.19531, -5.07812, 1.69141, 1.68359, 1.26172, 0.438477, 4.25, 4.01562, -0.050415, 3.76562, 9.4375, 0.947266, 0.059082, 0.00680542, 1.07031, 4.10938, 9.8125, -2.39062, -0.273438, 3.33594, -0.332031, -0.143555, 8.78125, 0.833984, ... ]
X at t=0.62:
[ -2.9375, -3.74219, -0.228516, 4.35938, 6.57812, 7.25, 0.929688, -1.56641, 4.07812, 7.26562, 1.98047, 3.96875, 2.96094, -5.01562, 1.81641, 1.85547, 1.30469, 0.544922, 4.29688, 4.03125, 0.0100708, 3.80469, 9.4375, 0.666016, 0.0625, 0.0864258, 1.14062, 4.25, 9.625, -2.70312, -0.0294189, 3.375, -0.247559, -0.078125, 8.75, 1.01172, ... ]
X at t=0.63:
[ -3.08594, -3.39844, -0.408203, 4.35938, 6.90625, 7, 0.412109, -1.48828, 4, 7.40625, 2.03125, 3.91406, 2.73438, -4.9375, 1.92188, 2.03125, 1.34375, 0.650391, 4.34375, 4.03125, 0.0695801, 3.84375, 9.4375, 0.385742, 0.0925293, 0.165527, 1.21094, 4.39062, 9.40625, -2.99219, 0.224121, 3.42188, -0.169922, -0.00881958, 8.71875, 1.17969, ... ]
X at t=0.64:
[ -3.20312, -3.03906, -0.564453, 4.34375, 7.23438, 6.70312, -0.0935059, -1.39844, 3.92969, 7.54688, 2.07812, 3.85156, 2.51562, -4.84375, 2, 2.21094, 1.38281, 0.753906, 4.39062, 4.03125, 0.12793, 3.88281, 9.40625, 0.109619, 0.148438, 0.244629, 1.28516, 4.53125, 9.1875, -3.25781, 0.483398, 3.47656, -0.0996094, 0.0637207, 8.6875, 1.33984, ... ]
X at t=0.65:
[ -3.28906, -2.67188, -0.693359, 4.3125, 7.54688, 6.35938, -0.580078, -1.29297, 3.85938, 7.67188, 2.125, 3.78125, 2.30469, -4.75, 2.0625, 2.39062, 1.41797, 0.855469, 4.4375, 4.03125, 0.185547, 3.92969, 9.375, -0.159668, 0.228516, 0.324219, 1.36328, 4.67188, 8.9375, -3.5, 0.744141, 3.53906, -0.0368652, 0.13916, 8.65625, 1.48828, ... ]
X at t=0.66:
[ -3.35156, -2.29688, -0.794922, 4.26562, 7.84375, 5.96875, -1.04297, -1.17969, 3.78906, 7.79688, 2.17188, 3.70312, 2.10156, -4.65625, 2.10156, 2.57031, 1.45312, 0.953125, 4.48438, 4.03125, 0.242676, 3.97656, 9.3125, -0.420898, 0.331055, 0.405273, 1.44531, 4.8125, 8.6875, -3.71875, 1.00391, 3.60938, 0.0182495, 0.216797, 8.625, 1.625, ... ]
X at t=0.67:
[ -3.38281, -1.92188, -0.867188, 4.21875, 8.09375, 5.54688, -1.47266, -1.0625, 3.72656, 7.92188, 2.21875, 3.61719, 1.91016, -4.54688, 2.125, 2.75, 1.48828, 1.04688, 4.53125, 4.03125, 0.298828, 4.01562, 9.25, -0.669922, 0.455078, 0.488281, 1.52734, 4.95312, 8.40625, -3.92188, 1.25781, 3.69531, 0.0656738, 0.295898, 8.59375, 1.75, ... ]
X at t=0.68:
[ -3.39062, -1.54688, -0.908203, 4.15625, 8.34375, 5.07812, -1.86328, -0.945312, 3.67188, 8.03125, 2.26562, 3.51562, 1.73047, -4.4375, 2.13281, 2.92188, 1.52344, 1.14062, 4.57812, 4.03125, 0.354492, 4.0625, 9.1875, -0.90625, 0.597656, 0.574219, 1.61328, 5.09375, 8.09375, -4.09375, 1.50391, 3.78906, 0.105469, 0.375977, 8.5625, 1.85938, ... ]
X at t=0.69:
[ -3.36719, -1.17578, -0.919922, 4.09375, 8.5625, 4.57812, -2.21094, -0.832031, 3.625, 8.125, 2.30469, 3.40625, 1.5625, -4.32812, 2.125, 3.09375, 1.55859, 1.23047, 4.64062, 4.03125, 0.40918, 4.10938, 9.09375, -1.125, 0.755859, 0.666016, 1.70312, 5.23438, 7.78125, -4.25, 1.73828, 3.89844, 0.137695, 0.457031, 8.5625, 1.95703, ... ]
X at t=0.7:
[ -3.32031, -0.8125, -0.904297, 4.03125, 8.75, 4.04688, -2.50781, -0.726562, 3.58594, 8.21875, 2.33594, 3.29688, 1.40625, -4.21875, 2.10938, 3.26562, 1.59375, 1.32031, 4.70312, 4.03125, 0.462891, 4.15625, 9, -1.32812, 0.929688, 0.763672, 1.79688, 5.375, 7.45312, -4.375, 1.95703, 4.01562, 0.162598, 0.537109, 8.5625, 2.03906, ... ]
X at t=0.71:
[ -3.25, -0.459961, -0.861328, 3.98438, 8.90625, 3.5, -2.75781, -0.632812, 3.55469, 8.3125, 2.35938, 3.17969, 1.26172, -4.10938, 2.07812, 3.42969, 1.63281, 1.40625, 4.76562, 4.01562, 0.515625, 4.20312, 8.90625, -1.51562, 1.11328, 0.867188, 1.89062, 5.51562, 7.10938, -4.48438, 2.15625, 4.14062, 0.180176, 0.617188, 8.5625, 2.10938, ... ]
X at t=0.72:
[ -3.15625, -0.119873, -0.792969, 3.94531, 9.03125, 2.92969, -2.95312, -0.554688, 3.53125, 8.40625, 2.375, 3.05469, 1.12891, -4, 2.03906, 3.58594, 1.67188, 1.49219, 4.82812, 4, 0.566406, 4.26562, 8.78125, -1.6875, 1.30469, 0.980469, 1.98828, 5.65625, 6.75, -4.57812, 2.33594, 4.28125, 0.190918, 0.697266, 8.5625, 2.16406, ... ]
X at t=0.73:
[ -3.03906, 0.205566, -0.701172, 3.91406, 9.125, 2.34375, -3.09375, -0.496094, 3.51562, 8.5, 2.38281, 2.92188, 1.00781, -3.89062, 1.99609, 3.74219, 1.71484, 1.57422, 4.89062, 3.99219, 0.617188, 4.32812, 8.65625, -1.83984, 1.50391, 1.10156, 2.08594, 5.78125, 6.375, -4.65625, 2.49219, 4.42188, 0.195801, 0.777344, 8.5625, 2.21094, ... ]
X at t=0.74:
[ -2.89844, 0.513672, -0.589844, 3.89062, 9.1875, 1.75391, -3.17969, -0.457031, 3.5, 8.59375, 2.38281, 2.78906, 0.900391, -3.77344, 1.94531, 3.89062, 1.76172, 1.65625, 4.95312, 3.98438, 0.667969, 4.39062, 8.53125, -1.97656, 1.70703, 1.23438, 2.1875, 5.90625, 5.98438, -4.71875, 2.625, 4.57812, 0.195312, 0.855469, 8.5625, 2.24219, ... ]
X at t=0.75:
[ -2.74219, 0.804688, -0.459961, 3.88281, 9.25, 1.16406, -3.20312, -0.4375, 3.49219, 8.65625, 2.36719, 2.65625, 0.804688, -3.65625, 1.88672, 4.03125, 1.8125, 1.73438, 5.01562, 3.96875, 0.716797, 4.45312, 8.375, -2.09375, 1.91406, 1.375, 2.29688, 6.01562, 5.57812, -4.78125, 2.72656, 4.73438, 0.189941, 0.933594, 8.5625, 2.25781, ... ]
X at t=0.76:
[ -2.57031, 1.07422, -0.313477, 3.89062, 9.28125, 0.578125, -3.17188, -0.436523, 3.48438, 8.71875, 2.34375, 2.51562, 0.722656, -3.53906, 1.82422, 4.15625, 1.86719, 1.8125, 5.07812, 3.95312, 0.765625, 4.51562, 8.21875, -2.19531, 2.11719, 1.53125, 2.40625, 6.125, 5.15625, -4.82812, 2.80469, 4.89062, 0.181152, 1.00781, 8.5625, 2.26562, ... ]
X at t=0.77:
[ -2.38281, 1.32422, -0.154297, 3.90625, 9.28125, 0.00183105, -3.08594, -0.451172, 3.47656, 8.78125, 2.30469, 2.38281, 0.652344, -3.42188, 1.76172, 4.28125, 1.92969, 1.89062, 5.14062, 3.9375, 0.814453, 4.57812, 8.0625, -2.28125, 2.32031, 1.69922, 2.52344, 6.21875, 4.73438, -4.85938, 2.85156, 5.0625, 0.17041, 1.08203, 8.5625, 2.25781, ... ]
X at t=0.78:
[ -2.17969, 1.55469, 0.0158081, 3.9375, 9.25, -0.558594, -2.94531, -0.479492, 3.46094, 8.84375, 2.25781, 2.25, 0.59375, -3.30469, 1.69531, 4.40625, 1.99609, 1.96484, 5.20312, 3.91406, 0.863281, 4.64062, 7.90625, -2.35156, 2.51562, 1.87891, 2.64062, 6.29688, 4.29688, -4.875, 2.86719, 5.23438, 0.158691, 1.15625, 8.5625, 2.24219, ... ]
X at t=0.79:
[ -1.96484, 1.76172, 0.194824, 3.98438, 9.1875, -1.09766, -2.75, -0.515625, 3.44531, 8.90625, 2.19531, 2.11719, 0.546875, -3.1875, 1.62891, 4.51562, 2.07031, 2.03906, 5.26562, 3.89062, 0.912109, 4.70312, 7.75, -2.40625, 2.70312, 2.07031, 2.76562, 6.35938, 3.85156, -4.875, 2.85156, 5.39062, 0.147949, 1.22656, 8.5625, 2.21875, ... ]
X at t=0.8:
[ -1.74219, 1.94922, 0.380859, 4.03125, 9.09375, -1.60938, -2.50781, -0.554688, 3.42188, 8.96875, 2.125, 1.99219, 0.511719, -3.07812, 1.5625, 4.625, 2.14844, 2.10938, 5.32812, 3.86719, 0.960938, 4.76562, 7.59375, -2.44531, 2.88281, 2.27344, 2.89062, 6.40625, 3.39844, -4.875, 2.8125, 5.54688, 0.140137, 1.29688, 8.5625, 2.17969, ... ]
X at t=0.81:
[ -1.50781, 2.11719, 0.570312, 4.09375, 8.96875, -2.08594, -2.21875, -0.591797, 3.39844, 9.03125, 2.04688, 1.875, 0.487305, -2.96875, 1.5, 4.73438, 2.23438, 2.17969, 5.375, 3.84375, 1.00781, 4.82812, 7.42188, -2.47656, 3.05469, 2.48438, 3.01562, 6.4375, 2.9375, -4.85938, 2.74219, 5.70312, 0.137207, 1.36719, 8.5625, 2.13281, ... ]
X at t=0.82:
[ -1.26953, 2.26562, 0.763672, 4.17188, 8.8125, -2.53125, -1.89453, -0.623047, 3.375, 9.09375, 1.96094, 1.76172, 0.472656, -2.85938, 1.4375, 4.82812, 2.32031, 2.25, 5.42188, 3.82031, 1.05469, 4.89062, 7.25, -2.49219, 3.21875, 2.71094, 3.14844, 6.45312, 2.47656, -4.82812, 2.64062, 5.85938, 0.140625, 1.43359, 8.5625, 2.07812, ... ]
X at t=0.83:
[ -1.02344, 2.39062, 0.958984, 4.25, 8.625, -2.9375, -1.53906, -0.640625, 3.35156, 9.15625, 1.86719, 1.65625, 0.466797, -2.75, 1.37891, 4.92188, 2.41406, 2.32031, 5.46875, 3.78906, 1.10156, 4.95312, 7.07812, -2.5, 3.36719, 2.94531, 3.28125, 6.4375, 2.01562, -4.78125, 2.51562, 6, 0.152832, 1.5, 8.5625, 2.01562, ... ]
X at t=0.84:
[ -0.775391, 2.5, 1.15234, 4.34375, 8.4375, -3.30469, -1.15625, -0.640625, 3.32812, 9.21875, 1.76953, 1.55859, 0.46875, -2.64062, 1.32031, 5.01562, 2.51562, 2.38281, 5.51562, 3.75781, 1.14844, 5.01562, 6.90625, -2.5, 3.50781, 3.19531, 3.41406, 6.40625, 1.55469, -4.71875, 2.36719, 6.125, 0.175781, 1.56641, 8.5625, 1.94531, ... ]
X at t=0.85:
[ -0.525391, 2.58594, 1.34766, 4.4375, 8.21875, -3.63281, -0.753906, -0.619141, 3.30469, 9.28125, 1.66406, 1.46875, 0.478516, -2.53125, 1.26562, 5.10938, 2.625, 2.44531, 5.5625, 3.72656, 1.19531, 5.07812, 6.71875, -2.49219, 3.63281, 3.45312, 3.54688, 6.34375, 1.09766, -4.64062, 2.19531, 6.25, 0.211426, 1.63281, 8.5625, 1.86719, ... ]
X at t=0.86:
[ -0.274414, 2.65625, 1.53906, 4.54688, 7.96875, -3.92188, -0.338867, -0.570312, 3.28906, 9.3125, 1.55078, 1.39062, 0.495117, -2.42188, 1.21484, 5.1875, 2.73438, 2.50781, 5.60938, 3.69531, 1.24219, 5.14062, 6.53125, -2.47656, 3.75, 3.71875, 3.67969, 6.25, 0.650391, -4.54688, 2, 6.35938, 0.260742, 1.69922, 8.5625, 1.78125, ... ]
X at t=0.87:
[ -0.0246582, 2.71094, 1.73047, 4.65625, 7.70312, -4.17188, 0.081543, -0.494141, 3.28125, 9.34375, 1.43359, 1.32422, 0.517578, -2.3125, 1.16797, 5.26562, 2.85156, 2.57031, 5.64062, 3.66406, 1.28906, 5.20312, 6.34375, -2.45312, 3.85156, 3.99219, 3.8125, 6.125, 0.214844, -4.4375, 1.78906, 6.45312, 0.327148, 1.76562, 8.5625, 1.69141, ... ]
X at t=0.88:
[ 0.223145, 2.75781, 1.91797, 4.76562, 7.40625, -4.375, 0.5, -0.386719, 3.28125, 9.375, 1.3125, 1.26953, 0.544922, -2.20312, 1.125, 5.34375, 2.97656, 2.63281, 5.67188, 3.63281, 1.33984, 5.25, 6.15625, -2.42969, 3.9375, 4.26562, 3.9375, 5.96875, -0.205078, -4.3125, 1.56641, 6.54688, 0.411133, 1.83203, 8.5625, 1.59375, ... ]
X at t=0.89:
[ 0.46875, 2.78906, 2.10156, 4.875, 7.09375, -4.54688, 0.910156, -0.248535, 3.29688, 9.40625, 1.1875, 1.22656, 0.576172, -2.10156, 1.08984, 5.42188, 3.10938, 2.69531, 5.70312, 3.60156, 1.39062, 5.29688, 5.96875, -2.39844, 4.01562, 4.54688, 4.04688, 5.79688, -0.605469, -4.17188, 1.33203, 6.625, 0.513672, 1.90234, 8.5625, 1.49219, ... ]
X at t=0.9:
[ 0.708984, 2.80469, 2.28125, 4.98438, 6.76562, -4.67188, 1.30469, -0.0786133, 3.32812, 9.40625, 1.05469, 1.19141, 0.611328, -2, 1.05859, 5.5, 3.24219, 2.75, 5.73438, 3.57031, 1.44141, 5.34375, 5.78125, -2.36719, 4.07812, 4.82812, 4.15625, 5.59375, -0.984375, -4, 1.09375, 6.6875, 0.634766, 1.97266, 8.5625, 1.38672, ... ]
X at t=0.91:
[ 0.945312, 2.8125, 2.45312, 5.09375, 6.40625, -4.76562, 1.67969, 0.121826, 3.375, 9.40625, 0.919922, 1.17188, 0.648438, -1.89844, 1.03125, 5.57812, 3.38281, 2.80469, 5.75, 3.53906, 1.49219, 5.39062, 5.59375, -2.32812, 4.125, 5.125, 4.25, 5.35938, -1.33594, -3.82812, 0.855469, 6.73438, 0.775391, 2.03906, 8.5625, 1.27734, ... ]
X at t=0.92:
[ 1.17578, 2.8125, 2.61719, 5.20312, 6.03125, -4.82812, 2.02344, 0.351562, 3.4375, 9.40625, 0.779297, 1.16406, 0.689453, -1.80078, 1.00781, 5.64062, 3.52344, 2.85938, 5.76562, 3.50781, 1.54297, 5.4375, 5.40625, -2.28906, 4.15625, 5.42188, 4.34375, 5.09375, -1.66016, -3.64062, 0.619141, 6.76562, 0.935547, 2.10938, 8.5625, 1.16406, ... ]
X at t=0.93:
[ 1.39844, 2.80469, 2.78125, 5.29688, 5.64062, -4.875, 2.33594, 0.607422, 3.51562, 9.375, 0.634766, 1.16797, 0.732422, -1.70312, 0.990234, 5.70312, 3.67188, 2.90625, 5.78125, 3.47656, 1.59375, 5.48438, 5.21875, -2.25, 4.1875, 5.71875, 4.42188, 4.79688, -1.95312, -3.4375, 0.388672, 6.79688, 1.11328, 2.17969, 8.53125, 1.04688, ... ]
X at t=0.94:
[ 1.61719, 2.78906, 2.9375, 5.39062, 5.25, -4.89062, 2.61719, 0.888672, 3.60938, 9.34375, 0.485352, 1.1875, 0.777344, -1.60547, 0.976562, 5.76562, 3.82031, 2.95312, 5.78125, 3.44531, 1.64453, 5.53125, 5.03125, -2.21094, 4.20312, 6.01562, 4.46875, 4.46875, -2.21094, -3.22656, 0.168945, 6.8125, 1.3125, 2.25781, 8.5, 0.927734, ... ]
X at t=0.95:
[ 1.82812, 2.76562, 3.08594, 5.48438, 4.84375, -4.89062, 2.85938, 1.19141, 3.71875, 9.28125, 0.331055, 1.21875, 0.824219, -1.51172, 0.96875, 5.82812, 3.97656, 3, 5.78125, 3.41406, 1.69922, 5.57812, 4.84375, -2.17188, 4.20312, 6.3125, 4.5, 4.10938, -2.42969, -3.01562, -0.0371094, 6.8125, 1.52734, 2.33594, 8.46875, 0.806641, ... ]
X at t=0.96:
[ 2.03125, 2.73438, 3.22656, 5.5625, 4.42188, -4.875, 3.07031, 1.51172, 3.84375, 9.21875, 0.17334, 1.26172, 0.873047, -1.41797, 0.964844, 5.89062, 4.125, 3.03906, 5.78125, 3.38281, 1.75391, 5.625, 4.65625, -2.13281, 4.20312, 6.59375, 4.51562, 3.74219, -2.60938, -2.79688, -0.227539, 6.8125, 1.76172, 2.41406, 8.4375, 0.683594, ... ]
X at t=0.97:
[ 2.22656, 2.69531, 3.36719, 5.625, 4, -4.84375, 3.23438, 1.85156, 3.98438, 9.125, 0.0115051, 1.32031, 0.923828, -1.32422, 0.964844, 5.95312, 4.28125, 3.07812, 5.76562, 3.35156, 1.80859, 5.65625, 4.46875, -2.09375, 4.1875, 6.875, 4.5, 3.35938, -2.75781, -2.58594, -0.399414, 6.79688, 2.00781, 2.49219, 8.375, 0.560547, ... ]
X at t=0.98:
[ 2.41406, 2.65625, 3.5, 5.67188, 3.57031, -4.79688, 3.35938, 2.20312, 4.14062, 9, -0.15332, 1.39062, 0.976562, -1.23438, 0.96875, 6.01562, 4.4375, 3.10938, 5.75, 3.32031, 1.86719, 5.6875, 4.28125, -2.05469, 4.15625, 7.15625, 4.45312, 2.96094, -2.86719, -2.375, -0.552734, 6.78125, 2.26562, 2.57812, 8.3125, 0.438477, ... ]

Final state:
X at t=0.99:
[ 2.59375, 2.60938, 3.625, 5.71875, 3.14062, -4.73438, 3.44531, 2.5625, 4.29688, 8.875, -0.320312, 1.47266, 1.03125, -1.14453, 0.978516, 6.07812, 4.59375, 3.14062, 5.73438, 3.28906, 1.92578, 5.71875, 4.09375, -2.01562, 4.125, 7.42188, 4.375, 2.55469, -2.9375, -2.17188, -0.685547, 6.75, 2.53906, 2.66406, 8.25, 0.316406, ... ]
