
Lmod is automatically replacing "craype-x86-rome" with "craype-x86-trento".

Lorenz96(k=100, F=8, dt=0.01, t_max=1)
 - warming up the simulation for 10
 - running ensemble of size 1 with initial perturbation N(0.0, 0.001)
 - compressing every 1-th model state online on the GPU with BitRound(bitround_bits=24)
 - saving config file to 'output/config_5030270.json'
 - saving performance file to 'performance/perf_5030270'

Initial state:
X at t=0:
[ 6.97368, 5.05917, 7.35117, -0.100787, -1.12296, 3.73102, 10.2582, -0.203239, 2.35716, 3.45174, -0.586471, 0.987708, 3.12047, 4.6171, 7.05744, 5.67665, -5.19413, 1.26716, 4.785, 5.84074, -3.7711, 1.13113, -0.298447, -1.77111, 6.32255, 2.94267, -2.99086, 4.27347, 4.29248, 0.825151, 3.69935, 11.1333, -0.330422, -0.18355, 3.72995, 7.61531, ... ]

X at t=0.01:
[ 7.36347, 5.30434, 6.97304, -0.466199, -1.02243, 3.66086, 10.2667, -0.254616, 2.42887, 3.48898, -0.548314, 1.05917, 3.22298, 4.84301, 7.16853, 4.99057, -5.37073, 1.35838, 4.96128, 5.61334, -3.85878, 1.42624, -0.189253, -1.68613, 6.28464, 2.91543, -2.94073, 4.26738, 4.4915, 0.873756, 3.79876, 11.0516, -0.67532, -0.0653123, 3.76221, 7.73617, ... ]
X at t=0.02:
[ 7.73389, 5.5455, 6.54086, -0.812046, -0.912779, 3.59897, 10.2693, -0.291345, 2.50275, 3.5276, -0.511124, 1.12946, 3.33029, 5.07377, 7.24363, 4.27444, -5.50626, 1.40176, 5.14213, 5.37164, -3.93115, 1.7097, -0.0725211, -1.59593, 6.25217, 2.88657, -2.88978, 4.25553, 4.68818, 0.925797, 3.89795, 10.9545, -1.01001, 0.0755417, 3.80472, 7.84481, ... ]
X at t=0.03:
[ 8.08166, 5.77818, 6.05459, -1.13305, -0.797726, 3.54709, 10.2663, -0.314267, 2.57777, 3.56733, -0.475009, 1.19861, 3.44261, 5.30841, 7.27783, 3.53464, -5.59966, 1.39399, 5.32129, 5.11855, -3.9892, 1.97946, 0.052152, -1.50095, 6.22513, 2.85581, -2.8383, 4.23825, 4.88247, 0.981928, 3.99676, 10.8415, -1.33169, 0.23679, 3.86048, 7.94042, ... ]
X at t=0.04:
[ 8.40384, 5.99732, 5.51558, -1.42394, -0.68145, 3.50649, 10.2584, -0.324497, 2.653, 3.60787, -0.440039, 1.26668, 3.56015, 5.54571, 7.26626, 2.77868, -5.6499, 1.33362, 5.49248, 4.85768, -4.03371, 2.2338, 0.184987, -1.40162, 6.20347, 2.82285, -2.78658, 4.21582, 5.07436, 1.04279, 4.09497, 10.7126, -1.6379, 0.41579, 3.93235, 8.02219, ... ]
X at t=0.05:
[ 8.69796, 6.19749, 4.92671, -1.67967, -0.568362, 3.47787, 10.2464, -0.323352, 2.72761, 3.64895, -0.406247, 1.33371, 3.68311, 5.78412, 7.20435, 2.01507, -5.65612, 1.22118, 5.64985, 4.5933, -4.06531, 2.47134, 0.326031, -1.29836, 6.18707, 2.78743, -2.73486, 4.18854, 5.26388, 1.10901, 4.19237, 10.5677, -1.92659, 0.609515, 4.02299, 8.08923, ... ]
X at t=0.06:
[ 8.96218, 6.37293, 4.29254, -1.89553, -0.462824, 3.46127, 10.2308, -0.312268, 2.8009, 3.69028, -0.373634, 1.39975, 3.81166, 6.02179, 7.08792, 1.25328, -5.61781, 1.05922, 5.78826, 4.33007, -4.08457, 2.69105, 0.475164, -1.19154, 6.17575, 2.74926, -2.68336, 4.15668, 5.45112, 1.18121, 4.28867, 10.4068, -2.19616, 0.814614, 4.13468, 8.14056, ... ]
X at t=0.07:
[ 9.1954, 6.51789, 3.61931, -2.06734, -0.368824, 3.45608, 10.2124, -0.292716, 2.87227, 3.73162, -0.342173, 1.46483, 3.94596, 6.25652, 6.91342, 0.503502, -5.53501, 0.852295, 5.90366, 4.07284, -4.09202, 2.89228, 0.632123, -1.08152, 6.16927, 2.7081, -2.63227, 4.12049, 5.63618, 1.25997, 4.38355, 10.2299, -2.44544, 1.02747, 4.26922, 8.17499, ... ]
X at t=0.08:
[ 9.39741, 6.62673, 2.91483, -2.19168, -0.28964, 3.46106, 10.1921, -0.266114, 2.94126, 3.77274, -0.31181, 1.529, 4.08609, 6.48575, 6.67815, -0.223566, -5.4086, 0.60677, 5.99326, 3.82634, -4.08823, 3.07477, 0.796518, -0.968574, 6.16735, 2.66368, -2.58173, 4.0802, 5.8192, 1.34585, 4.47661, 10.0374, -2.67374, 1.24431, 4.42784, 8.19119, ... ]
X at t=0.09:
[ 9.56889, 6.69427, 2.18834, -2.26604, -0.227528, 3.47447, 10.1705, -0.233757, 3.00751, 3.81342, -0.28247, 1.59231, 4.23211, 6.70658, 6.38047, -0.917057, -5.24056, 0.330508, 6.05563, 3.59489, -4.07383, 3.23861, 0.96786, -0.852951, 6.16963, 2.61576, -2.53186, 4.03602, 6.00036, 1.43936, 4.56738, 9.82941, -2.88083, 1.46127, 4.61112, 8.18756, ... ]
X at t=0.1:
[ 9.71147, 6.71588, 1.45012, -2.28904, -0.183476, 3.49425, 10.1485, -0.196764, 3.07075, 3.85348, -0.254062, 1.6548, 4.384, 6.91576, 6.01997, -1.56631, -5.03416, 0.0324578, 6.09076, 3.3821, -4.04955, 3.38423, 1.14559, -0.734829, 6.1757, 2.56412, -2.48273, 3.98815, 6.17981, 1.54098, 4.65528, 9.60629, -3.06687, 1.67448, 4.81893, 8.1623, ... ]
X at t=0.11:
[ 9.82757, 6.68775, 0.711194, -2.26055, -0.157053, 3.51823, 10.1268, -0.156048, 3.13081, 3.89278, -0.226478, 1.71653, 4.54168, 7.10977, 5.59763, -2.16129, -4.79412, -0.277871, 6.09988, 3.19076, -4.01619, 3.51234, 1.3291, -0.614327, 6.1851, 2.50852, -2.43439, 3.93678, 6.35776, 1.65112, 4.73963, 9.3684, -3.23242, 1.8802, 5.05039, 8.11342, ... ]
X at t=0.12:
[ 9.92034, 6.60692, -0.017201, -2.18186, -0.146386, 3.54434, 10.1062, -0.112308, 3.18756, 3.93118, -0.199601, 1.77755, 4.70495, 7.2848, 5.11598, -2.69296, -4.52657, -0.590977, 6.0853, 3.02265, -3.97465, 3.62386, 1.51777, -0.491506, 6.19733, 2.44873, -2.38684, 3.88206, 6.5344, 1.77014, 4.81962, 9.11614, -3.37832, 2.07488, 5.30392, 8.03877, ... ]
X at t=0.13:
[ 9.99337, 6.47136, -0.724026, -2.05577, -0.148273, 3.57087, 10.0873, -0.0660569, 3.24091, 3.96856, -0.173302, 1.83791, 4.87354, 7.43687, 4.57909, -3.15368, -4.23884, -0.897932, 6.05007, 2.87861, -3.92581, 3.71987, 1.71099, -0.366372, 6.21181, 2.38455, -2.34002, 3.82415, 6.70989, 1.89832, 4.8943, 8.84995, -3.50568, 2.25524, 5.57722, 7.93614, ... ]
X at t=0.14:
[ 10.0505, 6.27999, -1.39889, -1.88658, -0.15843, 3.5966, 10.0705, -0.0176555, 3.29081, 4.00482, -0.147446, 1.89768, 5.04707, 7.56188, 3.99258, -3.53748, -3.93918, -1.19089, 5.99769, 2.75854, -3.87058, 3.80154, 1.90817, -0.238884, 6.22795, 2.31578, -2.29387, 3.76319, 6.88441, 2.03583, 4.96259, 8.57033, -3.61576, 2.41832, 5.86738, 7.80331, ... ]
X at t=0.15:
[ 10.0954, 6.03255, -2.03241, -1.68007, -0.171839, 3.62096, 10.0561, 0.0326258, 3.33723, 4.03989, -0.12189, 1.95691, 5.22501, 7.65573, 3.36352, -3.84026, -3.63622, -1.46348, 5.93178, 2.66161, -3.80984, 3.87007, 2.10877, -0.108962, 6.24508, 2.24221, -2.24825, 3.69933, 7.05812, 2.18275, 5.02325, 8.2778, -3.70993, 2.56154, 6.17094, 7.63825, ... ]
X at t=0.16:
[ 10.1315, 5.72957, -2.61649, -1.44336, -0.183171, 3.64397, 10.0442, 0.0845462, 3.38014, 4.07369, -0.0964842, 2.01567, 5.40674, 7.71445, 2.70026, -4.05991, -3.33847, -1.71103, 5.85582, 2.58639, -3.74439, 3.92665, 2.31229, 0.0235026, 6.26251, 2.16367, -2.20301, 3.63271, 7.23112, 2.33903, 5.07488, 7.97298, -3.78957, 2.68276, 6.48398, 7.43917, ... ]
X at t=0.17:
[ 10.1617, 5.37225, -3.14449, -1.1847, -0.187233, 3.6663, 10.0346, 0.137832, 3.41953, 4.10616, -0.0710755, 2.07405, 5.59148, 7.73427, 2.0122, -4.19625, -3.05368, -1.93065, 5.77286, 2.53109, -3.67497, 3.97243, 2.51829, 0.158636, 6.2795, 2.08001, -2.15792, 3.56346, 7.40351, 2.50445, 5.11591, 7.65656, -3.85602, 2.78024, 6.80229, 7.2047, ... ]
X at t=0.18:
[ 10.1878, 4.96238, -3.61124, -0.913161, -0.179388, 3.68908, 10.0272, 0.192126, 3.45541, 4.13727, -0.0455042, 2.13211, 5.77836, 7.71179, 1.30948, -4.251, -2.78842, -2.12112, 5.68547, 2.49369, -3.60224, 4.00849, 2.72638, 0.296572, 6.29526, 1.9911, -2.11275, 3.49174, 7.57534, 2.67866, 5.14464, 7.32935, -3.91051, 2.85268, 7.12148, 6.93403, ... ]
X at t=0.19:
[ 10.2107, 4.50225, -4.01298, -0.638293, -0.155916, 3.71381, 10.0213, 0.246943, 3.4878, 4.16699, -0.0196075, 2.18994, 5.96634, 7.64409, 0.602686, -4.22765, -2.54758, -2.28265, 5.59564, 2.47212, -3.52674, 4.03582, 2.93623, 0.437437, 6.30895, 1.89682, -2.06721, 3.41772, 7.7466, 2.86108, 5.1592, 6.99235, -3.95412, 2.89923, 7.43711, 6.627, ... ]
X at t=0.2:
[ 10.2305, 3.99466, -4.34724, -0.369702, -0.114279, 3.74214, 10.0165, 0.301653, 3.51676, 4.19535, 0.00677988, 2.24763, 6.15429, 7.52884, -0.0975173, -4.13122, -2.33419, -2.41657, 5.50479, 2.46437, -3.44897, 4.05533, 3.14754, 0.581345, 6.31969, 1.79711, -2.02097, 3.3416, 7.91725, 3.05095, 5.15762, 6.64672, -3.98774, 2.91945, 7.74487, 6.28425, ... ]
X at t=0.21:
[ 10.2459, 3.44292, -4.6126, -0.116619, -0.0532715, 3.77578, 10.0119, 0.355473, 3.54238, 4.22237, 0.0338237, 2.30529, 6.34096, 7.36444, -0.780737, -3.96814, -2.14933, -2.52494, 5.41387, 2.46857, -3.36932, 4.06785, 3.36009, 0.728375, 6.32654, 1.69196, -1.9737, 3.2636, 8.08718, 3.24724, 5.13782, 6.29387, -4.01209, 2.91331, 8.04069, 5.90725, ... ]
X at t=0.22:
[ 10.2545, 2.8509, -4.80844, 0.112531, 0.0269438, 3.81634, 10.0068, 0.407477, 3.56481, 4.24814, 0.061688, 2.363, 6.52499, 7.15005, -1.43718, -3.74602, -1.99224, -2.61022, 5.32345, 2.48303, -3.28814, 4.07413, 3.57366, 0.87857, 6.32852, 1.5814, -1.92502, 3.18398, 8.25623, 3.44868, 5.09769, 5.93551, -4.02765, 2.8812, 8.32087, 5.49837, ... ]
X at t=0.23:
[ 10.2531, 2.22309, -4.93478, 0.31055, 0.124917, 3.86522, 10.0005, 0.456616, 3.58423, 4.2728, 0.0905328, 2.42087, 6.70497, 6.88566, -2.05797, -3.47344, -1.86059, -2.67494, 5.23384, 2.50626, -3.20568, 4.07486, 3.78808, 1.03192, 6.32461, 1.46553, -1.87452, 3.10304, 8.42417, 3.6537, 5.0351, 5.57365, -4.03473, 2.82385, 8.58222, 5.06085, ... ]
X at t=0.24:
[ 10.2378, 1.56472, -4.992, 0.471831, 0.238086, 3.92359, 9.99221, 0.501752, 3.60091, 4.29651, 0.120511, 2.47902, 6.87939, 6.57216, -2.63536, -3.15978, -1.75082, -2.72149, 5.14519, 2.53694, -3.12218, 4.07065, 4.0032, 1.18834, 6.31373, 1.34452, -1.82182, 3.02116, 8.59073, 3.86045, 4.94803, 5.21064, -4.03347, 2.74237, 8.82215, 4.59877, ... ]
X at t=0.25:
[ 10.2038, 0.881835, -4.98084, 0.592674, 0.363037, 3.99233, 9.98114, 0.541692, 3.61518, 4.3195, 0.151763, 2.53755, 7.04674, 6.21126, -3.16294, -2.81493, -1.65859, -2.75196, 5.05758, 2.57394, -3.03781, 4.06207, 4.21891, 1.34767, 6.29477, 1.21863, -1.76649, 2.93874, 8.75557, 4.06678, 4.83458, 4.84922, -4.02391, 2.6382, 9.0387, 4.11697, ... ]
X at t=0.26:
[ 10.1463, 0.181296, -4.90228, 0.671507, 0.495814, 4.07207, 9.96663, 0.575225, 3.62741, 4.34203, 0.18442, 2.59658, 7.20547, 5.80552, -3.63576, -2.44906, -1.57921, -2.76812, 4.97112, 2.61624, -2.95272, 4.04963, 4.43507, 1.50968, 6.26658, 1.08822, -1.70816, 2.85628, 8.91833, 4.27023, 4.69312, 4.49244, -4.00599, 2.51308, 9.23062, 3.62088, ... ]
X at t=0.27:
[ 10.0603, -0.529189, -4.75767, 0.709018, 0.632266, 4.16314, 9.94808, 0.601163, 3.63808, 4.36442, 0.218591, 2.65622, 7.35403, 5.35823, -4.05029, -2.07233, -1.508, -2.77138, 4.88595, 2.66298, -2.86701, 4.03382, 4.65159, 1.67399, 6.22799, 0.953742, -1.64644, 2.77431, 9.07858, 4.46805, 4.52236, 4.14373, -3.97964, 2.36904, 9.39736, 3.11645, ... ]
X at t=0.28:
[ 9.94105, -1.24118, -4.54888, 0.708168, 0.768394, 4.26562, 9.92491, 0.618371, 3.6477, 4.38703, 0.25437, 2.71656, 7.49093, 4.87338, -4.40445, -1.69461, -1.44072, -2.7629, 4.8023, 2.71339, -2.78079, 4.01507, 4.86835, 1.84015, 6.17782, 0.815763, -1.581, 2.69347, 9.23588, 4.65722, 4.3215, 3.80677, -3.94485, 2.20834, 9.53904, 2.60987, ... ]
X at t=0.29:
[ 9.78436, -1.94568, -4.27852, 0.674072, 0.900673, 4.37937, 9.89662, 0.62581, 3.65684, 4.41026, 0.291824, 2.77771, 7.6147, 4.3555, -4.69742, -1.3252, -1.37374, -2.74362, 4.72047, 2.76678, -2.69414, 3.9938, 5.08525, 2.00755, 6.1149, 0.67497, -1.51158, 2.61444, 9.38976, 4.83451, 4.09026, 3.48544, -3.90167, 2.03346, 9.65643, 2.1075, ... ]
X at t=0.3:
[ 9.58684, -2.63342, -3.95019, 0.613743, 1.02632, 4.504, 9.86275, 0.622559, 3.6661, 4.43455, 0.331, 2.83973, 7.72394, 3.80958, -4.92952, -0.972492, -1.30423, -2.7144, 4.64082, 2.82254, -2.60714, 3.97039, 5.30216, 2.17545, 6.03807, 0.532171, -1.43797, 2.53798, 9.53976, 4.99652, 3.82906, 3.18372, -3.85028, 1.84702, 9.75082, 1.61562, ... ]
X at t=0.31:
[ 9.34616, -3.2952, -3.56876, 0.53571, 1.14347, 4.63891, 9.82284, 0.607851, 3.67614, 4.46035, 0.371914, 2.9027, 7.81736, 3.24094, -5.10196, -0.643807, -1.23023, -2.67602, 4.56375, 2.88012, -2.51987, 3.94522, 5.51893, 2.34298, 5.94624, 0.388295, -1.36005, 2.46491, 9.68543, 5.13974, 3.53903, 2.90556, -3.791, 1.65173, 9.82397, 1.1403, ... ]
X at t=0.32:
[ 9.06114, -3.9223, -3.14052, 0.449507, 1.25127, 4.78333, 9.77644, 0.581093, 3.68761, 4.48816, 0.414558, 2.96666, 7.89377, 2.65513, -5.21666, -0.345154, -1.15063, -2.62927, 4.48969, 2.93904, -2.4324, 3.91861, 5.73542, 2.50909, 5.8384, 0.244392, -1.27782, 2.39609, 9.82634, 5.26062, 3.22213, 2.65469, -3.72431, 1.45035, 9.87799, 0.687233, ... ]
X at t=0.33:
[ 8.73195, -4.50689, -2.67325, 0.365094, 1.34988, 4.93633, 9.72302, 0.541885, 3.70115, 4.51847, 0.458891, 3.03161, 7.95209, 2.05779, -5.276, -0.0811173, -1.06508, -2.57497, 4.41903, 2.99888, -2.34482, 3.89091, 5.95143, 2.67259, 5.71365, 0.101622, -1.19138, 2.33241, 9.96211, 5.35573, 2.8811, 2.4345, -3.6508, 1.24559, 9.91517, 0.26164, ... ]
X at t=0.34:
[ 8.35999, -5.04243, -2.17618, 0.292233, 1.44031, 5.09689, 9.66199, 0.490031, 3.71738, 4.55182, 0.504846, 3.09753, 7.99139, 1.4546, -5.28268, 0.145219, -0.973906, -2.5139, 4.35213, 3.05929, -2.25721, 3.86243, 6.16676, 2.83212, 5.57123, -0.0387521, -1.10097, 2.27479, 10.0924, 5.42177, 2.5195, 2.24788, -3.57117, 1.04008, 9.93796, -0.13185, ... ]
X at t=0.35:
[ 7.94794, -5.52394, -1.65976, 0.239901, 1.52424, 5.26393, 9.59265, 0.42555, 3.7369, 4.58872, 0.552327, 3.16436, 8.01087, 0.851156, -5.23957, 0.332283, -0.8779, -2.44689, 4.2893, 3.11994, -2.16967, 3.83348, 6.38116, 2.98617, 5.41058, -0.175385, -1.00695, 2.22413, 10.2169, 5.45574, 2.14163, 2.097, -3.48614, 0.836335, 9.94875, -0.489261, ... ]
X at t=0.36:
[ 7.4995, -5.94824, -1.13528, 0.215763, 1.6038, 5.43636, 9.51416, 0.348666, 3.76022, 4.6297, 0.601209, 3.232, 8.0099, 0.252908, -5.14958, 0.479963, -0.778209, -2.37469, 4.23077, 3.18059, -2.08229, 3.80434, 6.59433, 3.13309, 5.23137, -0.30687, -0.90984, 2.1813, 10.3355, 5.45499, 1.7524, 1.98325, -3.39642, 0.636646, 9.94985, -0.807316, ... ]
X at t=0.37:
[ 7.01926, -6.31393, -0.614466, 0.225786, 1.6813, 5.6131, 9.42555, 0.259811, 3.78776, 4.67529, 0.651338, 3.3003, 7.98803, -0.334913, -5.01564, 0.589514, -0.676154, -2.298, 4.17671, 3.24101, -1.99518, 3.77532, 6.80598, 3.2711, 5.03353, -0.431766, -0.810266, 2.1471, 10.4478, 5.41734, 1.35722, 1.90711, -3.30266, 0.443099, 9.94339, -1.08346, ... ]
X at t=0.38:
[ 6.51241, -6.62136, -0.108926, 0.273993, 1.75904, 5.79311, 9.32567, 0.159613, 3.81987, 4.72602, 0.702539, 3.36907, 7.94498, -0.907358, -4.84069, 0.663419, -0.573089, -2.21743, 4.12722, 3.30101, -1.90844, 3.74667, 7.01572, 3.39829, 4.81733, -0.54863, -0.708976, 2.12227, 10.5539, 5.34114, 0.961836, 1.86808, -3.20538, 0.257531, 9.93123, -1.31587, ... ]
X at t=0.39:
[ 5.98447, -6.87236, 0.370321, 0.362376, 1.83913, 5.97535, 9.21328, 0.048883, 3.85672, 4.78242, 0.754608, 3.43806, 7.88066, -1.45982, -4.62769, 0.705221, -0.470284, -2.13351, 4.08236, 3.36044, -1.82217, 3.71869, 7.22317, 3.51269, 4.58333, -0.656054, -0.606807, 2.10741, 10.6535, 5.22532, 0.572098, 1.86469, -3.10497, 0.0815201, 9.91498, -1.50344, ... ]
X at t=0.4:
[ 5.44109, -7.07001, 0.813294, 0.49096, 1.92346, 6.15882, 9.08698, -0.0713991, 3.89839, 4.84498, 0.807325, 3.50696, 7.79517, -1.9881, -4.37967, 0.719319, -0.368831, -2.04665, 4.04211, 3.41918, -1.73647, 3.69161, 7.42788, 3.61227, 4.3325, -0.7527, -0.50466, 2.103, 10.7466, 5.06946, 0.193806, 1.89451, -3.00163, -0.0836226, 9.89593, -1.64578, ... ]
X at t=0.41:
[ 4.88778, -7.2182, 1.2114, 0.657981, 2.01366, 6.34251, 8.94532, -0.200095, 3.94475, 4.91419, 0.86045, 3.57543, 7.68882, -2.48844, -4.09983, 0.710766, -0.269585, -1.95718, 4.00645, 3.4771, -1.65144, 3.66572, 7.62936, 3.69498, 4.06618, -0.837347, -0.403459, 2.10937, 10.833, 4.87376, -0.167494, 1.95429, -2.89545, -0.236844, 9.87508, -1.74315, ... ]
X at t=0.42:
[ 4.32975, -7.32132, 1.55766, 0.860148, 2.11117, 6.52538, 8.78674, -0.335923, 3.9955, 4.99051, 0.913732, 3.64306, 7.56212, -2.95761, -3.79155, 0.685039, -0.173132, -1.86534, 3.9753, 3.5341, -1.56717, 3.64124, 7.82708, 3.75881, 3.78614, -0.908927, -0.304116, 2.12667, 10.9125, 4.63907, -0.506669, 2.04002, -2.78641, -0.377344, 9.85317, -1.79647, ... ]
X at t=0.43:
[ 3.77182, -7.38388, 1.84684, 1.09296, 2.21734, 6.70632, 8.60969, -0.477474, 4.05014, 5.07437, 0.966912, 3.70941, 7.41577, -3.39292, -3.45846, 0.647821, -0.0797977, -1.77131, 3.94861, 3.59009, -1.48374, 3.61841, 8.02048, 3.80186, 3.4945, -0.96657, -0.207479, 2.1549, 10.9849, 4.36684, -0.819135, 2.14714, -2.67441, -0.50456, 9.83067, -1.80723, ... ]
X at t=0.44:
[ 3.21827, -7.41023, 2.07546, 1.35101, 2.33351, 6.8842, 8.41257, -0.623225, 4.10798, 5.16614, 1.01973, 3.77398, 7.25069, -3.79226, -3.10447, 0.604785, 0.0103281, -1.67522, 3.92629, 3.64498, -1.40123, 3.59747, 8.20898, 3.82234, 3.1938, -1.00964, -0.114298, 2.1939, 11.0498, 4.05911, -1.10095, 2.27075, -2.55939, -0.618154, 9.80786, -1.77745, ... ]
X at t=0.45:
[ 2.6729, -7.40431, 2.24174, 1.62833, 2.4611, 7.05778, 8.19382, -0.771556, 4.16811, 5.26612, 1.07192, 3.83626, 7.06794, -4.15415, -2.73375, 0.561392, 0.0973397, -1.57715, 3.90828, 3.69868, -1.31971, 3.57863, 8.39192, 3.81865, 2.8869, -1.03776, -0.0251773, 2.24333, 11.1069, 3.71845, -1.34886, 2.40576, -2.44131, -0.717994, 9.78486, -1.70966, ... ]
X at t=0.46:
[ 2.13895, -7.3695, 2.34549, 1.91864, 2.60167, 7.22575, 7.95188, -0.920763, 4.22939, 5.37455, 1.12326, 3.8957, 6.8688, -4.47772, -2.35072, 0.522717, 0.181452, -1.47718, 3.89451, 3.7511, -1.23924, 3.56209, 8.56868, 3.78947, 2.57699, -1.05084, 0.0594512, 2.30274, 11.1554, 3.34787, -1.56033, 2.54716, -2.32026, -0.804135, 9.76164, -1.60675, ... ]
X at t=0.47:
[ 1.6192, -7.30849, 2.38794, 2.2156, 2.75692, 7.3867, 7.68525, -1.06907, 4.29051, 5.49156, 1.17352, 3.95173, 6.65466, -4.76272, -1.95997, 0.4933, 0.262934, -1.3754, 3.88491, 3.80216, -1.15988, 3.54805, 8.73858, 3.73375, 2.26748, -1.04911, 0.139354, 2.37158, 11.195, 2.9508, -1.73354, 2.69017, -2.19649, -0.8768, 9.73811, -1.472, ... ]
X at t=0.48:
[ 1.11601, -7.2233, 2.37159, 2.51301, 2.92864, 7.53906, 7.39248, -1.21466, 4.34995, 5.61714, 1.22253, 4.00377, 6.42707, -5.00948, -1.56619, 0.477027, 0.342037, -1.27187, 3.87944, 3.85178, -1.08167, 3.53667, 8.90094, 3.65082, 1.96197, -1.03309, 0.214507, 2.44922, 11.2246, 2.53102, -1.86729, 2.83046, -2.07041, -0.936357, 9.71412, -1.30892, ... ]
X at t=0.49:
[ 0.631348, -7.11524, 2.30007, 2.80495, 3.11866, 7.68111, 7.07223, -1.35566, 4.40606, 5.75118, 1.27015, 4.05127, 6.18765, -5.21888, -1.17406, 0.477054, 0.418946, -1.16672, 3.87803, 3.89986, -1.00466, 3.52813, 9.05508, 3.54038, 1.66413, -1.00361, 0.285091, 2.53496, 11.2436, 2.09254, -1.96101, 2.96427, -1.94261, -0.983292, 9.68951, -1.12123, ... ]
X at t=0.5:
[ 0.166929, -6.98503, 2.17795, 3.08592, 3.32868, 7.81092, 6.7233, -1.49015, 4.45704, 5.89338, 1.3163, 4.09365, 5.93812, -5.39228, -0.788139, 0.495766, 0.493731, -1.0601, 3.88063, 3.94632, -0.92888, 3.52257, 9.20032, 3.40255, 1.37768, -0.961772, 0.35148, 2.62812, 11.2511, 1.63958, -2.01463, 3.08854, -1.81387, -1.01819, 9.66412, -0.912741, ... ]
X at t=0.51:
[ -0.275771, -6.83289, 2.01065, 3.35091, 3.56018, 7.92627, 6.34468, -1.61619, 4.50102, 6.0433, 1.361, 4.1304, 5.68023, -5.53146, -0.412758, 0.534764, 0.566331, -0.952166, 3.88719, 3.99109, -0.854353, 3.52011, 9.33601, 3.23792, 1.10622, -0.908925, 0.414212, 2.72803, 11.246, 1.17649, -2.02859, 3.20103, -1.68511, -1.0417, 9.63784, -0.687332, ... ]
X at t=0.52:
[ -0.695429, -6.65861, 1.80426, 3.59546, 3.8142, 8.02467, 5.93564, -1.7318, 4.53614, 6.20028, 1.40433, 4.161, 5.41573, -5.63852, -0.0519141, 0.594891, 0.636547, -0.843163, 3.89765, 4.03408, -0.7811, 3.52087, 9.4615, 3.04749, 0.853227, -0.846605, 0.473953, 2.83405, 11.2274, 0.707662, -2.0037, 3.30029, -1.55735, -1.05453, 9.61056, -0.448837, ... ]
X at t=0.53:
[ -1.09083, -6.46179, 1.56543, 3.81574, 4.09125, 8.10329, 5.49583, -1.83502, 4.56054, 6.3635, 1.44648, 4.18499, 5.14638, -5.71583, 0.290813, 0.676284, 0.704062, -0.733352, 3.91192, 4.07522, -0.709133, 3.52494, 9.57618, 2.83273, 0.621908, -0.776479, 0.531453, 2.94562, 11.1944, 0.237478, -1.94117, 3.38573, -1.43168, -1.0574, 9.58224, -0.20101, ... ]
X at t=0.54:
[ -1.46082, -6.24191, 1.30126, 4.00861, 4.39111, 8.15897, 5.02543, -1.92386, 4.57255, 6.53195, 1.48772, 4.20195, 4.87388, -5.76588, 0.612331, 0.77844, 0.768467, -0.623042, 3.92994, 4.11445, -0.638459, 3.53238, 9.67949, 2.59553, 0.415174, -0.700277, 0.587502, 3.06222, 11.1459, -0.229768, -1.84253, 3.45758, -1.30924, -1.05106, 9.5529, 0.0525361, ... ]
X at t=0.55:
[ -1.8043, -5.99849, 1.0191, 4.17161, 4.71273, 8.1882, 4.52525, -1.99638, 4.57068, 6.70443, 1.52845, 4.2115, 4.59985, -5.79129, 0.910081, 0.900305, 0.829304, -0.512572, 3.9516, 4.1517, -0.569077, 3.54324, 9.7709, 2.33819, 0.235563, -0.619707, 0.642886, 3.18343, 11.0811, -0.68994, -1.70966, 3.5168, -1.19113, -1.03623, 9.52258, 0.308374, ... ]
X at t=0.56:
[ -2.12018, -5.73129, 0.726452, 4.30306, 5.05419, 8.18725, 3.9969, -2.05074, 4.55381, 6.87961, 1.56916, 4.21328, 4.32583, -5.79464, 1.18206, 1.04037, 0.886116, -0.402305, 3.97681, 4.18693, -0.500982, 3.55756, 9.84995, 2.06332, 0.0851925, -0.536383, 0.698344, 3.30889, 10.9992, -1.13913, -1.54474, 3.56502, -1.07839, -1.01364, 9.49141, 0.563295, ... ]
X at t=0.57:
[ -2.4074, -5.44035, 0.430765, 4.40209, 5.41264, 8.15219, 3.44293, -2.0853, 4.52122, 7.05603, 1.61042, 4.20699, 4.05327, -5.77848, 1.42681, 1.19677, 0.93849, -0.29261, 4.00547, 4.2201, -0.43416, 3.57535, 9.91623, 1.77389, -0.0342714, -0.451749, 0.754543, 3.43828, 10.8993, -1.57373, -1.35029, 3.60443, -0.972, -0.984009, 9.45953, 0.814337, ... ]
X at t=0.58:
[ -2.66492, -5.12619, 0.139273, 4.46865, 5.78438, 8.07907, 2.86693, -2.09866, 4.47274, 7.23216, 1.65282, 4.19233, 3.78349, -5.74523, 1.64343, 1.36737, 0.986102, -0.183854, 4.03746, 4.25118, -0.368595, 3.59659, 9.96941, 1.47306, -0.12164, -0.367003, 0.812051, 3.57134, 10.7809, -1.99048, -1.12913, 3.6376, -0.872818, -0.948014, 9.42713, 1.0588, ... ]
X at t=0.59:
[ -2.89177, -4.7898, -0.141189, 4.50352, 6.16496, 7.96408, 2.27359, -2.08987, 4.4088, 7.40646, 1.69701, 4.16905, 3.51768, -5.69718, 1.83151, 1.54989, 1.02875, -0.0763844, 4.07267, 4.28016, -0.304265, 3.62125, 10.0092, 1.1642, -0.17621, -0.283046, 0.871331, 3.70783, 10.6433, -2.38655, -0.884441, 3.66742, -0.7816, -0.906335, 9.39444, 1.29427, ... ]
X at t=0.6:
[ -3.08705, -4.43277, -0.404373, 4.50832, 6.54937, 7.80376, 1.66873, -2.0585, 4.3305, 7.57746, 1.74355, 4.13688, 3.25695, -5.63641, 1.99111, 1.74195, 1.0664, 0.0294815, 4.111, 4.30702, -0.241144, 3.64928, 10.0355, 0.850749, -0.197771, -0.200436, 0.932739, 3.84751, 10.4863, -2.75958, -0.619685, 3.69687, -0.698989, -0.859631, 9.3617, 1.51861, ... ]
X at t=0.61:
[ -3.24996, -4.05724, -0.644777, 4.48546, 6.93225, 7.5952, 1.05918, -2.00484, 4.23963, 7.74378, 1.79293, 4.09557, 3.00226, -5.56482, 2.12269, 1.94118, 1.09915, 0.133469, 4.15233, 4.33177, -0.179205, 3.68061, 10.0482, 0.536199, -0.186588, -0.119362, 0.996531, 3.99015, 10.3094, -3.10771, -0.338627, 3.72892, -0.625525, -0.80855, 9.32917, 1.72995, ... ]
X at t=0.62:
[ -3.37984, -3.66591, -0.857787, 4.43804, 7.30812, 7.33626, 0.452664, -1.93, 4.13857, 7.90425, 1.84545, 4.04486, 2.7545, -5.4841, 2.22707, 2.14528, 1.12731, 0.235354, 4.19655, 4.35442, -0.118417, 3.71514, 10.0472, 0.22399, -0.143396, -0.0396438, 1.06288, 4.13546, 10.1125, -3.42962, -0.04528, 3.76638, -0.561661, -0.753734, 9.29712, 1.92672, ... ]
X at t=0.63:
[ -3.47623, -3.26199, -1.03978, 4.36974, 7.67168, 7.02575, -0.142473, -1.83603, 4.03027, 8.05793, 1.90118, 3.98452, 2.51448, -5.39574, 2.30538, 2.35205, 1.15133, 0.334963, 4.24355, 4.37499, -0.0587509, 3.75278, 10.0327, -0.0825513, -0.0693711, 0.0392625, 1.13191, 4.28314, 9.8956, -3.72451, 0.256148, 3.81178, -0.507773, -0.695813, 9.2658, 2.10761, ... ]
X at t=0.64:
[ -3.53885, -2.8491, -1.18818, 4.2847, 8.01802, 6.66359, -0.717541, -1.7259, 3.91797, 8.20416, 1.95993, 3.91432, 2.28295, -5.30103, 2.35899, 2.55946, 1.17182, 0.432179, 4.29324, 4.39351, -0.000174546, 3.7934, 10.0049, -0.38028, 0.0338943, 0.118226, 1.20368, 4.43279, 9.65865, -3.99212, 0.561323, 3.86726, -0.464175, -0.635412, 9.23549, 2.27155, ... ]
X at t=0.65:
[ -3.56769, -2.43119, -1.30149, 4.18729, 8.34285, 6.25089, -1.26385, -1.60356, 3.80507, 8.3426, 2.02116, 3.83408, 2.06062, -5.20108, 2.38944, 2.76567, 1.18953, 0.526939, 4.3455, 4.41001, 0.0573412, 3.83685, 9.96392, -0.66629, 0.164428, 0.198395, 1.27825, 4.58399, 9.40185, -4.23269, 0.865857, 3.93451, -0.43113, -0.573142, 9.2064, 2.41774, ... ]
X at t=0.66:
[ -3.56297, -2.01237, -1.37924, 4.08199, 8.64259, 5.78999, -1.77304, -1.47369, 3.69481, 8.47318, 2.08401, 3.74368, 1.84815, -5.09684, 2.39845, 2.96904, 1.20531, 0.619228, 4.40023, 4.42451, 0.113824, 3.88298, 9.91021, -0.93797, 0.319916, 0.281138, 1.35567, 4.73621, 9.12547, -4.44691, 1.1654, 4.0147, -0.408849, -0.509602, 9.17877, 2.54558, ... ]
X at t=0.67:
[ -3.5252, -1.59683, -1.42191, 3.97316, 8.91451, 5.2844, -2.23741, -1.34162, 3.59003, 8.59615, 2.14732, 3.64308, 1.64622, -4.98911, 2.38783, 3.16816, 1.2201, 0.709071, 4.45733, 4.43705, 0.169301, 3.93162, 9.84419, -1.19304, 0.497752, 0.367971, 1.43599, 4.88885, 8.82982, -4.63588, 1.4557, 4.10846, -0.397486, -0.445363, 9.15277, 2.65471, ... ]
X at t=0.68:
[ -3.45517, -1.1887, -1.43085, 3.86492, 9.1567, 4.73872, -2.65014, -1.21292, 3.49292, 8.71196, 2.20967, 3.53239, 1.45547, -4.87859, 2.35946, 3.36185, 1.23487, 0.79653, 4.51667, 4.44766, 0.223794, 3.98259, 9.76638, -1.42961, 0.695087, 0.460487, 1.5193, 5.04121, 8.51533, -4.80099, 1.73273, 4.21587, -0.397121, -0.38097, 9.12857, 2.74494, ... ]
X at t=0.69:
[ -3.35396, -0.791915, -1.40811, 3.76098, 9.36802, 4.15848, -3.00545, -1.09313, 3.40485, 8.82125, 2.26945, 3.41186, 1.27655, -4.76586, 2.31527, 3.54913, 1.25065, 0.881695, 4.57813, 4.45637, 0.277323, 4.03571, 9.67737, -1.64616, 0.90889, 0.560281, 1.60567, 5.1925, 8.18244, -4.94389, 1.99267, 4.33653, -0.407741, -0.316922, 9.1063, 2.81627, ... ]
X at t=0.7:
[ -3.2229, -0.41013, -1.35633, 3.66456, 9.548, 3.55, -3.29873, -0.987347, 3.32625, 8.92478, 2.32494, 3.28188, 1.11007, -4.65143, 2.25718, 3.72924, 1.26843, 0.964673, 4.64159, 4.46321, 0.329908, 4.09077, 9.57781, -1.84157, 1.13601, 0.668885, 1.69522, 5.34182, 7.83169, -5.06637, 2.23204, 4.46956, -0.429209, -0.253668, 9.08604, 2.86886, ... ]
X at t=0.71:
[ -3.06357, -0.0466307, -1.27855, 3.57835, 9.69676, 2.92014, -3.52652, -0.899886, 3.25664, 9.02338, 2.37448, 3.14307, 0.956621, -4.53572, 2.1871, 3.90163, 1.2892, 1.04559, 4.70689, 4.46819, 0.381561, 4.14757, 9.4684, -2.01516, 1.37323, 0.787702, 1.78807, 5.48816, 7.46362, -5.17027, 2.44772, 4.61366, -0.461231, -0.191595, 9.06786, 2.90301, ... ]
X at t=0.72:
[ -2.87778, 0.295731, -1.17809, 3.50445, 9.81478, 2.27618, -3.68648, -0.833928, 3.19469, 9.11784, 2.41646, 2.99623, 0.816717, -4.41912, 2.1069, 4.0659, 1.31387, 1.12457, 4.77387, 4.47134, 0.432298, 4.2059, 9.34988, -2.1666, 1.61734, 0.91796, 1.88432, 5.6304, 7.07886, -5.25741, 2.63693, 4.76723, -0.503327, -0.131017, 9.0518, 2.91915, ... ]
X at t=0.73:
[ -2.66754, 0.614573, -1.0584, 3.4444, 9.90286, 1.62558, -3.7773, -0.791282, 3.13845, 9.20893, 2.44954, 2.84232, 0.690797, -4.30197, 2.01838, 4.22184, 1.34331, 1.20174, 4.84236, 4.47267, 0.482128, 4.26556, 9.22305, -2.29596, 1.86522, 1.06068, 1.98409, 5.7673, 6.67806, -5.32947, 2.79732, 4.92838, -0.554801, -0.0721702, 9.03785, 2.91779, ... ]
X at t=0.74:
[ -2.43502, 0.908002, -0.922941, 3.3992, 9.96195, 0.975854, -3.79866, -0.772218, 3.08559, 9.29728, 2.47262, 2.68248, 0.579192, -4.18456, 1.92329, 4.36934, 1.37829, 1.27725, 4.91217, 4.47219, 0.531061, 4.32633, 9.08869, -2.40364, 2.11387, 1.21663, 2.08744, 5.89748, 6.26196, -5.38795, 2.92689, 5.09508, -0.614714, -0.0152093, 9.02602, 2.89958, ... ]
X at t=0.75:
[ -2.18251, 1.17461, -0.77509, 3.36939, 9.99305, 0.334402, -3.75117, -0.775417, 3.03369, 9.38336, 2.48493, 2.51798, 0.482102, -4.06715, 1.82325, 4.50846, 1.4195, 1.3512, 4.98308, 4.46992, 0.57911, 4.388, 8.94762, -2.49033, 2.36048, 1.38635, 2.19441, 6.01946, 5.83139, -5.43411, 3.02406, 5.26517, -0.681867, 0.0397961, 9.01625, 2.86521, ... ]
X at t=0.76:
[ -1.9124, 1.41347, -0.618043, 3.35509, 9.99719, -0.291628, -3.6363, -0.798025, 2.98055, 9.4675, 2.48605, 2.35021, 0.399582, -3.94999, 1.7198, 4.6393, 1.46752, 1.42374, 5.05486, 4.46585, 0.626284, 4.45036, 8.80063, -2.55702, 2.60245, 1.57012, 2.30499, 6.13162, 5.38728, -5.46888, 3.08761, 5.43647, -0.754796, 0.0928562, 9.00849, 2.81543, ... ]
X at t=0.77:
[ -1.62713, 1.62407, -0.454764, 3.35606, 9.97533, -0.89547, -3.45642, -0.835814, 2.92447, 9.54978, 2.47587, 2.1806, 0.33153, -3.83325, 1.61437, 4.76209, 1.52282, 1.49496, 5.12727, 4.45998, 0.672597, 4.51322, 8.64853, -2.60488, 2.83747, 1.76799, 2.41909, 6.2322, 4.93071, -5.49285, 3.11671, 5.60684, -0.831769, 0.144056, 9.00268, 2.75108, ... ]
X at t=0.78:
[ -1.32917, 1.80631, -0.28793, 3.3718, 9.9284, -1.47086, -3.2148, -0.883435, 2.86445, 9.63014, 2.45456, 2.01062, 0.277685, -3.71713, 1.50826, 4.87709, 1.5858, 1.565, 5.20004, 4.45232, 0.718064, 4.57638, 8.49207, -2.63525, 3.06353, 1.97978, 2.53658, 6.31936, 4.46294, -5.50627, 3.11091, 5.77421, -0.910803, 0.193543, 8.99873, 2.67299, ... ]
X at t=0.79:
[ -1.02097, 1.96046, -0.119912, 3.40158, 9.85727, -2.01218, -2.91563, -0.93474, 2.80033, 9.70829, 2.42249, 1.84175, 0.237635, -3.60174, 1.40264, 4.98463, 1.65672, 1.63394, 5.2729, 4.44285, 0.762707, 4.63965, 8.332, -2.64962, 3.27892, 2.20512, 2.65718, 6.39112, 3.98547, -5.50901, 3.07013, 5.93666, -0.989691, 0.241521, 8.99654, 2.58204, ... ]
X at t=0.8:
[ -0.704974, 2.08707, 0.0472463, 3.44451, 9.7628, -2.51453, -2.56404, -0.983138, 2.73283, 9.78384, 2.38017, 1.67541, 0.210823, -3.48721, 1.29859, 5.08504, 1.73577, 1.7019, 5.34553, 4.43158, 0.806551, 4.70285, 8.16902, -2.64954, 3.48222, 2.44348, 2.78055, 6.44546, 3.50004, -5.50059, 2.9947, 6.09242, -1.06603, 0.288232, 8.99601, 2.47915, ... ]
X at t=0.81:
[ -0.383541, 2.18695, 0.21183, 3.49959, 9.64582, -2.9739, -2.16609, -1.02197, 2.66353, 9.85626, 2.32815, 1.51298, 0.196567, -3.37361, 1.19701, 5.1787, 1.82304, 1.76898, 5.41764, 4.41849, 0.849626, 4.76582, 8.00376, -2.63659, 3.67236, 2.69418, 2.9062, 6.48026, 3.00869, -5.48024, 2.88536, 6.23993, -1.13728, 0.333943, 8.99702, 2.36523, ... ]
X at t=0.82:
[ -0.0589693, 2.26112, 0.37244, 3.56575, 9.5072, -3.38719, -1.72864, -1.04488, 2.59469, 9.92498, 2.26696, 1.35579, 0.19408, -3.26099, 1.09874, 5.266, 1.91854, 1.83527, 5.4889, 4.40359, 0.891971, 4.82841, 7.83684, -2.61237, 3.84854, 2.95642, 3.03349, 6.49343, 2.51378, -5.44693, 2.7433, 6.37783, -1.20081, 0.378936, 8.99942, 2.24122, ... ]
X at t=0.83:
[ 0.26654, 2.31078, 0.527983, 3.64188, 9.34787, -3.75234, -1.25931, -1.04609, 2.52909, 9.98943, 2.19701, 1.20508, 0.202487, -3.14939, 1.00446, 5.34733, 2.0222, 1.90086, 5.55896, 4.38687, 0.933633, 4.89046, 7.66879, -2.57844, 4.01025, 3.2293, 3.16161, 6.48285, 2.01804, -5.39942, 2.57019, 6.505, -1.25398, 0.423498, 9.00306, 2.10806, ... ]
X at t=0.84:
[ 0.590892, 2.33722, 0.677647, 3.72685, 9.16882, -4.06829, -0.766199, -1.02068, 2.4698, 10.0491, 2.11856, 1.06203, 0.220852, -3.03882, 0.914767, 5.42308, 2.13391, 1.96584, 5.6275, 4.36832, 0.974665, 4.95184, 7.5001, -2.53629, 4.15723, 3.51188, 3.28958, 6.44652, 1.5245, -5.33642, 2.36816, 6.62056, -1.29417, 0.467908, 9.00777, 1.96672, ... ]
X at t=0.85:
[ 0.912108, 2.34187, 0.820873, 3.81957, 8.97112, -4.33506, -0.25774, -0.964743, 2.41994, 10.1034, 2.0317, 0.927771, 0.248191, -2.92926, 0.830141, 5.49363, 2.25346, 2.03029, 5.69414, 4.34795, 1.01513, 5.01243, 7.33121, -2.48736, 4.28943, 3.8031, 3.41617, 6.38257, 1.03658, -5.25662, 2.1399, 6.72387, -1.31891, 0.51244, 9.01335, 1.81815, ... ]
X at t=0.86:
[ 1.22834, 2.32618, 0.957331, 3.91895, 8.75593, -4.55364, 0.257602, -0.875456, 2.38242, 10.1519, 1.93635, 0.803372, 0.283496, -2.82071, 0.750975, 5.55938, 2.38061, 2.09429, 5.75854, 4.32575, 1.05511, 5.07212, 7.16247, -2.43298, 4.40703, 4.1019, 3.53994, 6.28935, 0.557952, -5.15889, 1.88859, 6.81452, -1.32593, 0.557353, 9.01958, 1.66335, ... ]
X at t=0.87:
[ 1.53785, 2.29165, 1.08689, 4.02396, 8.52448, -4.72593, 0.771575, -0.751108, 2.35984, 10.1942, 1.83227, 0.689871, 0.325747, -2.71314, 0.677575, 5.62069, 2.5151, 2.15791, 5.82032, 4.30175, 1.09467, 5.13082, 6.99421, -2.37437, 4.51035, 4.40714, 3.65919, 6.16549, 0.0925627, -5.04231, 1.6179, 6.89234, -1.31321, 0.602901, 9.02619, 1.50329, ... ]
X at t=0.88:
[ 1.83907, 2.2398, 1.20957, 4.13364, 8.27807, -4.85464, 1.27639, -0.591031, 2.35429, 10.2298, 1.7191, 0.588275, 0.37393, -2.60652, 0.610169, 5.67794, 2.65661, 2.22119, 5.87912, 4.27596, 1.13393, 5.18842, 6.82668, -2.31264, 4.59985, 4.71762, 3.77195, 6.01003, -0.355498, -4.90636, 1.33194, 6.95739, -1.27908, 0.649334, 9.03291, 1.339, ... ]
X at t=0.89:
[ 2.13053, 2.17213, 1.32556, 4.24707, 8.01802, -4.9431, 1.76493, -0.39549, 2.36734, 10.2581, 1.59642, 0.499567, 0.427048, -2.50084, 0.548913, 5.73148, 2.8048, 2.28418, 5.93455, 4.2484, 1.17296, 5.24487, 6.66009, -2.24879, 4.67611, 5.03213, 3.87602, 5.82251, -0.782089, -4.75099, 1.03521, 7.00994, -1.22225, 0.696905, 9.03942, 1.17147, ... ]
X at t=0.9:
[ 2.41094, 2.09016, 1.43512, 4.36341, 7.74569, -4.99516, 2.23093, -0.165541, 2.40001, 10.2787, 1.46384, 0.424707, 0.484138, -2.39608, 0.493901, 5.78167, 2.95931, 2.3469, 5.98625, 4.21911, 1.2119, 5.30008, 6.49459, -2.18369, 4.73978, 5.34934, 3.96895, 5.603, -1.18315, -4.57673, 0.732453, 7.05043, -1.14185, 0.745875, 9.04536, 1.00174, ... ]
X at t=0.91:
[ 2.67913, 1.99533, 1.53861, 4.48188, 7.46239, -5.01497, 2.66906, 0.0971315, 2.45279, 10.2905, 1.32097, 0.364626, 0.544283, -2.29225, 0.445173, 5.82886, 3.11976, 2.40935, 6.03384, 4.18815, 1.25087, 5.354, 6.33029, -2.11813, 4.79158, 5.66792, 4.04808, 5.35227, -1.55483, -4.38469, 0.428535, 7.07947, -1.03745, 0.796525, 9.05035, 0.830822, ... ]
X at t=0.92:
[ 2.93408, 1.88909, 1.63643, 4.60178, 7.16941, -5.00687, 3.07501, 0.390374, 2.52571, 10.2925, 1.1676, 0.320214, 0.606631, -2.18937, 0.402715, 5.87339, 3.28576, 2.47149, 6.07693, 4.15557, 1.28999, 5.40658, 6.16725, -2.05274, 4.83227, 5.98641, 4.11059, 5.07181, -1.89366, -4.1766, 0.128301, 7.09778, -0.909073, 0.849155, 9.05397, 0.659736, ... ]
X at t=0.93:
[ 3.1749, 1.77281, 1.72904, 4.72246, 6.86797, -4.97519, 3.44545, 0.711717, 2.61846, 10.2834, 1.00363, 0.292303, 0.670409, -2.08748, 0.366476, 5.9156, 3.45692, 2.53327, 6.11517, 4.12147, 1.3294, 5.45776, 6.00549, -1.98808, 4.86262, 6.30333, 4.15357, 4.76389, -2.19669, -3.95479, -0.163604, 7.10618, -0.757154, 0.904088, 9.05576, 0.489493, ... ]
X at t=0.94:
[ 3.40086, 1.64783, 1.81687, 4.84334, 6.5592, -4.92415, 3.77803, 1.05851, 2.73043, 10.2615, 0.829188, 0.281644, 0.734946, -1.98665, 0.336366, 5.95583, 3.63284, 2.59458, 6.14818, 4.08594, 1.36926, 5.5075, 5.84501, -1.92459, 4.88343, 6.6171, 4.17411, 4.43159, -2.46163, -3.72202, -0.442887, 7.10548, -0.582522, 0.961669, 9.05523, 0.321081, ... ]
X at t=0.95:
[ 3.61134, 1.51541, 1.90038, 4.96389, 6.24413, -4.85774, 4.07125, 1.42802, 2.86081, 10.2249, 0.644638, 0.288874, 0.799686, -1.88698, 0.312263, 5.9944, 3.81312, 2.6553, 6.1756, 4.04913, 1.40971, 5.55576, 5.68575, -1.86264, 4.89549, 6.92609, 4.16938, 4.07877, -2.68693, -3.48145, -0.705757, 7.09653, -0.386342, 1.02226, 9.05185, 0.155458, ... ]
X at t=0.96:
[ 3.80589, 1.37678, 1.97999, 5.08364, 5.92367, -4.77963, 4.32439, 1.81753, 3.00863, 10.1714, 0.450585, 0.314484, 0.864211, -1.78858, 0.294022, 6.03165, 3.99735, 2.71523, 6.19708, 4.01117, 1.45092, 5.60251, 5.52765, -1.8025, 4.89957, 7.22861, 4.13676, 3.71007, -2.87192, -3.2364, -0.949038, 7.08011, -0.170057, 1.08624, 9.04508, -0.0064591, ... ]
X at t=0.97:
[ 3.98416, 1.23307, 2.05609, 5.20214, 5.59864, -4.69313, 4.53735, 2.22438, 3.1728, 10.0983, 0.247897, 0.358777, 0.928257, -1.69161, 0.281476, 6.0679, 4.18511, 2.77413, 6.2123, 3.97227, 1.49305, 5.64771, 5.37062, -1.74436, 4.89643, 7.52294, 4.07398, 3.33076, -3.01681, -2.99021, -1.17024, 7.05695, 0.0646799, 1.15398, 9.0343, -0.163804, ... ]
X at t=0.98:
[ 4.14592, 1.08538, 2.12901, 5.31898, 5.26971, -4.60109, 4.71058, 2.64601, 3.35215, 10.003, 0.0377078, 0.421825, 0.991725, -1.59625, 0.274443, 6.10348, 4.37601, 2.83172, 6.22093, 3.93264, 1.53626, 5.6913, 5.21452, -1.68834, 4.8868, 7.80735, 3.97919, 2.9467, -3.12268, -2.74603, -1.36762, 7.02767, 0.316072, 1.22584, 9.0189, -0.315775, ... ]

Final state:
X at t=0.99:
[ 4.29106, 0.934699, 2.19906, 5.4338, 4.93747, -4.50596, 4.84491, 3.07994, 3.54538, 9.88238, -0.178594, 0.503426, 1.05469, -1.50268, 0.272728, 6.13872, 4.56962, 2.88765, 6.22268, 3.89253, 1.58072, 5.73325, 5.05924, -1.6345, 4.87137, 8.08015, 3.85114, 2.5641, -3.19148, -2.50672, -1.54012, 6.9928, 0.582246, 1.30216, 8.9982, -0.461643, ... ]
